Determining if the pthread_create exist failed with the following output:
Change Dir: /home/kal5-1/cargogo/build_debug/prosilica_driver/CMakeFiles/CMakeTmp

Run Build Command:"/usr/bin/make" "cmTC_49107/fast"
make: Warning: File 'Makefile' has modification time 0,027 s in the future
/usr/bin/make -f CMakeFiles/cmTC_49107.dir/build.make CMakeFiles/cmTC_49107.dir/build
make[1]: Entering directory '/home/kal5-1/cargogo/build_debug/prosilica_driver/CMakeFiles/CMakeTmp'
make[1]: Warning: File 'CMakeFiles/cmTC_49107.dir/flags.make' has modification time 0,024 s in the future
Building C object CMakeFiles/cmTC_49107.dir/CheckSymbolExists.c.o
/usr/bin/cc     -o CMakeFiles/cmTC_49107.dir/CheckSymbolExists.c.o   -c /home/kal5-1/cargogo/build_debug/prosilica_driver/CMakeFiles/CMakeTmp/CheckSymbolExists.c
Linking C executable cmTC_49107
/usr/bin/cmake -E cmake_link_script CMakeFiles/cmTC_49107.dir/link.txt --verbose=1
/usr/bin/cc       CMakeFiles/cmTC_49107.dir/CheckSymbolExists.c.o  -o cmTC_49107 -rdynamic 
CMakeFiles/cmTC_49107.dir/CheckSymbolExists.c.o: In function `main':
CheckSymbolExists.c:(.text+0x16): undefined reference to `pthread_create'
collect2: error: ld returned 1 exit status
CMakeFiles/cmTC_49107.dir/build.make:97: recipe for target 'cmTC_49107' failed
make[1]: *** [cmTC_49107] Error 1
make[1]: Leaving directory '/home/kal5-1/cargogo/build_debug/prosilica_driver/CMakeFiles/CMakeTmp'
Makefile:126: recipe for target 'cmTC_49107/fast' failed
make: *** [cmTC_49107/fast] Error 2

File /home/kal5-1/cargogo/build_debug/prosilica_driver/CMakeFiles/CMakeTmp/CheckSymbolExists.c:
/* */
#include <pthread.h>

int main(int argc, char** argv)
{
  (void)argv;
#ifndef pthread_create
  return ((int*)(&pthread_create))[argc];
#else
  (void)argc;
  return 0;
#endif
}

Determining if the function pthread_create exists in the pthreads failed with the following output:
Change Dir: /home/kal5-1/cargogo/build_debug/prosilica_driver/CMakeFiles/CMakeTmp

Run Build Command:"/usr/bin/make" "cmTC_9885b/fast"
make: Warning: File 'Makefile' has modification time 0,037 s in the future
/usr/bin/make -f CMakeFiles/cmTC_9885b.dir/build.make CMakeFiles/cmTC_9885b.dir/build
make[1]: Entering directory '/home/kal5-1/cargogo/build_debug/prosilica_driver/CMakeFiles/CMakeTmp'
make[1]: Warning: File 'CMakeFiles/cmTC_9885b.dir/flags.make' has modification time 0,025 s in the future
Building C object CMakeFiles/cmTC_9885b.dir/CheckFunctionExists.c.o
/usr/bin/cc    -DCHECK_FUNCTION_EXISTS=pthread_create   -o CMakeFiles/cmTC_9885b.dir/CheckFunctionExists.c.o   -c /usr/share/cmake-3.5/Modules/CheckFunctionExists.c
Linking C executable cmTC_9885b
/usr/bin/cmake -E cmake_link_script CMakeFiles/cmTC_9885b.dir/link.txt --verbose=1
/usr/bin/cc   -DCHECK_FUNCTION_EXISTS=pthread_create    CMakeFiles/cmTC_9885b.dir/CheckFunctionExists.c.o  -o cmTC_9885b -rdynamic -lpthreads 
/usr/bin/ld: cannot find -lpthreads
collect2: error: ld returned 1 exit status
CMakeFiles/cmTC_9885b.dir/build.make:97: recipe for target 'cmTC_9885b' failed
make[1]: *** [cmTC_9885b] Error 1
make[1]: Leaving directory '/home/kal5-1/cargogo/build_debug/prosilica_driver/CMakeFiles/CMakeTmp'
Makefile:126: recipe for target 'cmTC_9885b/fast' failed
make: *** [cmTC_9885b/fast] Error 2


