[  0%] Built target tf2_msgs_generate_messages_nodejs
[  0%] Built target bond_generate_messages_lisp
[ 16%] Built target gtest
[ 16%] Built target bond_generate_messages_eus
[ 16%] Built target roscpp_generate_messages_eus
[ 16%] Built target nodelet_generate_messages_py
[ 16%] Built target rosgraph_msgs_generate_messages_nodejs
[ 16%] Built target roscpp_generate_messages_cpp
[ 16%] Built target std_msgs_generate_messages_nodejs
[ 16%] Built target rosinterface_handler_gencfg
[ 16%] Built target nodelet_generate_messages_lisp
[ 16%] Built target geometry_msgs_generate_messages_py
[ 16%] Built target motor_interface_ros_tool_generate_messages_eus
[ 16%] Built target geometry_msgs_generate_messages_lisp
[ 16%] Built target bond_generate_messages_py
[ 16%] Built target nodelet_generate_messages_eus
[ 16%] Built target dynamic_reconfigure_generate_messages_eus
[ 16%] Built target bond_generate_messages_nodejs
[ 16%] Built target dynamic_reconfigure_generate_messages_nodejs
[ 16%] Built target dynamic_reconfigure_generate_messages_cpp
[ 16%] Built target rosgraph_msgs_generate_messages_lisp
[ 16%] Built target roscpp_generate_messages_nodejs
[ 16%] Built target motor_interface_ros_tool_generate_messages_nodejs
[ 16%] Built target rosinterface_handler_geninterface
[ 16%] Built target nodelet_generate_messages_cpp
[ 16%] Built target tf2_msgs_generate_messages_eus
[ 16%] Built target roscpp_generate_messages_py
[ 16%] Built target dynamic_reconfigure_gencfg
[ 16%] Built target rosgraph_msgs_generate_messages_cpp
[ 16%] Built target std_msgs_generate_messages_cpp
[ 16%] Built target actionlib_generate_messages_nodejs
[ 16%] Built target dynamic_reconfigure_generate_messages_lisp
[ 16%] Built target roscpp_generate_messages_lisp
[ 16%] Built target rosgraph_msgs_generate_messages_eus
[ 16%] Built target std_msgs_generate_messages_py
[ 16%] Built target motor_interface_ros_tool_generate_messages_py
[ 16%] Built target geometry_msgs_generate_messages_cpp
[ 16%] Built target geometry_msgs_generate_messages_eus
[ 16%] Built target geometry_msgs_generate_messages_nodejs
[ 16%] Built target motor_interface_ros_tool_generate_messages_lisp
[ 16%] Built target actionlib_generate_messages_cpp
[ 16%] Built target rosgraph_msgs_generate_messages_py
[ 16%] Built target std_msgs_generate_messages_eus
[ 16%] Built target actionlib_generate_messages_lisp
[ 16%] Built target actionlib_generate_messages_eus
[ 16%] Built target actionlib_msgs_generate_messages_eus
[ 16%] Built target motor_interface_ros_tool_generate_messages_cpp
[ 16%] Built target actionlib_msgs_generate_messages_lisp
[ 16%] Built target actionlib_msgs_generate_messages_nodejs
[ 16%] Built target tf2_msgs_generate_messages_py
[ 16%] Built target actionlib_msgs_generate_messages_py
[ 16%] Built target tf2_msgs_generate_messages_cpp
[ 16%] Built target dynamic_reconfigure_generate_messages_py
[ 16%] Built target tf2_msgs_generate_messages_lisp
[ 16%] Built target actionlib_generate_messages_py
[ 33%] Built target longitudinal_control_ros_tool_gencfg
[ 33%] Built target nodelet_generate_messages_nodejs
[ 33%] Built target bond_generate_messages_cpp
[ 41%] Built target longitudinal_control_ros_tool_genparam
[ 41%] Built target actionlib_msgs_generate_messages_cpp
[ 41%] Built target std_msgs_generate_messages_lisp
[35m[1mScanning dependencies of target longitudinal_control_ros_tool-longitudinal_controller-exec[0m
[35m[1mScanning dependencies of target longitudinal_control_ros_tool-longitudinal_controller-nodelet[0m
[ 50%] [32mBuilding CXX object CMakeFiles/longitudinal_control_ros_tool-longitudinal_controller-exec.dir/src/longitudinal_controller/longitudinal_controller.cpp.o[0m
make[2]: Warning: File 'CMakeFiles/longitudinal_control_ros_tool-longitudinal_controller-nodelet.dir/depend.make' has modification time 0,023 s in the future
[ 58%] [32mBuilding CXX object CMakeFiles/longitudinal_control_ros_tool-longitudinal_controller-nodelet.dir/src/longitudinal_controller/longitudinal_controller.cpp.o[0m
[ 66%] [32m[1mLinking CXX shared library /home/kal5-1/cargogo/devel_debug/.private/longitudinal_control_ros_tool/lib/liblongitudinal_controller_nodelet.so[0m
[ 75%] [32m[1mLinking CXX executable /home/kal5-1/cargogo/devel_debug/.private/longitudinal_control_ros_tool/lib/longitudinal_control_ros_tool/longitudinal_controller[0m
make[2]: warning:  Clock skew detected.  Your build may be incomplete.
[ 83%] Built target longitudinal_control_ros_tool-longitudinal_controller-nodelet
[100%] Built target longitudinal_control_ros_tool-longitudinal_controller-exec
