[ 16%] Built target gtest
[ 16%] Built target nodelet_generate_messages_eus
[ 16%] Built target tf2_msgs_generate_messages_nodejs
[ 16%] Built target bond_generate_messages_lisp
[ 16%] Built target bond_generate_messages_eus
[ 16%] Built target roscpp_generate_messages_eus
[ 16%] Built target nodelet_generate_messages_nodejs
[ 16%] Built target nodelet_generate_messages_py
[ 16%] Built target roscpp_generate_messages_cpp
[ 16%] Built target rosgraph_msgs_generate_messages_nodejs
[ 16%] Built target std_msgs_generate_messages_nodejs
[ 16%] Built target geometry_msgs_generate_messages_cpp
[ 16%] Built target bond_generate_messages_cpp
[ 16%] Built target nodelet_generate_messages_lisp
[ 16%] Built target geometry_msgs_generate_messages_py
[ 16%] Built target geometry_msgs_generate_messages_lisp
[ 16%] Built target motor_interface_ros_tool_generate_messages_eus
[ 16%] Built target bond_generate_messages_py
[ 16%] Built target std_msgs_generate_messages_lisp
[ 16%] Built target bond_generate_messages_nodejs
[ 16%] Built target dynamic_reconfigure_generate_messages_eus
[ 16%] Built target dynamic_reconfigure_generate_messages_nodejs
[ 16%] Built target rosgraph_msgs_generate_messages_lisp
[ 16%] Built target motor_interface_ros_tool_generate_messages_nodejs
[ 16%] Built target nodelet_generate_messages_cpp
[ 16%] Built target tf2_msgs_generate_messages_eus
[ 16%] Built target roscpp_generate_messages_py
[ 16%] Built target dynamic_reconfigure_gencfg
[ 16%] Built target rosgraph_msgs_generate_messages_cpp
[ 16%] Built target std_msgs_generate_messages_cpp
[ 16%] Built target actionlib_msgs_generate_messages_cpp
[ 16%] Built target actionlib_generate_messages_nodejs
[ 16%] Built target roscpp_generate_messages_lisp
[ 16%] Built target dynamic_reconfigure_generate_messages_lisp
[ 33%] Built target lateral_control_ros_tool_gencfg
[ 33%] Built target rosgraph_msgs_generate_messages_eus
[ 33%] Built target std_msgs_generate_messages_py
[ 33%] Built target motor_interface_ros_tool_generate_messages_py
[ 33%] Built target geometry_msgs_generate_messages_nodejs
[ 33%] Built target geometry_msgs_generate_messages_eus
[ 33%] Built target motor_interface_ros_tool_generate_messages_lisp
[ 33%] Built target rosgraph_msgs_generate_messages_py
[ 33%] Built target actionlib_generate_messages_cpp
[ 33%] Built target std_msgs_generate_messages_eus
[ 33%] Built target actionlib_generate_messages_lisp
[ 33%] Built target actionlib_generate_messages_eus
[ 33%] Built target dynamic_reconfigure_generate_messages_py
[ 33%] Built target actionlib_msgs_generate_messages_eus
[ 33%] Built target actionlib_generate_messages_py
[ 33%] Built target actionlib_msgs_generate_messages_lisp
[ 33%] Built target motor_interface_ros_tool_generate_messages_cpp
[ 33%] Built target actionlib_msgs_generate_messages_nodejs
[ 33%] Built target tf2_msgs_generate_messages_py
[ 33%] Built target actionlib_msgs_generate_messages_py
[ 33%] Built target tf2_msgs_generate_messages_cpp
[ 33%] Built target dynamic_reconfigure_generate_messages_cpp
[ 33%] Built target tf2_msgs_generate_messages_lisp
[ 41%] Built target lateral_control_ros_tool_genparam
[ 41%] Built target roscpp_generate_messages_nodejs
[ 66%] Built target lateral_control_ros_tool-lateral_controller-nodelet
[100%] Built target lateral_control_ros_tool-lateral_controller-exec
