[35m[1mScanning dependencies of target gtest[0m
make[2]: Warning: File 'gtest/gtest/CMakeFiles/gtest.dir/depend.make' has modification time 0,039 s in the future
[ 20%] [32mBuilding CXX object gtest/gtest/CMakeFiles/gtest.dir/src/gtest-all.cc.o[0m
[35m[1mScanning dependencies of target roscpp_generate_messages_nodejs[0m
[ 20%] Built target roscpp_generate_messages_nodejs
[35m[1mScanning dependencies of target rosgraph_msgs_generate_messages_lisp[0m
[ 20%] Built target rosgraph_msgs_generate_messages_lisp
[35m[1mScanning dependencies of target rosgraph_msgs_generate_messages_nodejs[0m
[ 20%] Built target rosgraph_msgs_generate_messages_nodejs
[35m[1mScanning dependencies of target rosgraph_msgs_generate_messages_eus[0m
[ 20%] Built target rosgraph_msgs_generate_messages_eus
[35m[1mScanning dependencies of target roscpp_generate_messages_py[0m
[ 20%] Built target roscpp_generate_messages_py
[35m[1mScanning dependencies of target roscpp_generate_messages_cpp[0m
[ 20%] Built target roscpp_generate_messages_cpp
[35m[1mScanning dependencies of target motor_interface_ros_tool_generate_messages_lisp[0m
[ 20%] Built target motor_interface_ros_tool_generate_messages_lisp
[35m[1mScanning dependencies of target geometry_msgs_generate_messages_eus[0m
[ 20%] Built target geometry_msgs_generate_messages_eus
[35m[1mScanning dependencies of target roscpp_generate_messages_eus[0m
[ 20%] Built target roscpp_generate_messages_eus
[35m[1mScanning dependencies of target diagnostic_msgs_generate_messages_lisp[0m
[ 20%] Built target diagnostic_msgs_generate_messages_lisp
[35m[1mScanning dependencies of target std_msgs_generate_messages_cpp[0m
[ 20%] Built target std_msgs_generate_messages_cpp
[35m[1mScanning dependencies of target sensor_msgs_generate_messages_eus[0m
[ 20%] Built target sensor_msgs_generate_messages_eus
[35m[1mScanning dependencies of target roscpp_generate_messages_lisp[0m
[ 20%] Built target roscpp_generate_messages_lisp
[35m[1mScanning dependencies of target std_msgs_generate_messages_eus[0m
[ 20%] Built target std_msgs_generate_messages_eus
[35m[1mScanning dependencies of target geometry_msgs_generate_messages_nodejs[0m
[ 20%] Built target geometry_msgs_generate_messages_nodejs
[35m[1mScanning dependencies of target rosgraph_msgs_generate_messages_cpp[0m
[ 20%] Built target rosgraph_msgs_generate_messages_cpp
[35m[1mScanning dependencies of target diagnostic_msgs_generate_messages_eus[0m
[ 20%] Built target diagnostic_msgs_generate_messages_eus
[35m[1mScanning dependencies of target motor_interface_ros_tool_generate_messages_py[0m
[ 20%] Built target motor_interface_ros_tool_generate_messages_py
[35m[1mScanning dependencies of target motor_interface_ros_tool_generate_messages_cpp[0m
[ 20%] Built target motor_interface_ros_tool_generate_messages_cpp
[35m[1mScanning dependencies of target sensor_msgs_generate_messages_py[0m
[ 20%] Built target sensor_msgs_generate_messages_py
[35m[1mScanning dependencies of target motor_interface_ros_tool_generate_messages_nodejs[0m
[ 20%] Built target motor_interface_ros_tool_generate_messages_nodejs
[35m[1mScanning dependencies of target std_msgs_generate_messages_lisp[0m
[ 20%] Built target std_msgs_generate_messages_lisp
[35m[1mScanning dependencies of target motor_interface_ros_tool_generate_messages_eus[0m
[ 20%] Built target motor_interface_ros_tool_generate_messages_eus
[35m[1mScanning dependencies of target geometry_msgs_generate_messages_lisp[0m
[ 20%] Built target geometry_msgs_generate_messages_lisp
[35m[1mScanning dependencies of target std_msgs_generate_messages_py[0m
[ 20%] Built target std_msgs_generate_messages_py
[35m[1mScanning dependencies of target diagnostic_msgs_generate_messages_cpp[0m
[ 20%] Built target diagnostic_msgs_generate_messages_cpp
[35m[1mScanning dependencies of target diagnostic_msgs_generate_messages_nodejs[0m
[ 20%] Built target diagnostic_msgs_generate_messages_nodejs
[35m[1mScanning dependencies of target rosgraph_msgs_generate_messages_py[0m
[ 20%] Built target rosgraph_msgs_generate_messages_py
[35m[1mScanning dependencies of target diagnostic_msgs_generate_messages_py[0m
[ 20%] Built target diagnostic_msgs_generate_messages_py
[35m[1mScanning dependencies of target sensor_msgs_generate_messages_cpp[0m
[ 20%] Built target sensor_msgs_generate_messages_cpp
[35m[1mScanning dependencies of target sensor_msgs_generate_messages_lisp[0m
[ 20%] Built target sensor_msgs_generate_messages_lisp
[35m[1mScanning dependencies of target sensor_msgs_generate_messages_nodejs[0m
[ 20%] Built target sensor_msgs_generate_messages_nodejs
[35m[1mScanning dependencies of target geometry_msgs_generate_messages_cpp[0m
[ 20%] Built target geometry_msgs_generate_messages_cpp
[35m[1mScanning dependencies of target std_msgs_generate_messages_nodejs[0m
[ 20%] Built target std_msgs_generate_messages_nodejs
[35m[1mScanning dependencies of target geometry_msgs_generate_messages_py[0m
[ 20%] Built target geometry_msgs_generate_messages_py
[ 40%] [32m[1mLinking CXX shared library libgtest.so[0m
make[2]: warning:  Clock skew detected.  Your build may be incomplete.
[ 40%] Built target gtest
[35m[1mScanning dependencies of target joy_converter_ros_tool-joy_converter_ros_tool-exec[0m
make[2]: Warning: File 'CMakeFiles/joy_converter_ros_tool-joy_converter_ros_tool-exec.dir/depend.make' has modification time 0,04 s in the future
[ 60%] [32mBuilding CXX object CMakeFiles/joy_converter_ros_tool-joy_converter_ros_tool-exec.dir/src/Joy2MotorCommandConverter_node.cpp.o[0m
[ 80%] [32mBuilding CXX object CMakeFiles/joy_converter_ros_tool-joy_converter_ros_tool-exec.dir/src/Joy2MotorCommandConverter.cpp.o[0m
[100%] [32m[1mLinking CXX executable /home/kal5-1/cargogo/devel_debug/.private/joy_converter_ros_tool/lib/joy_converter_ros_tool/joy_converter_ros_tool[0m
make[2]: warning:  Clock skew detected.  Your build may be incomplete.
[100%] Built target joy_converter_ros_tool-joy_converter_ros_tool-exec
