make[1]: Warning: File 'CMakeFiles/Makefile2' has modification time 0,072 s in the future
make[2]: Warning: File 'CMakeFiles/sensor_msgs_generate_messages_cpp.dir/progress.make' has modification time 0,046 s in the future
make[2]: Warning: File 'CMakeFiles/std_msgs_generate_messages_eus.dir/progress.make' has modification time 0,049 s in the future
make[2]: Warning: File 'CMakeFiles/sensor_msgs_generate_messages_lisp.dir/progress.make' has modification time 0,049 s in the future
make[2]: warning:  Clock skew detected.  Your build may be incomplete.
make[2]: warning:  Clock skew detected.  Your build may be incomplete.
make[2]: Warning: File 'CMakeFiles/sensor_msgs_generate_messages_cpp.dir/progress.make' has modification time 0,029 s in the future
make[2]: Warning: File 'CMakeFiles/std_msgs_generate_messages_eus.dir/progress.make' has modification time 0,033 s in the future
make[2]: warning:  Clock skew detected.  Your build may be incomplete.
make[2]: warning:  Clock skew detected.  Your build may be incomplete.
make[2]: warning:  Clock skew detected.  Your build may be incomplete.
make[2]: Warning: File 'CMakeFiles/sensor_msgs_generate_messages_lisp.dir/progress.make' has modification time 0,027 s in the future
make[2]: warning:  Clock skew detected.  Your build may be incomplete.
make[2]: Warning: File 'CMakeFiles/geometry_msgs_generate_messages_py.dir/progress.make' has modification time 0,0028 s in the future
make[2]: Warning: File 'CMakeFiles/sensor_msgs_generate_messages_py.dir/progress.make' has modification time 0,012 s in the future
make[2]: Warning: File 'CMakeFiles/sensor_msgs_generate_messages_eus.dir/progress.make' has modification time 0,0044 s in the future
make[2]: warning:  Clock skew detected.  Your build may be incomplete.
make[2]: warning:  Clock skew detected.  Your build may be incomplete.
make[2]: warning:  Clock skew detected.  Your build may be incomplete.
make[1]: warning:  Clock skew detected.  Your build may be incomplete.
