Determining if the pthread_create exist failed with the following output:
Change Dir: /home/kal5-1/cargogo/build_debug/image_geometry/CMakeFiles/CMakeTmp

Run Build Command:"/usr/bin/make" "cmTC_ce24e/fast"
make: Warning: File 'Makefile' has modification time 0,038 s in the future
/usr/bin/make -f CMakeFiles/cmTC_ce24e.dir/build.make CMakeFiles/cmTC_ce24e.dir/build
make[1]: Entering directory '/home/kal5-1/cargogo/build_debug/image_geometry/CMakeFiles/CMakeTmp'
make[1]: Warning: File 'CMakeFiles/cmTC_ce24e.dir/flags.make' has modification time 0,035 s in the future
Building C object CMakeFiles/cmTC_ce24e.dir/CheckSymbolExists.c.o
/usr/bin/cc     -o CMakeFiles/cmTC_ce24e.dir/CheckSymbolExists.c.o   -c /home/kal5-1/cargogo/build_debug/image_geometry/CMakeFiles/CMakeTmp/CheckSymbolExists.c
Linking C executable cmTC_ce24e
/usr/bin/cmake -E cmake_link_script CMakeFiles/cmTC_ce24e.dir/link.txt --verbose=1
/usr/bin/cc       CMakeFiles/cmTC_ce24e.dir/CheckSymbolExists.c.o  -o cmTC_ce24e -rdynamic 
CMakeFiles/cmTC_ce24e.dir/CheckSymbolExists.c.o: In function `main':
CheckSymbolExists.c:(.text+0x16): undefined reference to `pthread_create'
collect2: error: ld returned 1 exit status
CMakeFiles/cmTC_ce24e.dir/build.make:97: recipe for target 'cmTC_ce24e' failed
make[1]: *** [cmTC_ce24e] Error 1
make[1]: Leaving directory '/home/kal5-1/cargogo/build_debug/image_geometry/CMakeFiles/CMakeTmp'
Makefile:126: recipe for target 'cmTC_ce24e/fast' failed
make: *** [cmTC_ce24e/fast] Error 2

File /home/kal5-1/cargogo/build_debug/image_geometry/CMakeFiles/CMakeTmp/CheckSymbolExists.c:
/* */
#include <pthread.h>

int main(int argc, char** argv)
{
  (void)argv;
#ifndef pthread_create
  return ((int*)(&pthread_create))[argc];
#else
  (void)argc;
  return 0;
#endif
}

Determining if the function pthread_create exists in the pthreads failed with the following output:
Change Dir: /home/kal5-1/cargogo/build_debug/image_geometry/CMakeFiles/CMakeTmp

Run Build Command:"/usr/bin/make" "cmTC_2be95/fast"
make: Warning: File 'Makefile' has modification time 0,032 s in the future
/usr/bin/make -f CMakeFiles/cmTC_2be95.dir/build.make CMakeFiles/cmTC_2be95.dir/build
make[1]: Entering directory '/home/kal5-1/cargogo/build_debug/image_geometry/CMakeFiles/CMakeTmp'
make[1]: Warning: File 'CMakeFiles/cmTC_2be95.dir/flags.make' has modification time 0,026 s in the future
Building C object CMakeFiles/cmTC_2be95.dir/CheckFunctionExists.c.o
/usr/bin/cc    -DCHECK_FUNCTION_EXISTS=pthread_create   -o CMakeFiles/cmTC_2be95.dir/CheckFunctionExists.c.o   -c /usr/share/cmake-3.5/Modules/CheckFunctionExists.c
Linking C executable cmTC_2be95
/usr/bin/cmake -E cmake_link_script CMakeFiles/cmTC_2be95.dir/link.txt --verbose=1
/usr/bin/cc   -DCHECK_FUNCTION_EXISTS=pthread_create    CMakeFiles/cmTC_2be95.dir/CheckFunctionExists.c.o  -o cmTC_2be95 -rdynamic -lpthreads 
/usr/bin/ld: cannot find -lpthreads
collect2: error: ld returned 1 exit status
CMakeFiles/cmTC_2be95.dir/build.make:97: recipe for target 'cmTC_2be95' failed
make[1]: *** [cmTC_2be95] Error 1
make[1]: Leaving directory '/home/kal5-1/cargogo/build_debug/image_geometry/CMakeFiles/CMakeTmp'
Makefile:126: recipe for target 'cmTC_2be95/fast' failed
make: *** [cmTC_2be95/fast] Error 2


