Determining if the pthread_create exist failed with the following output:
Change Dir: /home/kal5-1/cargogo/build_debug/pcl_ros/CMakeFiles/CMakeTmp

Run Build Command:"/usr/bin/make" "cmTC_fe4d8/fast"
make: Warning: File 'Makefile' has modification time 0,037 s in the future
/usr/bin/make -f CMakeFiles/cmTC_fe4d8.dir/build.make CMakeFiles/cmTC_fe4d8.dir/build
make[1]: Entering directory '/home/kal5-1/cargogo/build_debug/pcl_ros/CMakeFiles/CMakeTmp'
make[1]: Warning: File 'CMakeFiles/cmTC_fe4d8.dir/flags.make' has modification time 0,033 s in the future
Building C object CMakeFiles/cmTC_fe4d8.dir/CheckSymbolExists.c.o
/usr/bin/cc     -o CMakeFiles/cmTC_fe4d8.dir/CheckSymbolExists.c.o   -c /home/kal5-1/cargogo/build_debug/pcl_ros/CMakeFiles/CMakeTmp/CheckSymbolExists.c
Linking C executable cmTC_fe4d8
/usr/bin/cmake -E cmake_link_script CMakeFiles/cmTC_fe4d8.dir/link.txt --verbose=1
/usr/bin/cc       CMakeFiles/cmTC_fe4d8.dir/CheckSymbolExists.c.o  -o cmTC_fe4d8 -rdynamic 
CMakeFiles/cmTC_fe4d8.dir/CheckSymbolExists.c.o: In function `main':
CheckSymbolExists.c:(.text+0x16): undefined reference to `pthread_create'
collect2: error: ld returned 1 exit status
CMakeFiles/cmTC_fe4d8.dir/build.make:97: recipe for target 'cmTC_fe4d8' failed
make[1]: *** [cmTC_fe4d8] Error 1
make[1]: Leaving directory '/home/kal5-1/cargogo/build_debug/pcl_ros/CMakeFiles/CMakeTmp'
Makefile:126: recipe for target 'cmTC_fe4d8/fast' failed
make: *** [cmTC_fe4d8/fast] Error 2

File /home/kal5-1/cargogo/build_debug/pcl_ros/CMakeFiles/CMakeTmp/CheckSymbolExists.c:
/* */
#include <pthread.h>

int main(int argc, char** argv)
{
  (void)argv;
#ifndef pthread_create
  return ((int*)(&pthread_create))[argc];
#else
  (void)argc;
  return 0;
#endif
}

Determining if the function pthread_create exists in the pthreads failed with the following output:
Change Dir: /home/kal5-1/cargogo/build_debug/pcl_ros/CMakeFiles/CMakeTmp

Run Build Command:"/usr/bin/make" "cmTC_3b52e/fast"
make: Warning: File 'Makefile' has modification time 0,037 s in the future
/usr/bin/make -f CMakeFiles/cmTC_3b52e.dir/build.make CMakeFiles/cmTC_3b52e.dir/build
make[1]: Entering directory '/home/kal5-1/cargogo/build_debug/pcl_ros/CMakeFiles/CMakeTmp'
make[1]: Warning: File 'CMakeFiles/cmTC_3b52e.dir/flags.make' has modification time 0,034 s in the future
Building C object CMakeFiles/cmTC_3b52e.dir/CheckFunctionExists.c.o
/usr/bin/cc    -DCHECK_FUNCTION_EXISTS=pthread_create   -o CMakeFiles/cmTC_3b52e.dir/CheckFunctionExists.c.o   -c /usr/share/cmake-3.5/Modules/CheckFunctionExists.c
Linking C executable cmTC_3b52e
/usr/bin/cmake -E cmake_link_script CMakeFiles/cmTC_3b52e.dir/link.txt --verbose=1
/usr/bin/cc   -DCHECK_FUNCTION_EXISTS=pthread_create    CMakeFiles/cmTC_3b52e.dir/CheckFunctionExists.c.o  -o cmTC_3b52e -rdynamic -lpthreads 
/usr/bin/ld: cannot find -lpthreads
collect2: error: ld returned 1 exit status
CMakeFiles/cmTC_3b52e.dir/build.make:97: recipe for target 'cmTC_3b52e' failed
make[1]: *** [cmTC_3b52e] Error 1
make[1]: Leaving directory '/home/kal5-1/cargogo/build_debug/pcl_ros/CMakeFiles/CMakeTmp'
Makefile:126: recipe for target 'cmTC_3b52e/fast' failed
make: *** [cmTC_3b52e/fast] Error 2


