[ 16%] Built target gtest
[ 16%] Built target nodelet_generate_messages_eus
[ 16%] Built target tf2_msgs_generate_messages_nodejs
[ 16%] Built target bond_generate_messages_lisp
[ 16%] Built target bond_generate_messages_eus
[ 16%] Built target roscpp_generate_messages_eus
[ 16%] Built target diagnostic_msgs_generate_messages_lisp
[ 16%] Built target geometry_msgs_generate_messages_cpp
[ 16%] Built target roscpp_generate_messages_cpp
[ 16%] Built target rosgraph_msgs_generate_messages_nodejs
[ 16%] Built target bond_generate_messages_cpp
[ 16%] Built target sensor_msgs_generate_messages_lisp
[ 16%] Built target nodelet_generate_messages_lisp
[ 16%] Built target geometry_msgs_generate_messages_py
[ 16%] Built target geometry_msgs_generate_messages_lisp
[ 16%] Built target motor_interface_ros_tool_generate_messages_eus
[ 16%] Built target bond_generate_messages_py
[ 16%] Built target std_msgs_generate_messages_lisp
[ 16%] Built target bond_generate_messages_nodejs
[ 16%] Built target dynamic_reconfigure_generate_messages_eus
[ 16%] Built target dynamic_reconfigure_generate_messages_nodejs
[ 16%] Built target dynamic_reconfigure_generate_messages_cpp
[ 16%] Built target diagnostic_msgs_generate_messages_py
[ 16%] Built target rosgraph_msgs_generate_messages_lisp
[ 16%] Built target motor_interface_ros_tool_generate_messages_nodejs
[ 16%] Built target nodelet_generate_messages_cpp
[ 16%] Built target tf2_msgs_generate_messages_eus
[ 16%] Built target roscpp_generate_messages_py
[ 16%] Built target dynamic_reconfigure_gencfg
[ 16%] Built target rosgraph_msgs_generate_messages_cpp
[ 16%] Built target nodelet_generate_messages_py
[ 16%] Built target diagnostic_msgs_generate_messages_eus
[ 16%] Built target sensor_msgs_generate_messages_eus
[ 16%] Built target actionlib_msgs_generate_messages_cpp
[ 16%] Built target roscpp_generate_messages_lisp
[ 16%] Built target dynamic_reconfigure_generate_messages_lisp
[ 16%] Built target rosgraph_msgs_generate_messages_eus
[ 16%] Built target std_msgs_generate_messages_py
[ 16%] Built target geometry_msgs_generate_messages_nodejs
[ 16%] Built target geometry_msgs_generate_messages_eus
[ 16%] Built target motor_interface_ros_tool_generate_messages_lisp
[ 16%] Built target std_msgs_generate_messages_cpp
[ 16%] Built target sensor_msgs_generate_messages_nodejs
[ 16%] Built target roscpp_generate_messages_nodejs
[ 16%] Built target sensor_msgs_generate_messages_py
[ 16%] Built target rosgraph_msgs_generate_messages_py
[ 16%] Built target actionlib_generate_messages_cpp
[ 16%] Built target diagnostic_msgs_generate_messages_cpp
[ 16%] Built target diagnostic_msgs_generate_messages_nodejs
[ 16%] Built target std_msgs_generate_messages_eus
[ 16%] Built target actionlib_generate_messages_eus
[ 16%] Built target actionlib_generate_messages_lisp
[ 16%] Built target dynamic_reconfigure_generate_messages_py
[ 16%] Built target actionlib_generate_messages_py
[ 16%] Built target actionlib_msgs_generate_messages_lisp
[ 16%] Built target motor_interface_ros_tool_generate_messages_cpp
[ 16%] Built target actionlib_msgs_generate_messages_nodejs
[ 16%] Built target tf2_msgs_generate_messages_py
[ 16%] Built target actionlib_msgs_generate_messages_py
[ 16%] Built target tf2_msgs_generate_messages_cpp
[ 16%] Built target nodelet_generate_messages_nodejs
[ 16%] Built target tf2_msgs_generate_messages_lisp
[ 16%] Built target motor_interface_ros_tool_generate_messages_py
[ 16%] Built target actionlib_msgs_generate_messages_eus
[ 25%] Built target demo_image_processing_ros_tool_genparam
[ 25%] Built target actionlib_generate_messages_nodejs
[ 25%] Built target sensor_msgs_generate_messages_cpp
[ 41%] Built target demo_image_processing_ros_tool_gencfg
[ 41%] Built target std_msgs_generate_messages_nodejs
[ 66%] Built target demo_image_processing_ros_tool-pylon_detector-nodelet
[100%] Built target demo_image_processing_ros_tool-pylon_detector-exec
