Determining if the pthread_create exist failed with the following output:
Change Dir: /home/kal5-1/cargogo/build_debug/cv_bridge/CMakeFiles/CMakeTmp

Run Build Command:"/usr/bin/make" "cmTC_c8116/fast"
make: Warning: File 'Makefile' has modification time 0,036 s in the future
/usr/bin/make -f CMakeFiles/cmTC_c8116.dir/build.make CMakeFiles/cmTC_c8116.dir/build
make[1]: Entering directory '/home/kal5-1/cargogo/build_debug/cv_bridge/CMakeFiles/CMakeTmp'
make[1]: Warning: File 'CMakeFiles/cmTC_c8116.dir/flags.make' has modification time 0,021 s in the future
Building C object CMakeFiles/cmTC_c8116.dir/CheckSymbolExists.c.o
/usr/bin/cc     -o CMakeFiles/cmTC_c8116.dir/CheckSymbolExists.c.o   -c /home/kal5-1/cargogo/build_debug/cv_bridge/CMakeFiles/CMakeTmp/CheckSymbolExists.c
Linking C executable cmTC_c8116
/usr/bin/cmake -E cmake_link_script CMakeFiles/cmTC_c8116.dir/link.txt --verbose=1
/usr/bin/cc       CMakeFiles/cmTC_c8116.dir/CheckSymbolExists.c.o  -o cmTC_c8116 -rdynamic 
CMakeFiles/cmTC_c8116.dir/CheckSymbolExists.c.o: In function `main':
CheckSymbolExists.c:(.text+0x16): undefined reference to `pthread_create'
collect2: error: ld returned 1 exit status
CMakeFiles/cmTC_c8116.dir/build.make:97: recipe for target 'cmTC_c8116' failed
make[1]: *** [cmTC_c8116] Error 1
make[1]: Leaving directory '/home/kal5-1/cargogo/build_debug/cv_bridge/CMakeFiles/CMakeTmp'
Makefile:126: recipe for target 'cmTC_c8116/fast' failed
make: *** [cmTC_c8116/fast] Error 2

File /home/kal5-1/cargogo/build_debug/cv_bridge/CMakeFiles/CMakeTmp/CheckSymbolExists.c:
/* */
#include <pthread.h>

int main(int argc, char** argv)
{
  (void)argv;
#ifndef pthread_create
  return ((int*)(&pthread_create))[argc];
#else
  (void)argc;
  return 0;
#endif
}

Determining if the function pthread_create exists in the pthreads failed with the following output:
Change Dir: /home/kal5-1/cargogo/build_debug/cv_bridge/CMakeFiles/CMakeTmp

Run Build Command:"/usr/bin/make" "cmTC_541c9/fast"
make: Warning: File 'Makefile' has modification time 0,038 s in the future
/usr/bin/make -f CMakeFiles/cmTC_541c9.dir/build.make CMakeFiles/cmTC_541c9.dir/build
make[1]: Entering directory '/home/kal5-1/cargogo/build_debug/cv_bridge/CMakeFiles/CMakeTmp'
make[1]: Warning: File 'CMakeFiles/cmTC_541c9.dir/flags.make' has modification time 0,031 s in the future
Building C object CMakeFiles/cmTC_541c9.dir/CheckFunctionExists.c.o
/usr/bin/cc    -DCHECK_FUNCTION_EXISTS=pthread_create   -o CMakeFiles/cmTC_541c9.dir/CheckFunctionExists.c.o   -c /usr/share/cmake-3.5/Modules/CheckFunctionExists.c
Linking C executable cmTC_541c9
/usr/bin/cmake -E cmake_link_script CMakeFiles/cmTC_541c9.dir/link.txt --verbose=1
/usr/bin/cc   -DCHECK_FUNCTION_EXISTS=pthread_create    CMakeFiles/cmTC_541c9.dir/CheckFunctionExists.c.o  -o cmTC_541c9 -rdynamic -lpthreads 
/usr/bin/ld: cannot find -lpthreads
collect2: error: ld returned 1 exit status
CMakeFiles/cmTC_541c9.dir/build.make:97: recipe for target 'cmTC_541c9' failed
make[1]: *** [cmTC_541c9] Error 1
make[1]: Leaving directory '/home/kal5-1/cargogo/build_debug/cv_bridge/CMakeFiles/CMakeTmp'
Makefile:126: recipe for target 'cmTC_541c9/fast' failed
make: *** [cmTC_541c9/fast] Error 2


