[ 20%] Built target gtest
[ 20%] Built target nodelet_generate_messages_eus
[ 20%] Built target tf2_msgs_generate_messages_nodejs
[ 20%] Built target bond_generate_messages_lisp
[ 20%] Built target bond_generate_messages_eus
[ 20%] Built target roscpp_generate_messages_eus
[ 20%] Built target diagnostic_msgs_generate_messages_lisp
[ 20%] Built target std_msgs_generate_messages_nodejs
[ 20%] Built target geometry_msgs_generate_messages_cpp
[ 20%] Built target roscpp_generate_messages_cpp
[ 20%] Built target rosgraph_msgs_generate_messages_nodejs
[ 20%] Built target bond_generate_messages_cpp
[ 20%] Built target sensor_msgs_generate_messages_lisp
[ 20%] Built target nodelet_generate_messages_lisp
[ 20%] Built target geometry_msgs_generate_messages_lisp
[ 20%] Built target geometry_msgs_generate_messages_py
[ 20%] Built target bond_generate_messages_py
[ 20%] Built target motor_interface_ros_tool_generate_messages_eus
[ 20%] Built target std_msgs_generate_messages_lisp
[ 20%] Built target dynamic_reconfigure_generate_messages_eus
[ 20%] Built target bond_generate_messages_nodejs
[ 20%] Built target dynamic_reconfigure_generate_messages_nodejs
[ 20%] Built target dynamic_reconfigure_generate_messages_cpp
[ 20%] Built target diagnostic_msgs_generate_messages_py
[ 20%] Built target rosgraph_msgs_generate_messages_lisp
[ 20%] Built target motor_interface_ros_tool_generate_messages_nodejs
[ 20%] Built target nodelet_generate_messages_cpp
[ 20%] Built target tf2_msgs_generate_messages_eus
[ 20%] Built target roscpp_generate_messages_py
[ 20%] Built target dynamic_reconfigure_gencfg
[ 20%] Built target rosgraph_msgs_generate_messages_cpp
[ 20%] Built target nodelet_generate_messages_py
[ 20%] Built target diagnostic_msgs_generate_messages_eus
[ 20%] Built target sensor_msgs_generate_messages_eus
[ 20%] Built target actionlib_msgs_generate_messages_cpp
[ 20%] Built target roscpp_generate_messages_lisp
[ 20%] Built target dynamic_reconfigure_generate_messages_lisp
[ 20%] Built target rosgraph_msgs_generate_messages_eus
[ 20%] Built target std_msgs_generate_messages_py
[ 20%] Built target geometry_msgs_generate_messages_nodejs
[ 20%] Built target motor_interface_ros_tool_generate_messages_lisp
[ 20%] Built target geometry_msgs_generate_messages_eus
[ 20%] Built target std_msgs_generate_messages_cpp
[ 20%] Built target sensor_msgs_generate_messages_nodejs
[ 20%] Built target roscpp_generate_messages_nodejs
[ 20%] Built target sensor_msgs_generate_messages_py
[ 20%] Built target actionlib_generate_messages_cpp
[ 20%] Built target rosgraph_msgs_generate_messages_py
[ 20%] Built target diagnostic_msgs_generate_messages_cpp
[ 20%] Built target std_msgs_generate_messages_eus
[ 20%] Built target diagnostic_msgs_generate_messages_nodejs
[ 20%] Built target actionlib_generate_messages_eus
[ 20%] Built target actionlib_generate_messages_lisp
[ 20%] Built target actionlib_generate_messages_py
[ 20%] Built target actionlib_msgs_generate_messages_lisp
[ 20%] Built target dynamic_reconfigure_generate_messages_py
[ 20%] Built target actionlib_msgs_generate_messages_nodejs
[ 20%] Built target motor_interface_ros_tool_generate_messages_cpp
[ 20%] Built target tf2_msgs_generate_messages_py
[ 20%] Built target tf2_msgs_generate_messages_cpp
[ 20%] Built target actionlib_msgs_generate_messages_py
[ 20%] Built target nodelet_generate_messages_nodejs
[ 20%] Built target tf2_msgs_generate_messages_lisp
[ 20%] Built target motor_interface_ros_tool_generate_messages_py
[ 30%] Built target demo_image_processing_ros_tool_genparam
[ 30%] Built target actionlib_msgs_generate_messages_eus
[ 30%] Built target actionlib_generate_messages_nodejs
[ 30%] Built target sensor_msgs_generate_messages_cpp
[ 50%] Built target demo_image_processing_ros_tool_gencfg
[ 80%] Built target demo_image_processing_ros_tool-pylon_detector-nodelet
[100%] Built target demo_image_processing_ros_tool-pylon_detector-exec
