Determining if the pthread_create exist failed with the following output:
Change Dir: /home/kal5-1/cargogo/build_debug/rosinterface_handler/CMakeFiles/CMakeTmp

Run Build Command:"/usr/bin/make" "cmTC_2b4e8/fast"
make: Warning: File 'Makefile' has modification time 0,037 s in the future
/usr/bin/make -f CMakeFiles/cmTC_2b4e8.dir/build.make CMakeFiles/cmTC_2b4e8.dir/build
make[1]: Entering directory '/home/kal5-1/cargogo/build_debug/rosinterface_handler/CMakeFiles/CMakeTmp'
make[1]: Warning: File 'CMakeFiles/cmTC_2b4e8.dir/flags.make' has modification time 0,031 s in the future
Building C object CMakeFiles/cmTC_2b4e8.dir/CheckSymbolExists.c.o
/usr/bin/cc     -o CMakeFiles/cmTC_2b4e8.dir/CheckSymbolExists.c.o   -c /home/kal5-1/cargogo/build_debug/rosinterface_handler/CMakeFiles/CMakeTmp/CheckSymbolExists.c
Linking C executable cmTC_2b4e8
/usr/bin/cmake -E cmake_link_script CMakeFiles/cmTC_2b4e8.dir/link.txt --verbose=1
/usr/bin/cc       CMakeFiles/cmTC_2b4e8.dir/CheckSymbolExists.c.o  -o cmTC_2b4e8 -rdynamic 
CMakeFiles/cmTC_2b4e8.dir/CheckSymbolExists.c.o: In function `main':
CheckSymbolExists.c:(.text+0x16): undefined reference to `pthread_create'
collect2: error: ld returned 1 exit status
CMakeFiles/cmTC_2b4e8.dir/build.make:97: recipe for target 'cmTC_2b4e8' failed
make[1]: *** [cmTC_2b4e8] Error 1
make[1]: Leaving directory '/home/kal5-1/cargogo/build_debug/rosinterface_handler/CMakeFiles/CMakeTmp'
Makefile:126: recipe for target 'cmTC_2b4e8/fast' failed
make: *** [cmTC_2b4e8/fast] Error 2

File /home/kal5-1/cargogo/build_debug/rosinterface_handler/CMakeFiles/CMakeTmp/CheckSymbolExists.c:
/* */
#include <pthread.h>

int main(int argc, char** argv)
{
  (void)argv;
#ifndef pthread_create
  return ((int*)(&pthread_create))[argc];
#else
  (void)argc;
  return 0;
#endif
}

Determining if the function pthread_create exists in the pthreads failed with the following output:
Change Dir: /home/kal5-1/cargogo/build_debug/rosinterface_handler/CMakeFiles/CMakeTmp

Run Build Command:"/usr/bin/make" "cmTC_e98fc/fast"
make: Warning: File 'Makefile' has modification time 0,037 s in the future
/usr/bin/make -f CMakeFiles/cmTC_e98fc.dir/build.make CMakeFiles/cmTC_e98fc.dir/build
make[1]: Entering directory '/home/kal5-1/cargogo/build_debug/rosinterface_handler/CMakeFiles/CMakeTmp'
make[1]: Warning: File 'CMakeFiles/cmTC_e98fc.dir/flags.make' has modification time 0,034 s in the future
Building C object CMakeFiles/cmTC_e98fc.dir/CheckFunctionExists.c.o
/usr/bin/cc    -DCHECK_FUNCTION_EXISTS=pthread_create   -o CMakeFiles/cmTC_e98fc.dir/CheckFunctionExists.c.o   -c /usr/share/cmake-3.5/Modules/CheckFunctionExists.c
Linking C executable cmTC_e98fc
/usr/bin/cmake -E cmake_link_script CMakeFiles/cmTC_e98fc.dir/link.txt --verbose=1
/usr/bin/cc   -DCHECK_FUNCTION_EXISTS=pthread_create    CMakeFiles/cmTC_e98fc.dir/CheckFunctionExists.c.o  -o cmTC_e98fc -rdynamic -lpthreads 
/usr/bin/ld: cannot find -lpthreads
collect2: error: ld returned 1 exit status
CMakeFiles/cmTC_e98fc.dir/build.make:97: recipe for target 'cmTC_e98fc' failed
make[1]: *** [cmTC_e98fc] Error 1
make[1]: Leaving directory '/home/kal5-1/cargogo/build_debug/rosinterface_handler/CMakeFiles/CMakeTmp'
Makefile:126: recipe for target 'cmTC_e98fc/fast' failed
make: *** [cmTC_e98fc/fast] Error 2


