[ 16%] Built target path_provider_ros_tool_gencfg
[ 25%] Built target path_provider_ros_tool_genparam
[ 41%] Built target gtest
[ 41%] Built target tf2_msgs_generate_messages_nodejs
[ 41%] Built target bond_generate_messages_lisp
[ 41%] Built target nodelet_generate_messages_eus
[ 41%] Built target topic_tools_generate_messages_cpp
[ 41%] Built target topic_tools_generate_messages_eus
[ 41%] Built target bond_generate_messages_eus
[ 41%] Built target roscpp_generate_messages_eus
[ 41%] Built target nodelet_generate_messages_nodejs
[ 41%] Built target std_srvs_generate_messages_nodejs
[ 41%] Built target std_srvs_generate_messages_eus
[ 41%] Built target std_msgs_generate_messages_nodejs
[ 41%] Built target geometry_msgs_generate_messages_cpp
[ 41%] Built target nodelet_generate_messages_py
[ 41%] Built target roscpp_generate_messages_cpp
[ 41%] Built target rosgraph_msgs_generate_messages_nodejs
[ 41%] Built target bond_generate_messages_cpp
[ 41%] Built target nodelet_generate_messages_lisp
[ 41%] Built target geometry_msgs_generate_messages_py
[ 41%] Built target geometry_msgs_generate_messages_lisp
[ 41%] Built target bond_generate_messages_py
[ 41%] Built target std_msgs_generate_messages_lisp
[ 41%] Built target bond_generate_messages_nodejs
[ 41%] Built target dynamic_reconfigure_generate_messages_eus
[ 41%] Built target dynamic_reconfigure_generate_messages_nodejs
[ 41%] Built target dynamic_reconfigure_generate_messages_cpp
[ 41%] Built target std_srvs_generate_messages_cpp
[ 41%] Built target rosgraph_msgs_generate_messages_lisp
[ 41%] Built target roscpp_generate_messages_nodejs
[ 41%] Built target nodelet_generate_messages_cpp
[ 41%] Built target tf2_msgs_generate_messages_eus
[ 41%] Built target dynamic_reconfigure_gencfg
[ 41%] Built target rosgraph_msgs_generate_messages_cpp
[ 41%] Built target std_msgs_generate_messages_cpp
[ 41%] Built target actionlib_generate_messages_nodejs
[ 41%] Built target geometry_msgs_generate_messages_nodejs
[ 41%] Built target geometry_msgs_generate_messages_eus
[ 41%] Built target std_srvs_generate_messages_lisp
[ 41%] Built target dynamic_reconfigure_generate_messages_lisp
[ 41%] Built target std_srvs_generate_messages_py
[ 41%] Built target rosgraph_msgs_generate_messages_eus
[ 41%] Built target std_msgs_generate_messages_py
[ 41%] Built target roscpp_generate_messages_py
[ 41%] Built target topic_tools_generate_messages_lisp
[ 41%] Built target topic_tools_generate_messages_nodejs
[ 41%] Built target topic_tools_generate_messages_py
[ 41%] Built target actionlib_msgs_generate_messages_nodejs
[ 41%] Built target tf2_msgs_generate_messages_py
[ 41%] Built target rosgraph_msgs_generate_messages_py
[ 41%] Built target actionlib_generate_messages_cpp
[ 41%] Built target std_msgs_generate_messages_eus
[ 41%] Built target actionlib_generate_messages_eus
[ 41%] Built target roscpp_generate_messages_lisp
[ 41%] Built target actionlib_generate_messages_lisp
[ 41%] Built target actionlib_msgs_generate_messages_eus
[ 41%] Built target dynamic_reconfigure_generate_messages_py
[ 41%] Built target actionlib_generate_messages_py
[ 41%] Built target actionlib_msgs_generate_messages_lisp
[ 41%] Built target actionlib_msgs_generate_messages_py
[ 41%] Built target tf2_msgs_generate_messages_cpp
[ 41%] Built target actionlib_msgs_generate_messages_cpp
[ 41%] Built target tf2_msgs_generate_messages_lisp
[ 66%] Built target path_provider_ros_tool-path_provider-nodelet
[100%] Built target path_provider_ros_tool-path_provider-exec
