[35m[1mScanning dependencies of target path_provider_ros_tool_gencfg[0m
[  8%] [34m[1mGenerating parameter files from PathProvider[0m
['gen.add(name = \'timer_rate\', paramtype = \'double\', level = 0, description = \'Timer rate in Hz\', edit_method="", default=5, min=1, max=20)']
[ 16%] [34m[1mGenerating dynamic reconfigure files from /home/kal5-1/cargogo/devel_debug/.private/path_provider_ros_tool/share/path_provider_ros_tool/cfg/PathProvider.cfg: /home/kal5-1/cargogo/devel_debug/.private/path_provider_ros_tool/include/path_provider_ros_tool/PathProviderConfig.h /home/kal5-1/cargogo/devel_debug/.private/path_provider_ros_tool/lib/python2.7/dist-packages/path_provider_ros_tool/cfg/PathProviderConfig.py[0m
Generating reconfiguration files for PathProvider in path_provider_ros_tool
Wrote header file in /home/kal5-1/cargogo/devel_debug/.private/path_provider_ros_tool/include/path_provider_ros_tool/PathProviderConfig.h
[ 16%] Built target path_provider_ros_tool_gencfg
[35m[1mScanning dependencies of target path_provider_ros_tool_genparam[0m
[35m[1mScanning dependencies of target gtest[0m
[ 25%] Built target path_provider_ros_tool_genparam
make[2]: Warning: File 'gtest/gtest/CMakeFiles/gtest.dir/depend.make' has modification time 0,043 s in the future
[ 33%] [32mBuilding CXX object gtest/gtest/CMakeFiles/gtest.dir/src/gtest-all.cc.o[0m
[35m[1mScanning dependencies of target tf2_msgs_generate_messages_nodejs[0m
[ 33%] Built target tf2_msgs_generate_messages_nodejs
[35m[1mScanning dependencies of target bond_generate_messages_lisp[0m
[ 33%] Built target bond_generate_messages_lisp
[35m[1mScanning dependencies of target nodelet_generate_messages_eus[0m
[ 33%] Built target nodelet_generate_messages_eus
[35m[1mScanning dependencies of target topic_tools_generate_messages_cpp[0m
[ 33%] Built target topic_tools_generate_messages_cpp
[35m[1mScanning dependencies of target topic_tools_generate_messages_eus[0m
[ 33%] Built target topic_tools_generate_messages_eus
[35m[1mScanning dependencies of target bond_generate_messages_eus[0m
[ 33%] Built target bond_generate_messages_eus
[35m[1mScanning dependencies of target roscpp_generate_messages_eus[0m
[ 33%] Built target roscpp_generate_messages_eus
[35m[1mScanning dependencies of target nodelet_generate_messages_nodejs[0m
[ 33%] Built target nodelet_generate_messages_nodejs
[35m[1mScanning dependencies of target std_srvs_generate_messages_nodejs[0m
[ 33%] Built target std_srvs_generate_messages_nodejs
[35m[1mScanning dependencies of target std_srvs_generate_messages_eus[0m
[ 33%] Built target std_srvs_generate_messages_eus
[35m[1mScanning dependencies of target std_msgs_generate_messages_nodejs[0m
[ 33%] Built target std_msgs_generate_messages_nodejs
[35m[1mScanning dependencies of target geometry_msgs_generate_messages_cpp[0m
[ 33%] Built target geometry_msgs_generate_messages_cpp
[35m[1mScanning dependencies of target nodelet_generate_messages_py[0m
[ 33%] Built target nodelet_generate_messages_py
[35m[1mScanning dependencies of target roscpp_generate_messages_cpp[0m
[ 33%] Built target roscpp_generate_messages_cpp
[35m[1mScanning dependencies of target rosgraph_msgs_generate_messages_nodejs[0m
[ 33%] Built target rosgraph_msgs_generate_messages_nodejs
[35m[1mScanning dependencies of target bond_generate_messages_cpp[0m
[ 33%] Built target bond_generate_messages_cpp
[35m[1mScanning dependencies of target nodelet_generate_messages_lisp[0m
[ 33%] Built target nodelet_generate_messages_lisp
[35m[1mScanning dependencies of target geometry_msgs_generate_messages_py[0m
[ 33%] Built target geometry_msgs_generate_messages_py
[35m[1mScanning dependencies of target geometry_msgs_generate_messages_lisp[0m
[ 33%] Built target geometry_msgs_generate_messages_lisp
[35m[1mScanning dependencies of target bond_generate_messages_py[0m
[ 33%] Built target bond_generate_messages_py
[35m[1mScanning dependencies of target std_msgs_generate_messages_lisp[0m
[ 33%] Built target std_msgs_generate_messages_lisp
[35m[1mScanning dependencies of target bond_generate_messages_nodejs[0m
[ 33%] Built target bond_generate_messages_nodejs
[35m[1mScanning dependencies of target dynamic_reconfigure_generate_messages_eus[0m
[ 33%] Built target dynamic_reconfigure_generate_messages_eus
[35m[1mScanning dependencies of target dynamic_reconfigure_generate_messages_nodejs[0m
[ 33%] Built target dynamic_reconfigure_generate_messages_nodejs
[35m[1mScanning dependencies of target dynamic_reconfigure_generate_messages_cpp[0m
[ 33%] Built target dynamic_reconfigure_generate_messages_cpp
[35m[1mScanning dependencies of target std_srvs_generate_messages_cpp[0m
[ 33%] Built target std_srvs_generate_messages_cpp
[ 41%] [32m[1mLinking CXX shared library libgtest.so[0m
make[2]: warning:  Clock skew detected.  Your build may be incomplete.
[ 41%] Built target gtest
[35m[1mScanning dependencies of target rosgraph_msgs_generate_messages_lisp[0m
[ 41%] Built target rosgraph_msgs_generate_messages_lisp
[35m[1mScanning dependencies of target roscpp_generate_messages_nodejs[0m
[ 41%] Built target roscpp_generate_messages_nodejs
[35m[1mScanning dependencies of target nodelet_generate_messages_cpp[0m
[ 41%] Built target nodelet_generate_messages_cpp
[35m[1mScanning dependencies of target tf2_msgs_generate_messages_eus[0m
[ 41%] Built target tf2_msgs_generate_messages_eus
[35m[1mScanning dependencies of target dynamic_reconfigure_gencfg[0m
[ 41%] Built target dynamic_reconfigure_gencfg
[35m[1mScanning dependencies of target rosgraph_msgs_generate_messages_cpp[0m
[ 41%] Built target rosgraph_msgs_generate_messages_cpp
[35m[1mScanning dependencies of target std_msgs_generate_messages_cpp[0m
[ 41%] Built target std_msgs_generate_messages_cpp
[35m[1mScanning dependencies of target actionlib_generate_messages_nodejs[0m
[ 41%] Built target actionlib_generate_messages_nodejs
[35m[1mScanning dependencies of target geometry_msgs_generate_messages_nodejs[0m
[ 41%] Built target geometry_msgs_generate_messages_nodejs
[35m[1mScanning dependencies of target geometry_msgs_generate_messages_eus[0m
[ 41%] Built target geometry_msgs_generate_messages_eus
[35m[1mScanning dependencies of target std_srvs_generate_messages_lisp[0m
[ 41%] Built target std_srvs_generate_messages_lisp
[35m[1mScanning dependencies of target dynamic_reconfigure_generate_messages_lisp[0m
[ 41%] Built target dynamic_reconfigure_generate_messages_lisp
[35m[1mScanning dependencies of target std_srvs_generate_messages_py[0m
[ 41%] Built target std_srvs_generate_messages_py
[35m[1mScanning dependencies of target rosgraph_msgs_generate_messages_eus[0m
[ 41%] Built target rosgraph_msgs_generate_messages_eus
[35m[1mScanning dependencies of target std_msgs_generate_messages_py[0m
[ 41%] Built target std_msgs_generate_messages_py
[35m[1mScanning dependencies of target roscpp_generate_messages_py[0m
[ 41%] Built target roscpp_generate_messages_py
[35m[1mScanning dependencies of target topic_tools_generate_messages_lisp[0m
[ 41%] Built target topic_tools_generate_messages_lisp
[35m[1mScanning dependencies of target topic_tools_generate_messages_nodejs[0m
[ 41%] Built target topic_tools_generate_messages_nodejs
[35m[1mScanning dependencies of target topic_tools_generate_messages_py[0m
[ 41%] Built target topic_tools_generate_messages_py
[35m[1mScanning dependencies of target actionlib_msgs_generate_messages_nodejs[0m
[ 41%] Built target actionlib_msgs_generate_messages_nodejs
[35m[1mScanning dependencies of target tf2_msgs_generate_messages_py[0m
[ 41%] Built target tf2_msgs_generate_messages_py
[35m[1mScanning dependencies of target rosgraph_msgs_generate_messages_py[0m
[ 41%] Built target rosgraph_msgs_generate_messages_py
[35m[1mScanning dependencies of target actionlib_generate_messages_cpp[0m
[ 41%] Built target actionlib_generate_messages_cpp
[35m[1mScanning dependencies of target std_msgs_generate_messages_eus[0m
[ 41%] Built target std_msgs_generate_messages_eus
[35m[1mScanning dependencies of target actionlib_generate_messages_eus[0m
[ 41%] Built target actionlib_generate_messages_eus
[35m[1mScanning dependencies of target roscpp_generate_messages_lisp[0m
[ 41%] Built target roscpp_generate_messages_lisp
[35m[1mScanning dependencies of target actionlib_generate_messages_lisp[0m
[ 41%] Built target actionlib_generate_messages_lisp
[35m[1mScanning dependencies of target actionlib_msgs_generate_messages_eus[0m
[ 41%] Built target actionlib_msgs_generate_messages_eus
[35m[1mScanning dependencies of target dynamic_reconfigure_generate_messages_py[0m
[ 41%] Built target dynamic_reconfigure_generate_messages_py
[35m[1mScanning dependencies of target actionlib_generate_messages_py[0m
[ 41%] Built target actionlib_generate_messages_py
[35m[1mScanning dependencies of target actionlib_msgs_generate_messages_lisp[0m
[ 41%] Built target actionlib_msgs_generate_messages_lisp
[35m[1mScanning dependencies of target actionlib_msgs_generate_messages_py[0m
[ 41%] Built target actionlib_msgs_generate_messages_py
[35m[1mScanning dependencies of target tf2_msgs_generate_messages_cpp[0m
[ 41%] Built target tf2_msgs_generate_messages_cpp
[35m[1mScanning dependencies of target actionlib_msgs_generate_messages_cpp[0m
[ 41%] Built target actionlib_msgs_generate_messages_cpp
[35m[1mScanning dependencies of target tf2_msgs_generate_messages_lisp[0m
[ 41%] Built target tf2_msgs_generate_messages_lisp
[35m[1mScanning dependencies of target path_provider_ros_tool-path_provider-nodelet[0m
make[2]: Warning: File 'CMakeFiles/path_provider_ros_tool-path_provider-nodelet.dir/depend.make' has modification time 0,032 s in the future
[ 50%] [32mBuilding CXX object CMakeFiles/path_provider_ros_tool-path_provider-nodelet.dir/src/path_provider/path_provider.cpp.o[0m
[ 58%] [32mBuilding CXX object CMakeFiles/path_provider_ros_tool-path_provider-nodelet.dir/src/path_provider/path_provider_nodelet.cpp.o[0m
[35m[1mScanning dependencies of target path_provider_ros_tool-path_provider-exec[0m
make[2]: Warning: File 'CMakeFiles/path_provider_ros_tool-path_provider-exec.dir/depend.make' has modification time 0,026 s in the future
[ 66%] [32mBuilding CXX object CMakeFiles/path_provider_ros_tool-path_provider-exec.dir/src/path_provider/path_provider.cpp.o[0m
[ 75%] [32mBuilding CXX object CMakeFiles/path_provider_ros_tool-path_provider-exec.dir/src/path_provider/path_provider_node.cpp.o[0m
[ 83%] [32mBuilding CXX object CMakeFiles/path_provider_ros_tool-path_provider-exec.dir/src/path_provider/path_provider_nodelet.cpp.o[0m
[ 91%] [32m[1mLinking CXX shared library /home/kal5-1/cargogo/devel_debug/.private/path_provider_ros_tool/lib/libpath_provider_nodelet.so[0m
make[2]: warning:  Clock skew detected.  Your build may be incomplete.
[ 91%] Built target path_provider_ros_tool-path_provider-nodelet
[100%] [32m[1mLinking CXX executable /home/kal5-1/cargogo/devel_debug/.private/path_provider_ros_tool/lib/path_provider_ros_tool/path_provider[0m
make[2]: warning:  Clock skew detected.  Your build may be incomplete.
[100%] Built target path_provider_ros_tool-path_provider-exec
