Linked: (/home/kal5-1/cargogo/devel_debug/.private/motor_interface_ros_tool/share/common-lisp/ros/motor_interface_ros_tool/srv/_package_Activation.lisp, /home/kal5-1/cargogo/devel_debug/share/common-lisp/ros/motor_interface_ros_tool/srv/_package_Activation.lisp)
Linked: (/home/kal5-1/cargogo/devel_debug/.private/motor_interface_ros_tool/share/common-lisp/ros/motor_interface_ros_tool/srv/motor_interface_ros_tool-srv.asd, /home/kal5-1/cargogo/devel_debug/share/common-lisp/ros/motor_interface_ros_tool/srv/motor_interface_ros_tool-srv.asd)
Linked: (/home/kal5-1/cargogo/devel_debug/.private/motor_interface_ros_tool/share/common-lisp/ros/motor_interface_ros_tool/srv/Activation.lisp, /home/kal5-1/cargogo/devel_debug/share/common-lisp/ros/motor_interface_ros_tool/srv/Activation.lisp)
Linked: (/home/kal5-1/cargogo/devel_debug/.private/motor_interface_ros_tool/share/common-lisp/ros/motor_interface_ros_tool/srv/_package.lisp, /home/kal5-1/cargogo/devel_debug/share/common-lisp/ros/motor_interface_ros_tool/srv/_package.lisp)
Linked: (/home/kal5-1/cargogo/devel_debug/.private/motor_interface_ros_tool/share/common-lisp/ros/motor_interface_ros_tool/msg/MotorCommand.lisp, /home/kal5-1/cargogo/devel_debug/share/common-lisp/ros/motor_interface_ros_tool/msg/MotorCommand.lisp)
Linked: (/home/kal5-1/cargogo/devel_debug/.private/motor_interface_ros_tool/share/common-lisp/ros/motor_interface_ros_tool/msg/ServoCommand.lisp, /home/kal5-1/cargogo/devel_debug/share/common-lisp/ros/motor_interface_ros_tool/msg/ServoCommand.lisp)
Linked: (/home/kal5-1/cargogo/devel_debug/.private/motor_interface_ros_tool/share/common-lisp/ros/motor_interface_ros_tool/msg/_package_MotorCommand.lisp, /home/kal5-1/cargogo/devel_debug/share/common-lisp/ros/motor_interface_ros_tool/msg/_package_MotorCommand.lisp)
Linked: (/home/kal5-1/cargogo/devel_debug/.private/motor_interface_ros_tool/share/common-lisp/ros/motor_interface_ros_tool/msg/motor_interface_ros_tool-msg.asd, /home/kal5-1/cargogo/devel_debug/share/common-lisp/ros/motor_interface_ros_tool/msg/motor_interface_ros_tool-msg.asd)
Linked: (/home/kal5-1/cargogo/devel_debug/.private/motor_interface_ros_tool/share/common-lisp/ros/motor_interface_ros_tool/msg/_package.lisp, /home/kal5-1/cargogo/devel_debug/share/common-lisp/ros/motor_interface_ros_tool/msg/_package.lisp)
Linked: (/home/kal5-1/cargogo/devel_debug/.private/motor_interface_ros_tool/share/common-lisp/ros/motor_interface_ros_tool/msg/_package_ServoCommand.lisp, /home/kal5-1/cargogo/devel_debug/share/common-lisp/ros/motor_interface_ros_tool/msg/_package_ServoCommand.lisp)
Linked: (/home/kal5-1/cargogo/devel_debug/.private/motor_interface_ros_tool/share/roseus/ros/motor_interface_ros_tool/manifest.l, /home/kal5-1/cargogo/devel_debug/share/roseus/ros/motor_interface_ros_tool/manifest.l)
Linked: (/home/kal5-1/cargogo/devel_debug/.private/motor_interface_ros_tool/share/roseus/ros/motor_interface_ros_tool/srv/Activation.l, /home/kal5-1/cargogo/devel_debug/share/roseus/ros/motor_interface_ros_tool/srv/Activation.l)
Linked: (/home/kal5-1/cargogo/devel_debug/.private/motor_interface_ros_tool/share/roseus/ros/motor_interface_ros_tool/msg/ServoCommand.l, /home/kal5-1/cargogo/devel_debug/share/roseus/ros/motor_interface_ros_tool/msg/ServoCommand.l)
Linked: (/home/kal5-1/cargogo/devel_debug/.private/motor_interface_ros_tool/share/roseus/ros/motor_interface_ros_tool/msg/MotorCommand.l, /home/kal5-1/cargogo/devel_debug/share/roseus/ros/motor_interface_ros_tool/msg/MotorCommand.l)
Linked: (/home/kal5-1/cargogo/devel_debug/.private/motor_interface_ros_tool/share/motor_interface_ros_tool/cmake/motor_interface_ros_tool-msg-paths.cmake, /home/kal5-1/cargogo/devel_debug/share/motor_interface_ros_tool/cmake/motor_interface_ros_tool-msg-paths.cmake)
Linked: (/home/kal5-1/cargogo/devel_debug/.private/motor_interface_ros_tool/share/motor_interface_ros_tool/cmake/motor_interface_ros_toolConfig.cmake, /home/kal5-1/cargogo/devel_debug/share/motor_interface_ros_tool/cmake/motor_interface_ros_toolConfig.cmake)
Linked: (/home/kal5-1/cargogo/devel_debug/.private/motor_interface_ros_tool/share/motor_interface_ros_tool/cmake/motor_interface_ros_tool-msg-extras.cmake, /home/kal5-1/cargogo/devel_debug/share/motor_interface_ros_tool/cmake/motor_interface_ros_tool-msg-extras.cmake)
Linked: (/home/kal5-1/cargogo/devel_debug/.private/motor_interface_ros_tool/share/motor_interface_ros_tool/cmake/motor_interface_ros_toolConfig-version.cmake, /home/kal5-1/cargogo/devel_debug/share/motor_interface_ros_tool/cmake/motor_interface_ros_toolConfig-version.cmake)
Linked: (/home/kal5-1/cargogo/devel_debug/.private/motor_interface_ros_tool/share/gennodejs/ros/motor_interface_ros_tool/_index.js, /home/kal5-1/cargogo/devel_debug/share/gennodejs/ros/motor_interface_ros_tool/_index.js)
Linked: (/home/kal5-1/cargogo/devel_debug/.private/motor_interface_ros_tool/share/gennodejs/ros/motor_interface_ros_tool/srv/Activation.js, /home/kal5-1/cargogo/devel_debug/share/gennodejs/ros/motor_interface_ros_tool/srv/Activation.js)
Linked: (/home/kal5-1/cargogo/devel_debug/.private/motor_interface_ros_tool/share/gennodejs/ros/motor_interface_ros_tool/srv/_index.js, /home/kal5-1/cargogo/devel_debug/share/gennodejs/ros/motor_interface_ros_tool/srv/_index.js)
Linked: (/home/kal5-1/cargogo/devel_debug/.private/motor_interface_ros_tool/share/gennodejs/ros/motor_interface_ros_tool/msg/_index.js, /home/kal5-1/cargogo/devel_debug/share/gennodejs/ros/motor_interface_ros_tool/msg/_index.js)
Linked: (/home/kal5-1/cargogo/devel_debug/.private/motor_interface_ros_tool/share/gennodejs/ros/motor_interface_ros_tool/msg/MotorCommand.js, /home/kal5-1/cargogo/devel_debug/share/gennodejs/ros/motor_interface_ros_tool/msg/MotorCommand.js)
Linked: (/home/kal5-1/cargogo/devel_debug/.private/motor_interface_ros_tool/share/gennodejs/ros/motor_interface_ros_tool/msg/ServoCommand.js, /home/kal5-1/cargogo/devel_debug/share/gennodejs/ros/motor_interface_ros_tool/msg/ServoCommand.js)
Linked: (/home/kal5-1/cargogo/devel_debug/.private/motor_interface_ros_tool/include/motor_interface_ros_tool/ActivationRequest.h, /home/kal5-1/cargogo/devel_debug/include/motor_interface_ros_tool/ActivationRequest.h)
Linked: (/home/kal5-1/cargogo/devel_debug/.private/motor_interface_ros_tool/include/motor_interface_ros_tool/Activation.h, /home/kal5-1/cargogo/devel_debug/include/motor_interface_ros_tool/Activation.h)
Linked: (/home/kal5-1/cargogo/devel_debug/.private/motor_interface_ros_tool/include/motor_interface_ros_tool/MotorCommand.h, /home/kal5-1/cargogo/devel_debug/include/motor_interface_ros_tool/MotorCommand.h)
Linked: (/home/kal5-1/cargogo/devel_debug/.private/motor_interface_ros_tool/include/motor_interface_ros_tool/ActivationResponse.h, /home/kal5-1/cargogo/devel_debug/include/motor_interface_ros_tool/ActivationResponse.h)
Linked: (/home/kal5-1/cargogo/devel_debug/.private/motor_interface_ros_tool/include/motor_interface_ros_tool/ServoCommand.h, /home/kal5-1/cargogo/devel_debug/include/motor_interface_ros_tool/ServoCommand.h)
Linked: (/home/kal5-1/cargogo/devel_debug/.private/motor_interface_ros_tool/lib/pkgconfig/motor_interface_ros_tool.pc, /home/kal5-1/cargogo/devel_debug/lib/pkgconfig/motor_interface_ros_tool.pc)
Linked: (/home/kal5-1/cargogo/devel_debug/.private/motor_interface_ros_tool/lib/python2.7/dist-packages/motor_interface_ros_tool/__init__.py, /home/kal5-1/cargogo/devel_debug/lib/python2.7/dist-packages/motor_interface_ros_tool/__init__.py)
Linked: (/home/kal5-1/cargogo/devel_debug/.private/motor_interface_ros_tool/lib/python2.7/dist-packages/motor_interface_ros_tool/srv/__init__.py, /home/kal5-1/cargogo/devel_debug/lib/python2.7/dist-packages/motor_interface_ros_tool/srv/__init__.py)
Linked: (/home/kal5-1/cargogo/devel_debug/.private/motor_interface_ros_tool/lib/python2.7/dist-packages/motor_interface_ros_tool/srv/_Activation.py, /home/kal5-1/cargogo/devel_debug/lib/python2.7/dist-packages/motor_interface_ros_tool/srv/_Activation.py)
Linked: (/home/kal5-1/cargogo/devel_debug/.private/motor_interface_ros_tool/lib/python2.7/dist-packages/motor_interface_ros_tool/msg/__init__.py, /home/kal5-1/cargogo/devel_debug/lib/python2.7/dist-packages/motor_interface_ros_tool/msg/__init__.py)
Linked: (/home/kal5-1/cargogo/devel_debug/.private/motor_interface_ros_tool/lib/python2.7/dist-packages/motor_interface_ros_tool/msg/_ServoCommand.py, /home/kal5-1/cargogo/devel_debug/lib/python2.7/dist-packages/motor_interface_ros_tool/msg/_ServoCommand.py)
Linked: (/home/kal5-1/cargogo/devel_debug/.private/motor_interface_ros_tool/lib/python2.7/dist-packages/motor_interface_ros_tool/msg/_MotorCommand.py, /home/kal5-1/cargogo/devel_debug/lib/python2.7/dist-packages/motor_interface_ros_tool/msg/_MotorCommand.py)
Linked: (/home/kal5-1/cargogo/devel_debug/.private/motor_interface_ros_tool/lib/motor_interface_ros_tool/motor_interface, /home/kal5-1/cargogo/devel_debug/lib/motor_interface_ros_tool/motor_interface)
