Determining if the pthread_create exist failed with the following output:
Change Dir: /home/kal5-1/cargogo/build_debug/rosparam_handler/CMakeFiles/CMakeTmp

Run Build Command:"/usr/bin/make" "cmTC_dd77c/fast"
make: Warning: File 'Makefile' has modification time 0,036 s in the future
/usr/bin/make -f CMakeFiles/cmTC_dd77c.dir/build.make CMakeFiles/cmTC_dd77c.dir/build
make[1]: Entering directory '/home/kal5-1/cargogo/build_debug/rosparam_handler/CMakeFiles/CMakeTmp'
make[1]: Warning: File 'CMakeFiles/cmTC_dd77c.dir/flags.make' has modification time 0,033 s in the future
Building C object CMakeFiles/cmTC_dd77c.dir/CheckSymbolExists.c.o
/usr/bin/cc     -o CMakeFiles/cmTC_dd77c.dir/CheckSymbolExists.c.o   -c /home/kal5-1/cargogo/build_debug/rosparam_handler/CMakeFiles/CMakeTmp/CheckSymbolExists.c
Linking C executable cmTC_dd77c
/usr/bin/cmake -E cmake_link_script CMakeFiles/cmTC_dd77c.dir/link.txt --verbose=1
/usr/bin/cc       CMakeFiles/cmTC_dd77c.dir/CheckSymbolExists.c.o  -o cmTC_dd77c -rdynamic 
CMakeFiles/cmTC_dd77c.dir/CheckSymbolExists.c.o: In function `main':
CheckSymbolExists.c:(.text+0x16): undefined reference to `pthread_create'
collect2: error: ld returned 1 exit status
CMakeFiles/cmTC_dd77c.dir/build.make:97: recipe for target 'cmTC_dd77c' failed
make[1]: *** [cmTC_dd77c] Error 1
make[1]: Leaving directory '/home/kal5-1/cargogo/build_debug/rosparam_handler/CMakeFiles/CMakeTmp'
Makefile:126: recipe for target 'cmTC_dd77c/fast' failed
make: *** [cmTC_dd77c/fast] Error 2

File /home/kal5-1/cargogo/build_debug/rosparam_handler/CMakeFiles/CMakeTmp/CheckSymbolExists.c:
/* */
#include <pthread.h>

int main(int argc, char** argv)
{
  (void)argv;
#ifndef pthread_create
  return ((int*)(&pthread_create))[argc];
#else
  (void)argc;
  return 0;
#endif
}

Determining if the function pthread_create exists in the pthreads failed with the following output:
Change Dir: /home/kal5-1/cargogo/build_debug/rosparam_handler/CMakeFiles/CMakeTmp

Run Build Command:"/usr/bin/make" "cmTC_33c1a/fast"
make: Warning: File 'Makefile' has modification time 0,038 s in the future
/usr/bin/make -f CMakeFiles/cmTC_33c1a.dir/build.make CMakeFiles/cmTC_33c1a.dir/build
make[1]: Entering directory '/home/kal5-1/cargogo/build_debug/rosparam_handler/CMakeFiles/CMakeTmp'
make[1]: Warning: File 'CMakeFiles/cmTC_33c1a.dir/flags.make' has modification time 0,031 s in the future
Building C object CMakeFiles/cmTC_33c1a.dir/CheckFunctionExists.c.o
/usr/bin/cc    -DCHECK_FUNCTION_EXISTS=pthread_create   -o CMakeFiles/cmTC_33c1a.dir/CheckFunctionExists.c.o   -c /usr/share/cmake-3.5/Modules/CheckFunctionExists.c
Linking C executable cmTC_33c1a
/usr/bin/cmake -E cmake_link_script CMakeFiles/cmTC_33c1a.dir/link.txt --verbose=1
/usr/bin/cc   -DCHECK_FUNCTION_EXISTS=pthread_create    CMakeFiles/cmTC_33c1a.dir/CheckFunctionExists.c.o  -o cmTC_33c1a -rdynamic -lpthreads 
/usr/bin/ld: cannot find -lpthreads
collect2: error: ld returned 1 exit status
CMakeFiles/cmTC_33c1a.dir/build.make:97: recipe for target 'cmTC_33c1a' failed
make[1]: *** [cmTC_33c1a] Error 1
make[1]: Leaving directory '/home/kal5-1/cargogo/build_debug/rosparam_handler/CMakeFiles/CMakeTmp'
Makefile:126: recipe for target 'cmTC_33c1a/fast' failed
make: *** [cmTC_33c1a/fast] Error 2


