Not searching for unused variables given on the command line.
[36m--[0m Eclipse version is set to 4.7 (). Adjust CMAKE_ECLIPSE_VERSION if this is wrong.
[36m--[0m Using CATKIN_DEVEL_PREFIX: /home/kal5-1/cargogo/devel_debug/.private/cv_bridge
[36m--[0m Using CMAKE_PREFIX_PATH: /home/kal5-1/cargogo/devel_debug;/home/kal5-1/cargogo/devel;/opt/mrtsoftware/local;/opt/mrtsoftware/release;/opt/ros/kinetic
[36m--[0m This workspace overlays: /home/kal5-1/cargogo/devel_debug;/home/kal5-1/cargogo/devel;/opt/mrtsoftware/local;/opt/mrtsoftware/release;/opt/ros/kinetic
[36m--[0m Using PYTHON_EXECUTABLE: /opt/mrtsoftware/release/lib/mrt-build-tools/bin/python
[36m--[0m Using Debian Python package layout
[36m--[0m Using empy: /usr/bin/empy
[36m--[0m Using CATKIN_ENABLE_TESTING: ON
[36m--[0m Call enable_testing()
[36m--[0m Using CATKIN_TEST_RESULTS_DIR: /home/kal5-1/cargogo/build_debug/cv_bridge/test_results
[36m--[0m Found gmock sources under '/usr/src/gmock': gmock will be built
[36m--[0m Found gtest sources under '/usr/src/gmock': gtests will be built
[36m--[0m Using Python nosetests: /usr/bin/nosetests-2.7
[36m--[0m catkin 0.7.11
[36m--[0m Found PythonLibs: /usr/lib/x86_64-linux-gnu/libpython2.7.so (found version "2.7.12")
[36m--[0m Boost version: 1.58.0
[36m--[0m Found the following Boost libraries:
[36m--[0m   python
[36m--[0m Found PythonLibs: /usr/lib/x86_64-linux-gnu/libpython2.7.so (found suitable version "2.7.12", minimum required is "2.7")
[36m--[0m Configuring done
[36m--[0m Generating done
[36m--[0m Build files have been written to: /home/kal5-1/cargogo/build_debug/cv_bridge
