Not searching for unused variables given on the command line.
[36m--[0m The C compiler identification is GNU 5.4.0
[36m--[0m The CXX compiler identification is GNU 5.4.0
[36m--[0m Found Eclipse version 4.7 ()
[36m--[0m Check for working C compiler: /usr/bin/cc
[36m--[0m Check for working C compiler: /usr/bin/cc -- works
[36m--[0m Detecting C compiler ABI info
[36m--[0m Detecting C compiler ABI info - done
[36m--[0m Detecting C compile features
[36m--[0m Detecting C compile features - done
[36m--[0m Check for working CXX compiler: /usr/bin/c++
[36m--[0m Check for working CXX compiler: /usr/bin/c++ -- works
[36m--[0m Detecting CXX compiler ABI info
[36m--[0m Detecting CXX compiler ABI info - done
[36m--[0m Detecting CXX compile features
[36m--[0m Detecting CXX compile features - done
[36m--[0m Looking for pthread.h
[36m--[0m Looking for pthread.h - found
[36m--[0m Looking for pthread_create
[36m--[0m Looking for pthread_create - not found
[36m--[0m Looking for pthread_create in pthreads
[36m--[0m Looking for pthread_create in pthreads - not found
[36m--[0m Looking for pthread_create in pthread
[36m--[0m Looking for pthread_create in pthread - found
[36m--[0m Found Threads: TRUE
[36m--[0m Boost version: 1.58.0
[36m--[0m Found the following Boost libraries:
[36m--[0m   system
[36m--[0m   filesystem
[36m--[0m   thread
[36m--[0m   chrono
[36m--[0m   date_time
[36m--[0m   atomic
[36m--[0m Found PkgConfig: /usr/bin/pkg-config (found version "0.29.1")
[36m--[0m Checking for module 'eigen3'
[36m--[0m   Found eigen3, version 3.2.92
[33m[1mCMake Warning[0m at /opt/ros/kinetic/share/cmake_modules/cmake/Modules/FindEigen.cmake:62 (message):
  The FindEigen.cmake Module in the cmake_modules package is deprecated.

  Please use the FindEigen3.cmake Module provided with Eigen.  Change
  instances of find_package(Eigen) to find_package(Eigen3).  Check the
  FindEigen3.cmake Module for the resulting CMake variable names.

[36mCall Stack (most recent call first):[0m
  /opt/mrtsoftware/release/share/pcl-1.8/PCLConfig.cmake:153 (find_package)
  /opt/mrtsoftware/release/share/pcl-1.8/PCLConfig.cmake:307 (find_eigen)
  /opt/mrtsoftware/release/share/pcl-1.8/PCLConfig.cmake:526 (find_external_library)
  CMakeLists.txt:8 (find_package)


[36m--[0m Found Eigen: /usr/include/eigen3
[36m--[0m Eigen found (include: /usr/include/eigen3)
[36m--[0m Boost version: 1.58.0
[36m--[0m Found the following Boost libraries:
[36m--[0m   system
[36m--[0m   filesystem
[36m--[0m   thread
[36m--[0m   date_time
[36m--[0m   iostreams
[36m--[0m   serialization
[36m--[0m   chrono
[36m--[0m   atomic
[36m--[0m   regex
[36m--[0m Checking for module 'flann'
[36m--[0m   Found flann, version 1.8.4
[36m--[0m Found FLANN: /usr/lib/x86_64-linux-gnu/libflann_cpp.so
[36m--[0m FLANN found (include: /usr/include, lib: optimized;/usr/lib/x86_64-linux-gnu/libflann_cpp.so;debug;/usr/lib/x86_64-linux-gnu/libflann_cpp.so)
[36m--[0m FLANN found (include: /usr/include, lib: optimized;/usr/lib/x86_64-linux-gnu/libflann_cpp.so;debug;/usr/lib/x86_64-linux-gnu/libflann_cpp.so)
[36m--[0m Checking for module 'libusb-1.0'
[36m--[0m   Found libusb-1.0, version 1.0.20
[36m--[0m Found USB_10: /usr/lib/x86_64-linux-gnu/libusb-1.0.so
[36m--[0m Found OpenNI: /usr/lib/libOpenNI.so
[36m--[0m OpenNI found (include: /usr/include/ni, lib: /usr/lib/libOpenNI.so)
[36m--[0m Could NOT find OpenNI2 (missing:  OPENNI2_LIBRARIES OPENNI2_INCLUDE_DIRS)
** WARNING ** io features related to openni2 will be disabled
[36m--[0m Could NOT find ENSENSO (missing:  ENSENSO_LIBRARIES ENSENSO_INCLUDE_DIRS)
** WARNING ** io features related to ensenso will be disabled
[36m--[0m Could NOT find davidSDK (missing:  DAVIDSDK_LIBRARY DAVIDSDK_INCLUDE_DIR)
** WARNING ** io features related to davidSDK will be disabled
[36m--[0m Could NOT find DSSDK (missing:  DSSDK_LIBRARIES DSSDK_INCLUDE_DIRS)
** WARNING ** io features related to dssdk will be disabled
** WARNING ** io features related to pcap will be disabled
** WARNING ** io features related to png will be disabled
[36m--[0m Found libusb-1.0: /usr/include
** WARNING ** io features related to libusb-1.0 will be disabled
[36m--[0m Found Qhull: /usr/lib/x86_64-linux-gnu/libqhull.so
[36m--[0m QHULL found (include: /usr/include, lib: optimized;/usr/lib/x86_64-linux-gnu/libqhull.so;debug;/usr/lib/x86_64-linux-gnu/libqhull.so)
[36m--[0m OpenNI found (include: /usr/include/ni, lib: /usr/lib/libOpenNI.so)
[36m--[0m Could NOT find OpenNI2 (missing:  OPENNI2_LIBRARIES OPENNI2_INCLUDE_DIRS)
** WARNING ** visualization features related to openni2 will be disabled
[36m--[0m Could NOT find ENSENSO (missing:  ENSENSO_LIBRARIES ENSENSO_INCLUDE_DIRS)
** WARNING ** visualization features related to ensenso will be disabled
[36m--[0m Could NOT find davidSDK (missing:  DAVIDSDK_LIBRARY DAVIDSDK_INCLUDE_DIR)
** WARNING ** visualization features related to davidSDK will be disabled
[36m--[0m Could NOT find DSSDK (missing:  DSSDK_LIBRARIES DSSDK_INCLUDE_DIRS)
** WARNING ** visualization features related to dssdk will be disabled
[36m--[0m Could NOT find RSSDK (missing:  RSSDK_LIBRARIES RSSDK_INCLUDE_DIRS)
** WARNING ** visualization features related to rssdk will be disabled
[36m--[0m looking for PCL_COMMON
[36m--[0m Found PCL_COMMON: /opt/mrtsoftware/release/lib/libpcl_common.so
[36m--[0m looking for PCL_OCTREE
[36m--[0m Found PCL_OCTREE: /opt/mrtsoftware/release/lib/libpcl_octree.so
[36m--[0m looking for PCL_KDTREE
[36m--[0m Found PCL_KDTREE: /opt/mrtsoftware/release/lib/libpcl_kdtree.so
[36m--[0m looking for PCL_SEARCH
[36m--[0m Found PCL_SEARCH: /opt/mrtsoftware/release/lib/libpcl_search.so
[36m--[0m looking for PCL_SAMPLE_CONSENSUS
[36m--[0m Found PCL_SAMPLE_CONSENSUS: /opt/mrtsoftware/release/lib/libpcl_sample_consensus.so
[36m--[0m looking for PCL_FILTERS
[36m--[0m Found PCL_FILTERS: /opt/mrtsoftware/release/lib/libpcl_filters.so
[36m--[0m looking for PCL_2D
[36m--[0m Found PCL_2D: /opt/mrtsoftware/release/include/pcl-1.8
[36m--[0m looking for PCL_FEATURES
[36m--[0m Found PCL_FEATURES: /opt/mrtsoftware/release/lib/libpcl_features.so
[36m--[0m looking for PCL_REGISTRATION
[36m--[0m Found PCL_REGISTRATION: /opt/mrtsoftware/release/lib/libpcl_registration.so
[36m--[0m looking for PCL_IO
[36m--[0m Found PCL_IO: /opt/mrtsoftware/release/lib/libpcl_io.so
[36m--[0m looking for PCL_STEREO
[36m--[0m Found PCL_STEREO: /opt/mrtsoftware/release/lib/libpcl_stereo.so
[36m--[0m looking for PCL_SURFACE
[36m--[0m Found PCL_SURFACE: /opt/mrtsoftware/release/lib/libpcl_surface.so
[36m--[0m looking for PCL_GEOMETRY
[36m--[0m Found PCL_GEOMETRY: /opt/mrtsoftware/release/include/pcl-1.8
[36m--[0m looking for PCL_VISUALIZATION
[36m--[0m Found PCL_VISUALIZATION: /opt/mrtsoftware/release/lib/libpcl_visualization.so
[36m--[0m looking for PCL_TRACKING
[36m--[0m Found PCL_TRACKING: /opt/mrtsoftware/release/lib/libpcl_tracking.so
[36m--[0m looking for PCL_GPU_CONTAINERS
[36m--[0m Found PCL_GPU_CONTAINERS: /opt/mrtsoftware/release/lib/libpcl_gpu_containers.so
[36m--[0m looking for PCL_GPU_UTILS
[36m--[0m Found PCL_GPU_UTILS: /opt/mrtsoftware/release/lib/libpcl_gpu_utils.so
[36m--[0m looking for PCL_GPU_OCTREE
[36m--[0m Found PCL_GPU_OCTREE: /opt/mrtsoftware/release/lib/libpcl_gpu_octree.so
[36m--[0m looking for PCL_GPU_KINFU
[36m--[0m Found PCL_GPU_KINFU: /opt/mrtsoftware/release/lib/libpcl_gpu_kinfu.so
[36m--[0m looking for PCL_GPU_FEATURES
[36m--[0m Found PCL_GPU_FEATURES: /opt/mrtsoftware/release/lib/libpcl_gpu_features.so
[36m--[0m looking for PCL_GPU_SEGMENTATION
[36m--[0m Found PCL_GPU_SEGMENTATION: /opt/mrtsoftware/release/lib/libpcl_gpu_segmentation.so
[36m--[0m looking for PCL_KEYPOINTS
[36m--[0m Found PCL_KEYPOINTS: /opt/mrtsoftware/release/lib/libpcl_keypoints.so
[36m--[0m looking for PCL_ML
[36m--[0m Found PCL_ML: /opt/mrtsoftware/release/lib/libpcl_ml.so
[36m--[0m looking for PCL_SEGMENTATION
[36m--[0m Found PCL_SEGMENTATION: /opt/mrtsoftware/release/lib/libpcl_segmentation.so
[36m--[0m looking for PCL_OUTOFCORE
[36m--[0m Found PCL_OUTOFCORE: /opt/mrtsoftware/release/lib/libpcl_outofcore.so
[36m--[0m looking for PCL_CUDA_COMMON
[36m--[0m Found PCL_CUDA_COMMON: /opt/mrtsoftware/release/include/pcl-1.8
[36m--[0m looking for PCL_CUDA_SAMPLE_CONSENSUS
[36m--[0m Found PCL_CUDA_SAMPLE_CONSENSUS: /opt/mrtsoftware/release/lib/libpcl_cuda_sample_consensus.so
[36m--[0m looking for PCL_CUDA_FEATURES
[36m--[0m Found PCL_CUDA_FEATURES: /opt/mrtsoftware/release/lib/libpcl_cuda_features.so
[36m--[0m looking for PCL_CUDA_SEGMENTATION
[36m--[0m Found PCL_CUDA_SEGMENTATION: /opt/mrtsoftware/release/lib/libpcl_cuda_segmentation.so
[36m--[0m looking for PCL_PEOPLE
[36m--[0m Found PCL_PEOPLE: /opt/mrtsoftware/release/lib/libpcl_people.so
[36m--[0m looking for PCL_RECOGNITION
[36m--[0m Found PCL_RECOGNITION: /opt/mrtsoftware/release/lib/libpcl_recognition.so
[36m--[0m Found PCL: /usr/lib/x86_64-linux-gnu/libboost_system.so;/usr/lib/x86_64-linux-gnu/libboost_filesystem.so;/usr/lib/x86_64-linux-gnu/libboost_thread.so;/usr/lib/x86_64-linux-gnu/libboost_date_time.so;/usr/lib/x86_64-linux-gnu/libboost_iostreams.so;/usr/lib/x86_64-linux-gnu/libboost_serialization.so;/usr/lib/x86_64-linux-gnu/libboost_chrono.so;/usr/lib/x86_64-linux-gnu/libboost_atomic.so;/usr/lib/x86_64-linux-gnu/libboost_regex.so;/usr/lib/x86_64-linux-gnu/libpthread.so;optimized;/opt/mrtsoftware/release/lib/libpcl_common.so;debug;/opt/mrtsoftware/release/lib/libpcl_common.so;optimized;/opt/mrtsoftware/release/lib/libpcl_octree.so;debug;/opt/mrtsoftware/release/lib/libpcl_octree.so;optimized;/usr/lib/x86_64-linux-gnu/libflann_cpp.so;debug;/usr/lib/x86_64-linux-gnu/libflann_cpp.so;optimized;/opt/mrtsoftware/release/lib/libpcl_kdtree.so;debug;/opt/mrtsoftware/release/lib/libpcl_kdtree.so;optimized;/opt/mrtsoftware/release/lib/libpcl_search.so;debug;/opt/mrtsoftware/release/lib/libpcl_search.so;optimized;/opt/mrtsoftware/release/lib/libpcl_sample_consensus.so;debug;/opt/mrtsoftware/release/lib/libpcl_sample_consensus.so;optimized;/opt/mrtsoftware/release/lib/libpcl_filters.so;debug;/opt/mrtsoftware/release/lib/libpcl_filters.so;optimized;/opt/mrtsoftware/release/lib/libpcl_features.so;debug;/opt/mrtsoftware/release/lib/libpcl_features.so;optimized;/opt/mrtsoftware/release/lib/libpcl_registration.so;debug;/opt/mrtsoftware/release/lib/libpcl_registration.so;/usr/lib/libOpenNI.so;vtkIOEnSight;vtkCommonExecutionModel;vtkCommonDataModel;vtkCommonMath;vtkCommonCore;vtksys;vtkCommonMisc;vtkCommonSystem;vtkCommonTransforms;vtkRenderingContextOpenGL;vtkRenderingContext2D;vtkRenderingCore;vtkCommonColor;vtkFiltersExtraction;vtkFiltersCore;vtkFiltersGeneral;vtkCommonComputationalGeometry;vtkFiltersStatistics;vtkImagingFourier;vtkImagingCore;vtkalglib;vtkFiltersGeometry;vtkFiltersSources;vtkRenderingFreeType;vtkfreetype;vtkzlib;vtkftgl;vtkRenderingOpenGL;vtkImagingHybrid;vtkIOImage;vtkDICOMParser;vtkIOCore;vtkmetaio;/usr/lib/x86_64-linux-gnu/libjpeg.so;/usr/lib/x86_64-linux-gnu/libpng.so;/usr/lib/x86_64-linux-gnu/libz.so;/usr/lib/x86_64-linux-gnu/libtiff.so;vtkFiltersParallel;vtkFiltersModeling;vtkParallelCore;vtkIOLegacy;vtkIOExport;vtkRenderingAnnotation;vtkImagingColor;vtkRenderingGL2PS;vtkgl2ps;vtkRenderingLabel;vtkFiltersSMP;vtkFiltersImaging;vtkImagingGeneral;vtkImagingSources;vtkImagingMorphological;vtkViewsCore;vtkInteractionWidgets;vtkFiltersHybrid;vtkInteractionStyle;vtkRenderingVolume;vtkproj4;vtkIOLSDyna;vtkIOXML;vtkIOGeometry;vtkIOXMLParser;vtkexpat;vtkViewsContext2D;vtkIOParallelXML;vtkChartsCore;vtkInfovisCore;vtkFiltersFlowPaths;vtkFiltersParallelImaging;vtkFiltersProgrammable;vtkGUISupportQtSQL;vtkIOSQL;vtksqlite;vtkRenderingLIC;vtkImagingStencil;vtkIOMINC;/usr/lib/x86_64-linux-gnu/libnetcdf_c++.so;/usr/lib/x86_64-linux-gnu/libnetcdf.so;vtkhdf5_hl;vtkhdf5;vtkIOInfovis;vtklibxml2;vtkIOExodus;vtkexoIIc;vtkInteractionImage;vtkImagingMath;vtkFiltersSelection;vtkIOVideo;vtkGUISupportQt;vtkGUISupportQtOpenGL;verdict;vtkViewsInfovis;vtkInfovisLayout;vtkFiltersGeneric;/usr/lib/x86_64-linux-gnu/libjsoncpp.so;vtkFiltersTexture;vtkViewsQt;vtkIOPLY;vtkDomainsChemistry;vtkIOMovie;vtkoggtheora;vtkViewsGeovis;vtkGeovisCore;vtkRenderingQt;vtkIOParallel;vtkIONetCDF;vtkImagingStatistics;vtkRenderingVolumeOpenGL;vtkIOAMR;vtkFiltersAMR;vtkFiltersVerdict;vtkIOImport;vtkRenderingLOD;vtkFiltersHyperTree;vtkGUISupportQtWebkit;vtkRenderingImage;optimized;/opt/mrtsoftware/release/lib/libpcl_io.so;debug;/opt/mrtsoftware/release/lib/libpcl_io.so;optimized;/opt/mrtsoftware/release/lib/libpcl_stereo.so;debug;/opt/mrtsoftware/release/lib/libpcl_stereo.so;optimized;/usr/lib/x86_64-linux-gnu/libqhull.so;debug;/usr/lib/x86_64-linux-gnu/libqhull.so;optimized;/opt/mrtsoftware/release/lib/libpcl_surface.so;debug;/opt/mrtsoftware/release/lib/libpcl_surface.so;optimized;/opt/mrtsoftware/release/lib/libpcl_visualization.so;debug;/opt/mrtsoftware/release/lib/libpcl_visualization.so;optimized;/opt/mrtsoftware/release/lib/libpcl_tracking.so;debug;/opt/mrtsoftware/release/lib/libpcl_tracking.so;optimized;/opt/mrtsoftware/release/lib/libpcl_gpu_containers.so;debug;/opt/mrtsoftware/release/lib/libpcl_gpu_containers.so;optimized;/opt/mrtsoftware/release/lib/libpcl_gpu_utils.so;debug;/opt/mrtsoftware/release/lib/libpcl_gpu_utils.so;optimized;/opt/mrtsoftware/release/lib/libpcl_gpu_octree.so;debug;/opt/mrtsoftware/release/lib/libpcl_gpu_octree.so;optimized;/opt/mrtsoftware/release/lib/libpcl_gpu_kinfu.so;debug;/opt/mrtsoftware/release/lib/libpcl_gpu_kinfu.so;optimized;/opt/mrtsoftware/release/lib/libpcl_gpu_features.so;debug;/opt/mrtsoftware/release/lib/libpcl_gpu_features.so;optimized;/opt/mrtsoftware/release/lib/libpcl_gpu_segmentation.so;debug;/opt/mrtsoftware/release/lib/libpcl_gpu_segmentation.so;optimized;/opt/mrtsoftware/release/lib/libpcl_keypoints.so;debug;/opt/mrtsoftware/release/lib/libpcl_keypoints.so;optimized;/opt/mrtsoftware/release/lib/libpcl_ml.so;debug;/opt/mrtsoftware/release/lib/libpcl_ml.so;optimized;/opt/mrtsoftware/release/lib/libpcl_segmentation.so;debug;/opt/mrtsoftware/release/lib/libpcl_segmentation.so;optimized;/opt/mrtsoftware/release/lib/libpcl_outofcore.so;debug;/opt/mrtsoftware/release/lib/libpcl_outofcore.so;optimized;/opt/mrtsoftware/release/lib/libpcl_cuda_sample_consensus.so;debug;/opt/mrtsoftware/release/lib/libpcl_cuda_sample_consensus.so;optimized;/opt/mrtsoftware/release/lib/libpcl_cuda_features.so;debug;/opt/mrtsoftware/release/lib/libpcl_cuda_features.so;optimized;/opt/mrtsoftware/release/lib/libpcl_cuda_segmentation.so;debug;/opt/mrtsoftware/release/lib/libpcl_cuda_segmentation.so;optimized;/opt/mrtsoftware/release/lib/libpcl_people.so;debug;/opt/mrtsoftware/release/lib/libpcl_people.so;optimized;/opt/mrtsoftware/release/lib/libpcl_recognition.so;debug;/opt/mrtsoftware/release/lib/libpcl_recognition.so;/usr/lib/x86_64-linux-gnu/libboost_system.so;/usr/lib/x86_64-linux-gnu/libboost_filesystem.so;/usr/lib/x86_64-linux-gnu/libboost_thread.so;/usr/lib/x86_64-linux-gnu/libboost_date_time.so;/usr/lib/x86_64-linux-gnu/libboost_iostreams.so;/usr/lib/x86_64-linux-gnu/libboost_serialization.so;/usr/lib/x86_64-linux-gnu/libboost_chrono.so;/usr/lib/x86_64-linux-gnu/libboost_atomic.so;/usr/lib/x86_64-linux-gnu/libboost_regex.so;/usr/lib/x86_64-linux-gnu/libpthread.so;optimized;/usr/lib/x86_64-linux-gnu/libqhull.so;debug;/usr/lib/x86_64-linux-gnu/libqhull.so;/usr/lib/libOpenNI.so;optimized;/usr/lib/x86_64-linux-gnu/libflann_cpp.so;debug;/usr/lib/x86_64-linux-gnu/libflann_cpp.so;vtkIOEnSight;vtkCommonExecutionModel;vtkCommonDataModel;vtkCommonMath;vtkCommonCore;vtksys;vtkCommonMisc;vtkCommonSystem;vtkCommonTransforms;vtkRenderingContextOpenGL;vtkRenderingContext2D;vtkRenderingCore;vtkCommonColor;vtkFiltersExtraction;vtkFiltersCore;vtkFiltersGeneral;vtkCommonComputationalGeometry;vtkFiltersStatistics;vtkImagingFourier;vtkImagingCore;vtkalglib;vtkFiltersGeometry;vtkFiltersSources;vtkRenderingFreeType;vtkfreetype;vtkzlib;vtkftgl;vtkRenderingOpenGL;vtkImagingHybrid;vtkIOImage;vtkDICOMParser;vtkIOCore;vtkmetaio;/usr/lib/x86_64-linux-gnu/libjpeg.so;/usr/lib/x86_64-linux-gnu/libpng.so;/usr/lib/x86_64-linux-gnu/libz.so;/usr/lib/x86_64-linux-gnu/libtiff.so;vtkFiltersParallel;vtkFiltersModeling;vtkParallelCore;vtkIOLegacy;vtkIOExport;vtkRenderingAnnotation;vtkImagingColor;vtkRenderingGL2PS;vtkgl2ps;vtkRenderingLabel;vtkFiltersSMP;vtkFiltersImaging;vtkImagingGeneral;vtkImagingSources;vtkImagingMorphological;vtkViewsCore;vtkInteractionWidgets;vtkFiltersHybrid;vtkInteractionStyle;vtkRenderingVolume;vtkproj4;vtkIOLSDyna;vtkIOXML;vtkIOGeometry;vtkIOXMLParser;vtkexpat;vtkViewsContext2D;vtkIOParallelXML;vtkChartsCore;vtkInfovisCore;vtkFiltersFlowPaths;vtkFiltersParallelImaging;vtkFiltersProgrammable;vtkGUISupportQtSQL;vtkIOSQL;vtksqlite;vtkRenderingLIC;vtkImagingStencil;vtkIOMINC;/usr/lib/x86_64-linux-gnu/libnetcdf_c++.so;/usr/lib/x86_64-linux-gnu/libnetcdf.so;vtkhdf5_hl;vtkhdf5;vtkIOInfovis;vtklibxml2;vtkIOExodus;vtkexoIIc;vtkInteractionImage;vtkImagingMath;vtkFiltersSelection;vtkIOVideo;vtkGUISupportQt;vtkGUISupportQtOpenGL;verdict;vtkViewsInfovis;vtkInfovisLayout;vtkFiltersGeneric;/usr/lib/x86_64-linux-gnu/libjsoncpp.so;vtkFiltersTexture;vtkViewsQt;vtkIOPLY;vtkDomainsChemistry;vtkIOMovie;vtkoggtheora;vtkViewsGeovis;vtkGeovisCore;vtkRenderingQt;vtkIOParallel;vtkIONetCDF;vtkImagingStatistics;vtkRenderingVolumeOpenGL;vtkIOAMR;vtkFiltersAMR;vtkFiltersVerdict;vtkIOImport;vtkRenderingLOD;vtkFiltersHyperTree;vtkGUISupportQtWebkit;vtkRenderingImage
[36m--[0m Using CATKIN_DEVEL_PREFIX: /home/kal5-1/cargogo/devel_debug/.private/pcl_ros
[36m--[0m Using CMAKE_PREFIX_PATH: /home/kal5-1/cargogo/devel_debug;/home/kal5-1/cargogo/devel;/opt/mrtsoftware/local;/opt/mrtsoftware/release;/opt/ros/kinetic
[36m--[0m This workspace overlays: /home/kal5-1/cargogo/devel_debug;/home/kal5-1/cargogo/devel;/opt/mrtsoftware/local;/opt/mrtsoftware/release;/opt/ros/kinetic
[36m--[0m Found PythonInterp: /opt/mrtsoftware/release/lib/mrt-build-tools/bin/python (found version "2.7.12")
[36m--[0m Using PYTHON_EXECUTABLE: /opt/mrtsoftware/release/lib/mrt-build-tools/bin/python
[36m--[0m Using Debian Python package layout
[36m--[0m Using empy: /usr/bin/empy
[36m--[0m Using CATKIN_ENABLE_TESTING: ON
[36m--[0m Call enable_testing()
[36m--[0m Using CATKIN_TEST_RESULTS_DIR: /home/kal5-1/cargogo/build_debug/pcl_ros/test_results
[36m--[0m Found gmock sources under '/usr/src/gmock': gmock will be built
[36m--[0m Found gtest sources under '/usr/src/gmock': gtests will be built
[36m--[0m Using Python nosetests: /usr/bin/nosetests-2.7
[36m--[0m catkin 0.7.11
[36m--[0m Using these message generators: gencpp;geneus;genlisp;gennodejs;genpy
[36m--[0m Checking to see if CXX compiler accepts flag -Wl,--version-script,"/home/kal5-1/cargogo/build_debug/pcl_ros/class_loader_hide_library_symbols__pcl_ros_io.script"
[36m--[0m Checking to see if CXX compiler accepts flag -Wl,--version-script,"/home/kal5-1/cargogo/build_debug/pcl_ros/class_loader_hide_library_symbols__pcl_ros_io.script" - yes
[36m--[0m Configuring done
[36m--[0m Generating done
[36m--[0m Build files have been written to: /home/kal5-1/cargogo/build_debug/pcl_ros
