make[2]: Warning: File 'CMakeFiles/convert_pcd_to_image.dir/depend.make' has modification time 0,042 s in the future
make[2]: Warning: File 'CMakeFiles/convert_pointcloud_to_image.dir/depend.make' has modification time 0,046 s in the future
make[2]: Warning: File 'CMakeFiles/pcd_to_pointcloud.dir/depend.make' has modification time 0,043 s in the future
make[2]: Warning: File '/home/kal5-1/cargogo/devel_debug/.private/pcl_ros/share/pcl_ros/docs/VoxelGridConfig.dox' has modification time 0,042 s in the future
make[2]: warning:  Clock skew detected.  Your build may be incomplete.
make[2]: Warning: File 'CMakeFiles/pointcloud_to_pcd.dir/depend.make' has modification time 0,044 s in the future
make[2]: warning:  Clock skew detected.  Your build may be incomplete.
make[2]: Warning: File 'CMakeFiles/pcl_ros_features.dir/depend.make' has modification time 0,0088 s in the future
make[2]: Warning: File 'CMakeFiles/pcl_ros_surface.dir/depend.make' has modification time 0,034 s in the future
make[2]: warning:  Clock skew detected.  Your build may be incomplete.
make[2]: warning:  Clock skew detected.  Your build may be incomplete.
make[2]: warning:  Clock skew detected.  Your build may be incomplete.
make[2]: Warning: File 'CMakeFiles/bag_to_pcd.dir/depend.make' has modification time 0,04 s in the future
make[2]: Warning: File 'CMakeFiles/pcl_ros_segmentation.dir/depend.make' has modification time 0,026 s in the future
make[2]: warning:  Clock skew detected.  Your build may be incomplete.
make[2]: Warning: File 'CMakeFiles/pcl_ros_io.dir/depend.make' has modification time 0,024 s in the future
make[2]: warning:  Clock skew detected.  Your build may be incomplete.
make[2]: Warning: File 'CMakeFiles/pcl_ros_filters.dir/depend.make' has modification time 0,011 s in the future
make[2]: warning:  Clock skew detected.  Your build may be incomplete.
make[2]: warning:  Clock skew detected.  Your build may be incomplete.
make[2]: warning:  Clock skew detected.  Your build may be incomplete.
make[2]: warning:  Clock skew detected.  Your build may be incomplete.
