Determining if the pthread_create exist failed with the following output:
Change Dir: /home/kal5-1/cargogo/build_debug/prosilica_gige_sdk/CMakeFiles/CMakeTmp

Run Build Command:"/usr/bin/make" "cmTC_d1a2a/fast"
make: Warning: File 'Makefile' has modification time 0,037 s in the future
/usr/bin/make -f CMakeFiles/cmTC_d1a2a.dir/build.make CMakeFiles/cmTC_d1a2a.dir/build
make[1]: Entering directory '/home/kal5-1/cargogo/build_debug/prosilica_gige_sdk/CMakeFiles/CMakeTmp'
make[1]: Warning: File 'CMakeFiles/cmTC_d1a2a.dir/flags.make' has modification time 0,034 s in the future
Building C object CMakeFiles/cmTC_d1a2a.dir/CheckSymbolExists.c.o
/usr/bin/cc     -o CMakeFiles/cmTC_d1a2a.dir/CheckSymbolExists.c.o   -c /home/kal5-1/cargogo/build_debug/prosilica_gige_sdk/CMakeFiles/CMakeTmp/CheckSymbolExists.c
Linking C executable cmTC_d1a2a
/usr/bin/cmake -E cmake_link_script CMakeFiles/cmTC_d1a2a.dir/link.txt --verbose=1
/usr/bin/cc       CMakeFiles/cmTC_d1a2a.dir/CheckSymbolExists.c.o  -o cmTC_d1a2a -rdynamic 
CMakeFiles/cmTC_d1a2a.dir/CheckSymbolExists.c.o: In function `main':
CheckSymbolExists.c:(.text+0x16): undefined reference to `pthread_create'
collect2: error: ld returned 1 exit status
CMakeFiles/cmTC_d1a2a.dir/build.make:97: recipe for target 'cmTC_d1a2a' failed
make[1]: *** [cmTC_d1a2a] Error 1
make[1]: Leaving directory '/home/kal5-1/cargogo/build_debug/prosilica_gige_sdk/CMakeFiles/CMakeTmp'
Makefile:126: recipe for target 'cmTC_d1a2a/fast' failed
make: *** [cmTC_d1a2a/fast] Error 2

File /home/kal5-1/cargogo/build_debug/prosilica_gige_sdk/CMakeFiles/CMakeTmp/CheckSymbolExists.c:
/* */
#include <pthread.h>

int main(int argc, char** argv)
{
  (void)argv;
#ifndef pthread_create
  return ((int*)(&pthread_create))[argc];
#else
  (void)argc;
  return 0;
#endif
}

Determining if the function pthread_create exists in the pthreads failed with the following output:
Change Dir: /home/kal5-1/cargogo/build_debug/prosilica_gige_sdk/CMakeFiles/CMakeTmp

Run Build Command:"/usr/bin/make" "cmTC_3122b/fast"
make: Warning: File 'Makefile' has modification time 0,029 s in the future
/usr/bin/make -f CMakeFiles/cmTC_3122b.dir/build.make CMakeFiles/cmTC_3122b.dir/build
make[1]: Entering directory '/home/kal5-1/cargogo/build_debug/prosilica_gige_sdk/CMakeFiles/CMakeTmp'
make[1]: Warning: File 'CMakeFiles/cmTC_3122b.dir/flags.make' has modification time 0,026 s in the future
Building C object CMakeFiles/cmTC_3122b.dir/CheckFunctionExists.c.o
/usr/bin/cc    -DCHECK_FUNCTION_EXISTS=pthread_create   -o CMakeFiles/cmTC_3122b.dir/CheckFunctionExists.c.o   -c /usr/share/cmake-3.5/Modules/CheckFunctionExists.c
Linking C executable cmTC_3122b
/usr/bin/cmake -E cmake_link_script CMakeFiles/cmTC_3122b.dir/link.txt --verbose=1
/usr/bin/cc   -DCHECK_FUNCTION_EXISTS=pthread_create    CMakeFiles/cmTC_3122b.dir/CheckFunctionExists.c.o  -o cmTC_3122b -rdynamic -lpthreads 
/usr/bin/ld: cannot find -lpthreads
collect2: error: ld returned 1 exit status
CMakeFiles/cmTC_3122b.dir/build.make:97: recipe for target 'cmTC_3122b' failed
make[1]: *** [cmTC_3122b] Error 1
make[1]: Leaving directory '/home/kal5-1/cargogo/build_debug/prosilica_gige_sdk/CMakeFiles/CMakeTmp'
Makefile:126: recipe for target 'cmTC_3122b/fast' failed
make: *** [cmTC_3122b/fast] Error 2


