[  4%] Built target std_msgs_generate_messages_lisp
[  4%] Built target std_msgs_generate_messages_py
[  4%] Built target std_msgs_generate_messages_eus
[  9%] Built target roscpp_generate_messages_lisp
[  9%] Built target gtest
[  9%] Built target roscpp_generate_messages_nodejs
[  9%] Built target rosgraph_msgs_generate_messages_py
[  9%] Built target rosgraph_msgs_generate_messages_nodejs
[  9%] Built target rosgraph_msgs_generate_messages_eus
[  9%] Built target rosgraph_msgs_generate_messages_lisp
[  9%] Built target _motor_interface_ros_tool_generate_messages_check_deps_ServoCommand
[  9%] Built target _motor_interface_ros_tool_generate_messages_check_deps_Activation
[  9%] Built target _motor_interface_ros_tool_generate_messages_check_deps_MotorCommand
[  9%] Built target roscpp_generate_messages_py
[  9%] Built target rosgraph_msgs_generate_messages_cpp
[  9%] Built target std_msgs_generate_messages_cpp
[  9%] Built target std_msgs_generate_messages_nodejs
[  9%] Built target nodelet_generate_messages_lisp
[  9%] Built target bond_generate_messages_cpp
[  9%] Built target geometry_msgs_generate_messages_nodejs
[  9%] Built target nodelet_generate_messages_cpp
[  9%] Built target geometry_msgs_generate_messages_cpp
[  9%] Built target geometry_msgs_generate_messages_py
[  9%] Built target geometry_msgs_generate_messages_eus
[  9%] Built target roscpp_generate_messages_cpp
[  9%] Built target nodelet_generate_messages_py
[  9%] Built target nodelet_generate_messages_nodejs
[  9%] Built target roscpp_generate_messages_eus
[  9%] Built target bond_generate_messages_eus
[  9%] Built target geometry_msgs_generate_messages_lisp
[  9%] Built target bond_generate_messages_nodejs
[  9%] Built target nodelet_generate_messages_eus
[ 27%] Built target bond_generate_messages_lisp
[ 31%] Built target motor_interface_ros_tool_generate_messages_py
[ 31%] Built target bond_generate_messages_py
[ 50%] Built target motor_interface_ros_tool_generate_messages_eus
[ 63%] Built target motor_interface_ros_tool_generate_messages_cpp
[ 90%] Built target motor_interface_ros_tool_generate_messages_nodejs
[ 90%] Built target motor_interface_ros_tool_generate_messages_lisp
[ 90%] Built target motor_interface_ros_tool_generate_messages
[100%] Built target motor_interface_ros_tool-motor_interface-exec
