Not searching for unused variables given on the command line.
[36m--[0m Using CATKIN_DEVEL_PREFIX: /home/kal5-1/cargogo/devel/.private/traffic_sign_detection_ros_tool
[36m--[0m Using CMAKE_PREFIX_PATH: /home/kal5-1/cargogo/devel;/opt/mrtsoftware/local;/opt/mrtsoftware/release;/opt/ros/kinetic
[36m--[0m This workspace overlays: /home/kal5-1/cargogo/devel;/opt/mrtsoftware/local;/opt/mrtsoftware/release;/opt/ros/kinetic
[36m--[0m Using PYTHON_EXECUTABLE: /opt/mrtsoftware/release/lib/mrt-build-tools/bin/python
[36m--[0m Using Debian Python package layout
[36m--[0m Using empy: /usr/bin/empy
[36m--[0m Using CATKIN_ENABLE_TESTING: ON
[36m--[0m Call enable_testing()
[36m--[0m Using CATKIN_TEST_RESULTS_DIR: /home/kal5-1/cargogo/build/traffic_sign_detection_ros_tool/test_results
[36m--[0m Found gmock sources under '/usr/src/gmock': gmock will be built
[36m--[0m Found gtest sources under '/usr/src/gmock': gtests will be built
[36m--[0m Using Python nosetests: /usr/bin/nosetests-2.7
[36m--[0m catkin 0.7.11
[36m--[0m Using these message generators: gencpp;geneus;genlisp;gennodejs;genpy
[36m--[0m traffic_sign_detection_ros_tool: 0 messages, 1 services
[33m[1mCMake Warning[0m at /home/kal5-1/cargogo/src/rosinterface_handler/cmake/rosinterface_handler-macros.cmake:105 (message):
  Dependency to dynamic_reconfigure is missing, or
  find_package(dynamic_reconfigure) was not called yet.  Not building dynamic
  config files
[36mCall Stack (most recent call first):[0m
  CMakeLists.txt:53 (generate_ros_interface_files)


[36m--[0m Marking SHARED CONTENT FOLDER "launch" of package "traffic_sign_detection_ros_tool" for installation
[36m--[0m Configuring done
[36m--[0m Generating done
[36m--[0m Build files have been written to: /home/kal5-1/cargogo/build/traffic_sign_detection_ros_tool
