make[1]: Warning: File 'CMakeFiles/Makefile2' has modification time 0,067 s in the future
make[2]: Warning: File 'CMakeFiles/sensor_msgs_generate_messages_lisp.dir/progress.make' has modification time 0,047 s in the future
make[2]: Warning: File 'CMakeFiles/std_msgs_generate_messages_eus.dir/progress.make' has modification time 0,05 s in the future
make[2]: Warning: File 'CMakeFiles/sensor_msgs_generate_messages_cpp.dir/progress.make' has modification time 0,042 s in the future
make[2]: Warning: File 'CMakeFiles/geometry_msgs_generate_messages_py.dir/progress.make' has modification time 0,028 s in the future
make[2]: warning:  Clock skew detected.  Your build may be incomplete.
make[2]: warning:  Clock skew detected.  Your build may be incomplete.
make[2]: warning:  Clock skew detected.  Your build may be incomplete.
make[2]: Warning: File 'CMakeFiles/sensor_msgs_generate_messages_lisp.dir/progress.make' has modification time 0,024 s in the future
make[2]: Warning: File 'CMakeFiles/sensor_msgs_generate_messages_cpp.dir/progress.make' has modification time 0,024 s in the future
make[2]: warning:  Clock skew detected.  Your build may be incomplete.
make[2]: warning:  Clock skew detected.  Your build may be incomplete.
make[2]: warning:  Clock skew detected.  Your build may be incomplete.
make[2]: Warning: File 'CMakeFiles/geometry_msgs_generate_messages_py.dir/progress.make' has modification time 0,0066 s in the future
make[2]: Warning: File 'CMakeFiles/std_msgs_generate_messages_eus.dir/progress.make' has modification time 0,023 s in the future
make[2]: warning:  Clock skew detected.  Your build may be incomplete.
make[2]: warning:  Clock skew detected.  Your build may be incomplete.
make[2]: Warning: File 'CMakeFiles/sensor_msgs_generate_messages_py.dir/progress.make' has modification time 0,0066 s in the future
make[2]: Warning: File 'CMakeFiles/sensor_msgs_generate_messages_eus.dir/progress.make' has modification time 0,00064 s in the future
make[2]: Warning: File 'CMakeFiles/std_msgs_generate_messages_nodejs.dir/progress.make' has modification time 0,0018 s in the future
make[2]: warning:  Clock skew detected.  Your build may be incomplete.
make[2]: warning:  Clock skew detected.  Your build may be incomplete.
make[2]: warning:  Clock skew detected.  Your build may be incomplete.
make[1]: warning:  Clock skew detected.  Your build may be incomplete.
