[ 20%] Built target gtest
[ 50%] Built target path_provider_ros_tool_genparam
[ 50%] Built target path_provider_ros_tool_gencfg
[ 50%] Built target traffic_sign_detection_ros_tool_generate_messages_eus
[ 50%] Built target tf2_msgs_generate_messages_nodejs
[ 50%] Built target nodelet_generate_messages_eus
[ 50%] Built target bond_generate_messages_lisp
[ 50%] Built target topic_tools_generate_messages_cpp
[ 50%] Built target bond_generate_messages_eus
[ 50%] Built target topic_tools_generate_messages_eus
[ 50%] Built target std_msgs_generate_messages_nodejs
[ 50%] Built target geometry_msgs_generate_messages_cpp
[ 50%] Built target roscpp_generate_messages_eus
[ 50%] Built target nodelet_generate_messages_py
[ 50%] Built target roscpp_generate_messages_cpp
[ 50%] Built target bond_generate_messages_cpp
[ 50%] Built target nodelet_generate_messages_lisp
[ 50%] Built target rosgraph_msgs_generate_messages_nodejs
[ 50%] Built target geometry_msgs_generate_messages_py
[ 50%] Built target motor_interface_ros_tool_generate_messages_eus
[ 50%] Built target geometry_msgs_generate_messages_lisp
[ 50%] Built target std_msgs_generate_messages_lisp
[ 50%] Built target bond_generate_messages_py
[ 50%] Built target rosgraph_msgs_generate_messages_lisp
[ 50%] Built target dynamic_reconfigure_generate_messages_cpp
[ 50%] Built target bond_generate_messages_nodejs
[ 50%] Built target dynamic_reconfigure_generate_messages_eus
[ 50%] Built target dynamic_reconfigure_generate_messages_nodejs
[ 50%] Built target std_srvs_generate_messages_nodejs
[ 50%] Built target motor_interface_ros_tool_generate_messages_nodejs
[ 50%] Built target roscpp_generate_messages_nodejs
[ 50%] Built target std_srvs_generate_messages_eus
[ 50%] Built target nodelet_generate_messages_cpp
[ 50%] Built target tf2_msgs_generate_messages_eus
[ 50%] Built target roscpp_generate_messages_py
[ 50%] Built target dynamic_reconfigure_gencfg
[ 50%] Built target rosgraph_msgs_generate_messages_cpp
[ 50%] Built target std_msgs_generate_messages_cpp
[ 50%] Built target actionlib_generate_messages_nodejs
[ 50%] Built target dynamic_reconfigure_generate_messages_lisp
[ 50%] Built target std_srvs_generate_messages_py
[ 50%] Built target motor_interface_ros_tool_generate_messages_py
[ 50%] Built target rosgraph_msgs_generate_messages_eus
[ 50%] Built target std_msgs_generate_messages_py
[ 50%] Built target traffic_sign_detection_ros_tool_generate_messages_py
[ 50%] Built target geometry_msgs_generate_messages_nodejs
[ 50%] Built target geometry_msgs_generate_messages_eus
[ 50%] Built target motor_interface_ros_tool_generate_messages_lisp
[ 50%] Built target std_srvs_generate_messages_lisp
[ 50%] Built target std_srvs_generate_messages_cpp
[ 50%] Built target topic_tools_generate_messages_lisp
[ 50%] Built target motor_interface_ros_tool_generate_messages_cpp
[ 50%] Built target topic_tools_generate_messages_py
[ 50%] Built target topic_tools_generate_messages_nodejs
[ 50%] Built target tf2_msgs_generate_messages_py
[ 50%] Built target actionlib_msgs_generate_messages_nodejs
[ 50%] Built target traffic_sign_detection_ros_tool_generate_messages_cpp
[ 50%] Built target traffic_sign_detection_ros_tool_generate_messages_lisp
[ 50%] Built target traffic_sign_detection_ros_tool_generate_messages_nodejs
[ 50%] Built target nodelet_generate_messages_nodejs
[ 50%] Built target traffic_sign_detection_ros_tool_geninterface
[ 50%] Built target rosgraph_msgs_generate_messages_py
[ 50%] Built target actionlib_generate_messages_eus
[ 50%] Built target actionlib_generate_messages_cpp
[ 50%] Built target std_msgs_generate_messages_eus
[ 50%] Built target roscpp_generate_messages_lisp
[ 50%] Built target actionlib_msgs_generate_messages_eus
[ 50%] Built target dynamic_reconfigure_generate_messages_py
[ 50%] Built target actionlib_generate_messages_lisp
[ 50%] Built target actionlib_generate_messages_py
[ 50%] Built target actionlib_msgs_generate_messages_lisp
[ 50%] Built target tf2_msgs_generate_messages_cpp
[ 50%] Built target actionlib_msgs_generate_messages_py
[ 50%] Built target tf2_msgs_generate_messages_lisp
[ 50%] Built target actionlib_msgs_generate_messages_cpp
[ 80%] Built target path_provider_ros_tool-path_provider-nodelet
[100%] Built target path_provider_ros_tool-path_provider-exec
