[  0%] Built target tf2_msgs_generate_messages_nodejs
[  0%] Built target bond_generate_messages_lisp
[  0%] Built target traffic_sign_detection_ros_tool_generate_messages_eus
[ 30%] Built target nodelet_generate_messages_eus
[ 30%] Built target path_provider_ros_tool_genparam
[ 40%] Built target topic_tools_generate_messages_cpp
[ 50%] Built target gtest
[ 50%] Built target path_provider_ros_tool_gencfg
[ 50%] Built target roscpp_generate_messages_eus
[ 50%] Built target topic_tools_generate_messages_eus
[ 50%] Built target geometry_msgs_generate_messages_cpp
[ 50%] Built target bond_generate_messages_eus
[ 50%] Built target std_srvs_generate_messages_nodejs
[ 50%] Built target std_msgs_generate_messages_nodejs
[ 50%] Built target nodelet_generate_messages_py
[ 50%] Built target roscpp_generate_messages_cpp
[ 50%] Built target rosgraph_msgs_generate_messages_nodejs
[ 50%] Built target geometry_msgs_generate_messages_lisp
[ 50%] Built target nodelet_generate_messages_lisp
[ 50%] Built target geometry_msgs_generate_messages_py
[ 50%] Built target bond_generate_messages_cpp
[ 50%] Built target bond_generate_messages_nodejs
[ 50%] Built target std_msgs_generate_messages_lisp
[ 50%] Built target bond_generate_messages_py
[ 50%] Built target dynamic_reconfigure_generate_messages_cpp
[ 50%] Built target roscpp_generate_messages_nodejs
[ 50%] Built target nodelet_generate_messages_cpp
[ 50%] Built target dynamic_reconfigure_generate_messages_eus
[ 50%] Built target rosgraph_msgs_generate_messages_lisp
[ 50%] Built target dynamic_reconfigure_generate_messages_nodejs
[ 50%] Built target std_srvs_generate_messages_cpp
[ 50%] Built target tf2_msgs_generate_messages_eus
[ 50%] Built target std_msgs_generate_messages_cpp
[ 50%] Built target rosgraph_msgs_generate_messages_cpp
[ 50%] Built target dynamic_reconfigure_gencfg
[ 50%] Built target std_srvs_generate_messages_lisp
[ 50%] Built target dynamic_reconfigure_generate_messages_lisp
[ 50%] Built target geometry_msgs_generate_messages_nodejs
[ 50%] Built target geometry_msgs_generate_messages_eus
[ 50%] Built target actionlib_generate_messages_nodejs
[ 50%] Built target rosgraph_msgs_generate_messages_eus
[ 50%] Built target topic_tools_generate_messages_lisp
[ 50%] Built target topic_tools_generate_messages_nodejs
[ 50%] Built target std_msgs_generate_messages_py
[ 50%] Built target std_srvs_generate_messages_py
[ 50%] Built target roscpp_generate_messages_py
[ 50%] Built target actionlib_msgs_generate_messages_nodejs
[ 50%] Built target topic_tools_generate_messages_py
[ 50%] Built target actionlib_msgs_generate_messages_py
[ 50%] Built target longitudinal_control_ros_tool_generate_messages_cpp
[ 50%] Built target longitudinal_control_ros_tool_generate_messages_py
[ 50%] Built target rosgraph_msgs_generate_messages_py
[ 50%] Built target tf2_msgs_generate_messages_py
[ 50%] Built target std_srvs_generate_messages_eus
[ 50%] Built target longitudinal_control_ros_tool_generate_messages_lisp
[ 50%] Built target actionlib_generate_messages_cpp
[ 50%] Built target std_msgs_generate_messages_eus
[ 50%] Built target actionlib_generate_messages_eus
[ 50%] Built target dynamic_reconfigure_generate_messages_py
[ 50%] Built target actionlib_msgs_generate_messages_eus
[ 50%] Built target actionlib_generate_messages_lisp
[ 50%] Built target actionlib_generate_messages_py
[ 50%] Built target roscpp_generate_messages_lisp
[ 50%] Built target longitudinal_control_ros_tool_gencfg
[ 50%] Built target actionlib_msgs_generate_messages_lisp
[ 50%] Built target tf2_msgs_generate_messages_cpp
[ 50%] Built target longitudinal_control_ros_tool_generate_messages_eus
[ 50%] Built target tf2_msgs_generate_messages_lisp
[ 50%] Built target traffic_sign_detection_ros_tool_generate_messages_cpp
[ 50%] Built target traffic_sign_detection_ros_tool_generate_messages_nodejs
[ 50%] Built target longitudinal_control_ros_tool_generate_messages_nodejs
[ 50%] Built target traffic_sign_detection_ros_tool_generate_messages_lisp
[ 50%] Built target nodelet_generate_messages_nodejs
[ 50%] Built target longitudinal_control_ros_tool_genparam
[ 50%] Built target traffic_sign_detection_ros_tool_generate_messages_py
[ 50%] Built target traffic_sign_detection_ros_tool_geninterface
[ 50%] Built target actionlib_msgs_generate_messages_cpp
[35m[1mScanning dependencies of target path_provider_ros_tool-path_provider-nodelet[0m
[ 70%] [32mBuilding CXX object CMakeFiles/path_provider_ros_tool-path_provider-nodelet.dir/src/path_provider/path_provider_nodelet.cpp.o[0m
[ 70%] [32mBuilding CXX object CMakeFiles/path_provider_ros_tool-path_provider-nodelet.dir/src/path_provider/path_provider.cpp.o[0m
[ 80%] [32m[1mLinking CXX shared library /home/kal5-1/cargogo/devel/.private/path_provider_ros_tool/lib/libpath_provider_nodelet.so[0m
[ 80%] Built target path_provider_ros_tool-path_provider-nodelet
[35m[1mScanning dependencies of target path_provider_ros_tool-path_provider-exec[0m
[ 90%] [32mBuilding CXX object CMakeFiles/path_provider_ros_tool-path_provider-exec.dir/src/path_provider/path_provider_node.cpp.o[0m
[100%] [32m[1mLinking CXX executable /home/kal5-1/cargogo/devel/.private/path_provider_ros_tool/lib/path_provider_ros_tool/path_provider[0m
[100%] Built target path_provider_ros_tool-path_provider-exec
