make[2]: Warning: File 'CMakeFiles/path_provider_ros_tool-path_provider-nodelet.dir/depend.make' has modification time 0,027 s in the future
[01m[K/home/kal5-1/cargogo/src/path_provider_ros_tool/src/path_provider/path_provider.cpp:[m[K In constructor ‘[01m[Kpath_provider_ros_tool::PathProvider::PathProvider(ros::NodeHandle, ros::NodeHandle)[m[K’:
[01m[K/home/kal5-1/cargogo/src/path_provider_ros_tool/src/path_provider/path_provider.cpp:35:21:[m[K [01;31m[Kerror: [m[Kno match for ‘[01m[Koperator=[m[K’ (operand types are ‘[01m[Knav_msgs::Path_<std::allocator<void> >::Ptr {aka boost::shared_ptr<nav_msgs::Path_<std::allocator<void> > >}[m[K’ and ‘[01m[Knav_msgs::Path* {aka nav_msgs::Path_<std::allocator<void> >*}[m[K’)
       path_in_1_[i] = new nav_msgs::Path;
[01;32m[K                     ^[m[K
In file included from [01m[K/usr/include/boost/shared_ptr.hpp:17:0[m[K,
                 from [01m[K/usr/include/boost/date_time/time_clock.hpp:17[m[K,
                 from [01m[K/usr/include/boost/thread/thread_time.hpp:9[m[K,
                 from [01m[K/usr/include/boost/thread/lock_types.hpp:18[m[K,
                 from [01m[K/usr/include/boost/thread/pthread/recursive_mutex.hpp:13[m[K,
                 from [01m[K/usr/include/boost/thread/recursive_mutex.hpp:16[m[K,
                 from [01m[K/opt/ros/kinetic/include/dynamic_reconfigure/server.h:49[m[K,
                 from [01m[K/home/kal5-1/cargogo/src/path_provider_ros_tool/src/path_provider/path_provider.hpp:4[m[K,
                 from [01m[K/home/kal5-1/cargogo/src/path_provider_ros_tool/src/path_provider/path_provider.cpp:1[m[K:
[01m[K/usr/include/boost/smart_ptr/shared_ptr.hpp:500:18:[m[K [01;36m[Knote: [m[Kcandidate: boost::shared_ptr<T>& boost::shared_ptr<T>::operator=(const boost::shared_ptr<T>&) [with T = nav_msgs::Path_<std::allocator<void> >]
     shared_ptr & operator=( shared_ptr const & r ) BOOST_NOEXCEPT
[01;32m[K                  ^[m[K
[01m[K/usr/include/boost/smart_ptr/shared_ptr.hpp:500:18:[m[K [01;36m[Knote: [m[K  no known conversion for argument 1 from ‘[01m[Knav_msgs::Path* {aka nav_msgs::Path_<std::allocator<void> >*}[m[K’ to ‘[01m[Kconst boost::shared_ptr<nav_msgs::Path_<std::allocator<void> > >&[m[K’
[01m[K/usr/include/boost/smart_ptr/shared_ptr.hpp:509:18:[m[K [01;36m[Knote: [m[Kcandidate: template<class Y> boost::shared_ptr<T>& boost::shared_ptr<T>::operator=(const boost::shared_ptr<Y>&) [with Y = Y; T = nav_msgs::Path_<std::allocator<void> >]
     shared_ptr & operator=(shared_ptr<Y> const & r) BOOST_NOEXCEPT
[01;32m[K                  ^[m[K
[01m[K/usr/include/boost/smart_ptr/shared_ptr.hpp:509:18:[m[K [01;36m[Knote: [m[K  template argument deduction/substitution failed:
[01m[K/home/kal5-1/cargogo/src/path_provider_ros_tool/src/path_provider/path_provider.cpp:35:21:[m[K [01;36m[Knote: [m[K  mismatched types ‘[01m[Kconst boost::shared_ptr<X>[m[K’ and ‘[01m[Knav_msgs::Path* {aka nav_msgs::Path_<std::allocator<void> >*}[m[K’
       path_in_1_[i] = new nav_msgs::Path;
[01;32m[K                     ^[m[K
In file included from [01m[K/usr/include/boost/shared_ptr.hpp:17:0[m[K,
                 from [01m[K/usr/include/boost/date_time/time_clock.hpp:17[m[K,
                 from [01m[K/usr/include/boost/thread/thread_time.hpp:9[m[K,
                 from [01m[K/usr/include/boost/thread/lock_types.hpp:18[m[K,
                 from [01m[K/usr/include/boost/thread/pthread/recursive_mutex.hpp:13[m[K,
                 from [01m[K/usr/include/boost/thread/recursive_mutex.hpp:16[m[K,
                 from [01m[K/opt/ros/kinetic/include/dynamic_reconfigure/server.h:49[m[K,
                 from [01m[K/home/kal5-1/cargogo/src/path_provider_ros_tool/src/path_provider/path_provider.hpp:4[m[K,
                 from [01m[K/home/kal5-1/cargogo/src/path_provider_ros_tool/src/path_provider/path_provider.cpp:1[m[K:
[01m[K/usr/include/boost/smart_ptr/shared_ptr.hpp:520:18:[m[K [01;36m[Knote: [m[Kcandidate: template<class Y> boost::shared_ptr<T>& boost::shared_ptr<T>::operator=(std::auto_ptr<_Up>&) [with Y = Y; T = nav_msgs::Path_<std::allocator<void> >]
     shared_ptr & operator=( std::auto_ptr<Y> & r )
[01;32m[K                  ^[m[K
[01m[K/usr/include/boost/smart_ptr/shared_ptr.hpp:520:18:[m[K [01;36m[Knote: [m[K  template argument deduction/substitution failed:
[01m[K/home/kal5-1/cargogo/src/path_provider_ros_tool/src/path_provider/path_provider.cpp:35:21:[m[K [01;36m[Knote: [m[K  mismatched types ‘[01m[Kstd::auto_ptr<T>[m[K’ and ‘[01m[Knav_msgs::Path* {aka nav_msgs::Path_<std::allocator<void> >*}[m[K’
       path_in_1_[i] = new nav_msgs::Path;
[01;32m[K                     ^[m[K
In file included from [01m[K/usr/include/boost/shared_ptr.hpp:17:0[m[K,
                 from [01m[K/usr/include/boost/date_time/time_clock.hpp:17[m[K,
                 from [01m[K/usr/include/boost/thread/thread_time.hpp:9[m[K,
                 from [01m[K/usr/include/boost/thread/lock_types.hpp:18[m[K,
                 from [01m[K/usr/include/boost/thread/pthread/recursive_mutex.hpp:13[m[K,
                 from [01m[K/usr/include/boost/thread/recursive_mutex.hpp:16[m[K,
                 from [01m[K/opt/ros/kinetic/include/dynamic_reconfigure/server.h:49[m[K,
                 from [01m[K/home/kal5-1/cargogo/src/path_provider_ros_tool/src/path_provider/path_provider.hpp:4[m[K,
                 from [01m[K/home/kal5-1/cargogo/src/path_provider_ros_tool/src/path_provider/path_provider.cpp:1[m[K:
[01m[K/usr/include/boost/smart_ptr/shared_ptr.hpp:529:18:[m[K [01;36m[Knote: [m[Kcandidate: template<class Y> boost::shared_ptr<T>& boost::shared_ptr<T>::operator=(std::auto_ptr<_Up>&&) [with Y = Y; T = nav_msgs::Path_<std::allocator<void> >]
     shared_ptr & operator=( std::auto_ptr<Y> && r )
[01;32m[K                  ^[m[K
[01m[K/usr/include/boost/smart_ptr/shared_ptr.hpp:529:18:[m[K [01;36m[Knote: [m[K  template argument deduction/substitution failed:
[01m[K/home/kal5-1/cargogo/src/path_provider_ros_tool/src/path_provider/path_provider.cpp:35:21:[m[K [01;36m[Knote: [m[K  mismatched types ‘[01m[Kstd::auto_ptr<T>[m[K’ and ‘[01m[Knav_msgs::Path* {aka nav_msgs::Path_<std::allocator<void> >*}[m[K’
       path_in_1_[i] = new nav_msgs::Path;
[01;32m[K                     ^[m[K
In file included from [01m[K/usr/include/boost/shared_ptr.hpp:17:0[m[K,
                 from [01m[K/usr/include/boost/date_time/time_clock.hpp:17[m[K,
                 from [01m[K/usr/include/boost/thread/thread_time.hpp:9[m[K,
                 from [01m[K/usr/include/boost/thread/lock_types.hpp:18[m[K,
                 from [01m[K/usr/include/boost/thread/pthread/recursive_mutex.hpp:13[m[K,
                 from [01m[K/usr/include/boost/thread/recursive_mutex.hpp:16[m[K,
                 from [01m[K/opt/ros/kinetic/include/dynamic_reconfigure/server.h:49[m[K,
                 from [01m[K/home/kal5-1/cargogo/src/path_provider_ros_tool/src/path_provider/path_provider.hpp:4[m[K,
                 from [01m[K/home/kal5-1/cargogo/src/path_provider_ros_tool/src/path_provider/path_provider.cpp:1[m[K:
[01m[K/usr/include/boost/smart_ptr/shared_ptr.hpp:551:18:[m[K [01;36m[Knote: [m[Kcandidate: template<class Y, class D> boost::shared_ptr<T>& boost::shared_ptr<T>::operator=(std::unique_ptr<_Up, _Ep>&&) [with Y = Y; D = D; T = nav_msgs::Path_<std::allocator<void> >]
     shared_ptr & operator=( std::unique_ptr<Y, D> && r )
[01;32m[K                  ^[m[K
[01m[K/usr/include/boost/smart_ptr/shared_ptr.hpp:551:18:[m[K [01;36m[Knote: [m[K  template argument deduction/substitution failed:
[01m[K/home/kal5-1/cargogo/src/path_provider_ros_tool/src/path_provider/path_provider.cpp:35:21:[m[K [01;36m[Knote: [m[K  mismatched types ‘[01m[Kstd::unique_ptr<_Tp, _Dp>[m[K’ and ‘[01m[Knav_msgs::Path* {aka nav_msgs::Path_<std::allocator<void> >*}[m[K’
       path_in_1_[i] = new nav_msgs::Path;
[01;32m[K                     ^[m[K
In file included from [01m[K/usr/include/boost/shared_ptr.hpp:17:0[m[K,
                 from [01m[K/usr/include/boost/date_time/time_clock.hpp:17[m[K,
                 from [01m[K/usr/include/boost/thread/thread_time.hpp:9[m[K,
                 from [01m[K/usr/include/boost/thread/lock_types.hpp:18[m[K,
                 from [01m[K/usr/include/boost/thread/pthread/recursive_mutex.hpp:13[m[K,
                 from [01m[K/usr/include/boost/thread/recursive_mutex.hpp:16[m[K,
                 from [01m[K/opt/ros/kinetic/include/dynamic_reconfigure/server.h:49[m[K,
                 from [01m[K/home/kal5-1/cargogo/src/path_provider_ros_tool/src/path_provider/path_provider.hpp:4[m[K,
                 from [01m[K/home/kal5-1/cargogo/src/path_provider_ros_tool/src/path_provider/path_provider.cpp:1[m[K:
[01m[K/usr/include/boost/smart_ptr/shared_ptr.hpp:587:18:[m[K [01;36m[Knote: [m[Kcandidate: boost::shared_ptr<T>& boost::shared_ptr<T>::operator=(boost::shared_ptr<T>&&) [with T = nav_msgs::Path_<std::allocator<void> >]
     shared_ptr & operator=( shared_ptr && r ) BOOST_NOEXCEPT
[01;32m[K                  ^[m[K
[01m[K/usr/include/boost/smart_ptr/shared_ptr.hpp:587:18:[m[K [01;36m[Knote: [m[K  no known conversion for argument 1 from ‘[01m[Knav_msgs::Path* {aka nav_msgs::Path_<std::allocator<void> >*}[m[K’ to ‘[01m[Kboost::shared_ptr<nav_msgs::Path_<std::allocator<void> > >&&[m[K’
[01m[K/usr/include/boost/smart_ptr/shared_ptr.hpp:594:18:[m[K [01;36m[Knote: [m[Kcandidate: template<class Y> boost::shared_ptr<T>& boost::shared_ptr<T>::operator=(boost::shared_ptr<Y>&&) [with Y = Y; T = nav_msgs::Path_<std::allocator<void> >]
     shared_ptr & operator=( shared_ptr<Y> && r ) BOOST_NOEXCEPT
[01;32m[K                  ^[m[K
[01m[K/usr/include/boost/smart_ptr/shared_ptr.hpp:594:18:[m[K [01;36m[Knote: [m[K  template argument deduction/substitution failed:
[01m[K/home/kal5-1/cargogo/src/path_provider_ros_tool/src/path_provider/path_provider.cpp:35:21:[m[K [01;36m[Knote: [m[K  mismatched types ‘[01m[Kboost::shared_ptr<X>[m[K’ and ‘[01m[Knav_msgs::Path* {aka nav_msgs::Path_<std::allocator<void> >*}[m[K’
       path_in_1_[i] = new nav_msgs::Path;
[01;32m[K                     ^[m[K
In file included from [01m[K/usr/include/boost/shared_ptr.hpp:17:0[m[K,
                 from [01m[K/usr/include/boost/date_time/time_clock.hpp:17[m[K,
                 from [01m[K/usr/include/boost/thread/thread_time.hpp:9[m[K,
                 from [01m[K/usr/include/boost/thread/lock_types.hpp:18[m[K,
                 from [01m[K/usr/include/boost/thread/pthread/recursive_mutex.hpp:13[m[K,
                 from [01m[K/usr/include/boost/thread/recursive_mutex.hpp:16[m[K,
                 from [01m[K/opt/ros/kinetic/include/dynamic_reconfigure/server.h:49[m[K,
                 from [01m[K/home/kal5-1/cargogo/src/path_provider_ros_tool/src/path_provider/path_provider.hpp:4[m[K,
                 from [01m[K/home/kal5-1/cargogo/src/path_provider_ros_tool/src/path_provider/path_provider.cpp:1[m[K:
[01m[K/usr/include/boost/smart_ptr/shared_ptr.hpp:604:18:[m[K [01;36m[Knote: [m[Kcandidate: boost::shared_ptr<T>& boost::shared_ptr<T>::operator=(boost::detail::sp_nullptr_t) [with T = nav_msgs::Path_<std::allocator<void> >; boost::detail::sp_nullptr_t = std::nullptr_t]
     shared_ptr & operator=( boost::detail::sp_nullptr_t ) BOOST_NOEXCEPT // never throws
[01;32m[K                  ^[m[K
[01m[K/usr/include/boost/smart_ptr/shared_ptr.hpp:604:18:[m[K [01;36m[Knote: [m[K  no known conversion for argument 1 from ‘[01m[Knav_msgs::Path* {aka nav_msgs::Path_<std::allocator<void> >*}[m[K’ to ‘[01m[Kboost::detail::sp_nullptr_t {aka std::nullptr_t}[m[K’
[01m[K/home/kal5-1/cargogo/src/path_provider_ros_tool/src/path_provider/path_provider.cpp:36:21:[m[K [01;31m[Kerror: [m[Kno match for ‘[01m[Koperator=[m[K’ (operand types are ‘[01m[Knav_msgs::Path_<std::allocator<void> >::Ptr {aka boost::shared_ptr<nav_msgs::Path_<std::allocator<void> > >}[m[K’ and ‘[01m[Knav_msgs::Path* {aka nav_msgs::Path_<std::allocator<void> >*}[m[K’)
       path_in_2_[i] = new nav_msgs::Path;
[01;32m[K                     ^[m[K
In file included from [01m[K/usr/include/boost/shared_ptr.hpp:17:0[m[K,
                 from [01m[K/usr/include/boost/date_time/time_clock.hpp:17[m[K,
                 from [01m[K/usr/include/boost/thread/thread_time.hpp:9[m[K,
                 from [01m[K/usr/include/boost/thread/lock_types.hpp:18[m[K,
                 from [01m[K/usr/include/boost/thread/pthread/recursive_mutex.hpp:13[m[K,
                 from [01m[K/usr/include/boost/thread/recursive_mutex.hpp:16[m[K,
                 from [01m[K/opt/ros/kinetic/include/dynamic_reconfigure/server.h:49[m[K,
                 from [01m[K/home/kal5-1/cargogo/src/path_provider_ros_tool/src/path_provider/path_provider.hpp:4[m[K,
                 from [01m[K/home/kal5-1/cargogo/src/path_provider_ros_tool/src/path_provider/path_provider.cpp:1[m[K:
[01m[K/usr/include/boost/smart_ptr/shared_ptr.hpp:500:18:[m[K [01;36m[Knote: [m[Kcandidate: boost::shared_ptr<T>& boost::shared_ptr<T>::operator=(const boost::shared_ptr<T>&) [with T = nav_msgs::Path_<std::allocator<void> >]
     shared_ptr & operator=( shared_ptr const & r ) BOOST_NOEXCEPT
[01;32m[K                  ^[m[K
[01m[K/usr/include/boost/smart_ptr/shared_ptr.hpp:500:18:[m[K [01;36m[Knote: [m[K  no known conversion for argument 1 from ‘[01m[Knav_msgs::Path* {aka nav_msgs::Path_<std::allocator<void> >*}[m[K’ to ‘[01m[Kconst boost::shared_ptr<nav_msgs::Path_<std::allocator<void> > >&[m[K’
[01m[K/usr/include/boost/smart_ptr/shared_ptr.hpp:509:18:[m[K [01;36m[Knote: [m[Kcandidate: template<class Y> boost::shared_ptr<T>& boost::shared_ptr<T>::operator=(const boost::shared_ptr<Y>&) [with Y = Y; T = nav_msgs::Path_<std::allocator<void> >]
     shared_ptr & operator=(shared_ptr<Y> const & r) BOOST_NOEXCEPT
[01;32m[K                  ^[m[K
[01m[K/usr/include/boost/smart_ptr/shared_ptr.hpp:509:18:[m[K [01;36m[Knote: [m[K  template argument deduction/substitution failed:
[01m[K/home/kal5-1/cargogo/src/path_provider_ros_tool/src/path_provider/path_provider.cpp:36:21:[m[K [01;36m[Knote: [m[K  mismatched types ‘[01m[Kconst boost::shared_ptr<X>[m[K’ and ‘[01m[Knav_msgs::Path* {aka nav_msgs::Path_<std::allocator<void> >*}[m[K’
       path_in_2_[i] = new nav_msgs::Path;
[01;32m[K                     ^[m[K
In file included from [01m[K/usr/include/boost/shared_ptr.hpp:17:0[m[K,
                 from [01m[K/usr/include/boost/date_time/time_clock.hpp:17[m[K,
                 from [01m[K/usr/include/boost/thread/thread_time.hpp:9[m[K,
                 from [01m[K/usr/include/boost/thread/lock_types.hpp:18[m[K,
                 from [01m[K/usr/include/boost/thread/pthread/recursive_mutex.hpp:13[m[K,
                 from [01m[K/usr/include/boost/thread/recursive_mutex.hpp:16[m[K,
                 from [01m[K/opt/ros/kinetic/include/dynamic_reconfigure/server.h:49[m[K,
                 from [01m[K/home/kal5-1/cargogo/src/path_provider_ros_tool/src/path_provider/path_provider.hpp:4[m[K,
                 from [01m[K/home/kal5-1/cargogo/src/path_provider_ros_tool/src/path_provider/path_provider.cpp:1[m[K:
[01m[K/usr/include/boost/smart_ptr/shared_ptr.hpp:520:18:[m[K [01;36m[Knote: [m[Kcandidate: template<class Y> boost::shared_ptr<T>& boost::shared_ptr<T>::operator=(std::auto_ptr<_Up>&) [with Y = Y; T = nav_msgs::Path_<std::allocator<void> >]
     shared_ptr & operator=( std::auto_ptr<Y> & r )
[01;32m[K                  ^[m[K
[01m[K/usr/include/boost/smart_ptr/shared_ptr.hpp:520:18:[m[K [01;36m[Knote: [m[K  template argument deduction/substitution failed:
[01m[K/home/kal5-1/cargogo/src/path_provider_ros_tool/src/path_provider/path_provider.cpp:36:21:[m[K [01;36m[Knote: [m[K  mismatched types ‘[01m[Kstd::auto_ptr<T>[m[K’ and ‘[01m[Knav_msgs::Path* {aka nav_msgs::Path_<std::allocator<void> >*}[m[K’
       path_in_2_[i] = new nav_msgs::Path;
[01;32m[K                     ^[m[K
In file included from [01m[K/usr/include/boost/shared_ptr.hpp:17:0[m[K,
                 from [01m[K/usr/include/boost/date_time/time_clock.hpp:17[m[K,
                 from [01m[K/usr/include/boost/thread/thread_time.hpp:9[m[K,
                 from [01m[K/usr/include/boost/thread/lock_types.hpp:18[m[K,
                 from [01m[K/usr/include/boost/thread/pthread/recursive_mutex.hpp:13[m[K,
                 from [01m[K/usr/include/boost/thread/recursive_mutex.hpp:16[m[K,
                 from [01m[K/opt/ros/kinetic/include/dynamic_reconfigure/server.h:49[m[K,
                 from [01m[K/home/kal5-1/cargogo/src/path_provider_ros_tool/src/path_provider/path_provider.hpp:4[m[K,
                 from [01m[K/home/kal5-1/cargogo/src/path_provider_ros_tool/src/path_provider/path_provider.cpp:1[m[K:
[01m[K/usr/include/boost/smart_ptr/shared_ptr.hpp:529:18:[m[K [01;36m[Knote: [m[Kcandidate: template<class Y> boost::shared_ptr<T>& boost::shared_ptr<T>::operator=(std::auto_ptr<_Up>&&) [with Y = Y; T = nav_msgs::Path_<std::allocator<void> >]
     shared_ptr & operator=( std::auto_ptr<Y> && r )
[01;32m[K                  ^[m[K
[01m[K/usr/include/boost/smart_ptr/shared_ptr.hpp:529:18:[m[K [01;36m[Knote: [m[K  template argument deduction/substitution failed:
[01m[K/home/kal5-1/cargogo/src/path_provider_ros_tool/src/path_provider/path_provider.cpp:36:21:[m[K [01;36m[Knote: [m[K  mismatched types ‘[01m[Kstd::auto_ptr<T>[m[K’ and ‘[01m[Knav_msgs::Path* {aka nav_msgs::Path_<std::allocator<void> >*}[m[K’
       path_in_2_[i] = new nav_msgs::Path;
[01;32m[K                     ^[m[K
In file included from [01m[K/usr/include/boost/shared_ptr.hpp:17:0[m[K,
                 from [01m[K/usr/include/boost/date_time/time_clock.hpp:17[m[K,
                 from [01m[K/usr/include/boost/thread/thread_time.hpp:9[m[K,
                 from [01m[K/usr/include/boost/thread/lock_types.hpp:18[m[K,
                 from [01m[K/usr/include/boost/thread/pthread/recursive_mutex.hpp:13[m[K,
                 from [01m[K/usr/include/boost/thread/recursive_mutex.hpp:16[m[K,
                 from [01m[K/opt/ros/kinetic/include/dynamic_reconfigure/server.h:49[m[K,
                 from [01m[K/home/kal5-1/cargogo/src/path_provider_ros_tool/src/path_provider/path_provider.hpp:4[m[K,
                 from [01m[K/home/kal5-1/cargogo/src/path_provider_ros_tool/src/path_provider/path_provider.cpp:1[m[K:
[01m[K/usr/include/boost/smart_ptr/shared_ptr.hpp:551:18:[m[K [01;36m[Knote: [m[Kcandidate: template<class Y, class D> boost::shared_ptr<T>& boost::shared_ptr<T>::operator=(std::unique_ptr<_Up, _Ep>&&) [with Y = Y; D = D; T = nav_msgs::Path_<std::allocator<void> >]
     shared_ptr & operator=( std::unique_ptr<Y, D> && r )
[01;32m[K                  ^[m[K
[01m[K/usr/include/boost/smart_ptr/shared_ptr.hpp:551:18:[m[K [01;36m[Knote: [m[K  template argument deduction/substitution failed:
[01m[K/home/kal5-1/cargogo/src/path_provider_ros_tool/src/path_provider/path_provider.cpp:36:21:[m[K [01;36m[Knote: [m[K  mismatched types ‘[01m[Kstd::unique_ptr<_Tp, _Dp>[m[K’ and ‘[01m[Knav_msgs::Path* {aka nav_msgs::Path_<std::allocator<void> >*}[m[K’
       path_in_2_[i] = new nav_msgs::Path;
[01;32m[K                     ^[m[K
In file included from [01m[K/usr/include/boost/shared_ptr.hpp:17:0[m[K,
                 from [01m[K/usr/include/boost/date_time/time_clock.hpp:17[m[K,
                 from [01m[K/usr/include/boost/thread/thread_time.hpp:9[m[K,
                 from [01m[K/usr/include/boost/thread/lock_types.hpp:18[m[K,
                 from [01m[K/usr/include/boost/thread/pthread/recursive_mutex.hpp:13[m[K,
                 from [01m[K/usr/include/boost/thread/recursive_mutex.hpp:16[m[K,
                 from [01m[K/opt/ros/kinetic/include/dynamic_reconfigure/server.h:49[m[K,
                 from [01m[K/home/kal5-1/cargogo/src/path_provider_ros_tool/src/path_provider/path_provider.hpp:4[m[K,
                 from [01m[K/home/kal5-1/cargogo/src/path_provider_ros_tool/src/path_provider/path_provider.cpp:1[m[K:
[01m[K/usr/include/boost/smart_ptr/shared_ptr.hpp:587:18:[m[K [01;36m[Knote: [m[Kcandidate: boost::shared_ptr<T>& boost::shared_ptr<T>::operator=(boost::shared_ptr<T>&&) [with T = nav_msgs::Path_<std::allocator<void> >]
     shared_ptr & operator=( shared_ptr && r ) BOOST_NOEXCEPT
[01;32m[K                  ^[m[K
[01m[K/usr/include/boost/smart_ptr/shared_ptr.hpp:587:18:[m[K [01;36m[Knote: [m[K  no known conversion for argument 1 from ‘[01m[Knav_msgs::Path* {aka nav_msgs::Path_<std::allocator<void> >*}[m[K’ to ‘[01m[Kboost::shared_ptr<nav_msgs::Path_<std::allocator<void> > >&&[m[K’
[01m[K/usr/include/boost/smart_ptr/shared_ptr.hpp:594:18:[m[K [01;36m[Knote: [m[Kcandidate: template<class Y> boost::shared_ptr<T>& boost::shared_ptr<T>::operator=(boost::shared_ptr<Y>&&) [with Y = Y; T = nav_msgs::Path_<std::allocator<void> >]
     shared_ptr & operator=( shared_ptr<Y> && r ) BOOST_NOEXCEPT
[01;32m[K                  ^[m[K
[01m[K/usr/include/boost/smart_ptr/shared_ptr.hpp:594:18:[m[K [01;36m[Knote: [m[K  template argument deduction/substitution failed:
[01m[K/home/kal5-1/cargogo/src/path_provider_ros_tool/src/path_provider/path_provider.cpp:36:21:[m[K [01;36m[Knote: [m[K  mismatched types ‘[01m[Kboost::shared_ptr<X>[m[K’ and ‘[01m[Knav_msgs::Path* {aka nav_msgs::Path_<std::allocator<void> >*}[m[K’
       path_in_2_[i] = new nav_msgs::Path;
[01;32m[K                     ^[m[K
In file included from [01m[K/usr/include/boost/shared_ptr.hpp:17:0[m[K,
                 from [01m[K/usr/include/boost/date_time/time_clock.hpp:17[m[K,
                 from [01m[K/usr/include/boost/thread/thread_time.hpp:9[m[K,
                 from [01m[K/usr/include/boost/thread/lock_types.hpp:18[m[K,
                 from [01m[K/usr/include/boost/thread/pthread/recursive_mutex.hpp:13[m[K,
                 from [01m[K/usr/include/boost/thread/recursive_mutex.hpp:16[m[K,
                 from [01m[K/opt/ros/kinetic/include/dynamic_reconfigure/server.h:49[m[K,
                 from [01m[K/home/kal5-1/cargogo/src/path_provider_ros_tool/src/path_provider/path_provider.hpp:4[m[K,
                 from [01m[K/home/kal5-1/cargogo/src/path_provider_ros_tool/src/path_provider/path_provider.cpp:1[m[K:
[01m[K/usr/include/boost/smart_ptr/shared_ptr.hpp:604:18:[m[K [01;36m[Knote: [m[Kcandidate: boost::shared_ptr<T>& boost::shared_ptr<T>::operator=(boost::detail::sp_nullptr_t) [with T = nav_msgs::Path_<std::allocator<void> >; boost::detail::sp_nullptr_t = std::nullptr_t]
     shared_ptr & operator=( boost::detail::sp_nullptr_t ) BOOST_NOEXCEPT // never throws
[01;32m[K                  ^[m[K
[01m[K/usr/include/boost/smart_ptr/shared_ptr.hpp:604:18:[m[K [01;36m[Knote: [m[K  no known conversion for argument 1 from ‘[01m[Knav_msgs::Path* {aka nav_msgs::Path_<std::allocator<void> >*}[m[K’ to ‘[01m[Kboost::detail::sp_nullptr_t {aka std::nullptr_t}[m[K’
[01m[K/home/kal5-1/cargogo/src/path_provider_ros_tool/src/path_provider/path_provider.cpp:37:22:[m[K [01;31m[Kerror: [m[Kno match for ‘[01m[Koperator=[m[K’ (operand types are ‘[01m[Knav_msgs::Path_<std::allocator<void> >::Ptr {aka boost::shared_ptr<nav_msgs::Path_<std::allocator<void> > >}[m[K’ and ‘[01m[Knav_msgs::Path* {aka nav_msgs::Path_<std::allocator<void> >*}[m[K’)
       path_out_1_[i] = new nav_msgs::Path;
[01;32m[K                      ^[m[K
In file included from [01m[K/usr/include/boost/shared_ptr.hpp:17:0[m[K,
                 from [01m[K/usr/include/boost/date_time/time_clock.hpp:17[m[K,
                 from [01m[K/usr/include/boost/thread/thread_time.hpp:9[m[K,
                 from [01m[K/usr/include/boost/thread/lock_types.hpp:18[m[K,
                 from [01m[K/usr/include/boost/thread/pthread/recursive_mutex.hpp:13[m[K,
                 from [01m[K/usr/include/boost/thread/recursive_mutex.hpp:16[m[K,
                 from [01m[K/opt/ros/kinetic/include/dynamic_reconfigure/server.h:49[m[K,
                 from [01m[K/home/kal5-1/cargogo/src/path_provider_ros_tool/src/path_provider/path_provider.hpp:4[m[K,
                 from [01m[K/home/kal5-1/cargogo/src/path_provider_ros_tool/src/path_provider/path_provider.cpp:1[m[K:
[01m[K/usr/include/boost/smart_ptr/shared_ptr.hpp:500:18:[m[K [01;36m[Knote: [m[Kcandidate: boost::shared_ptr<T>& boost::shared_ptr<T>::operator=(const boost::shared_ptr<T>&) [with T = nav_msgs::Path_<std::allocator<void> >]
     shared_ptr & operator=( shared_ptr const & r ) BOOST_NOEXCEPT
[01;32m[K                  ^[m[K
[01m[K/usr/include/boost/smart_ptr/shared_ptr.hpp:500:18:[m[K [01;36m[Knote: [m[K  no known conversion for argument 1 from ‘[01m[Knav_msgs::Path* {aka nav_msgs::Path_<std::allocator<void> >*}[m[K’ to ‘[01m[Kconst boost::shared_ptr<nav_msgs::Path_<std::allocator<void> > >&[m[K’
[01m[K/usr/include/boost/smart_ptr/shared_ptr.hpp:509:18:[m[K [01;36m[Knote: [m[Kcandidate: template<class Y> boost::shared_ptr<T>& boost::shared_ptr<T>::operator=(const boost::shared_ptr<Y>&) [with Y = Y; T = nav_msgs::Path_<std::allocator<void> >]
     shared_ptr & operator=(shared_ptr<Y> const & r) BOOST_NOEXCEPT
[01;32m[K                  ^[m[K
[01m[K/usr/include/boost/smart_ptr/shared_ptr.hpp:509:18:[m[K [01;36m[Knote: [m[K  template argument deduction/substitution failed:
[01m[K/home/kal5-1/cargogo/src/path_provider_ros_tool/src/path_provider/path_provider.cpp:37:22:[m[K [01;36m[Knote: [m[K  mismatched types ‘[01m[Kconst boost::shared_ptr<X>[m[K’ and ‘[01m[Knav_msgs::Path* {aka nav_msgs::Path_<std::allocator<void> >*}[m[K’
       path_out_1_[i] = new nav_msgs::Path;
[01;32m[K                      ^[m[K
In file included from [01m[K/usr/include/boost/shared_ptr.hpp:17:0[m[K,
                 from [01m[K/usr/include/boost/date_time/time_clock.hpp:17[m[K,
                 from [01m[K/usr/include/boost/thread/thread_time.hpp:9[m[K,
                 from [01m[K/usr/include/boost/thread/lock_types.hpp:18[m[K,
                 from [01m[K/usr/include/boost/thread/pthread/recursive_mutex.hpp:13[m[K,
                 from [01m[K/usr/include/boost/thread/recursive_mutex.hpp:16[m[K,
                 from [01m[K/opt/ros/kinetic/include/dynamic_reconfigure/server.h:49[m[K,
                 from [01m[K/home/kal5-1/cargogo/src/path_provider_ros_tool/src/path_provider/path_provider.hpp:4[m[K,
                 from [01m[K/home/kal5-1/cargogo/src/path_provider_ros_tool/src/path_provider/path_provider.cpp:1[m[K:
[01m[K/usr/include/boost/smart_ptr/shared_ptr.hpp:520:18:[m[K [01;36m[Knote: [m[Kcandidate: template<class Y> boost::shared_ptr<T>& boost::shared_ptr<T>::operator=(std::auto_ptr<_Up>&) [with Y = Y; T = nav_msgs::Path_<std::allocator<void> >]
     shared_ptr & operator=( std::auto_ptr<Y> & r )
[01;32m[K                  ^[m[K
[01m[K/usr/include/boost/smart_ptr/shared_ptr.hpp:520:18:[m[K [01;36m[Knote: [m[K  template argument deduction/substitution failed:
[01m[K/home/kal5-1/cargogo/src/path_provider_ros_tool/src/path_provider/path_provider.cpp:37:22:[m[K [01;36m[Knote: [m[K  mismatched types ‘[01m[Kstd::auto_ptr<T>[m[K’ and ‘[01m[Knav_msgs::Path* {aka nav_msgs::Path_<std::allocator<void> >*}[m[K’
       path_out_1_[i] = new nav_msgs::Path;
[01;32m[K                      ^[m[K
In file included from [01m[K/usr/include/boost/shared_ptr.hpp:17:0[m[K,
                 from [01m[K/usr/include/boost/date_time/time_clock.hpp:17[m[K,
                 from [01m[K/usr/include/boost/thread/thread_time.hpp:9[m[K,
                 from [01m[K/usr/include/boost/thread/lock_types.hpp:18[m[K,
                 from [01m[K/usr/include/boost/thread/pthread/recursive_mutex.hpp:13[m[K,
                 from [01m[K/usr/include/boost/thread/recursive_mutex.hpp:16[m[K,
                 from [01m[K/opt/ros/kinetic/include/dynamic_reconfigure/server.h:49[m[K,
                 from [01m[K/home/kal5-1/cargogo/src/path_provider_ros_tool/src/path_provider/path_provider.hpp:4[m[K,
                 from [01m[K/home/kal5-1/cargogo/src/path_provider_ros_tool/src/path_provider/path_provider.cpp:1[m[K:
[01m[K/usr/include/boost/smart_ptr/shared_ptr.hpp:529:18:[m[K [01;36m[Knote: [m[Kcandidate: template<class Y> boost::shared_ptr<T>& boost::shared_ptr<T>::operator=(std::auto_ptr<_Up>&&) [with Y = Y; T = nav_msgs::Path_<std::allocator<void> >]
     shared_ptr & operator=( std::auto_ptr<Y> && r )
[01;32m[K                  ^[m[K
[01m[K/usr/include/boost/smart_ptr/shared_ptr.hpp:529:18:[m[K [01;36m[Knote: [m[K  template argument deduction/substitution failed:
[01m[K/home/kal5-1/cargogo/src/path_provider_ros_tool/src/path_provider/path_provider.cpp:37:22:[m[K [01;36m[Knote: [m[K  mismatched types ‘[01m[Kstd::auto_ptr<T>[m[K’ and ‘[01m[Knav_msgs::Path* {aka nav_msgs::Path_<std::allocator<void> >*}[m[K’
       path_out_1_[i] = new nav_msgs::Path;
[01;32m[K                      ^[m[K
In file included from [01m[K/usr/include/boost/shared_ptr.hpp:17:0[m[K,
                 from [01m[K/usr/include/boost/date_time/time_clock.hpp:17[m[K,
                 from [01m[K/usr/include/boost/thread/thread_time.hpp:9[m[K,
                 from [01m[K/usr/include/boost/thread/lock_types.hpp:18[m[K,
                 from [01m[K/usr/include/boost/thread/pthread/recursive_mutex.hpp:13[m[K,
                 from [01m[K/usr/include/boost/thread/recursive_mutex.hpp:16[m[K,
                 from [01m[K/opt/ros/kinetic/include/dynamic_reconfigure/server.h:49[m[K,
                 from [01m[K/home/kal5-1/cargogo/src/path_provider_ros_tool/src/path_provider/path_provider.hpp:4[m[K,
                 from [01m[K/home/kal5-1/cargogo/src/path_provider_ros_tool/src/path_provider/path_provider.cpp:1[m[K:
[01m[K/usr/include/boost/smart_ptr/shared_ptr.hpp:551:18:[m[K [01;36m[Knote: [m[Kcandidate: template<class Y, class D> boost::shared_ptr<T>& boost::shared_ptr<T>::operator=(std::unique_ptr<_Up, _Ep>&&) [with Y = Y; D = D; T = nav_msgs::Path_<std::allocator<void> >]
     shared_ptr & operator=( std::unique_ptr<Y, D> && r )
[01;32m[K                  ^[m[K
[01m[K/usr/include/boost/smart_ptr/shared_ptr.hpp:551:18:[m[K [01;36m[Knote: [m[K  template argument deduction/substitution failed:
[01m[K/home/kal5-1/cargogo/src/path_provider_ros_tool/src/path_provider/path_provider.cpp:37:22:[m[K [01;36m[Knote: [m[K  mismatched types ‘[01m[Kstd::unique_ptr<_Tp, _Dp>[m[K’ and ‘[01m[Knav_msgs::Path* {aka nav_msgs::Path_<std::allocator<void> >*}[m[K’
       path_out_1_[i] = new nav_msgs::Path;
[01;32m[K                      ^[m[K
In file included from [01m[K/usr/include/boost/shared_ptr.hpp:17:0[m[K,
                 from [01m[K/usr/include/boost/date_time/time_clock.hpp:17[m[K,
                 from [01m[K/usr/include/boost/thread/thread_time.hpp:9[m[K,
                 from [01m[K/usr/include/boost/thread/lock_types.hpp:18[m[K,
                 from [01m[K/usr/include/boost/thread/pthread/recursive_mutex.hpp:13[m[K,
                 from [01m[K/usr/include/boost/thread/recursive_mutex.hpp:16[m[K,
                 from [01m[K/opt/ros/kinetic/include/dynamic_reconfigure/server.h:49[m[K,
                 from [01m[K/home/kal5-1/cargogo/src/path_provider_ros_tool/src/path_provider/path_provider.hpp:4[m[K,
                 from [01m[K/home/kal5-1/cargogo/src/path_provider_ros_tool/src/path_provider/path_provider.cpp:1[m[K:
[01m[K/usr/include/boost/smart_ptr/shared_ptr.hpp:587:18:[m[K [01;36m[Knote: [m[Kcandidate: boost::shared_ptr<T>& boost::shared_ptr<T>::operator=(boost::shared_ptr<T>&&) [with T = nav_msgs::Path_<std::allocator<void> >]
     shared_ptr & operator=( shared_ptr && r ) BOOST_NOEXCEPT
[01;32m[K                  ^[m[K
[01m[K/usr/include/boost/smart_ptr/shared_ptr.hpp:587:18:[m[K [01;36m[Knote: [m[K  no known conversion for argument 1 from ‘[01m[Knav_msgs::Path* {aka nav_msgs::Path_<std::allocator<void> >*}[m[K’ to ‘[01m[Kboost::shared_ptr<nav_msgs::Path_<std::allocator<void> > >&&[m[K’
[01m[K/usr/include/boost/smart_ptr/shared_ptr.hpp:594:18:[m[K [01;36m[Knote: [m[Kcandidate: template<class Y> boost::shared_ptr<T>& boost::shared_ptr<T>::operator=(boost::shared_ptr<Y>&&) [with Y = Y; T = nav_msgs::Path_<std::allocator<void> >]
     shared_ptr & operator=( shared_ptr<Y> && r ) BOOST_NOEXCEPT
[01;32m[K                  ^[m[K
[01m[K/usr/include/boost/smart_ptr/shared_ptr.hpp:594:18:[m[K [01;36m[Knote: [m[K  template argument deduction/substitution failed:
[01m[K/home/kal5-1/cargogo/src/path_provider_ros_tool/src/path_provider/path_provider.cpp:37:22:[m[K [01;36m[Knote: [m[K  mismatched types ‘[01m[Kboost::shared_ptr<X>[m[K’ and ‘[01m[Knav_msgs::Path* {aka nav_msgs::Path_<std::allocator<void> >*}[m[K’
       path_out_1_[i] = new nav_msgs::Path;
[01;32m[K                      ^[m[K
In file included from [01m[K/usr/include/boost/shared_ptr.hpp:17:0[m[K,
                 from [01m[K/usr/include/boost/date_time/time_clock.hpp:17[m[K,
                 from [01m[K/usr/include/boost/thread/thread_time.hpp:9[m[K,
                 from [01m[K/usr/include/boost/thread/lock_types.hpp:18[m[K,
                 from [01m[K/usr/include/boost/thread/pthread/recursive_mutex.hpp:13[m[K,
                 from [01m[K/usr/include/boost/thread/recursive_mutex.hpp:16[m[K,
                 from [01m[K/opt/ros/kinetic/include/dynamic_reconfigure/server.h:49[m[K,
                 from [01m[K/home/kal5-1/cargogo/src/path_provider_ros_tool/src/path_provider/path_provider.hpp:4[m[K,
                 from [01m[K/home/kal5-1/cargogo/src/path_provider_ros_tool/src/path_provider/path_provider.cpp:1[m[K:
[01m[K/usr/include/boost/smart_ptr/shared_ptr.hpp:604:18:[m[K [01;36m[Knote: [m[Kcandidate: boost::shared_ptr<T>& boost::shared_ptr<T>::operator=(boost::detail::sp_nullptr_t) [with T = nav_msgs::Path_<std::allocator<void> >; boost::detail::sp_nullptr_t = std::nullptr_t]
     shared_ptr & operator=( boost::detail::sp_nullptr_t ) BOOST_NOEXCEPT // never throws
[01;32m[K                  ^[m[K
[01m[K/usr/include/boost/smart_ptr/shared_ptr.hpp:604:18:[m[K [01;36m[Knote: [m[K  no known conversion for argument 1 from ‘[01m[Knav_msgs::Path* {aka nav_msgs::Path_<std::allocator<void> >*}[m[K’ to ‘[01m[Kboost::detail::sp_nullptr_t {aka std::nullptr_t}[m[K’
[01m[K/home/kal5-1/cargogo/src/path_provider_ros_tool/src/path_provider/path_provider.cpp:38:22:[m[K [01;31m[Kerror: [m[Kno match for ‘[01m[Koperator=[m[K’ (operand types are ‘[01m[Knav_msgs::Path_<std::allocator<void> >::Ptr {aka boost::shared_ptr<nav_msgs::Path_<std::allocator<void> > >}[m[K’ and ‘[01m[Knav_msgs::Path* {aka nav_msgs::Path_<std::allocator<void> >*}[m[K’)
       path_out_2_[i] = new nav_msgs::Path;
[01;32m[K                      ^[m[K
In file included from [01m[K/usr/include/boost/shared_ptr.hpp:17:0[m[K,
                 from [01m[K/usr/include/boost/date_time/time_clock.hpp:17[m[K,
                 from [01m[K/usr/include/boost/thread/thread_time.hpp:9[m[K,
                 from [01m[K/usr/include/boost/thread/lock_types.hpp:18[m[K,
                 from [01m[K/usr/include/boost/thread/pthread/recursive_mutex.hpp:13[m[K,
                 from [01m[K/usr/include/boost/thread/recursive_mutex.hpp:16[m[K,
                 from [01m[K/opt/ros/kinetic/include/dynamic_reconfigure/server.h:49[m[K,
                 from [01m[K/home/kal5-1/cargogo/src/path_provider_ros_tool/src/path_provider/path_provider.hpp:4[m[K,
                 from [01m[K/home/kal5-1/cargogo/src/path_provider_ros_tool/src/path_provider/path_provider.cpp:1[m[K:
[01m[K/usr/include/boost/smart_ptr/shared_ptr.hpp:500:18:[m[K [01;36m[Knote: [m[Kcandidate: boost::shared_ptr<T>& boost::shared_ptr<T>::operator=(const boost::shared_ptr<T>&) [with T = nav_msgs::Path_<std::allocator<void> >]
     shared_ptr & operator=( shared_ptr const & r ) BOOST_NOEXCEPT
[01;32m[K                  ^[m[K
[01m[K/usr/include/boost/smart_ptr/shared_ptr.hpp:500:18:[m[K [01;36m[Knote: [m[K  no known conversion for argument 1 from ‘[01m[Knav_msgs::Path* {aka nav_msgs::Path_<std::allocator<void> >*}[m[K’ to ‘[01m[Kconst boost::shared_ptr<nav_msgs::Path_<std::allocator<void> > >&[m[K’
[01m[K/usr/include/boost/smart_ptr/shared_ptr.hpp:509:18:[m[K [01;36m[Knote: [m[Kcandidate: template<class Y> boost::shared_ptr<T>& boost::shared_ptr<T>::operator=(const boost::shared_ptr<Y>&) [with Y = Y; T = nav_msgs::Path_<std::allocator<void> >]
     shared_ptr & operator=(shared_ptr<Y> const & r) BOOST_NOEXCEPT
[01;32m[K                  ^[m[K
[01m[K/usr/include/boost/smart_ptr/shared_ptr.hpp:509:18:[m[K [01;36m[Knote: [m[K  template argument deduction/substitution failed:
[01m[K/home/kal5-1/cargogo/src/path_provider_ros_tool/src/path_provider/path_provider.cpp:38:22:[m[K [01;36m[Knote: [m[K  mismatched types ‘[01m[Kconst boost::shared_ptr<X>[m[K’ and ‘[01m[Knav_msgs::Path* {aka nav_msgs::Path_<std::allocator<void> >*}[m[K’
       path_out_2_[i] = new nav_msgs::Path;
[01;32m[K                      ^[m[K
In file included from [01m[K/usr/include/boost/shared_ptr.hpp:17:0[m[K,
                 from [01m[K/usr/include/boost/date_time/time_clock.hpp:17[m[K,
                 from [01m[K/usr/include/boost/thread/thread_time.hpp:9[m[K,
                 from [01m[K/usr/include/boost/thread/lock_types.hpp:18[m[K,
                 from [01m[K/usr/include/boost/thread/pthread/recursive_mutex.hpp:13[m[K,
                 from [01m[K/usr/include/boost/thread/recursive_mutex.hpp:16[m[K,
                 from [01m[K/opt/ros/kinetic/include/dynamic_reconfigure/server.h:49[m[K,
                 from [01m[K/home/kal5-1/cargogo/src/path_provider_ros_tool/src/path_provider/path_provider.hpp:4[m[K,
                 from [01m[K/home/kal5-1/cargogo/src/path_provider_ros_tool/src/path_provider/path_provider.cpp:1[m[K:
[01m[K/usr/include/boost/smart_ptr/shared_ptr.hpp:520:18:[m[K [01;36m[Knote: [m[Kcandidate: template<class Y> boost::shared_ptr<T>& boost::shared_ptr<T>::operator=(std::auto_ptr<_Up>&) [with Y = Y; T = nav_msgs::Path_<std::allocator<void> >]
     shared_ptr & operator=( std::auto_ptr<Y> & r )
[01;32m[K                  ^[m[K
[01m[K/usr/include/boost/smart_ptr/shared_ptr.hpp:520:18:[m[K [01;36m[Knote: [m[K  template argument deduction/substitution failed:
[01m[K/home/kal5-1/cargogo/src/path_provider_ros_tool/src/path_provider/path_provider.cpp:38:22:[m[K [01;36m[Knote: [m[K  mismatched types ‘[01m[Kstd::auto_ptr<T>[m[K’ and ‘[01m[Knav_msgs::Path* {aka nav_msgs::Path_<std::allocator<void> >*}[m[K’
       path_out_2_[i] = new nav_msgs::Path;
[01;32m[K                      ^[m[K
In file included from [01m[K/usr/include/boost/shared_ptr.hpp:17:0[m[K,
                 from [01m[K/usr/include/boost/date_time/time_clock.hpp:17[m[K,
                 from [01m[K/usr/include/boost/thread/thread_time.hpp:9[m[K,
                 from [01m[K/usr/include/boost/thread/lock_types.hpp:18[m[K,
                 from [01m[K/usr/include/boost/thread/pthread/recursive_mutex.hpp:13[m[K,
                 from [01m[K/usr/include/boost/thread/recursive_mutex.hpp:16[m[K,
                 from [01m[K/opt/ros/kinetic/include/dynamic_reconfigure/server.h:49[m[K,
                 from [01m[K/home/kal5-1/cargogo/src/path_provider_ros_tool/src/path_provider/path_provider.hpp:4[m[K,
                 from [01m[K/home/kal5-1/cargogo/src/path_provider_ros_tool/src/path_provider/path_provider.cpp:1[m[K:
[01m[K/usr/include/boost/smart_ptr/shared_ptr.hpp:529:18:[m[K [01;36m[Knote: [m[Kcandidate: template<class Y> boost::shared_ptr<T>& boost::shared_ptr<T>::operator=(std::auto_ptr<_Up>&&) [with Y = Y; T = nav_msgs::Path_<std::allocator<void> >]
     shared_ptr & operator=( std::auto_ptr<Y> && r )
[01;32m[K                  ^[m[K
[01m[K/usr/include/boost/smart_ptr/shared_ptr.hpp:529:18:[m[K [01;36m[Knote: [m[K  template argument deduction/substitution failed:
[01m[K/home/kal5-1/cargogo/src/path_provider_ros_tool/src/path_provider/path_provider.cpp:38:22:[m[K [01;36m[Knote: [m[K  mismatched types ‘[01m[Kstd::auto_ptr<T>[m[K’ and ‘[01m[Knav_msgs::Path* {aka nav_msgs::Path_<std::allocator<void> >*}[m[K’
       path_out_2_[i] = new nav_msgs::Path;
[01;32m[K                      ^[m[K
In file included from [01m[K/usr/include/boost/shared_ptr.hpp:17:0[m[K,
                 from [01m[K/usr/include/boost/date_time/time_clock.hpp:17[m[K,
                 from [01m[K/usr/include/boost/thread/thread_time.hpp:9[m[K,
                 from [01m[K/usr/include/boost/thread/lock_types.hpp:18[m[K,
                 from [01m[K/usr/include/boost/thread/pthread/recursive_mutex.hpp:13[m[K,
                 from [01m[K/usr/include/boost/thread/recursive_mutex.hpp:16[m[K,
                 from [01m[K/opt/ros/kinetic/include/dynamic_reconfigure/server.h:49[m[K,
                 from [01m[K/home/kal5-1/cargogo/src/path_provider_ros_tool/src/path_provider/path_provider.hpp:4[m[K,
                 from [01m[K/home/kal5-1/cargogo/src/path_provider_ros_tool/src/path_provider/path_provider.cpp:1[m[K:
[01m[K/usr/include/boost/smart_ptr/shared_ptr.hpp:551:18:[m[K [01;36m[Knote: [m[Kcandidate: template<class Y, class D> boost::shared_ptr<T>& boost::shared_ptr<T>::operator=(std::unique_ptr<_Up, _Ep>&&) [with Y = Y; D = D; T = nav_msgs::Path_<std::allocator<void> >]
     shared_ptr & operator=( std::unique_ptr<Y, D> && r )
[01;32m[K                  ^[m[K
[01m[K/usr/include/boost/smart_ptr/shared_ptr.hpp:551:18:[m[K [01;36m[Knote: [m[K  template argument deduction/substitution failed:
[01m[K/home/kal5-1/cargogo/src/path_provider_ros_tool/src/path_provider/path_provider.cpp:38:22:[m[K [01;36m[Knote: [m[K  mismatched types ‘[01m[Kstd::unique_ptr<_Tp, _Dp>[m[K’ and ‘[01m[Knav_msgs::Path* {aka nav_msgs::Path_<std::allocator<void> >*}[m[K’
       path_out_2_[i] = new nav_msgs::Path;
[01;32m[K                      ^[m[K
In file included from [01m[K/usr/include/boost/shared_ptr.hpp:17:0[m[K,
                 from [01m[K/usr/include/boost/date_time/time_clock.hpp:17[m[K,
                 from [01m[K/usr/include/boost/thread/thread_time.hpp:9[m[K,
                 from [01m[K/usr/include/boost/thread/lock_types.hpp:18[m[K,
                 from [01m[K/usr/include/boost/thread/pthread/recursive_mutex.hpp:13[m[K,
                 from [01m[K/usr/include/boost/thread/recursive_mutex.hpp:16[m[K,
                 from [01m[K/opt/ros/kinetic/include/dynamic_reconfigure/server.h:49[m[K,
                 from [01m[K/home/kal5-1/cargogo/src/path_provider_ros_tool/src/path_provider/path_provider.hpp:4[m[K,
                 from [01m[K/home/kal5-1/cargogo/src/path_provider_ros_tool/src/path_provider/path_provider.cpp:1[m[K:
[01m[K/usr/include/boost/smart_ptr/shared_ptr.hpp:587:18:[m[K [01;36m[Knote: [m[Kcandidate: boost::shared_ptr<T>& boost::shared_ptr<T>::operator=(boost::shared_ptr<T>&&) [with T = nav_msgs::Path_<std::allocator<void> >]
     shared_ptr & operator=( shared_ptr && r ) BOOST_NOEXCEPT
[01;32m[K                  ^[m[K
[01m[K/usr/include/boost/smart_ptr/shared_ptr.hpp:587:18:[m[K [01;36m[Knote: [m[K  no known conversion for argument 1 from ‘[01m[Knav_msgs::Path* {aka nav_msgs::Path_<std::allocator<void> >*}[m[K’ to ‘[01m[Kboost::shared_ptr<nav_msgs::Path_<std::allocator<void> > >&&[m[K’
[01m[K/usr/include/boost/smart_ptr/shared_ptr.hpp:594:18:[m[K [01;36m[Knote: [m[Kcandidate: template<class Y> boost::shared_ptr<T>& boost::shared_ptr<T>::operator=(boost::shared_ptr<Y>&&) [with Y = Y; T = nav_msgs::Path_<std::allocator<void> >]
     shared_ptr & operator=( shared_ptr<Y> && r ) BOOST_NOEXCEPT
[01;32m[K                  ^[m[K
[01m[K/usr/include/boost/smart_ptr/shared_ptr.hpp:594:18:[m[K [01;36m[Knote: [m[K  template argument deduction/substitution failed:
[01m[K/home/kal5-1/cargogo/src/path_provider_ros_tool/src/path_provider/path_provider.cpp:38:22:[m[K [01;36m[Knote: [m[K  mismatched types ‘[01m[Kboost::shared_ptr<X>[m[K’ and ‘[01m[Knav_msgs::Path* {aka nav_msgs::Path_<std::allocator<void> >*}[m[K’
       path_out_2_[i] = new nav_msgs::Path;
[01;32m[K                      ^[m[K
In file included from [01m[K/usr/include/boost/shared_ptr.hpp:17:0[m[K,
                 from [01m[K/usr/include/boost/date_time/time_clock.hpp:17[m[K,
                 from [01m[K/usr/include/boost/thread/thread_time.hpp:9[m[K,
                 from [01m[K/usr/include/boost/thread/lock_types.hpp:18[m[K,
                 from [01m[K/usr/include/boost/thread/pthread/recursive_mutex.hpp:13[m[K,
                 from [01m[K/usr/include/boost/thread/recursive_mutex.hpp:16[m[K,
                 from [01m[K/opt/ros/kinetic/include/dynamic_reconfigure/server.h:49[m[K,
                 from [01m[K/home/kal5-1/cargogo/src/path_provider_ros_tool/src/path_provider/path_provider.hpp:4[m[K,
                 from [01m[K/home/kal5-1/cargogo/src/path_provider_ros_tool/src/path_provider/path_provider.cpp:1[m[K:
[01m[K/usr/include/boost/smart_ptr/shared_ptr.hpp:604:18:[m[K [01;36m[Knote: [m[Kcandidate: boost::shared_ptr<T>& boost::shared_ptr<T>::operator=(boost::detail::sp_nullptr_t) [with T = nav_msgs::Path_<std::allocator<void> >; boost::detail::sp_nullptr_t = std::nullptr_t]
     shared_ptr & operator=( boost::detail::sp_nullptr_t ) BOOST_NOEXCEPT // never throws
[01;32m[K                  ^[m[K
[01m[K/usr/include/boost/smart_ptr/shared_ptr.hpp:604:18:[m[K [01;36m[Knote: [m[K  no known conversion for argument 1 from ‘[01m[Knav_msgs::Path* {aka nav_msgs::Path_<std::allocator<void> >*}[m[K’ to ‘[01m[Kboost::detail::sp_nullptr_t {aka std::nullptr_t}[m[K’
[01m[K/home/kal5-1/cargogo/src/path_provider_ros_tool/src/path_provider/path_provider.cpp:[m[K In member function ‘[01m[Kvoid path_provider_ros_tool::PathProvider::PathDispatcherCallback(const ros::TimerEvent&)[m[K’:
[01m[K/home/kal5-1/cargogo/src/path_provider_ros_tool/src/path_provider/path_provider.cpp:194:33:[m[K [01;31m[Kerror: [m[K‘[01m[Ktraffic_sign_detection_ros_tool::jihuo::Response {aka struct traffic_sign_detection_ros_tool::jihuoResponse_<std::allocator<void> >}[m[K’ has no member named ‘[01m[Karrow[m[K’
           arrow_ = srv.response.arrow;
[01;32m[K                                 ^[m[K
[01m[K/home/kal5-1/cargogo/src/path_provider_ros_tool/src/path_provider/path_provider.cpp:200:11:[m[K [01;31m[Kerror: [m[Kjump to case label [-fpermissive]
      case 2: Eigen::Vector3d exitpoint(5.74, 0.895, 0);
[01;32m[K           ^[m[K
[01m[K/home/kal5-1/cargogo/src/path_provider_ros_tool/src/path_provider/path_provider.cpp:186:58:[m[K [01;36m[Knote: [m[K  crosses initialization of ‘[01m[KEigen::Vector3d detectpoint[m[K’
      case 1: Eigen::Vector3d exitpoint(8.638, 2.632, 0), detectpoint(9.153, 2.394, 0);
[01;32m[K                                                          ^[m[K
[01m[K/home/kal5-1/cargogo/src/path_provider_ros_tool/src/path_provider/path_provider.cpp:186:30:[m[K [01;36m[Knote: [m[K  crosses initialization of ‘[01m[KEigen::Vector3d exitpoint[m[K’
      case 1: Eigen::Vector3d exitpoint(8.638, 2.632, 0), detectpoint(9.153, 2.394, 0);
[01;32m[K                              ^[m[K
[01m[K/home/kal5-1/cargogo/src/path_provider_ros_tool/src/path_provider/path_provider.cpp:200:39:[m[K [01;31m[Kerror: [m[Kredeclaration of ‘[01m[KEigen::Vector3d exitpoint[m[K’
      case 2: Eigen::Vector3d exitpoint(5.74, 0.895, 0);
[01;32m[K                                       ^[m[K
[01m[K/home/kal5-1/cargogo/src/path_provider_ros_tool/src/path_provider/path_provider.cpp:186:30:[m[K [01;36m[Knote: [m[K‘[01m[KEigen::Vector3d exitpoint[m[K’ previously declared here
      case 1: Eigen::Vector3d exitpoint(8.638, 2.632, 0), detectpoint(9.153, 2.394, 0);
[01;32m[K                              ^[m[K
[01m[K/home/kal5-1/cargogo/src/path_provider_ros_tool/src/path_provider/path_provider.cpp:206:11:[m[K [01;31m[Kerror: [m[Kjump to case label [-fpermissive]
      case 3: Eigen::Vector3d exitpoint(6.017, 3.818, 0);
[01;32m[K           ^[m[K
[01m[K/home/kal5-1/cargogo/src/path_provider_ros_tool/src/path_provider/path_provider.cpp:186:58:[m[K [01;36m[Knote: [m[K  crosses initialization of ‘[01m[KEigen::Vector3d detectpoint[m[K’
      case 1: Eigen::Vector3d exitpoint(8.638, 2.632, 0), detectpoint(9.153, 2.394, 0);
[01;32m[K                                                          ^[m[K
[01m[K/home/kal5-1/cargogo/src/path_provider_ros_tool/src/path_provider/path_provider.cpp:186:30:[m[K [01;36m[Knote: [m[K  crosses initialization of ‘[01m[KEigen::Vector3d exitpoint[m[K’
      case 1: Eigen::Vector3d exitpoint(8.638, 2.632, 0), detectpoint(9.153, 2.394, 0);
[01;32m[K                              ^[m[K
[01m[K/home/kal5-1/cargogo/src/path_provider_ros_tool/src/path_provider/path_provider.cpp:206:39:[m[K [01;31m[Kerror: [m[Kredeclaration of ‘[01m[KEigen::Vector3d exitpoint[m[K’
      case 3: Eigen::Vector3d exitpoint(6.017, 3.818, 0);
[01;32m[K                                       ^[m[K
[01m[K/home/kal5-1/cargogo/src/path_provider_ros_tool/src/path_provider/path_provider.cpp:186:30:[m[K [01;36m[Knote: [m[K‘[01m[KEigen::Vector3d exitpoint[m[K’ previously declared here
      case 1: Eigen::Vector3d exitpoint(8.638, 2.632, 0), detectpoint(9.153, 2.394, 0);
[01;32m[K                              ^[m[K
[01m[K/home/kal5-1/cargogo/src/path_provider_ros_tool/src/path_provider/path_provider.cpp:212:11:[m[K [01;31m[Kerror: [m[Kjump to case label [-fpermissive]
      case 4: Eigen::Vector3d exitpoint(8.14, 4.47, 0);
[01;32m[K           ^[m[K
[01m[K/home/kal5-1/cargogo/src/path_provider_ros_tool/src/path_provider/path_provider.cpp:186:58:[m[K [01;36m[Knote: [m[K  crosses initialization of ‘[01m[KEigen::Vector3d detectpoint[m[K’
      case 1: Eigen::Vector3d exitpoint(8.638, 2.632, 0), detectpoint(9.153, 2.394, 0);
[01;32m[K                                                          ^[m[K
[01m[K/home/kal5-1/cargogo/src/path_provider_ros_tool/src/path_provider/path_provider.cpp:186:30:[m[K [01;36m[Knote: [m[K  crosses initialization of ‘[01m[KEigen::Vector3d exitpoint[m[K’
      case 1: Eigen::Vector3d exitpoint(8.638, 2.632, 0), detectpoint(9.153, 2.394, 0);
[01;32m[K                              ^[m[K
[01m[K/home/kal5-1/cargogo/src/path_provider_ros_tool/src/path_provider/path_provider.cpp:212:39:[m[K [01;31m[Kerror: [m[Kredeclaration of ‘[01m[KEigen::Vector3d exitpoint[m[K’
      case 4: Eigen::Vector3d exitpoint(8.14, 4.47, 0);
[01;32m[K                                       ^[m[K
[01m[K/home/kal5-1/cargogo/src/path_provider_ros_tool/src/path_provider/path_provider.cpp:186:30:[m[K [01;36m[Knote: [m[K‘[01m[KEigen::Vector3d exitpoint[m[K’ previously declared here
      case 1: Eigen::Vector3d exitpoint(8.638, 2.632, 0), detectpoint(9.153, 2.394, 0);
[01;32m[K                              ^[m[K
[01m[K/home/kal5-1/cargogo/src/path_provider_ros_tool/src/path_provider/path_provider.cpp:229:33:[m[K [01;31m[Kerror: [m[K‘[01m[Ktraffic_sign_detection_ros_tool::jihuo::Response {aka struct traffic_sign_detection_ros_tool::jihuoResponse_<std::allocator<void> >}[m[K’ has no member named ‘[01m[Karrow[m[K’
           arrow_ = srv.response.arrow;
[01;32m[K                                 ^[m[K
[01m[K/home/kal5-1/cargogo/src/path_provider_ros_tool/src/path_provider/path_provider.cpp:235:11:[m[K [01;31m[Kerror: [m[Kjump to case label [-fpermissive]
      case 2: Eigen::Vector3d exitpoint(9.153, 2.394, 0);
[01;32m[K           ^[m[K
[01m[K/home/kal5-1/cargogo/src/path_provider_ros_tool/src/path_provider/path_provider.cpp:221:58:[m[K [01;36m[Knote: [m[K  crosses initialization of ‘[01m[KEigen::Vector3d detectpoint[m[K’
      case 1: Eigen::Vector3d exitpoint(7.397, 5.043, 0), detectpoint(7.732, 5.501, 0);
[01;32m[K                                                          ^[m[K
[01m[K/home/kal5-1/cargogo/src/path_provider_ros_tool/src/path_provider/path_provider.cpp:221:30:[m[K [01;36m[Knote: [m[K  crosses initialization of ‘[01m[KEigen::Vector3d exitpoint[m[K’
      case 1: Eigen::Vector3d exitpoint(7.397, 5.043, 0), detectpoint(7.732, 5.501, 0);
[01;32m[K                              ^[m[K
[01m[K/home/kal5-1/cargogo/src/path_provider_ros_tool/src/path_provider/path_provider.cpp:235:39:[m[K [01;31m[Kerror: [m[Kredeclaration of ‘[01m[KEigen::Vector3d exitpoint[m[K’
      case 2: Eigen::Vector3d exitpoint(9.153, 2.394, 0);
[01;32m[K                                       ^[m[K
[01m[K/home/kal5-1/cargogo/src/path_provider_ros_tool/src/path_provider/path_provider.cpp:221:30:[m[K [01;36m[Knote: [m[K‘[01m[KEigen::Vector3d exitpoint[m[K’ previously declared here
      case 1: Eigen::Vector3d exitpoint(7.397, 5.043, 0), detectpoint(7.732, 5.501, 0);
[01;32m[K                              ^[m[K
[01m[K/home/kal5-1/cargogo/src/path_provider_ros_tool/src/path_provider/path_provider.cpp:240:11:[m[K [01;31m[Kerror: [m[Kjump to case label [-fpermissive]
      case 3: Eigen::Vector3d exitpoint(5.74, 0.895, 0);
[01;32m[K           ^[m[K
[01m[K/home/kal5-1/cargogo/src/path_provider_ros_tool/src/path_provider/path_provider.cpp:221:58:[m[K [01;36m[Knote: [m[K  crosses initialization of ‘[01m[KEigen::Vector3d detectpoint[m[K’
      case 1: Eigen::Vector3d exitpoint(7.397, 5.043, 0), detectpoint(7.732, 5.501, 0);
[01;32m[K                                                          ^[m[K
[01m[K/home/kal5-1/cargogo/src/path_provider_ros_tool/src/path_provider/path_provider.cpp:221:30:[m[K [01;36m[Knote: [m[K  crosses initialization of ‘[01m[KEigen::Vector3d exitpoint[m[K’
      case 1: Eigen::Vector3d exitpoint(7.397, 5.043, 0), detectpoint(7.732, 5.501, 0);
[01;32m[K                              ^[m[K
[01m[K/home/kal5-1/cargogo/src/path_provider_ros_tool/src/path_provider/path_provider.cpp:240:39:[m[K [01;31m[Kerror: [m[Kredeclaration of ‘[01m[KEigen::Vector3d exitpoint[m[K’
      case 3: Eigen::Vector3d exitpoint(5.74, 0.895, 0);
[01;32m[K                                       ^[m[K
[01m[K/home/kal5-1/cargogo/src/path_provider_ros_tool/src/path_provider/path_provider.cpp:221:30:[m[K [01;36m[Knote: [m[K‘[01m[KEigen::Vector3d exitpoint[m[K’ previously declared here
      case 1: Eigen::Vector3d exitpoint(7.397, 5.043, 0), detectpoint(7.732, 5.501, 0);
[01;32m[K                              ^[m[K
[01m[K/home/kal5-1/cargogo/src/path_provider_ros_tool/src/path_provider/path_provider.cpp:246:11:[m[K [01;31m[Kerror: [m[Kjump to case label [-fpermissive]
      case 4: Eigen::Vector3d exitpoint(6.017, 3.818, 0);
[01;32m[K           ^[m[K
[01m[K/home/kal5-1/cargogo/src/path_provider_ros_tool/src/path_provider/path_provider.cpp:221:58:[m[K [01;36m[Knote: [m[K  crosses initialization of ‘[01m[KEigen::Vector3d detectpoint[m[K’
      case 1: Eigen::Vector3d exitpoint(7.397, 5.043, 0), detectpoint(7.732, 5.501, 0);
[01;32m[K                                                          ^[m[K
[01m[K/home/kal5-1/cargogo/src/path_provider_ros_tool/src/path_provider/path_provider.cpp:221:30:[m[K [01;36m[Knote: [m[K  crosses initialization of ‘[01m[KEigen::Vector3d exitpoint[m[K’
      case 1: Eigen::Vector3d exitpoint(7.397, 5.043, 0), detectpoint(7.732, 5.501, 0);
[01;32m[K                              ^[m[K
[01m[K/home/kal5-1/cargogo/src/path_provider_ros_tool/src/path_provider/path_provider.cpp:246:39:[m[K [01;31m[Kerror: [m[Kredeclaration of ‘[01m[KEigen::Vector3d exitpoint[m[K’
      case 4: Eigen::Vector3d exitpoint(6.017, 3.818, 0);
[01;32m[K                                       ^[m[K
[01m[K/home/kal5-1/cargogo/src/path_provider_ros_tool/src/path_provider/path_provider.cpp:221:30:[m[K [01;36m[Knote: [m[K‘[01m[KEigen::Vector3d exitpoint[m[K’ previously declared here
      case 1: Eigen::Vector3d exitpoint(7.397, 5.043, 0), detectpoint(7.732, 5.501, 0);
[01;32m[K                              ^[m[K
[01m[K/home/kal5-1/cargogo/src/path_provider_ros_tool/src/path_provider/path_provider.cpp:264:33:[m[K [01;31m[Kerror: [m[K‘[01m[Ktraffic_sign_detection_ros_tool::jihuo::Response {aka struct traffic_sign_detection_ros_tool::jihuoResponse_<std::allocator<void> >}[m[K’ has no member named ‘[01m[Karrow[m[K’
           arrow_ = srv.response.arrow;
[01;32m[K                                 ^[m[K
[01m[K/home/kal5-1/cargogo/src/path_provider_ros_tool/src/path_provider/path_provider.cpp:270:11:[m[K [01;31m[Kerror: [m[Kjump to case label [-fpermissive]
      case 2: Eigen::Vector3d exitpoint(8.14, 4.47, 0);
[01;32m[K           ^[m[K
[01m[K/home/kal5-1/cargogo/src/path_provider_ros_tool/src/path_provider/path_provider.cpp:256:57:[m[K [01;36m[Knote: [m[K  crosses initialization of ‘[01m[KEigen::Vector3d detectpoint[m[K’
      case 1: Eigen::Vector3d exitpoint(4.994, 3.12, 0), detectpoint(4.78, 3.12, 0);
[01;32m[K                                                         ^[m[K
[01m[K/home/kal5-1/cargogo/src/path_provider_ros_tool/src/path_provider/path_provider.cpp:256:30:[m[K [01;36m[Knote: [m[K  crosses initialization of ‘[01m[KEigen::Vector3d exitpoint[m[K’
      case 1: Eigen::Vector3d exitpoint(4.994, 3.12, 0), detectpoint(4.78, 3.12, 0);
[01;32m[K                              ^[m[K
[01m[K/home/kal5-1/cargogo/src/path_provider_ros_tool/src/path_provider/path_provider.cpp:270:39:[m[K [01;31m[Kerror: [m[Kredeclaration of ‘[01m[KEigen::Vector3d exitpoint[m[K’
      case 2: Eigen::Vector3d exitpoint(8.14, 4.47, 0);
[01;32m[K                                       ^[m[K
[01m[K/home/kal5-1/cargogo/src/path_provider_ros_tool/src/path_provider/path_provider.cpp:256:30:[m[K [01;36m[Knote: [m[K‘[01m[KEigen::Vector3d exitpoint[m[K’ previously declared here
      case 1: Eigen::Vector3d exitpoint(4.994, 3.12, 0), detectpoint(4.78, 3.12, 0);
[01;32m[K                              ^[m[K
[01m[K/home/kal5-1/cargogo/src/path_provider_ros_tool/src/path_provider/path_provider.cpp:276:11:[m[K [01;31m[Kerror: [m[Kjump to case label [-fpermissive]
      case 3: Eigen::Vector3d exitpoint(9.48, 1.344, 0);
[01;32m[K           ^[m[K
[01m[K/home/kal5-1/cargogo/src/path_provider_ros_tool/src/path_provider/path_provider.cpp:256:57:[m[K [01;36m[Knote: [m[K  crosses initialization of ‘[01m[KEigen::Vector3d detectpoint[m[K’
      case 1: Eigen::Vector3d exitpoint(4.994, 3.12, 0), detectpoint(4.78, 3.12, 0);
[01;32m[K                                                         ^[m[K
[01m[K/home/kal5-1/cargogo/src/path_provider_ros_tool/src/path_provider/path_provider.cpp:256:30:[m[K [01;36m[Knote: [m[K  crosses initialization of ‘[01m[KEigen::Vector3d exitpoint[m[K’
      case 1: Eigen::Vector3d exitpoint(4.994, 3.12, 0), detectpoint(4.78, 3.12, 0);
[01;32m[K                              ^[m[K
[01m[K/home/kal5-1/cargogo/src/path_provider_ros_tool/src/path_provider/path_provider.cpp:276:39:[m[K [01;31m[Kerror: [m[Kredeclaration of ‘[01m[KEigen::Vector3d exitpoint[m[K’
      case 3: Eigen::Vector3d exitpoint(9.48, 1.344, 0);
[01;32m[K                                       ^[m[K
[01m[K/home/kal5-1/cargogo/src/path_provider_ros_tool/src/path_provider/path_provider.cpp:256:30:[m[K [01;36m[Knote: [m[K‘[01m[KEigen::Vector3d exitpoint[m[K’ previously declared here
      case 1: Eigen::Vector3d exitpoint(4.994, 3.12, 0), detectpoint(4.78, 3.12, 0);
[01;32m[K                              ^[m[K
[01m[K/home/kal5-1/cargogo/src/path_provider_ros_tool/src/path_provider/path_provider.cpp:282:11:[m[K [01;31m[Kerror: [m[Kjump to case label [-fpermissive]
      case 4: Eigen::Vector3d exitpoint(5.74, 0.895, 0);
[01;32m[K           ^[m[K
[01m[K/home/kal5-1/cargogo/src/path_provider_ros_tool/src/path_provider/path_provider.cpp:256:57:[m[K [01;36m[Knote: [m[K  crosses initialization of ‘[01m[KEigen::Vector3d detectpoint[m[K’
      case 1: Eigen::Vector3d exitpoint(4.994, 3.12, 0), detectpoint(4.78, 3.12, 0);
[01;32m[K                                                         ^[m[K
[01m[K/home/kal5-1/cargogo/src/path_provider_ros_tool/src/path_provider/path_provider.cpp:256:30:[m[K [01;36m[Knote: [m[K  crosses initialization of ‘[01m[KEigen::Vector3d exitpoint[m[K’
      case 1: Eigen::Vector3d exitpoint(4.994, 3.12, 0), detectpoint(4.78, 3.12, 0);
[01;32m[K                              ^[m[K
[01m[K/home/kal5-1/cargogo/src/path_provider_ros_tool/src/path_provider/path_provider.cpp:282:39:[m[K [01;31m[Kerror: [m[Kredeclaration of ‘[01m[KEigen::Vector3d exitpoint[m[K’
      case 4: Eigen::Vector3d exitpoint(5.74, 0.895, 0);
[01;32m[K                                       ^[m[K
[01m[K/home/kal5-1/cargogo/src/path_provider_ros_tool/src/path_provider/path_provider.cpp:256:30:[m[K [01;36m[Knote: [m[K‘[01m[KEigen::Vector3d exitpoint[m[K’ previously declared here
      case 1: Eigen::Vector3d exitpoint(4.994, 3.12, 0), detectpoint(4.78, 3.12, 0);
[01;32m[K                              ^[m[K
[01m[K/home/kal5-1/cargogo/src/path_provider_ros_tool/src/path_provider/path_provider.cpp:299:33:[m[K [01;31m[Kerror: [m[K‘[01m[Ktraffic_sign_detection_ros_tool::jihuo::Response {aka struct traffic_sign_detection_ros_tool::jihuoResponse_<std::allocator<void> >}[m[K’ has no member named ‘[01m[Karrow[m[K’
           arrow_ = srv.response.arrow;
[01;32m[K                                 ^[m[K
[01m[K/home/kal5-1/cargogo/src/path_provider_ros_tool/src/path_provider/path_provider.cpp:305:11:[m[K [01;31m[Kerror: [m[Kjump to case label [-fpermissive]
      case 2: Eigen::Vector3d exitpoint(6.017, 3.818, 0);
[01;32m[K           ^[m[K
[01m[K/home/kal5-1/cargogo/src/path_provider_ros_tool/src/path_provider/path_provider.cpp:291:57:[m[K [01;36m[Knote: [m[K  crosses initialization of ‘[01m[KEigen::Vector3d detectpoint[m[K’
      case 1: Eigen::Vector3d exitpoint(6.901, 1.21, 0), detectpoint(6.701, 0.744, 0);
[01;32m[K                                                         ^[m[K
[01m[K/home/kal5-1/cargogo/src/path_provider_ros_tool/src/path_provider/path_provider.cpp:291:30:[m[K [01;36m[Knote: [m[K  crosses initialization of ‘[01m[KEigen::Vector3d exitpoint[m[K’
      case 1: Eigen::Vector3d exitpoint(6.901, 1.21, 0), detectpoint(6.701, 0.744, 0);
[01;32m[K                              ^[m[K
[01m[K/home/kal5-1/cargogo/src/path_provider_ros_tool/src/path_provider/path_provider.cpp:305:39:[m[K [01;31m[Kerror: [m[Kredeclaration of ‘[01m[KEigen::Vector3d exitpoint[m[K’
      case 2: Eigen::Vector3d exitpoint(6.017, 3.818, 0);
[01;32m[K                                       ^[m[K
[01m[K/home/kal5-1/cargogo/src/path_provider_ros_tool/src/path_provider/path_provider.cpp:291:30:[m[K [01;36m[Knote: [m[K‘[01m[KEigen::Vector3d exitpoint[m[K’ previously declared here
      case 1: Eigen::Vector3d exitpoint(6.901, 1.21, 0), detectpoint(6.701, 0.744, 0);
[01;32m[K                              ^[m[K
[01m[K/home/kal5-1/cargogo/src/path_provider_ros_tool/src/path_provider/path_provider.cpp:310:11:[m[K [01;31m[Kerror: [m[Kjump to case label [-fpermissive]
      case 3: Eigen::Vector3d exitpoint(8.14, 4.47, 0);
[01;32m[K           ^[m[K
[01m[K/home/kal5-1/cargogo/src/path_provider_ros_tool/src/path_provider/path_provider.cpp:291:57:[m[K [01;36m[Knote: [m[K  crosses initialization of ‘[01m[KEigen::Vector3d detectpoint[m[K’
      case 1: Eigen::Vector3d exitpoint(6.901, 1.21, 0), detectpoint(6.701, 0.744, 0);
[01;32m[K                                                         ^[m[K
[01m[K/home/kal5-1/cargogo/src/path_provider_ros_tool/src/path_provider/path_provider.cpp:291:30:[m[K [01;36m[Knote: [m[K  crosses initialization of ‘[01m[KEigen::Vector3d exitpoint[m[K’
      case 1: Eigen::Vector3d exitpoint(6.901, 1.21, 0), detectpoint(6.701, 0.744, 0);
[01;32m[K                              ^[m[K
[01m[K/home/kal5-1/cargogo/src/path_provider_ros_tool/src/path_provider/path_provider.cpp:310:39:[m[K [01;31m[Kerror: [m[Kredeclaration of ‘[01m[KEigen::Vector3d exitpoint[m[K’
      case 3: Eigen::Vector3d exitpoint(8.14, 4.47, 0);
[01;32m[K                                       ^[m[K
[01m[K/home/kal5-1/cargogo/src/path_provider_ros_tool/src/path_provider/path_provider.cpp:291:30:[m[K [01;36m[Knote: [m[K‘[01m[KEigen::Vector3d exitpoint[m[K’ previously declared here
      case 1: Eigen::Vector3d exitpoint(6.901, 1.21, 0), detectpoint(6.701, 0.744, 0);
[01;32m[K                              ^[m[K
[01m[K/home/kal5-1/cargogo/src/path_provider_ros_tool/src/path_provider/path_provider.cpp:316:11:[m[K [01;31m[Kerror: [m[Kjump to case label [-fpermissive]
      case 4: Eigen::Vector3d exitpoint(9.48, 1.344, 0);
[01;32m[K           ^[m[K
[01m[K/home/kal5-1/cargogo/src/path_provider_ros_tool/src/path_provider/path_provider.cpp:291:57:[m[K [01;36m[Knote: [m[K  crosses initialization of ‘[01m[KEigen::Vector3d detectpoint[m[K’
      case 1: Eigen::Vector3d exitpoint(6.901, 1.21, 0), detectpoint(6.701, 0.744, 0);
[01;32m[K                                                         ^[m[K
[01m[K/home/kal5-1/cargogo/src/path_provider_ros_tool/src/path_provider/path_provider.cpp:291:30:[m[K [01;36m[Knote: [m[K  crosses initialization of ‘[01m[KEigen::Vector3d exitpoint[m[K’
      case 1: Eigen::Vector3d exitpoint(6.901, 1.21, 0), detectpoint(6.701, 0.744, 0);
[01;32m[K                              ^[m[K
[01m[K/home/kal5-1/cargogo/src/path_provider_ros_tool/src/path_provider/path_provider.cpp:316:39:[m[K [01;31m[Kerror: [m[Kredeclaration of ‘[01m[KEigen::Vector3d exitpoint[m[K’
      case 4: Eigen::Vector3d exitpoint(9.48, 1.344, 0);
[01;32m[K                                       ^[m[K
[01m[K/home/kal5-1/cargogo/src/path_provider_ros_tool/src/path_provider/path_provider.cpp:291:30:[m[K [01;36m[Knote: [m[K‘[01m[KEigen::Vector3d exitpoint[m[K’ previously declared here
      case 1: Eigen::Vector3d exitpoint(6.901, 1.21, 0), detectpoint(6.701, 0.744, 0);
[01;32m[K                              ^[m[K
[01m[K/home/kal5-1/cargogo/src/path_provider_ros_tool/src/path_provider/path_provider.cpp:330:19:[m[K [01;31m[Kerror: [m[K‘[01m[Ktraffic_sign_detection_ros_tool::jihuo::Response {aka struct traffic_sign_detection_ros_tool::jihuoResponse_<std::allocator<void> >}[m[K’ has no member named ‘[01m[Kstop[m[K’
  if (srv.response.stop){
[01;32m[K                   ^[m[K
make[2]: *** [CMakeFiles/path_provider_ros_tool-path_provider-nodelet.dir/src/path_provider/path_provider.cpp.o] Error 1
make[2]: *** Waiting for unfinished jobs....
make[1]: *** [CMakeFiles/path_provider_ros_tool-path_provider-nodelet.dir/all] Error 2
make: *** [all] Error 2
