[01m[K/home/kal5-1/cargogo/src/path_provider_ros_tool/src/path_provider/path_provider.cpp:[m[K In constructor ‘[01m[Kpath_provider_ros_tool::PathProvider::PathProvider(ros::NodeHandle, ros::NodeHandle)[m[K’:
[01m[K/home/kal5-1/cargogo/src/path_provider_ros_tool/src/path_provider/path_provider.cpp:119:93:[m[K [01;31m[Kerror: [m[Kno matching function for call to ‘[01m[Kstd::vector<boost::shared_ptr<nav_msgs::Path_<std::allocator<void> > >*>::vector(<brace-enclosed initializer list>)[m[K’
     std::vector<nav_msgs::Path::Ptr*> paths{path_in_1_, path_out_1_, path_in_2_, path_out_2_};
[01;32m[K                                                                                             ^[m[K
In file included from [01m[K/usr/include/c++/5/vector:64:0[m[K,
                 from [01m[K/usr/include/c++/5/bits/random.h:34[m[K,
                 from [01m[K/usr/include/c++/5/random:49[m[K,
                 from [01m[K/usr/include/c++/5/bits/stl_algo.h:66[m[K,
                 from [01m[K/usr/include/c++/5/algorithm:62[m[K,
                 from [01m[K/usr/include/eigen3/Eigen/Core:232[m[K,
                 from [01m[K/usr/include/eigen3/Eigen/Dense:1[m[K,
                 from [01m[K/usr/include/eigen3/Eigen/Eigen:1[m[K,
                 from [01m[K/home/kal5-1/cargogo/src/path_provider_ros_tool/src/path_provider/path_provider.hpp:3[m[K,
                 from [01m[K/home/kal5-1/cargogo/src/path_provider_ros_tool/src/path_provider/path_provider.cpp:1[m[K:
[01m[K/usr/include/c++/5/bits/stl_vector.h:401:9:[m[K [01;36m[Knote: [m[Kcandidate: template<class _InputIterator, class> std::vector<_Tp, _Alloc>::vector(_InputIterator, _InputIterator, const allocator_type&)
         vector(_InputIterator __first, _InputIterator __last,
[01;32m[K         ^[m[K
[01m[K/usr/include/c++/5/bits/stl_vector.h:401:9:[m[K [01;36m[Knote: [m[K  template argument deduction/substitution failed:
[01m[K/home/kal5-1/cargogo/src/path_provider_ros_tool/src/path_provider/path_provider.cpp:119:70:[m[K [01;36m[Knote: [m[K  cannot convert ‘[01m[K((path_provider_ros_tool::PathProvider*)this)->path_provider_ros_tool::PathProvider::path_in_2_[m[K’ (type ‘[01m[Knav_msgs::Path** {aka nav_msgs::Path_<std::allocator<void> >**}[m[K’) to type ‘[01m[Kconst allocator_type& {aka const std::allocator<boost::shared_ptr<nav_msgs::Path_<std::allocator<void> > >*>&}[m[K’
     std::vector<nav_msgs::Path::Ptr*> paths{path_in_1_, path_out_1_, path_in_2_, path_out_2_};
[01;32m[K                                                                      ^[m[K
In file included from [01m[K/usr/include/c++/5/vector:64:0[m[K,
                 from [01m[K/usr/include/c++/5/bits/random.h:34[m[K,
                 from [01m[K/usr/include/c++/5/random:49[m[K,
                 from [01m[K/usr/include/c++/5/bits/stl_algo.h:66[m[K,
                 from [01m[K/usr/include/c++/5/algorithm:62[m[K,
                 from [01m[K/usr/include/eigen3/Eigen/Core:232[m[K,
                 from [01m[K/usr/include/eigen3/Eigen/Dense:1[m[K,
                 from [01m[K/usr/include/eigen3/Eigen/Eigen:1[m[K,
                 from [01m[K/home/kal5-1/cargogo/src/path_provider_ros_tool/src/path_provider/path_provider.hpp:3[m[K,
                 from [01m[K/home/kal5-1/cargogo/src/path_provider_ros_tool/src/path_provider/path_provider.cpp:1[m[K:
[01m[K/usr/include/c++/5/bits/stl_vector.h:373:7:[m[K [01;36m[Knote: [m[Kcandidate: std::vector<_Tp, _Alloc>::vector(std::initializer_list<_Tp>, const allocator_type&) [with _Tp = boost::shared_ptr<nav_msgs::Path_<std::allocator<void> > >*; _Alloc = std::allocator<boost::shared_ptr<nav_msgs::Path_<std::allocator<void> > >*>; std::vector<_Tp, _Alloc>::allocator_type = std::allocator<boost::shared_ptr<nav_msgs::Path_<std::allocator<void> > >*>]
       vector(initializer_list<value_type> __l,
[01;32m[K       ^[m[K
[01m[K/usr/include/c++/5/bits/stl_vector.h:373:7:[m[K [01;36m[Knote: [m[K  candidate expects 2 arguments, 4 provided
[01m[K/usr/include/c++/5/bits/stl_vector.h:348:7:[m[K [01;36m[Knote: [m[Kcandidate: std::vector<_Tp, _Alloc>::vector(std::vector<_Tp, _Alloc>&&, const allocator_type&) [with _Tp = boost::shared_ptr<nav_msgs::Path_<std::allocator<void> > >*; _Alloc = std::allocator<boost::shared_ptr<nav_msgs::Path_<std::allocator<void> > >*>; std::vector<_Tp, _Alloc>::allocator_type = std::allocator<boost::shared_ptr<nav_msgs::Path_<std::allocator<void> > >*>]
       vector(vector&& __rv, const allocator_type& __m)
[01;32m[K       ^[m[K
[01m[K/usr/include/c++/5/bits/stl_vector.h:348:7:[m[K [01;36m[Knote: [m[K  candidate expects 2 arguments, 4 provided
[01m[K/usr/include/c++/5/bits/stl_vector.h:339:7:[m[K [01;36m[Knote: [m[Kcandidate: std::vector<_Tp, _Alloc>::vector(const std::vector<_Tp, _Alloc>&, const allocator_type&) [with _Tp = boost::shared_ptr<nav_msgs::Path_<std::allocator<void> > >*; _Alloc = std::allocator<boost::shared_ptr<nav_msgs::Path_<std::allocator<void> > >*>; std::vector<_Tp, _Alloc>::allocator_type = std::allocator<boost::shared_ptr<nav_msgs::Path_<std::allocator<void> > >*>]
       vector(const vector& __x, const allocator_type& __a)
[01;32m[K       ^[m[K
[01m[K/usr/include/c++/5/bits/stl_vector.h:339:7:[m[K [01;36m[Knote: [m[K  candidate expects 2 arguments, 4 provided
[01m[K/usr/include/c++/5/bits/stl_vector.h:335:7:[m[K [01;36m[Knote: [m[Kcandidate: std::vector<_Tp, _Alloc>::vector(std::vector<_Tp, _Alloc>&&) [with _Tp = boost::shared_ptr<nav_msgs::Path_<std::allocator<void> > >*; _Alloc = std::allocator<boost::shared_ptr<nav_msgs::Path_<std::allocator<void> > >*>]
       vector(vector&& __x) noexcept
[01;32m[K       ^[m[K
[01m[K/usr/include/c++/5/bits/stl_vector.h:335:7:[m[K [01;36m[Knote: [m[K  candidate expects 1 argument, 4 provided
[01m[K/usr/include/c++/5/bits/stl_vector.h:318:7:[m[K [01;36m[Knote: [m[Kcandidate: std::vector<_Tp, _Alloc>::vector(const std::vector<_Tp, _Alloc>&) [with _Tp = boost::shared_ptr<nav_msgs::Path_<std::allocator<void> > >*; _Alloc = std::allocator<boost::shared_ptr<nav_msgs::Path_<std::allocator<void> > >*>]
       vector(const vector& __x)
[01;32m[K       ^[m[K
[01m[K/usr/include/c++/5/bits/stl_vector.h:318:7:[m[K [01;36m[Knote: [m[K  candidate expects 1 argument, 4 provided
[01m[K/usr/include/c++/5/bits/stl_vector.h:289:7:[m[K [01;36m[Knote: [m[Kcandidate: std::vector<_Tp, _Alloc>::vector(std::vector<_Tp, _Alloc>::size_type, const value_type&, const allocator_type&) [with _Tp = boost::shared_ptr<nav_msgs::Path_<std::allocator<void> > >*; _Alloc = std::allocator<boost::shared_ptr<nav_msgs::Path_<std::allocator<void> > >*>; std::vector<_Tp, _Alloc>::size_type = long unsigned int; std::vector<_Tp, _Alloc>::value_type = boost::shared_ptr<nav_msgs::Path_<std::allocator<void> > >*; std::vector<_Tp, _Alloc>::allocator_type = std::allocator<boost::shared_ptr<nav_msgs::Path_<std::allocator<void> > >*>]
       vector(size_type __n, const value_type& __value,
[01;32m[K       ^[m[K
[01m[K/usr/include/c++/5/bits/stl_vector.h:289:7:[m[K [01;36m[Knote: [m[K  candidate expects 3 arguments, 4 provided
[01m[K/usr/include/c++/5/bits/stl_vector.h:277:7:[m[K [01;36m[Knote: [m[Kcandidate: std::vector<_Tp, _Alloc>::vector(std::vector<_Tp, _Alloc>::size_type, const allocator_type&) [with _Tp = boost::shared_ptr<nav_msgs::Path_<std::allocator<void> > >*; _Alloc = std::allocator<boost::shared_ptr<nav_msgs::Path_<std::allocator<void> > >*>; std::vector<_Tp, _Alloc>::size_type = long unsigned int; std::vector<_Tp, _Alloc>::allocator_type = std::allocator<boost::shared_ptr<nav_msgs::Path_<std::allocator<void> > >*>]
       vector(size_type __n, const allocator_type& __a = allocator_type())
[01;32m[K       ^[m[K
[01m[K/usr/include/c++/5/bits/stl_vector.h:277:7:[m[K [01;36m[Knote: [m[K  candidate expects 2 arguments, 4 provided
[01m[K/usr/include/c++/5/bits/stl_vector.h:264:7:[m[K [01;36m[Knote: [m[Kcandidate: std::vector<_Tp, _Alloc>::vector(const allocator_type&) [with _Tp = boost::shared_ptr<nav_msgs::Path_<std::allocator<void> > >*; _Alloc = std::allocator<boost::shared_ptr<nav_msgs::Path_<std::allocator<void> > >*>; std::vector<_Tp, _Alloc>::allocator_type = std::allocator<boost::shared_ptr<nav_msgs::Path_<std::allocator<void> > >*>]
       vector(const allocator_type& __a) _GLIBCXX_NOEXCEPT
[01;32m[K       ^[m[K
[01m[K/usr/include/c++/5/bits/stl_vector.h:264:7:[m[K [01;36m[Knote: [m[K  candidate expects 1 argument, 4 provided
[01m[K/usr/include/c++/5/bits/stl_vector.h:253:7:[m[K [01;36m[Knote: [m[Kcandidate: std::vector<_Tp, _Alloc>::vector() [with _Tp = boost::shared_ptr<nav_msgs::Path_<std::allocator<void> > >*; _Alloc = std::allocator<boost::shared_ptr<nav_msgs::Path_<std::allocator<void> > >*>]
       vector()
[01;32m[K       ^[m[K
[01m[K/usr/include/c++/5/bits/stl_vector.h:253:7:[m[K [01;36m[Knote: [m[K  candidate expects 0 arguments, 4 provided
[01m[K/home/kal5-1/cargogo/src/path_provider_ros_tool/src/path_provider/path_provider.cpp:[m[K In member function ‘[01m[Kvoid path_provider_ros_tool::PathProvider::PathDispatcherCallback(const ros::TimerEvent&)[m[K’:
[01m[K/home/kal5-1/cargogo/src/path_provider_ros_tool/src/path_provider/path_provider.cpp:347:90:[m[K [01;31m[Kerror: [m[Kno matching function for call to ‘[01m[Kstd::vector<boost::shared_ptr<nav_msgs::Path_<std::allocator<void> > >*>::vector(<brace-enclosed initializer list>)[m[K’
  std::vector<nav_msgs::Path::Ptr*> paths{path_in_1_, path_out_1_, path_in_2_, path_out_2_};
[01;32m[K                                                                                          ^[m[K
In file included from [01m[K/usr/include/c++/5/vector:64:0[m[K,
                 from [01m[K/usr/include/c++/5/bits/random.h:34[m[K,
                 from [01m[K/usr/include/c++/5/random:49[m[K,
                 from [01m[K/usr/include/c++/5/bits/stl_algo.h:66[m[K,
                 from [01m[K/usr/include/c++/5/algorithm:62[m[K,
                 from [01m[K/usr/include/eigen3/Eigen/Core:232[m[K,
                 from [01m[K/usr/include/eigen3/Eigen/Dense:1[m[K,
                 from [01m[K/usr/include/eigen3/Eigen/Eigen:1[m[K,
                 from [01m[K/home/kal5-1/cargogo/src/path_provider_ros_tool/src/path_provider/path_provider.hpp:3[m[K,
                 from [01m[K/home/kal5-1/cargogo/src/path_provider_ros_tool/src/path_provider/path_provider.cpp:1[m[K:
[01m[K/usr/include/c++/5/bits/stl_vector.h:401:9:[m[K [01;36m[Knote: [m[Kcandidate: template<class _InputIterator, class> std::vector<_Tp, _Alloc>::vector(_InputIterator, _InputIterator, const allocator_type&)
         vector(_InputIterator __first, _InputIterator __last,
[01;32m[K         ^[m[K
[01m[K/usr/include/c++/5/bits/stl_vector.h:401:9:[m[K [01;36m[Knote: [m[K  template argument deduction/substitution failed:
[01m[K/home/kal5-1/cargogo/src/path_provider_ros_tool/src/path_provider/path_provider.cpp:347:67:[m[K [01;36m[Knote: [m[K  cannot convert ‘[01m[K((path_provider_ros_tool::PathProvider*)this)->path_provider_ros_tool::PathProvider::path_in_2_[m[K’ (type ‘[01m[Knav_msgs::Path** {aka nav_msgs::Path_<std::allocator<void> >**}[m[K’) to type ‘[01m[Kconst allocator_type& {aka const std::allocator<boost::shared_ptr<nav_msgs::Path_<std::allocator<void> > >*>&}[m[K’
  std::vector<nav_msgs::Path::Ptr*> paths{path_in_1_, path_out_1_, path_in_2_, path_out_2_};
[01;32m[K                                                                   ^[m[K
In file included from [01m[K/usr/include/c++/5/vector:64:0[m[K,
                 from [01m[K/usr/include/c++/5/bits/random.h:34[m[K,
                 from [01m[K/usr/include/c++/5/random:49[m[K,
                 from [01m[K/usr/include/c++/5/bits/stl_algo.h:66[m[K,
                 from [01m[K/usr/include/c++/5/algorithm:62[m[K,
                 from [01m[K/usr/include/eigen3/Eigen/Core:232[m[K,
                 from [01m[K/usr/include/eigen3/Eigen/Dense:1[m[K,
                 from [01m[K/usr/include/eigen3/Eigen/Eigen:1[m[K,
                 from [01m[K/home/kal5-1/cargogo/src/path_provider_ros_tool/src/path_provider/path_provider.hpp:3[m[K,
                 from [01m[K/home/kal5-1/cargogo/src/path_provider_ros_tool/src/path_provider/path_provider.cpp:1[m[K:
[01m[K/usr/include/c++/5/bits/stl_vector.h:373:7:[m[K [01;36m[Knote: [m[Kcandidate: std::vector<_Tp, _Alloc>::vector(std::initializer_list<_Tp>, const allocator_type&) [with _Tp = boost::shared_ptr<nav_msgs::Path_<std::allocator<void> > >*; _Alloc = std::allocator<boost::shared_ptr<nav_msgs::Path_<std::allocator<void> > >*>; std::vector<_Tp, _Alloc>::allocator_type = std::allocator<boost::shared_ptr<nav_msgs::Path_<std::allocator<void> > >*>]
       vector(initializer_list<value_type> __l,
[01;32m[K       ^[m[K
[01m[K/usr/include/c++/5/bits/stl_vector.h:373:7:[m[K [01;36m[Knote: [m[K  candidate expects 2 arguments, 4 provided
[01m[K/usr/include/c++/5/bits/stl_vector.h:348:7:[m[K [01;36m[Knote: [m[Kcandidate: std::vector<_Tp, _Alloc>::vector(std::vector<_Tp, _Alloc>&&, const allocator_type&) [with _Tp = boost::shared_ptr<nav_msgs::Path_<std::allocator<void> > >*; _Alloc = std::allocator<boost::shared_ptr<nav_msgs::Path_<std::allocator<void> > >*>; std::vector<_Tp, _Alloc>::allocator_type = std::allocator<boost::shared_ptr<nav_msgs::Path_<std::allocator<void> > >*>]
       vector(vector&& __rv, const allocator_type& __m)
[01;32m[K       ^[m[K
[01m[K/usr/include/c++/5/bits/stl_vector.h:348:7:[m[K [01;36m[Knote: [m[K  candidate expects 2 arguments, 4 provided
[01m[K/usr/include/c++/5/bits/stl_vector.h:339:7:[m[K [01;36m[Knote: [m[Kcandidate: std::vector<_Tp, _Alloc>::vector(const std::vector<_Tp, _Alloc>&, const allocator_type&) [with _Tp = boost::shared_ptr<nav_msgs::Path_<std::allocator<void> > >*; _Alloc = std::allocator<boost::shared_ptr<nav_msgs::Path_<std::allocator<void> > >*>; std::vector<_Tp, _Alloc>::allocator_type = std::allocator<boost::shared_ptr<nav_msgs::Path_<std::allocator<void> > >*>]
       vector(const vector& __x, const allocator_type& __a)
[01;32m[K       ^[m[K
[01m[K/usr/include/c++/5/bits/stl_vector.h:339:7:[m[K [01;36m[Knote: [m[K  candidate expects 2 arguments, 4 provided
[01m[K/usr/include/c++/5/bits/stl_vector.h:335:7:[m[K [01;36m[Knote: [m[Kcandidate: std::vector<_Tp, _Alloc>::vector(std::vector<_Tp, _Alloc>&&) [with _Tp = boost::shared_ptr<nav_msgs::Path_<std::allocator<void> > >*; _Alloc = std::allocator<boost::shared_ptr<nav_msgs::Path_<std::allocator<void> > >*>]
       vector(vector&& __x) noexcept
[01;32m[K       ^[m[K
[01m[K/usr/include/c++/5/bits/stl_vector.h:335:7:[m[K [01;36m[Knote: [m[K  candidate expects 1 argument, 4 provided
[01m[K/usr/include/c++/5/bits/stl_vector.h:318:7:[m[K [01;36m[Knote: [m[Kcandidate: std::vector<_Tp, _Alloc>::vector(const std::vector<_Tp, _Alloc>&) [with _Tp = boost::shared_ptr<nav_msgs::Path_<std::allocator<void> > >*; _Alloc = std::allocator<boost::shared_ptr<nav_msgs::Path_<std::allocator<void> > >*>]
       vector(const vector& __x)
[01;32m[K       ^[m[K
[01m[K/usr/include/c++/5/bits/stl_vector.h:318:7:[m[K [01;36m[Knote: [m[K  candidate expects 1 argument, 4 provided
[01m[K/usr/include/c++/5/bits/stl_vector.h:289:7:[m[K [01;36m[Knote: [m[Kcandidate: std::vector<_Tp, _Alloc>::vector(std::vector<_Tp, _Alloc>::size_type, const value_type&, const allocator_type&) [with _Tp = boost::shared_ptr<nav_msgs::Path_<std::allocator<void> > >*; _Alloc = std::allocator<boost::shared_ptr<nav_msgs::Path_<std::allocator<void> > >*>; std::vector<_Tp, _Alloc>::size_type = long unsigned int; std::vector<_Tp, _Alloc>::value_type = boost::shared_ptr<nav_msgs::Path_<std::allocator<void> > >*; std::vector<_Tp, _Alloc>::allocator_type = std::allocator<boost::shared_ptr<nav_msgs::Path_<std::allocator<void> > >*>]
       vector(size_type __n, const value_type& __value,
[01;32m[K       ^[m[K
[01m[K/usr/include/c++/5/bits/stl_vector.h:289:7:[m[K [01;36m[Knote: [m[K  candidate expects 3 arguments, 4 provided
[01m[K/usr/include/c++/5/bits/stl_vector.h:277:7:[m[K [01;36m[Knote: [m[Kcandidate: std::vector<_Tp, _Alloc>::vector(std::vector<_Tp, _Alloc>::size_type, const allocator_type&) [with _Tp = boost::shared_ptr<nav_msgs::Path_<std::allocator<void> > >*; _Alloc = std::allocator<boost::shared_ptr<nav_msgs::Path_<std::allocator<void> > >*>; std::vector<_Tp, _Alloc>::size_type = long unsigned int; std::vector<_Tp, _Alloc>::allocator_type = std::allocator<boost::shared_ptr<nav_msgs::Path_<std::allocator<void> > >*>]
       vector(size_type __n, const allocator_type& __a = allocator_type())
[01;32m[K       ^[m[K
[01m[K/usr/include/c++/5/bits/stl_vector.h:277:7:[m[K [01;36m[Knote: [m[K  candidate expects 2 arguments, 4 provided
[01m[K/usr/include/c++/5/bits/stl_vector.h:264:7:[m[K [01;36m[Knote: [m[Kcandidate: std::vector<_Tp, _Alloc>::vector(const allocator_type&) [with _Tp = boost::shared_ptr<nav_msgs::Path_<std::allocator<void> > >*; _Alloc = std::allocator<boost::shared_ptr<nav_msgs::Path_<std::allocator<void> > >*>; std::vector<_Tp, _Alloc>::allocator_type = std::allocator<boost::shared_ptr<nav_msgs::Path_<std::allocator<void> > >*>]
       vector(const allocator_type& __a) _GLIBCXX_NOEXCEPT
[01;32m[K       ^[m[K
[01m[K/usr/include/c++/5/bits/stl_vector.h:264:7:[m[K [01;36m[Knote: [m[K  candidate expects 1 argument, 4 provided
[01m[K/usr/include/c++/5/bits/stl_vector.h:253:7:[m[K [01;36m[Knote: [m[Kcandidate: std::vector<_Tp, _Alloc>::vector() [with _Tp = boost::shared_ptr<nav_msgs::Path_<std::allocator<void> > >*; _Alloc = std::allocator<boost::shared_ptr<nav_msgs::Path_<std::allocator<void> > >*>]
       vector()
[01;32m[K       ^[m[K
[01m[K/usr/include/c++/5/bits/stl_vector.h:253:7:[m[K [01;36m[Knote: [m[K  candidate expects 0 arguments, 4 provided
[01m[K/home/kal5-1/cargogo/src/path_provider_ros_tool/src/path_provider/path_provider.cpp:350:10:[m[K [01;31m[Kerror: [m[Kcannot convert ‘[01m[Kboost::shared_ptr<nav_msgs::Path_<std::allocator<void> > >[m[K’ to ‘[01m[Knav_msgs::Path* {aka nav_msgs::Path_<std::allocator<void> >*}[m[K’ in assignment
    path_ = paths[n][state_[n] - 1];
[01;32m[K          ^[m[K
In file included from [01m[K/opt/ros/kinetic/include/ros/publisher.h:34:0[m[K,
                 from [01m[K/opt/ros/kinetic/include/ros/node_handle.h:32[m[K,
                 from [01m[K/opt/ros/kinetic/include/dynamic_reconfigure/server.h:50[m[K,
                 from [01m[K/home/kal5-1/cargogo/src/path_provider_ros_tool/src/path_provider/path_provider.hpp:4[m[K,
                 from [01m[K/home/kal5-1/cargogo/src/path_provider_ros_tool/src/path_provider/path_provider.cpp:1[m[K:
/opt/ros/kinetic/include/ros/serialization.h: In instantiation of ‘[01m[Kstatic uint32_t ros::serialization::Serializer<T>::serializedLength(typename boost::call_traits<T>::param_type) [with T = nav_msgs::Path_<std::allocator<void> >*; uint32_t = unsigned int; typename boost::call_traits<T>::param_type = nav_msgs::Path_<std::allocator<void> >* const][m[K’:
[01m[K/opt/ros/kinetic/include/ros/serialization.h:172:41:[m[K   required from ‘[01m[Kuint32_t ros::serialization::serializationLength(const T&) [with T = nav_msgs::Path_<std::allocator<void> >*; uint32_t = unsigned int][m[K’
[01m[K/opt/ros/kinetic/include/ros/serialization.h:848:37:[m[K   required from ‘[01m[Kros::SerializedMessage ros::serialization::serializeMessage(const M&) [with M = nav_msgs::Path_<std::allocator<void> >*][m[K’
[01m[K/opt/ros/kinetic/include/ros/publisher.h:118:26:[m[K   required from ‘[01m[Kvoid ros::Publisher::publish(const M&) const [with M = nav_msgs::Path_<std::allocator<void> >*][m[K’
[01m[K/home/kal5-1/cargogo/src/path_provider_ros_tool/src/path_provider/path_provider.cpp:460:34:[m[K   required from here
[01m[K/opt/ros/kinetic/include/ros/serialization.h:144:34:[m[K [01;31m[Kerror: [m[Krequest for member ‘[01m[KserializationLength[m[K’ in ‘[01m[Kt[m[K’, which is of pointer type ‘[01m[Kboost::call_traits<nav_msgs::Path_<std::allocator<void> >*>::param_type {aka nav_msgs::Path_<std::allocator<void> >* const}[m[K’ (maybe you meant to use ‘[01m[K->[m[K’ ?)
     return t.serializationLength();
[01;32m[K                                  ^[m[K
/opt/ros/kinetic/include/ros/serialization.h: In instantiation of ‘[01m[Kstatic void ros::serialization::Serializer<T>::write(Stream&, typename boost::call_traits<T>::param_type) [with Stream = ros::serialization::OStream; T = nav_msgs::Path_<std::allocator<void> >*; typename boost::call_traits<T>::param_type = nav_msgs::Path_<std::allocator<void> >* const][m[K’:
[01m[K/opt/ros/kinetic/include/ros/serialization.h:154:23:[m[K   required from ‘[01m[Kvoid ros::serialization::serialize(Stream&, const T&) [with T = nav_msgs::Path_<std::allocator<void> >*; Stream = ros::serialization::OStream][m[K’
[01m[K/opt/ros/kinetic/include/ros/serialization.h:855:12:[m[K   required from ‘[01m[Kros::SerializedMessage ros::serialization::serializeMessage(const M&) [with M = nav_msgs::Path_<std::allocator<void> >*][m[K’
[01m[K/opt/ros/kinetic/include/ros/publisher.h:118:26:[m[K   required from ‘[01m[Kvoid ros::Publisher::publish(const M&) const [with M = nav_msgs::Path_<std::allocator<void> >*][m[K’
[01m[K/home/kal5-1/cargogo/src/path_provider_ros_tool/src/path_provider/path_provider.cpp:460:34:[m[K   required from here
[01m[K/opt/ros/kinetic/include/ros/serialization.h:127:5:[m[K [01;31m[Kerror: [m[Krequest for member ‘[01m[Kserialize[m[K’ in ‘[01m[Kt[m[K’, which is of pointer type ‘[01m[Kboost::call_traits<nav_msgs::Path_<std::allocator<void> >*>::param_type {aka nav_msgs::Path_<std::allocator<void> >* const}[m[K’ (maybe you meant to use ‘[01m[K->[m[K’ ?)
     t.serialize(stream.getData(), 0);
[01;32m[K     ^[m[K
make[2]: *** [CMakeFiles/path_provider_ros_tool-path_provider-nodelet.dir/src/path_provider/path_provider.cpp.o] Error 1
make[2]: *** Waiting for unfinished jobs....
make[1]: *** [CMakeFiles/path_provider_ros_tool-path_provider-nodelet.dir/all] Error 2
make: *** [all] Error 2
