[  0%] Built target roscpp_generate_messages_cpp
[  0%] Built target sensor_msgs_generate_messages_eus
[  0%] Built target sensor_msgs_generate_messages_nodejs
[  0%] Built target std_msgs_generate_messages_cpp
[  0%] Built target actionlib_generate_messages_nodejs
[  0%] Built target actionlib_msgs_generate_messages_cpp
[  0%] Built target pcl_msgs_generate_messages_eus
[  0%] Built target rosgraph_msgs_generate_messages_cpp
[  0%] Built target nodelet_topic_tools_gencfg
[  0%] Built target tf2_msgs_generate_messages_nodejs
[  0%] Built target bond_generate_messages_lisp
[  0%] Built target nodelet_generate_messages_eus
[  0%] Built target topic_tools_generate_messages_cpp
[  0%] Built target topic_tools_generate_messages_eus
[  0%] Built target bond_generate_messages_eus
[  0%] Built target roscpp_generate_messages_eus
[  0%] Built target roscpp_generate_messages_py
[  0%] Built target nodelet_generate_messages_lisp
[  0%] Built target std_msgs_generate_messages_lisp
[  0%] Built target pcl_msgs_generate_messages_py
[  0%] Built target bond_generate_messages_nodejs
[  0%] Built target dynamic_reconfigure_generate_messages_eus
[  0%] Built target nodelet_generate_messages_nodejs
[  0%] Built target pcl_msgs_generate_messages_nodejs
[  0%] Built target std_srvs_generate_messages_nodejs
[  0%] Built target bond_generate_messages_py
[  0%] Built target std_srvs_generate_messages_lisp
[  0%] Built target dynamic_reconfigure_generate_messages_cpp
[  0%] Built target tf_generate_messages_lisp
[  0%] Built target rosgraph_msgs_generate_messages_lisp
[  0%] Built target std_srvs_generate_messages_eus
[  0%] Built target tf_generate_messages_cpp
[  0%] Built target dynamic_reconfigure_gencfg
[  0%] Built target pcl_msgs_generate_messages_lisp
[  0%] Built target roscpp_generate_messages_lisp
[  0%] Built target dynamic_reconfigure_generate_messages_lisp
[  0%] Built target tf_generate_messages_nodejs
[  0%] Built target std_srvs_generate_messages_py
[  0%] Built target bond_generate_messages_cpp
[  0%] Built target dynamic_reconfigure_generate_messages_nodejs
[  0%] Built target rosgraph_msgs_generate_messages_eus
[  0%] Built target std_msgs_generate_messages_py
[  0%] Built target std_msgs_generate_messages_nodejs
[  0%] Built target geometry_msgs_generate_messages_lisp
[  0%] Built target geometry_msgs_generate_messages_py
[  0%] Built target sensor_msgs_generate_messages_cpp
[  0%] Built target nodelet_generate_messages_cpp
[  0%] Built target roscpp_generate_messages_nodejs
[  0%] Built target sensor_msgs_generate_messages_py
[  0%] Built target rosgraph_msgs_generate_messages_py
[  0%] Built target actionlib_generate_messages_cpp
[  0%] Built target geometry_msgs_generate_messages_cpp
[  0%] Built target geometry_msgs_generate_messages_eus
[  0%] Built target tf2_msgs_generate_messages_eus
[  0%] Built target geometry_msgs_generate_messages_nodejs
[  0%] Built target pcl_msgs_generate_messages_cpp
[  0%] Built target std_srvs_generate_messages_cpp
[  0%] Built target topic_tools_generate_messages_lisp
[  0%] Built target sensor_msgs_generate_messages_lisp
[  0%] Built target topic_tools_generate_messages_nodejs
[  0%] Built target topic_tools_generate_messages_py
[  0%] Built target actionlib_msgs_generate_messages_nodejs
[  0%] Built target tf2_msgs_generate_messages_py
[  0%] Built target tf_generate_messages_eus
[  0%] Built target tf_generate_messages_py
[  0%] Built target rosgraph_msgs_generate_messages_nodejs
[  0%] Built target std_msgs_generate_messages_eus
[  0%] Built target actionlib_msgs_generate_messages_eus
[  0%] Built target actionlib_generate_messages_eus
[  0%] Built target actionlib_generate_messages_lisp
[  0%] Built target dynamic_reconfigure_generate_messages_py
[  0%] Built target actionlib_generate_messages_py
[  0%] Built target actionlib_msgs_generate_messages_lisp
[  0%] Built target actionlib_msgs_generate_messages_py
[  0%] Built target tf2_msgs_generate_messages_cpp
[  0%] Built target tf2_msgs_generate_messages_lisp
[  0%] Built target nodelet_generate_messages_py
[ 20%] Built target pcl_ros_gencfg
[ 23%] Built target convert_pointcloud_to_image
[ 26%] Built target pcd_to_pointcloud
[ 30%] Built target convert_pcd_to_image
[ 33%] Built target pointcloud_to_pcd
[ 36%] Built target pcl_ros_tf
Checking md5sum on /home/kal5-1/cargogo/src/perception_pcl/pcl_ros/samples/data/table_scene_lms400.pcd
[ 36%] Built target table_scene_lms400.pcd
[ 42%] Built target pcl_ros_surface
[ 46%] Built target bag_to_pcd
[ 66%] Built target pcl_ros_features
[ 76%] Built target pcl_ros_io
[ 85%] Built target pcl_ros_segmentation
[ 85%] Built target download_extra_data
[ 85%] Built target download
[100%] Built target pcl_ros_filters
