Linked: (/home/kal5-1/cargogo/devel/.private/pcl_ros/share/pcl_ros/docs/CropBoxConfig-usage.dox, /home/kal5-1/cargogo/devel/share/pcl_ros/docs/CropBoxConfig-usage.dox)
Linked: (/home/kal5-1/cargogo/devel/.private/pcl_ros/share/pcl_ros/docs/SACSegmentationConfig.wikidoc, /home/kal5-1/cargogo/devel/share/pcl_ros/docs/SACSegmentationConfig.wikidoc)
Linked: (/home/kal5-1/cargogo/devel/.private/pcl_ros/share/pcl_ros/docs/ExtractPolygonalPrismDataConfig.wikidoc, /home/kal5-1/cargogo/devel/share/pcl_ros/docs/ExtractPolygonalPrismDataConfig.wikidoc)
Linked: (/home/kal5-1/cargogo/devel/.private/pcl_ros/share/pcl_ros/docs/FeatureConfig.dox, /home/kal5-1/cargogo/devel/share/pcl_ros/docs/FeatureConfig.dox)
Linked: (/home/kal5-1/cargogo/devel/.private/pcl_ros/share/pcl_ros/docs/SACSegmentationFromNormalsConfig.dox, /home/kal5-1/cargogo/devel/share/pcl_ros/docs/SACSegmentationFromNormalsConfig.dox)
Linked: (/home/kal5-1/cargogo/devel/.private/pcl_ros/share/pcl_ros/docs/RadiusOutlierRemovalConfig.wikidoc, /home/kal5-1/cargogo/devel/share/pcl_ros/docs/RadiusOutlierRemovalConfig.wikidoc)
Linked: (/home/kal5-1/cargogo/devel/.private/pcl_ros/share/pcl_ros/docs/SACSegmentationFromNormalsConfig.wikidoc, /home/kal5-1/cargogo/devel/share/pcl_ros/docs/SACSegmentationFromNormalsConfig.wikidoc)
Linked: (/home/kal5-1/cargogo/devel/.private/pcl_ros/share/pcl_ros/docs/VoxelGridConfig.dox, /home/kal5-1/cargogo/devel/share/pcl_ros/docs/VoxelGridConfig.dox)
Linked: (/home/kal5-1/cargogo/devel/.private/pcl_ros/share/pcl_ros/docs/ExtractIndicesConfig-usage.dox, /home/kal5-1/cargogo/devel/share/pcl_ros/docs/ExtractIndicesConfig-usage.dox)
Linked: (/home/kal5-1/cargogo/devel/.private/pcl_ros/share/pcl_ros/docs/StatisticalOutlierRemovalConfig.dox, /home/kal5-1/cargogo/devel/share/pcl_ros/docs/StatisticalOutlierRemovalConfig.dox)
Linked: (/home/kal5-1/cargogo/devel/.private/pcl_ros/share/pcl_ros/docs/FilterConfig-usage.dox, /home/kal5-1/cargogo/devel/share/pcl_ros/docs/FilterConfig-usage.dox)
Linked: (/home/kal5-1/cargogo/devel/.private/pcl_ros/share/pcl_ros/docs/FeatureConfig-usage.dox, /home/kal5-1/cargogo/devel/share/pcl_ros/docs/FeatureConfig-usage.dox)
Linked: (/home/kal5-1/cargogo/devel/.private/pcl_ros/share/pcl_ros/docs/CropBoxConfig.wikidoc, /home/kal5-1/cargogo/devel/share/pcl_ros/docs/CropBoxConfig.wikidoc)
Linked: (/home/kal5-1/cargogo/devel/.private/pcl_ros/share/pcl_ros/docs/FeatureConfig.wikidoc, /home/kal5-1/cargogo/devel/share/pcl_ros/docs/FeatureConfig.wikidoc)
Linked: (/home/kal5-1/cargogo/devel/.private/pcl_ros/share/pcl_ros/docs/SACSegmentationConfig-usage.dox, /home/kal5-1/cargogo/devel/share/pcl_ros/docs/SACSegmentationConfig-usage.dox)
Linked: (/home/kal5-1/cargogo/devel/.private/pcl_ros/share/pcl_ros/docs/SegmentDifferencesConfig.wikidoc, /home/kal5-1/cargogo/devel/share/pcl_ros/docs/SegmentDifferencesConfig.wikidoc)
Linked: (/home/kal5-1/cargogo/devel/.private/pcl_ros/share/pcl_ros/docs/MLSConfig-usage.dox, /home/kal5-1/cargogo/devel/share/pcl_ros/docs/MLSConfig-usage.dox)
Linked: (/home/kal5-1/cargogo/devel/.private/pcl_ros/share/pcl_ros/docs/FilterConfig.dox, /home/kal5-1/cargogo/devel/share/pcl_ros/docs/FilterConfig.dox)
Linked: (/home/kal5-1/cargogo/devel/.private/pcl_ros/share/pcl_ros/docs/ExtractIndicesConfig.dox, /home/kal5-1/cargogo/devel/share/pcl_ros/docs/ExtractIndicesConfig.dox)
Linked: (/home/kal5-1/cargogo/devel/.private/pcl_ros/share/pcl_ros/docs/StatisticalOutlierRemovalConfig.wikidoc, /home/kal5-1/cargogo/devel/share/pcl_ros/docs/StatisticalOutlierRemovalConfig.wikidoc)
Linked: (/home/kal5-1/cargogo/devel/.private/pcl_ros/share/pcl_ros/docs/MLSConfig.dox, /home/kal5-1/cargogo/devel/share/pcl_ros/docs/MLSConfig.dox)
Linked: (/home/kal5-1/cargogo/devel/.private/pcl_ros/share/pcl_ros/docs/CropBoxConfig.dox, /home/kal5-1/cargogo/devel/share/pcl_ros/docs/CropBoxConfig.dox)
Linked: (/home/kal5-1/cargogo/devel/.private/pcl_ros/share/pcl_ros/docs/RadiusOutlierRemovalConfig-usage.dox, /home/kal5-1/cargogo/devel/share/pcl_ros/docs/RadiusOutlierRemovalConfig-usage.dox)
Linked: (/home/kal5-1/cargogo/devel/.private/pcl_ros/share/pcl_ros/docs/ExtractIndicesConfig.wikidoc, /home/kal5-1/cargogo/devel/share/pcl_ros/docs/ExtractIndicesConfig.wikidoc)
Linked: (/home/kal5-1/cargogo/devel/.private/pcl_ros/share/pcl_ros/docs/ExtractPolygonalPrismDataConfig.dox, /home/kal5-1/cargogo/devel/share/pcl_ros/docs/ExtractPolygonalPrismDataConfig.dox)
Linked: (/home/kal5-1/cargogo/devel/.private/pcl_ros/share/pcl_ros/docs/SegmentDifferencesConfig-usage.dox, /home/kal5-1/cargogo/devel/share/pcl_ros/docs/SegmentDifferencesConfig-usage.dox)
Linked: (/home/kal5-1/cargogo/devel/.private/pcl_ros/share/pcl_ros/docs/VoxelGridConfig.wikidoc, /home/kal5-1/cargogo/devel/share/pcl_ros/docs/VoxelGridConfig.wikidoc)
Linked: (/home/kal5-1/cargogo/devel/.private/pcl_ros/share/pcl_ros/docs/EuclideanClusterExtractionConfig.dox, /home/kal5-1/cargogo/devel/share/pcl_ros/docs/EuclideanClusterExtractionConfig.dox)
Linked: (/home/kal5-1/cargogo/devel/.private/pcl_ros/share/pcl_ros/docs/VoxelGridConfig-usage.dox, /home/kal5-1/cargogo/devel/share/pcl_ros/docs/VoxelGridConfig-usage.dox)
Linked: (/home/kal5-1/cargogo/devel/.private/pcl_ros/share/pcl_ros/docs/RadiusOutlierRemovalConfig.dox, /home/kal5-1/cargogo/devel/share/pcl_ros/docs/RadiusOutlierRemovalConfig.dox)
Linked: (/home/kal5-1/cargogo/devel/.private/pcl_ros/share/pcl_ros/docs/EuclideanClusterExtractionConfig.wikidoc, /home/kal5-1/cargogo/devel/share/pcl_ros/docs/EuclideanClusterExtractionConfig.wikidoc)
Linked: (/home/kal5-1/cargogo/devel/.private/pcl_ros/share/pcl_ros/docs/SACSegmentationFromNormalsConfig-usage.dox, /home/kal5-1/cargogo/devel/share/pcl_ros/docs/SACSegmentationFromNormalsConfig-usage.dox)
Linked: (/home/kal5-1/cargogo/devel/.private/pcl_ros/share/pcl_ros/docs/EuclideanClusterExtractionConfig-usage.dox, /home/kal5-1/cargogo/devel/share/pcl_ros/docs/EuclideanClusterExtractionConfig-usage.dox)
Linked: (/home/kal5-1/cargogo/devel/.private/pcl_ros/share/pcl_ros/docs/ExtractPolygonalPrismDataConfig-usage.dox, /home/kal5-1/cargogo/devel/share/pcl_ros/docs/ExtractPolygonalPrismDataConfig-usage.dox)
Linked: (/home/kal5-1/cargogo/devel/.private/pcl_ros/share/pcl_ros/docs/FilterConfig.wikidoc, /home/kal5-1/cargogo/devel/share/pcl_ros/docs/FilterConfig.wikidoc)
Linked: (/home/kal5-1/cargogo/devel/.private/pcl_ros/share/pcl_ros/docs/StatisticalOutlierRemovalConfig-usage.dox, /home/kal5-1/cargogo/devel/share/pcl_ros/docs/StatisticalOutlierRemovalConfig-usage.dox)
Linked: (/home/kal5-1/cargogo/devel/.private/pcl_ros/share/pcl_ros/docs/SACSegmentationConfig.dox, /home/kal5-1/cargogo/devel/share/pcl_ros/docs/SACSegmentationConfig.dox)
Linked: (/home/kal5-1/cargogo/devel/.private/pcl_ros/share/pcl_ros/docs/MLSConfig.wikidoc, /home/kal5-1/cargogo/devel/share/pcl_ros/docs/MLSConfig.wikidoc)
Linked: (/home/kal5-1/cargogo/devel/.private/pcl_ros/share/pcl_ros/docs/SegmentDifferencesConfig.dox, /home/kal5-1/cargogo/devel/share/pcl_ros/docs/SegmentDifferencesConfig.dox)
Linked: (/home/kal5-1/cargogo/devel/.private/pcl_ros/share/pcl_ros/cmake/pcl_rosConfig-version.cmake, /home/kal5-1/cargogo/devel/share/pcl_ros/cmake/pcl_rosConfig-version.cmake)
Linked: (/home/kal5-1/cargogo/devel/.private/pcl_ros/share/pcl_ros/cmake/pcl_rosConfig.cmake, /home/kal5-1/cargogo/devel/share/pcl_ros/cmake/pcl_rosConfig.cmake)
Linked: (/home/kal5-1/cargogo/devel/.private/pcl_ros/include/pcl_ros/StatisticalOutlierRemovalConfig.h, /home/kal5-1/cargogo/devel/include/pcl_ros/StatisticalOutlierRemovalConfig.h)
Linked: (/home/kal5-1/cargogo/devel/.private/pcl_ros/include/pcl_ros/SegmentDifferencesConfig.h, /home/kal5-1/cargogo/devel/include/pcl_ros/SegmentDifferencesConfig.h)
Linked: (/home/kal5-1/cargogo/devel/.private/pcl_ros/include/pcl_ros/ExtractPolygonalPrismDataConfig.h, /home/kal5-1/cargogo/devel/include/pcl_ros/ExtractPolygonalPrismDataConfig.h)
Linked: (/home/kal5-1/cargogo/devel/.private/pcl_ros/include/pcl_ros/FilterConfig.h, /home/kal5-1/cargogo/devel/include/pcl_ros/FilterConfig.h)
Linked: (/home/kal5-1/cargogo/devel/.private/pcl_ros/include/pcl_ros/EuclideanClusterExtractionConfig.h, /home/kal5-1/cargogo/devel/include/pcl_ros/EuclideanClusterExtractionConfig.h)
Linked: (/home/kal5-1/cargogo/devel/.private/pcl_ros/include/pcl_ros/FeatureConfig.h, /home/kal5-1/cargogo/devel/include/pcl_ros/FeatureConfig.h)
Linked: (/home/kal5-1/cargogo/devel/.private/pcl_ros/include/pcl_ros/SACSegmentationFromNormalsConfig.h, /home/kal5-1/cargogo/devel/include/pcl_ros/SACSegmentationFromNormalsConfig.h)
Linked: (/home/kal5-1/cargogo/devel/.private/pcl_ros/include/pcl_ros/VoxelGridConfig.h, /home/kal5-1/cargogo/devel/include/pcl_ros/VoxelGridConfig.h)
Linked: (/home/kal5-1/cargogo/devel/.private/pcl_ros/include/pcl_ros/RadiusOutlierRemovalConfig.h, /home/kal5-1/cargogo/devel/include/pcl_ros/RadiusOutlierRemovalConfig.h)
Linked: (/home/kal5-1/cargogo/devel/.private/pcl_ros/include/pcl_ros/SACSegmentationConfig.h, /home/kal5-1/cargogo/devel/include/pcl_ros/SACSegmentationConfig.h)
Linked: (/home/kal5-1/cargogo/devel/.private/pcl_ros/include/pcl_ros/CropBoxConfig.h, /home/kal5-1/cargogo/devel/include/pcl_ros/CropBoxConfig.h)
Linked: (/home/kal5-1/cargogo/devel/.private/pcl_ros/include/pcl_ros/MLSConfig.h, /home/kal5-1/cargogo/devel/include/pcl_ros/MLSConfig.h)
Linked: (/home/kal5-1/cargogo/devel/.private/pcl_ros/include/pcl_ros/ExtractIndicesConfig.h, /home/kal5-1/cargogo/devel/include/pcl_ros/ExtractIndicesConfig.h)
Linked: (/home/kal5-1/cargogo/devel/.private/pcl_ros/lib/libpcl_ros_features.so, /home/kal5-1/cargogo/devel/lib/libpcl_ros_features.so)
Linked: (/home/kal5-1/cargogo/devel/.private/pcl_ros/lib/libpcl_ros_io.so, /home/kal5-1/cargogo/devel/lib/libpcl_ros_io.so)
Linked: (/home/kal5-1/cargogo/devel/.private/pcl_ros/lib/libpcl_ros_segmentation.so, /home/kal5-1/cargogo/devel/lib/libpcl_ros_segmentation.so)
Linked: (/home/kal5-1/cargogo/devel/.private/pcl_ros/lib/libpcl_ros_surface.so, /home/kal5-1/cargogo/devel/lib/libpcl_ros_surface.so)
Linked: (/home/kal5-1/cargogo/devel/.private/pcl_ros/lib/libpcl_ros_tf.so, /home/kal5-1/cargogo/devel/lib/libpcl_ros_tf.so)
Linked: (/home/kal5-1/cargogo/devel/.private/pcl_ros/lib/libpcl_ros_filters.so, /home/kal5-1/cargogo/devel/lib/libpcl_ros_filters.so)
Linked: (/home/kal5-1/cargogo/devel/.private/pcl_ros/lib/pkgconfig/pcl_ros.pc, /home/kal5-1/cargogo/devel/lib/pkgconfig/pcl_ros.pc)
Linked: (/home/kal5-1/cargogo/devel/.private/pcl_ros/lib/python2.7/dist-packages/pcl_ros/__init__.py, /home/kal5-1/cargogo/devel/lib/python2.7/dist-packages/pcl_ros/__init__.py)
Linked: (/home/kal5-1/cargogo/devel/.private/pcl_ros/lib/python2.7/dist-packages/pcl_ros/cfg/SACSegmentationConfig.py, /home/kal5-1/cargogo/devel/lib/python2.7/dist-packages/pcl_ros/cfg/SACSegmentationConfig.py)
Linked: (/home/kal5-1/cargogo/devel/.private/pcl_ros/lib/python2.7/dist-packages/pcl_ros/cfg/StatisticalOutlierRemovalConfig.py, /home/kal5-1/cargogo/devel/lib/python2.7/dist-packages/pcl_ros/cfg/StatisticalOutlierRemovalConfig.py)
Linked: (/home/kal5-1/cargogo/devel/.private/pcl_ros/lib/python2.7/dist-packages/pcl_ros/cfg/ExtractIndicesConfig.py, /home/kal5-1/cargogo/devel/lib/python2.7/dist-packages/pcl_ros/cfg/ExtractIndicesConfig.py)
Linked: (/home/kal5-1/cargogo/devel/.private/pcl_ros/lib/python2.7/dist-packages/pcl_ros/cfg/SACSegmentationFromNormalsConfig.py, /home/kal5-1/cargogo/devel/lib/python2.7/dist-packages/pcl_ros/cfg/SACSegmentationFromNormalsConfig.py)
Linked: (/home/kal5-1/cargogo/devel/.private/pcl_ros/lib/python2.7/dist-packages/pcl_ros/cfg/ExtractPolygonalPrismDataConfig.py, /home/kal5-1/cargogo/devel/lib/python2.7/dist-packages/pcl_ros/cfg/ExtractPolygonalPrismDataConfig.py)
Linked: (/home/kal5-1/cargogo/devel/.private/pcl_ros/lib/python2.7/dist-packages/pcl_ros/cfg/SegmentDifferencesConfig.py, /home/kal5-1/cargogo/devel/lib/python2.7/dist-packages/pcl_ros/cfg/SegmentDifferencesConfig.py)
Linked: (/home/kal5-1/cargogo/devel/.private/pcl_ros/lib/python2.7/dist-packages/pcl_ros/cfg/EuclideanClusterExtractionConfig.py, /home/kal5-1/cargogo/devel/lib/python2.7/dist-packages/pcl_ros/cfg/EuclideanClusterExtractionConfig.py)
Linked: (/home/kal5-1/cargogo/devel/.private/pcl_ros/lib/python2.7/dist-packages/pcl_ros/cfg/MLSConfig.py, /home/kal5-1/cargogo/devel/lib/python2.7/dist-packages/pcl_ros/cfg/MLSConfig.py)
Linked: (/home/kal5-1/cargogo/devel/.private/pcl_ros/lib/python2.7/dist-packages/pcl_ros/cfg/CropBoxConfig.py, /home/kal5-1/cargogo/devel/lib/python2.7/dist-packages/pcl_ros/cfg/CropBoxConfig.py)
Linked: (/home/kal5-1/cargogo/devel/.private/pcl_ros/lib/python2.7/dist-packages/pcl_ros/cfg/__init__.py, /home/kal5-1/cargogo/devel/lib/python2.7/dist-packages/pcl_ros/cfg/__init__.py)
Linked: (/home/kal5-1/cargogo/devel/.private/pcl_ros/lib/python2.7/dist-packages/pcl_ros/cfg/FilterConfig.py, /home/kal5-1/cargogo/devel/lib/python2.7/dist-packages/pcl_ros/cfg/FilterConfig.py)
Linked: (/home/kal5-1/cargogo/devel/.private/pcl_ros/lib/python2.7/dist-packages/pcl_ros/cfg/FeatureConfig.py, /home/kal5-1/cargogo/devel/lib/python2.7/dist-packages/pcl_ros/cfg/FeatureConfig.py)
Linked: (/home/kal5-1/cargogo/devel/.private/pcl_ros/lib/python2.7/dist-packages/pcl_ros/cfg/RadiusOutlierRemovalConfig.py, /home/kal5-1/cargogo/devel/lib/python2.7/dist-packages/pcl_ros/cfg/RadiusOutlierRemovalConfig.py)
Linked: (/home/kal5-1/cargogo/devel/.private/pcl_ros/lib/python2.7/dist-packages/pcl_ros/cfg/VoxelGridConfig.py, /home/kal5-1/cargogo/devel/lib/python2.7/dist-packages/pcl_ros/cfg/VoxelGridConfig.py)
Linked: (/home/kal5-1/cargogo/devel/.private/pcl_ros/lib/pcl_ros/convert_pcd_to_image, /home/kal5-1/cargogo/devel/lib/pcl_ros/convert_pcd_to_image)
Linked: (/home/kal5-1/cargogo/devel/.private/pcl_ros/lib/pcl_ros/bag_to_pcd, /home/kal5-1/cargogo/devel/lib/pcl_ros/bag_to_pcd)
Linked: (/home/kal5-1/cargogo/devel/.private/pcl_ros/lib/pcl_ros/convert_pointcloud_to_image, /home/kal5-1/cargogo/devel/lib/pcl_ros/convert_pointcloud_to_image)
Linked: (/home/kal5-1/cargogo/devel/.private/pcl_ros/lib/pcl_ros/pointcloud_to_pcd, /home/kal5-1/cargogo/devel/lib/pcl_ros/pointcloud_to_pcd)
Linked: (/home/kal5-1/cargogo/devel/.private/pcl_ros/lib/pcl_ros/pcd_to_pointcloud, /home/kal5-1/cargogo/devel/lib/pcl_ros/pcd_to_pointcloud)
