Determining if the pthread_create exist failed with the following output:
Change Dir: /home/kal5-1/cargogo/build/image_view/CMakeFiles/CMakeTmp

Run Build Command:"/usr/bin/make" "cmTC_f973b/fast"
/usr/bin/make -f CMakeFiles/cmTC_f973b.dir/build.make CMakeFiles/cmTC_f973b.dir/build
make[1]: Entering directory '/home/kal5-1/cargogo/build/image_view/CMakeFiles/CMakeTmp'
Building C object CMakeFiles/cmTC_f973b.dir/CheckSymbolExists.c.o
/usr/bin/cc     -o CMakeFiles/cmTC_f973b.dir/CheckSymbolExists.c.o   -c /home/kal5-1/cargogo/build/image_view/CMakeFiles/CMakeTmp/CheckSymbolExists.c
Linking C executable cmTC_f973b
/usr/bin/cmake -E cmake_link_script CMakeFiles/cmTC_f973b.dir/link.txt --verbose=1
/usr/bin/cc       CMakeFiles/cmTC_f973b.dir/CheckSymbolExists.c.o  -o cmTC_f973b -rdynamic 
CMakeFiles/cmTC_f973b.dir/CheckSymbolExists.c.o: In function `main':
CheckSymbolExists.c:(.text+0x16): undefined reference to `pthread_create'
collect2: error: ld returned 1 exit status
CMakeFiles/cmTC_f973b.dir/build.make:97: recipe for target 'cmTC_f973b' failed
make[1]: *** [cmTC_f973b] Error 1
make[1]: Leaving directory '/home/kal5-1/cargogo/build/image_view/CMakeFiles/CMakeTmp'
Makefile:126: recipe for target 'cmTC_f973b/fast' failed
make: *** [cmTC_f973b/fast] Error 2

File /home/kal5-1/cargogo/build/image_view/CMakeFiles/CMakeTmp/CheckSymbolExists.c:
/* */
#include <pthread.h>

int main(int argc, char** argv)
{
  (void)argv;
#ifndef pthread_create
  return ((int*)(&pthread_create))[argc];
#else
  (void)argc;
  return 0;
#endif
}

Determining if the function pthread_create exists in the pthreads failed with the following output:
Change Dir: /home/kal5-1/cargogo/build/image_view/CMakeFiles/CMakeTmp

Run Build Command:"/usr/bin/make" "cmTC_13011/fast"
/usr/bin/make -f CMakeFiles/cmTC_13011.dir/build.make CMakeFiles/cmTC_13011.dir/build
make[1]: Entering directory '/home/kal5-1/cargogo/build/image_view/CMakeFiles/CMakeTmp'
Building C object CMakeFiles/cmTC_13011.dir/CheckFunctionExists.c.o
/usr/bin/cc    -DCHECK_FUNCTION_EXISTS=pthread_create   -o CMakeFiles/cmTC_13011.dir/CheckFunctionExists.c.o   -c /usr/share/cmake-3.5/Modules/CheckFunctionExists.c
Linking C executable cmTC_13011
/usr/bin/cmake -E cmake_link_script CMakeFiles/cmTC_13011.dir/link.txt --verbose=1
/usr/bin/cc   -DCHECK_FUNCTION_EXISTS=pthread_create    CMakeFiles/cmTC_13011.dir/CheckFunctionExists.c.o  -o cmTC_13011 -rdynamic -lpthreads 
/usr/bin/ld: cannot find -lpthreads
collect2: error: ld returned 1 exit status
CMakeFiles/cmTC_13011.dir/build.make:97: recipe for target 'cmTC_13011' failed
make[1]: *** [cmTC_13011] Error 1
make[1]: Leaving directory '/home/kal5-1/cargogo/build/image_view/CMakeFiles/CMakeTmp'
Makefile:126: recipe for target 'cmTC_13011/fast' failed
make: *** [cmTC_13011/fast] Error 2


