[  0%] Built target nodelet_generate_messages_eus
[ 20%] Built target gtest
[ 20%] Built target tf2_msgs_generate_messages_nodejs
[ 20%] Built target bond_generate_messages_lisp
[ 20%] Built target bond_generate_messages_eus
[ 20%] Built target roscpp_generate_messages_eus
[ 20%] Built target nodelet_generate_messages_nodejs
[ 20%] Built target nodelet_generate_messages_py
[ 20%] Built target rosgraph_msgs_generate_messages_nodejs
[ 20%] Built target roscpp_generate_messages_cpp
[ 20%] Built target std_msgs_generate_messages_nodejs
[ 20%] Built target bond_generate_messages_cpp
[ 20%] Built target geometry_msgs_generate_messages_cpp
[ 20%] Built target nodelet_generate_messages_lisp
[ 20%] Built target geometry_msgs_generate_messages_lisp
[ 20%] Built target motor_interface_ros_tool_generate_messages_eus
[ 20%] Built target geometry_msgs_generate_messages_py
[ 20%] Built target bond_generate_messages_py
[ 20%] Built target bond_generate_messages_nodejs
[ 20%] Built target dynamic_reconfigure_generate_messages_eus
[ 20%] Built target dynamic_reconfigure_generate_messages_nodejs
[ 20%] Built target rosgraph_msgs_generate_messages_lisp
[ 20%] Built target motor_interface_ros_tool_generate_messages_nodejs
[ 20%] Built target nodelet_generate_messages_cpp
[ 20%] Built target tf2_msgs_generate_messages_eus
[ 20%] Built target roscpp_generate_messages_py
[ 20%] Built target dynamic_reconfigure_gencfg
[ 20%] Built target rosgraph_msgs_generate_messages_cpp
[ 20%] Built target std_msgs_generate_messages_cpp
[ 20%] Built target actionlib_generate_messages_nodejs
[ 20%] Built target actionlib_msgs_generate_messages_cpp
[ 20%] Built target roscpp_generate_messages_lisp
[ 20%] Built target dynamic_reconfigure_generate_messages_lisp
[ 40%] Built target lateral_control_ros_tool_gencfg
[ 40%] Built target rosgraph_msgs_generate_messages_eus
[ 40%] Built target std_msgs_generate_messages_py
[ 40%] Built target geometry_msgs_generate_messages_nodejs
[ 40%] Built target motor_interface_ros_tool_generate_messages_py
[ 40%] Built target geometry_msgs_generate_messages_eus
[ 40%] Built target rosgraph_msgs_generate_messages_py
[ 40%] Built target motor_interface_ros_tool_generate_messages_lisp
[ 40%] Built target actionlib_generate_messages_cpp
[ 40%] Built target std_msgs_generate_messages_eus
[ 40%] Built target actionlib_generate_messages_lisp
[ 40%] Built target actionlib_generate_messages_eus
[ 40%] Built target actionlib_msgs_generate_messages_eus
[ 40%] Built target actionlib_generate_messages_py
[ 40%] Built target dynamic_reconfigure_generate_messages_py
[ 40%] Built target actionlib_msgs_generate_messages_lisp
[ 40%] Built target actionlib_msgs_generate_messages_nodejs
[ 40%] Built target motor_interface_ros_tool_generate_messages_cpp
[ 40%] Built target tf2_msgs_generate_messages_py
[ 40%] Built target tf2_msgs_generate_messages_cpp
[ 40%] Built target actionlib_msgs_generate_messages_py
[ 40%] Built target dynamic_reconfigure_generate_messages_cpp
[ 50%] Built target lateral_control_ros_tool_genparam
[ 50%] Built target roscpp_generate_messages_nodejs
[ 50%] Built target tf2_msgs_generate_messages_lisp
[ 50%] Built target std_msgs_generate_messages_lisp
[ 80%] Built target lateral_control_ros_tool-lateral_controller-nodelet
[100%] Built target lateral_control_ros_tool-lateral_controller-exec
