[  0%] Built target nodelet_generate_messages_py
[  0%] Built target bond_generate_messages_eus
[  0%] Built target bond_generate_messages_lisp
[  0%] Built target roscpp_generate_messages_eus
[  0%] Built target nodelet_generate_messages_nodejs
[ 10%] Built target tf2_msgs_generate_messages_nodejs
[ 20%] Built target nodelet_generate_messages_eus
[ 20%] Built target gtest
[ 20%] Built target geometry_msgs_generate_messages_lisp
[ 20%] Built target bond_generate_messages_cpp
[ 20%] Built target geometry_msgs_generate_messages_py
[ 20%] Built target roscpp_generate_messages_cpp
[ 20%] Built target nodelet_generate_messages_lisp
[ 20%] Built target geometry_msgs_generate_messages_cpp
[ 20%] Built target std_msgs_generate_messages_nodejs
[ 20%] Built target rosgraph_msgs_generate_messages_nodejs
[ 20%] Built target bond_generate_messages_py
[ 20%] Built target rosgraph_msgs_generate_messages_lisp
[ 20%] Built target motor_interface_ros_tool_generate_messages_eus
[ 20%] Built target std_msgs_generate_messages_lisp
[ 20%] Built target bond_generate_messages_nodejs
[ 20%] Built target dynamic_reconfigure_generate_messages_nodejs
[ 20%] Built target dynamic_reconfigure_generate_messages_eus
[ 20%] Built target motor_interface_ros_tool_generate_messages_nodejs
[ 20%] Built target tf2_msgs_generate_messages_eus
[ 20%] Built target nodelet_generate_messages_cpp
[ 20%] Built target roscpp_generate_messages_py
[ 20%] Built target dynamic_reconfigure_gencfg
[ 20%] Built target rosgraph_msgs_generate_messages_cpp
[ 20%] Built target longitudinal_control_ros_tool_genparam
[ 20%] Built target actionlib_generate_messages_nodejs
[ 20%] Built target std_msgs_generate_messages_cpp
[ 20%] Built target roscpp_generate_messages_lisp
[ 20%] Built target dynamic_reconfigure_generate_messages_lisp
[ 20%] Built target rosgraph_msgs_generate_messages_eus
[ 20%] Built target motor_interface_ros_tool_generate_messages_py
[ 20%] Built target geometry_msgs_generate_messages_nodejs
[ 20%] Built target std_msgs_generate_messages_py
[ 40%] Built target actionlib_msgs_generate_messages_cpp
[ 40%] Built target lateral_control_ros_tool_gencfg
[ 40%] Built target motor_interface_ros_tool_generate_messages_lisp
[ 40%] Built target geometry_msgs_generate_messages_eus
[ 40%] Built target longitudinal_control_ros_tool_generate_messages_cpp
[ 40%] Built target longitudinal_control_ros_tool_generate_messages_lisp
[ 40%] Built target actionlib_generate_messages_cpp
[ 40%] Built target longitudinal_control_ros_tool_generate_messages_nodejs
[ 40%] Built target rosgraph_msgs_generate_messages_py
[ 40%] Built target actionlib_msgs_generate_messages_py
[ 40%] Built target actionlib_generate_messages_eus
[ 40%] Built target std_msgs_generate_messages_eus
[ 40%] Built target actionlib_generate_messages_lisp
[ 40%] Built target actionlib_msgs_generate_messages_eus
[ 40%] Built target actionlib_msgs_generate_messages_lisp
[ 40%] Built target dynamic_reconfigure_generate_messages_py
[ 40%] Built target actionlib_generate_messages_py
[ 40%] Built target longitudinal_control_ros_tool_gencfg
[ 40%] Built target tf2_msgs_generate_messages_cpp
[ 40%] Built target tf2_msgs_generate_messages_py
[ 40%] Built target motor_interface_ros_tool_generate_messages_cpp
[ 40%] Built target longitudinal_control_ros_tool_generate_messages_eus
[ 40%] Built target actionlib_msgs_generate_messages_nodejs
[ 40%] Built target dynamic_reconfigure_generate_messages_cpp
[ 40%] Built target tf2_msgs_generate_messages_lisp
[ 40%] Built target longitudinal_control_ros_tool_generate_messages_py
[ 50%] Built target roscpp_generate_messages_nodejs
[ 50%] Built target lateral_control_ros_tool_genparam
[35m[1mScanning dependencies of target lateral_control_ros_tool-lateral_controller-nodelet[0m
make[2]: Warning: File 'CMakeFiles/lateral_control_ros_tool-lateral_controller-nodelet.dir/depend.make' has modification time 0,082 s in the future
[ 60%] [32mBuilding CXX object CMakeFiles/lateral_control_ros_tool-lateral_controller-nodelet.dir/src/lateral_controller/lateral_controller.cpp.o[0m
[ 70%] [32m[1mLinking CXX shared library /home/kal5-1/cargogo/devel/.private/lateral_control_ros_tool/lib/liblateral_controller_nodelet.so[0m
make[2]: warning:  Clock skew detected.  Your build may be incomplete.
[ 80%] Built target lateral_control_ros_tool-lateral_controller-nodelet
make[2]: Warning: File '/home/kal5-1/cargogo/devel/.private/lateral_control_ros_tool/lib/liblateral_controller_nodelet.so' has modification time 0,0094 s in the future
[ 90%] [32m[1mLinking CXX executable /home/kal5-1/cargogo/devel/.private/lateral_control_ros_tool/lib/lateral_control_ros_tool/lateral_controller[0m
make[2]: warning:  Clock skew detected.  Your build may be incomplete.
[100%] Built target lateral_control_ros_tool-lateral_controller-exec
