[  6%] Built target gtest
[  6%] Built target nodelet_generate_messages_nodejs
[  6%] Built target rosgraph_msgs_generate_messages_nodejs
[  6%] Built target std_msgs_generate_messages_nodejs
[  6%] Built target roscpp_generate_messages_cpp
[  6%] Built target nodelet_generate_messages_py
[  6%] Built target geometry_msgs_generate_messages_cpp
[  6%] Built target rosinterface_handler_gencfg
[  6%] Built target sensor_msgs_generate_messages_eus
[  6%] Built target sensor_msgs_generate_messages_nodejs
[  6%] Built target std_msgs_generate_messages_cpp
[  6%] Built target actionlib_generate_messages_nodejs
[  6%] Built target actionlib_msgs_generate_messages_cpp
[  6%] Built target nodelet_generate_messages_lisp
[  6%] Built target geometry_msgs_generate_messages_py
[  6%] Built target geometry_msgs_generate_messages_lisp
[  6%] Built target bond_generate_messages_py
[  6%] Built target std_srvs_generate_messages_lisp
[  6%] Built target std_msgs_generate_messages_lisp
[  6%] Built target dynamic_reconfigure_generate_messages_nodejs
[  6%] Built target tf2_msgs_generate_messages_nodejs
[  6%] Built target pcl_msgs_generate_messages_nodejs
[  6%] Built target roscpp_generate_messages_eus
[  6%] Built target bond_generate_messages_eus
[  6%] Built target dynamic_reconfigure_generate_messages_cpp
[  6%] Built target tf_generate_messages_lisp
[  6%] Built target rosgraph_msgs_generate_messages_lisp
[  6%] Built target std_srvs_generate_messages_eus
[  6%] Built target tf_generate_messages_cpp
[  6%] Built target geometry_msgs_generate_messages_eus
[  6%] Built target geometry_msgs_generate_messages_nodejs
[  6%] Built target rosinterface_handler_geninterface
[  6%] Built target nodelet_generate_messages_cpp
[  6%] Built target pcl_ros_gencfg
[  6%] Built target tf2_msgs_generate_messages_eus
[  6%] Built target dynamic_reconfigure_gencfg
[  6%] Built target roscpp_generate_messages_py
[  6%] Built target rosgraph_msgs_generate_messages_cpp
[  6%] Built target pcl_msgs_generate_messages_eus
[  6%] Built target pcl_msgs_generate_messages_lisp
[  6%] Built target roscpp_generate_messages_lisp
[ 28%] Built target image_preproc_ros_tool_gencfg
[ 28%] Built target dynamic_reconfigure_generate_messages_lisp
[ 28%] Built target tf_generate_messages_nodejs
[ 28%] Built target std_srvs_generate_messages_py
[ 28%] Built target rosgraph_msgs_generate_messages_eus
[ 28%] Built target std_msgs_generate_messages_py
[ 28%] Built target roscpp_generate_messages_nodejs
[ 28%] Built target sensor_msgs_generate_messages_py
[ 28%] Built target rosgraph_msgs_generate_messages_py
[ 28%] Built target actionlib_generate_messages_cpp
[ 28%] Built target dynamic_reconfigure_generate_messages_eus
[ 28%] Built target bond_generate_messages_nodejs
[ 28%] Built target pcl_msgs_generate_messages_py
[ 28%] Built target bond_generate_messages_cpp
[ 28%] Built target bond_generate_messages_lisp
[ 28%] Built target nodelet_generate_messages_eus
[ 28%] Built target topic_tools_generate_messages_cpp
[ 28%] Built target nodelet_topic_tools_gencfg
[ 28%] Built target pcl_msgs_generate_messages_cpp
[ 28%] Built target std_srvs_generate_messages_cpp
[ 28%] Built target topic_tools_generate_messages_lisp
[ 28%] Built target sensor_msgs_generate_messages_lisp
[ 28%] Built target topic_tools_generate_messages_nodejs
[ 28%] Built target topic_tools_generate_messages_py
[ 28%] Built target actionlib_msgs_generate_messages_nodejs
[ 28%] Built target tf_generate_messages_eus
[ 28%] Built target tf_generate_messages_py
[ 28%] Built target std_msgs_generate_messages_eus
[ 28%] Built target actionlib_generate_messages_eus
[ 28%] Built target actionlib_msgs_generate_messages_eus
[ 28%] Built target sensor_msgs_generate_messages_cpp
[ 28%] Built target dynamic_reconfigure_generate_messages_py
[ 28%] Built target actionlib_generate_messages_py
[ 28%] Built target actionlib_msgs_generate_messages_lisp
[ 28%] Built target actionlib_msgs_generate_messages_py
[ 28%] Built target tf2_msgs_generate_messages_cpp
[ 28%] Built target tf2_msgs_generate_messages_lisp
[ 28%] Built target topic_tools_generate_messages_eus
[ 28%] Built target tf2_msgs_generate_messages_py
[ 37%] Built target image_preproc_ros_tool_geninterface
[ 37%] Built target std_srvs_generate_messages_nodejs
[ 37%] Built target actionlib_generate_messages_lisp
[ 46%] Built target image_preproc_ros_tool-disp2pointcloud-nodelet
[ 56%] Built target image_preproc_ros_tool-gamma_correction-nodelet
[ 65%] Built target image_preproc_ros_tool-label_dilation-nodelet
[ 75%] Built target image_preproc_ros_tool-resize-nodelet
[ 81%] Built target image_preproc_ros_tool-disp2pointcloud-exec
[ 87%] Built target image_preproc_ros_tool-gamma_correction-exec
[ 93%] Built target image_preproc_ros_tool-label_dilation-exec
[100%] Built target image_preproc_ros_tool-resize-exec
