Linked: (/home/kal5-1/cargogo/devel/.private/image_preproc_ros_tool/share/image_preproc_ros_tool/docs/ResizeConfig-usage.dox, /home/kal5-1/cargogo/devel/share/image_preproc_ros_tool/docs/ResizeConfig-usage.dox)
Linked: (/home/kal5-1/cargogo/devel/.private/image_preproc_ros_tool/share/image_preproc_ros_tool/docs/Disp2pointcloudConfig-usage.dox, /home/kal5-1/cargogo/devel/share/image_preproc_ros_tool/docs/Disp2pointcloudConfig-usage.dox)
Linked: (/home/kal5-1/cargogo/devel/.private/image_preproc_ros_tool/share/image_preproc_ros_tool/docs/LabelDilationConfig.dox, /home/kal5-1/cargogo/devel/share/image_preproc_ros_tool/docs/LabelDilationConfig.dox)
Linked: (/home/kal5-1/cargogo/devel/.private/image_preproc_ros_tool/share/image_preproc_ros_tool/docs/Disp2pointcloudConfig.wikidoc, /home/kal5-1/cargogo/devel/share/image_preproc_ros_tool/docs/Disp2pointcloudConfig.wikidoc)
Linked: (/home/kal5-1/cargogo/devel/.private/image_preproc_ros_tool/share/image_preproc_ros_tool/docs/Disp2pointcloudConfig.dox, /home/kal5-1/cargogo/devel/share/image_preproc_ros_tool/docs/Disp2pointcloudConfig.dox)
Linked: (/home/kal5-1/cargogo/devel/.private/image_preproc_ros_tool/share/image_preproc_ros_tool/docs/LabelDilationConfig.wikidoc, /home/kal5-1/cargogo/devel/share/image_preproc_ros_tool/docs/LabelDilationConfig.wikidoc)
Linked: (/home/kal5-1/cargogo/devel/.private/image_preproc_ros_tool/share/image_preproc_ros_tool/docs/ResizeConfig.dox, /home/kal5-1/cargogo/devel/share/image_preproc_ros_tool/docs/ResizeConfig.dox)
Linked: (/home/kal5-1/cargogo/devel/.private/image_preproc_ros_tool/share/image_preproc_ros_tool/docs/GammaCorrectionConfig.dox, /home/kal5-1/cargogo/devel/share/image_preproc_ros_tool/docs/GammaCorrectionConfig.dox)
Linked: (/home/kal5-1/cargogo/devel/.private/image_preproc_ros_tool/share/image_preproc_ros_tool/docs/ResizeConfig.wikidoc, /home/kal5-1/cargogo/devel/share/image_preproc_ros_tool/docs/ResizeConfig.wikidoc)
Linked: (/home/kal5-1/cargogo/devel/.private/image_preproc_ros_tool/share/image_preproc_ros_tool/docs/GammaCorrectionConfig-usage.dox, /home/kal5-1/cargogo/devel/share/image_preproc_ros_tool/docs/GammaCorrectionConfig-usage.dox)
Linked: (/home/kal5-1/cargogo/devel/.private/image_preproc_ros_tool/share/image_preproc_ros_tool/docs/LabelDilationConfig-usage.dox, /home/kal5-1/cargogo/devel/share/image_preproc_ros_tool/docs/LabelDilationConfig-usage.dox)
Linked: (/home/kal5-1/cargogo/devel/.private/image_preproc_ros_tool/share/image_preproc_ros_tool/docs/GammaCorrectionConfig.wikidoc, /home/kal5-1/cargogo/devel/share/image_preproc_ros_tool/docs/GammaCorrectionConfig.wikidoc)
Linked: (/home/kal5-1/cargogo/devel/.private/image_preproc_ros_tool/share/image_preproc_ros_tool/cmake/image_preproc_ros_toolConfig.cmake, /home/kal5-1/cargogo/devel/share/image_preproc_ros_tool/cmake/image_preproc_ros_toolConfig.cmake)
Linked: (/home/kal5-1/cargogo/devel/.private/image_preproc_ros_tool/share/image_preproc_ros_tool/cmake/image_preproc_ros_toolConfig-version.cmake, /home/kal5-1/cargogo/devel/share/image_preproc_ros_tool/cmake/image_preproc_ros_toolConfig-version.cmake)
Linked: (/home/kal5-1/cargogo/devel/.private/image_preproc_ros_tool/share/image_preproc_ros_tool/cfg/LabelDilation.cfg, /home/kal5-1/cargogo/devel/share/image_preproc_ros_tool/cfg/LabelDilation.cfg)
Linked: (/home/kal5-1/cargogo/devel/.private/image_preproc_ros_tool/share/image_preproc_ros_tool/cfg/Disp2pointcloud.cfg, /home/kal5-1/cargogo/devel/share/image_preproc_ros_tool/cfg/Disp2pointcloud.cfg)
Linked: (/home/kal5-1/cargogo/devel/.private/image_preproc_ros_tool/share/image_preproc_ros_tool/cfg/Resize.cfg, /home/kal5-1/cargogo/devel/share/image_preproc_ros_tool/cfg/Resize.cfg)
Linked: (/home/kal5-1/cargogo/devel/.private/image_preproc_ros_tool/include/image_preproc_ros_tool/Disp2pointcloudInterface.h, /home/kal5-1/cargogo/devel/include/image_preproc_ros_tool/Disp2pointcloudInterface.h)
Linked: (/home/kal5-1/cargogo/devel/.private/image_preproc_ros_tool/include/image_preproc_ros_tool/LabelDilationInterface.h, /home/kal5-1/cargogo/devel/include/image_preproc_ros_tool/LabelDilationInterface.h)
Linked: (/home/kal5-1/cargogo/devel/.private/image_preproc_ros_tool/include/image_preproc_ros_tool/Disp2pointcloudConfig.h, /home/kal5-1/cargogo/devel/include/image_preproc_ros_tool/Disp2pointcloudConfig.h)
Linked: (/home/kal5-1/cargogo/devel/.private/image_preproc_ros_tool/include/image_preproc_ros_tool/ResizeConfig.h, /home/kal5-1/cargogo/devel/include/image_preproc_ros_tool/ResizeConfig.h)
Linked: (/home/kal5-1/cargogo/devel/.private/image_preproc_ros_tool/include/image_preproc_ros_tool/LabelDilationConfig.h, /home/kal5-1/cargogo/devel/include/image_preproc_ros_tool/LabelDilationConfig.h)
Linked: (/home/kal5-1/cargogo/devel/.private/image_preproc_ros_tool/include/image_preproc_ros_tool/GammaCorrectionConfig.h, /home/kal5-1/cargogo/devel/include/image_preproc_ros_tool/GammaCorrectionConfig.h)
Linked: (/home/kal5-1/cargogo/devel/.private/image_preproc_ros_tool/include/image_preproc_ros_tool/ResizeInterface.h, /home/kal5-1/cargogo/devel/include/image_preproc_ros_tool/ResizeInterface.h)
Linked: (/home/kal5-1/cargogo/devel/.private/image_preproc_ros_tool/lib/libresize_nodelet.so, /home/kal5-1/cargogo/devel/lib/libresize_nodelet.so)
Linked: (/home/kal5-1/cargogo/devel/.private/image_preproc_ros_tool/lib/liblabel_dilation_nodelet.so, /home/kal5-1/cargogo/devel/lib/liblabel_dilation_nodelet.so)
Linked: (/home/kal5-1/cargogo/devel/.private/image_preproc_ros_tool/lib/libgamma_correction_nodelet.so, /home/kal5-1/cargogo/devel/lib/libgamma_correction_nodelet.so)
Linked: (/home/kal5-1/cargogo/devel/.private/image_preproc_ros_tool/lib/libdisp2pointcloud_nodelet.so, /home/kal5-1/cargogo/devel/lib/libdisp2pointcloud_nodelet.so)
Linked: (/home/kal5-1/cargogo/devel/.private/image_preproc_ros_tool/lib/pkgconfig/image_preproc_ros_tool.pc, /home/kal5-1/cargogo/devel/lib/pkgconfig/image_preproc_ros_tool.pc)
Linked: (/home/kal5-1/cargogo/devel/.private/image_preproc_ros_tool/lib/python2.7/dist-packages/image_preproc_ros_tool/__init__.py, /home/kal5-1/cargogo/devel/lib/python2.7/dist-packages/image_preproc_ros_tool/__init__.py)
Linked: (/home/kal5-1/cargogo/devel/.private/image_preproc_ros_tool/lib/python2.7/dist-packages/image_preproc_ros_tool/cfg/ResizeConfig.py, /home/kal5-1/cargogo/devel/lib/python2.7/dist-packages/image_preproc_ros_tool/cfg/ResizeConfig.py)
Linked: (/home/kal5-1/cargogo/devel/.private/image_preproc_ros_tool/lib/python2.7/dist-packages/image_preproc_ros_tool/cfg/GammaCorrectionConfig.py, /home/kal5-1/cargogo/devel/lib/python2.7/dist-packages/image_preproc_ros_tool/cfg/GammaCorrectionConfig.py)
Linked: (/home/kal5-1/cargogo/devel/.private/image_preproc_ros_tool/lib/python2.7/dist-packages/image_preproc_ros_tool/cfg/__init__.py, /home/kal5-1/cargogo/devel/lib/python2.7/dist-packages/image_preproc_ros_tool/cfg/__init__.py)
Linked: (/home/kal5-1/cargogo/devel/.private/image_preproc_ros_tool/lib/python2.7/dist-packages/image_preproc_ros_tool/cfg/LabelDilationConfig.py, /home/kal5-1/cargogo/devel/lib/python2.7/dist-packages/image_preproc_ros_tool/cfg/LabelDilationConfig.py)
Linked: (/home/kal5-1/cargogo/devel/.private/image_preproc_ros_tool/lib/python2.7/dist-packages/image_preproc_ros_tool/cfg/Disp2pointcloudConfig.py, /home/kal5-1/cargogo/devel/lib/python2.7/dist-packages/image_preproc_ros_tool/cfg/Disp2pointcloudConfig.py)
Linked: (/home/kal5-1/cargogo/devel/.private/image_preproc_ros_tool/lib/python2.7/dist-packages/image_preproc_ros_tool/interface/ResizeInterface.py, /home/kal5-1/cargogo/devel/lib/python2.7/dist-packages/image_preproc_ros_tool/interface/ResizeInterface.py)
Linked: (/home/kal5-1/cargogo/devel/.private/image_preproc_ros_tool/lib/python2.7/dist-packages/image_preproc_ros_tool/interface/__init__.py, /home/kal5-1/cargogo/devel/lib/python2.7/dist-packages/image_preproc_ros_tool/interface/__init__.py)
Linked: (/home/kal5-1/cargogo/devel/.private/image_preproc_ros_tool/lib/python2.7/dist-packages/image_preproc_ros_tool/interface/Disp2pointcloudInterface.py, /home/kal5-1/cargogo/devel/lib/python2.7/dist-packages/image_preproc_ros_tool/interface/Disp2pointcloudInterface.py)
Linked: (/home/kal5-1/cargogo/devel/.private/image_preproc_ros_tool/lib/python2.7/dist-packages/image_preproc_ros_tool/interface/LabelDilationInterface.py, /home/kal5-1/cargogo/devel/lib/python2.7/dist-packages/image_preproc_ros_tool/interface/LabelDilationInterface.py)
Linked: (/home/kal5-1/cargogo/devel/.private/image_preproc_ros_tool/lib/image_preproc_ros_tool/resize, /home/kal5-1/cargogo/devel/lib/image_preproc_ros_tool/resize)
Linked: (/home/kal5-1/cargogo/devel/.private/image_preproc_ros_tool/lib/image_preproc_ros_tool/label_dilation, /home/kal5-1/cargogo/devel/lib/image_preproc_ros_tool/label_dilation)
Linked: (/home/kal5-1/cargogo/devel/.private/image_preproc_ros_tool/lib/image_preproc_ros_tool/gamma_correction, /home/kal5-1/cargogo/devel/lib/image_preproc_ros_tool/gamma_correction)
Linked: (/home/kal5-1/cargogo/devel/.private/image_preproc_ros_tool/lib/image_preproc_ros_tool/disp2pointcloud, /home/kal5-1/cargogo/devel/lib/image_preproc_ros_tool/disp2pointcloud)
