[35m[1mScanning dependencies of target roscpp_generate_messages_cpp[0m
[35m[1mScanning dependencies of target rosgraph_msgs_generate_messages_nodejs[0m
[35m[1mScanning dependencies of target nodelet_generate_messages_py[0m
[35m[1mScanning dependencies of target gtest[0m
[35m[1mScanning dependencies of target nodelet_generate_messages_nodejs[0m
[35m[1mScanning dependencies of target std_msgs_generate_messages_nodejs[0m
make[2]: Warning: File 'gtest/gtest/CMakeFiles/gtest.dir/depend.make' has modification time 0,045 s in the future
[  0%] Built target roscpp_generate_messages_cpp
[  0%] Built target nodelet_generate_messages_py
[  0%] Built target rosgraph_msgs_generate_messages_nodejs
[  0%] Built target std_msgs_generate_messages_nodejs
[  0%] Built target nodelet_generate_messages_nodejs
[35m[1mScanning dependencies of target rosinterface_handler_gencfg[0m
[35m[1mScanning dependencies of target geometry_msgs_generate_messages_cpp[0m
[  2%] [32mBuilding CXX object gtest/gtest/CMakeFiles/gtest.dir/src/gtest-all.cc.o[0m
[35m[1mScanning dependencies of target sensor_msgs_generate_messages_eus[0m
[35m[1mScanning dependencies of target sensor_msgs_generate_messages_nodejs[0m
[35m[1mScanning dependencies of target std_msgs_generate_messages_cpp[0m
[  2%] Built target sensor_msgs_generate_messages_nodejs
[  2%] Built target rosinterface_handler_gencfg
[  2%] Built target sensor_msgs_generate_messages_eus
[  2%] Built target geometry_msgs_generate_messages_cpp
[  2%] Built target std_msgs_generate_messages_cpp
[35m[1mScanning dependencies of target actionlib_msgs_generate_messages_cpp[0m
[35m[1mScanning dependencies of target nodelet_generate_messages_lisp[0m
[35m[1mScanning dependencies of target actionlib_generate_messages_nodejs[0m
[35m[1mScanning dependencies of target geometry_msgs_generate_messages_py[0m
[  2%] Built target actionlib_msgs_generate_messages_cpp
[  2%] Built target nodelet_generate_messages_lisp
[  2%] Built target geometry_msgs_generate_messages_py
[  2%] Built target actionlib_generate_messages_nodejs
[35m[1mScanning dependencies of target geometry_msgs_generate_messages_lisp[0m
[35m[1mScanning dependencies of target bond_generate_messages_py[0m
[35m[1mScanning dependencies of target std_srvs_generate_messages_lisp[0m
[35m[1mScanning dependencies of target std_msgs_generate_messages_lisp[0m
[35m[1mScanning dependencies of target dynamic_reconfigure_generate_messages_nodejs[0m
[  2%] Built target geometry_msgs_generate_messages_lisp
[  2%] Built target std_srvs_generate_messages_lisp
[  2%] Built target dynamic_reconfigure_generate_messages_nodejs
[  2%] Built target std_msgs_generate_messages_lisp
[  2%] Built target bond_generate_messages_py
[35m[1mScanning dependencies of target pcl_msgs_generate_messages_nodejs[0m
[35m[1mScanning dependencies of target tf2_msgs_generate_messages_nodejs[0m
[35m[1mScanning dependencies of target dynamic_reconfigure_generate_messages_cpp[0m
[35m[1mScanning dependencies of target bond_generate_messages_eus[0m
[35m[1mScanning dependencies of target roscpp_generate_messages_eus[0m
[  2%] Built target tf2_msgs_generate_messages_nodejs
[  2%] Built target pcl_msgs_generate_messages_nodejs
[  2%] Built target dynamic_reconfigure_generate_messages_cpp
[  2%] Built target bond_generate_messages_eus
[  2%] Built target roscpp_generate_messages_eus
[35m[1mScanning dependencies of target rosgraph_msgs_generate_messages_lisp[0m
[35m[1mScanning dependencies of target std_srvs_generate_messages_eus[0m
[35m[1mScanning dependencies of target tf_generate_messages_lisp[0m
[35m[1mScanning dependencies of target geometry_msgs_generate_messages_eus[0m
[  2%] Built target std_srvs_generate_messages_eus
[  2%] Built target rosgraph_msgs_generate_messages_lisp
[  2%] Built target tf_generate_messages_lisp
[35m[1mScanning dependencies of target tf_generate_messages_cpp[0m
[  2%] Built target geometry_msgs_generate_messages_eus
[35m[1mScanning dependencies of target geometry_msgs_generate_messages_nodejs[0m
[35m[1mScanning dependencies of target rosinterface_handler_geninterface[0m
[  2%] Built target tf_generate_messages_cpp
[35m[1mScanning dependencies of target pcl_ros_gencfg[0m
[35m[1mScanning dependencies of target nodelet_generate_messages_cpp[0m
[  2%] Built target geometry_msgs_generate_messages_nodejs
[35m[1mScanning dependencies of target tf2_msgs_generate_messages_eus[0m
[  2%] Built target pcl_ros_gencfg
[  2%] Built target nodelet_generate_messages_cpp
[  2%] Built target rosinterface_handler_geninterface
[35m[1mScanning dependencies of target roscpp_generate_messages_py[0m
[35m[1mScanning dependencies of target dynamic_reconfigure_gencfg[0m
[35m[1mScanning dependencies of target pcl_msgs_generate_messages_eus[0m
[35m[1mScanning dependencies of target rosgraph_msgs_generate_messages_cpp[0m
[  2%] Built target tf2_msgs_generate_messages_eus
[  2%] Built target rosgraph_msgs_generate_messages_cpp
[  2%] Built target roscpp_generate_messages_py
[  2%] Built target dynamic_reconfigure_gencfg
[35m[1mScanning dependencies of target pcl_msgs_generate_messages_lisp[0m
[  2%] Built target pcl_msgs_generate_messages_eus
[35m[1mScanning dependencies of target roscpp_generate_messages_lisp[0m
[35m[1mScanning dependencies of target image_preproc_ros_tool_gencfg[0m
[35m[1mScanning dependencies of target dynamic_reconfigure_generate_messages_lisp[0m
[35m[1mScanning dependencies of target tf_generate_messages_nodejs[0m
[  2%] Built target pcl_msgs_generate_messages_lisp
[  2%] Built target roscpp_generate_messages_lisp
[  2%] Built target dynamic_reconfigure_generate_messages_lisp
[  2%] Built target tf_generate_messages_nodejs
[  5%] [34m[1mGenerating dynamic reconfigure files from cfg/GammaCorrection.cfg: /home/kal5-1/cargogo/devel_debug/.private/image_preproc_ros_tool/include/image_preproc_ros_tool/GammaCorrectionConfig.h /home/kal5-1/cargogo/devel_debug/.private/image_preproc_ros_tool/lib/python2.7/dist-packages/image_preproc_ros_tool/cfg/GammaCorrectionConfig.py[0m
[  7%] [34m[1mGenerating interface files from LabelDilation[0m
[35m[1mScanning dependencies of target std_srvs_generate_messages_py[0m
[ 10%] [34m[1mGenerating interface files from Disp2pointcloud[0m
[ 10%] Built target std_srvs_generate_messages_py
[ 12%] [34m[1mGenerating interface files from Resize[0m
[35m[1mScanning dependencies of target rosgraph_msgs_generate_messages_eus[0m
Generating interface file for node label_dilation (class LabelDilation) in package image_preproc_ros_tool
Generating interface file for node disp2pointcloud (class Disp2pointcloud) in package image_preproc_ros_tool
[ 12%] Built target rosgraph_msgs_generate_messages_eus
Generating interface file for node resize (class Resize) in package image_preproc_ros_tool
[35m[1mScanning dependencies of target std_msgs_generate_messages_py[0m
[35m[1mScanning dependencies of target sensor_msgs_generate_messages_py[0m
[35m[1mScanning dependencies of target roscpp_generate_messages_nodejs[0m
[ 12%] Built target std_msgs_generate_messages_py
[ 12%] Built target sensor_msgs_generate_messages_py
[ 12%] Built target roscpp_generate_messages_nodejs
[35m[1mScanning dependencies of target rosgraph_msgs_generate_messages_py[0m
[ 15%] [34m[1mGenerating dynamic reconfigure files from /home/kal5-1/cargogo/devel_debug/.private/image_preproc_ros_tool/share/image_preproc_ros_tool/cfg/Disp2pointcloud.cfg: /home/kal5-1/cargogo/devel_debug/.private/image_preproc_ros_tool/include/image_preproc_ros_tool/Disp2pointcloudConfig.h /home/kal5-1/cargogo/devel_debug/.private/image_preproc_ros_tool/lib/python2.7/dist-packages/image_preproc_ros_tool/cfg/Disp2pointcloudConfig.py[0m
[35m[1mScanning dependencies of target dynamic_reconfigure_generate_messages_eus[0m
[35m[1mScanning dependencies of target actionlib_generate_messages_cpp[0m
[ 15%] Built target rosgraph_msgs_generate_messages_py
[ 15%] Built target actionlib_generate_messages_cpp
[ 15%] Built target dynamic_reconfigure_generate_messages_eus
[35m[1mScanning dependencies of target bond_generate_messages_nodejs[0m
[ 15%] Built target bond_generate_messages_nodejs
[35m[1mScanning dependencies of target bond_generate_messages_cpp[0m
[35m[1mScanning dependencies of target pcl_msgs_generate_messages_py[0m
[ 15%] Built target bond_generate_messages_cpp
[ 17%] Built target pcl_msgs_generate_messages_py
[ 17%] [34m[1mGenerating dynamic reconfigure files from /home/kal5-1/cargogo/devel_debug/.private/image_preproc_ros_tool/share/image_preproc_ros_tool/cfg/LabelDilation.cfg: /home/kal5-1/cargogo/devel_debug/.private/image_preproc_ros_tool/include/image_preproc_ros_tool/LabelDilationConfig.h /home/kal5-1/cargogo/devel_debug/.private/image_preproc_ros_tool/lib/python2.7/dist-packages/image_preproc_ros_tool/cfg/LabelDilationConfig.py[0m
[ 20%] [34m[1mGenerating dynamic reconfigure files from /home/kal5-1/cargogo/devel_debug/.private/image_preproc_ros_tool/share/image_preproc_ros_tool/cfg/Resize.cfg: /home/kal5-1/cargogo/devel_debug/.private/image_preproc_ros_tool/include/image_preproc_ros_tool/ResizeConfig.h /home/kal5-1/cargogo/devel_debug/.private/image_preproc_ros_tool/lib/python2.7/dist-packages/image_preproc_ros_tool/cfg/ResizeConfig.py[0m
[35m[1mScanning dependencies of target bond_generate_messages_lisp[0m
Generating reconfiguration files for GammaCorrection in image_preproc_ros_tool
[ 20%] Built target bond_generate_messages_lisp
Wrote header file in /home/kal5-1/cargogo/devel_debug/.private/image_preproc_ros_tool/include/image_preproc_ros_tool/GammaCorrectionConfig.h
[35m[1mScanning dependencies of target nodelet_generate_messages_eus[0m
[35m[1mScanning dependencies of target topic_tools_generate_messages_cpp[0m
[ 20%] Built target nodelet_generate_messages_eus
[35m[1mScanning dependencies of target nodelet_topic_tools_gencfg[0m
[ 20%] Built target topic_tools_generate_messages_cpp
Generating reconfiguration files for Disp2pointcloud in image_preproc_ros_tool
Generating reconfiguration files for LabelDilation in image_preproc_ros_tool
Wrote header file in /home/kal5-1/cargogo/devel_debug/.private/image_preproc_ros_tool/include/image_preproc_ros_tool/Disp2pointcloudConfig.h
[ 20%] Built target nodelet_topic_tools_gencfg
Wrote header file in /home/kal5-1/cargogo/devel_debug/.private/image_preproc_ros_tool/include/image_preproc_ros_tool/LabelDilationConfig.h
[35m[1mScanning dependencies of target pcl_msgs_generate_messages_cpp[0m
[35m[1mScanning dependencies of target std_srvs_generate_messages_cpp[0m
Generating reconfiguration files for Resize in image_preproc_ros_tool
Wrote header file in /home/kal5-1/cargogo/devel_debug/.private/image_preproc_ros_tool/include/image_preproc_ros_tool/ResizeConfig.h
[ 20%] Built target std_srvs_generate_messages_cpp
[ 20%] Built target pcl_msgs_generate_messages_cpp
[35m[1mScanning dependencies of target sensor_msgs_generate_messages_lisp[0m
[35m[1mScanning dependencies of target topic_tools_generate_messages_lisp[0m
[35m[1mScanning dependencies of target topic_tools_generate_messages_nodejs[0m
[35m[1mScanning dependencies of target topic_tools_generate_messages_py[0m
[ 20%] Built target topic_tools_generate_messages_nodejs
[ 20%] Built target sensor_msgs_generate_messages_lisp
[ 20%] Built target topic_tools_generate_messages_lisp
[35m[1mScanning dependencies of target actionlib_msgs_generate_messages_nodejs[0m
[ 20%] Built target topic_tools_generate_messages_py
[35m[1mScanning dependencies of target tf_generate_messages_eus[0m
[ 20%] Built target actionlib_msgs_generate_messages_nodejs
[35m[1mScanning dependencies of target tf_generate_messages_py[0m
[35m[1mScanning dependencies of target actionlib_generate_messages_eus[0m
[35m[1mScanning dependencies of target std_msgs_generate_messages_eus[0m
[ 20%] Built target tf_generate_messages_eus
[35m[1mScanning dependencies of target actionlib_msgs_generate_messages_eus[0m
[ 20%] Built target tf_generate_messages_py
[ 20%] Built target actionlib_generate_messages_eus
[35m[1mScanning dependencies of target sensor_msgs_generate_messages_cpp[0m
[ 20%] Built target std_msgs_generate_messages_eus
[ 20%] Built target actionlib_msgs_generate_messages_eus
[ 20%] Built target image_preproc_ros_tool_gencfg
[35m[1mScanning dependencies of target actionlib_generate_messages_py[0m
[35m[1mScanning dependencies of target dynamic_reconfigure_generate_messages_py[0m
[35m[1mScanning dependencies of target tf2_msgs_generate_messages_cpp[0m
[35m[1mScanning dependencies of target actionlib_msgs_generate_messages_lisp[0m
[35m[1mScanning dependencies of target actionlib_msgs_generate_messages_py[0m
[ 20%] Built target actionlib_generate_messages_py
[ 20%] Built target sensor_msgs_generate_messages_cpp
[ 20%] Built target dynamic_reconfigure_generate_messages_py
[ 20%] Built target tf2_msgs_generate_messages_cpp
[ 20%] Built target actionlib_msgs_generate_messages_lisp
[35m[1mScanning dependencies of target topic_tools_generate_messages_eus[0m
[ 20%] Built target actionlib_msgs_generate_messages_py
[35m[1mScanning dependencies of target tf2_msgs_generate_messages_lisp[0m
[35m[1mScanning dependencies of target tf2_msgs_generate_messages_py[0m
[35m[1mScanning dependencies of target std_srvs_generate_messages_nodejs[0m
[35m[1mScanning dependencies of target actionlib_generate_messages_lisp[0m
[35m[1mScanning dependencies of target image_preproc_ros_tool_geninterface[0m
[ 20%] Built target tf2_msgs_generate_messages_py
[ 20%] Built target tf2_msgs_generate_messages_lisp
[ 20%] Built target topic_tools_generate_messages_eus
[ 20%] Built target actionlib_generate_messages_lisp
[ 20%] Built target std_srvs_generate_messages_nodejs
[ 27%] Built target image_preproc_ros_tool_geninterface
[ 30%] [32m[1mLinking CXX shared library libgtest.so[0m
make[2]: warning:  Clock skew detected.  Your build may be incomplete.
[ 30%] Built target gtest
[35m[1mScanning dependencies of target image_preproc_ros_tool-disp2pointcloud-nodelet[0m
[35m[1mScanning dependencies of target image_preproc_ros_tool-label_dilation-exec[0m
[35m[1mScanning dependencies of target image_preproc_ros_tool-resize-nodelet[0m
[35m[1mScanning dependencies of target image_preproc_ros_tool-gamma_correction-nodelet[0m
[35m[1mScanning dependencies of target image_preproc_ros_tool-disp2pointcloud-exec[0m
[35m[1mScanning dependencies of target image_preproc_ros_tool-gamma_correction-exec[0m
[35m[1mScanning dependencies of target image_preproc_ros_tool-label_dilation-nodelet[0m
make[2]: Warning: File 'CMakeFiles/image_preproc_ros_tool-label_dilation-exec.dir/depend.make' has modification time 0,027 s in the future
make[2]: Warning: File 'CMakeFiles/image_preproc_ros_tool-label_dilation-nodelet.dir/depend.make' has modification time 0,014 s in the future
make[2]: Warning: File 'CMakeFiles/image_preproc_ros_tool-gamma_correction-nodelet.dir/depend.make' has modification time 0,029 s in the future
make[2]: Warning: File 'CMakeFiles/image_preproc_ros_tool-gamma_correction-exec.dir/depend.make' has modification time 0,032 s in the future
[ 32%] [32mBuilding CXX object CMakeFiles/image_preproc_ros_tool-label_dilation-exec.dir/src/label_dilation/label_dilation_nodelet.cpp.o[0m
[ 35%] [32mBuilding CXX object CMakeFiles/image_preproc_ros_tool-label_dilation-nodelet.dir/src/label_dilation/label_dilation_nodelet.cpp.o[0m
[ 40%] [32mBuilding CXX object CMakeFiles/image_preproc_ros_tool-gamma_correction-nodelet.dir/src/gamma_correction/gamma_correction_nodelet.cpp.o[0m
[ 40%] [32mBuilding CXX object CMakeFiles/image_preproc_ros_tool-gamma_correction-exec.dir/src/gamma_correction/gamma_correction_nodelet.cpp.o[0m
make[2]: Warning: File 'CMakeFiles/image_preproc_ros_tool-disp2pointcloud-nodelet.dir/depend.make' has modification time 0,031 s in the future
[ 42%] [32mBuilding CXX object CMakeFiles/image_preproc_ros_tool-disp2pointcloud-nodelet.dir/src/disp2pointcloud/disp2pointcloud_nodelet.cpp.o[0m
make[2]: Warning: File 'CMakeFiles/image_preproc_ros_tool-disp2pointcloud-exec.dir/depend.make' has modification time 0,034 s in the future
[ 45%] [32mBuilding CXX object CMakeFiles/image_preproc_ros_tool-disp2pointcloud-exec.dir/src/disp2pointcloud/disp2pointcloud_nodelet.cpp.o[0m
make[2]: Warning: File 'CMakeFiles/image_preproc_ros_tool-resize-nodelet.dir/depend.make' has modification time 0,034 s in the future
[ 47%] [32mBuilding CXX object CMakeFiles/image_preproc_ros_tool-resize-nodelet.dir/src/resize/resize_nodelet.cpp.o[0m
[ 50%] [32mBuilding CXX object CMakeFiles/image_preproc_ros_tool-resize-nodelet.dir/src/resize/resize.cpp.o[0m
[ 52%] [32mBuilding CXX object CMakeFiles/image_preproc_ros_tool-gamma_correction-exec.dir/src/gamma_correction/gamma_correction_node.cpp.o[0m
[ 55%] [32mBuilding CXX object CMakeFiles/image_preproc_ros_tool-gamma_correction-nodelet.dir/src/gamma_correction/gamma_correction.cpp.o[0m
[ 57%] [32mBuilding CXX object CMakeFiles/image_preproc_ros_tool-label_dilation-exec.dir/src/label_dilation/label_dilation.cpp.o[0m
[ 60%] [32mBuilding CXX object CMakeFiles/image_preproc_ros_tool-label_dilation-nodelet.dir/src/label_dilation/label_dilation.cpp.o[0m
[ 62%] [32mBuilding CXX object CMakeFiles/image_preproc_ros_tool-disp2pointcloud-exec.dir/src/disp2pointcloud/disp2pointcloud.cpp.o[0m
[ 65%] [32mBuilding CXX object CMakeFiles/image_preproc_ros_tool-disp2pointcloud-nodelet.dir/src/disp2pointcloud/disp2pointcloud.cpp.o[0m
[ 67%] [32mBuilding CXX object CMakeFiles/image_preproc_ros_tool-disp2pointcloud-exec.dir/src/disp2pointcloud/disp2pointcloud_node.cpp.o[0m
[ 70%] [32mBuilding CXX object CMakeFiles/image_preproc_ros_tool-gamma_correction-exec.dir/src/gamma_correction/gamma_correction.cpp.o[0m
[ 72%] [32m[1mLinking CXX shared library /home/kal5-1/cargogo/devel_debug/.private/image_preproc_ros_tool/lib/libgamma_correction_nodelet.so[0m
[35m[1mScanning dependencies of target image_preproc_ros_tool-resize-exec[0m
make[2]: Warning: File 'CMakeFiles/image_preproc_ros_tool-resize-exec.dir/depend.make' has modification time 0,03 s in the future
[ 75%] [32mBuilding CXX object CMakeFiles/image_preproc_ros_tool-resize-exec.dir/src/resize/resize_nodelet.cpp.o[0m
make[2]: warning:  Clock skew detected.  Your build may be incomplete.
[ 75%] Built target image_preproc_ros_tool-gamma_correction-nodelet
[ 77%] [32mBuilding CXX object CMakeFiles/image_preproc_ros_tool-resize-exec.dir/src/resize/resize.cpp.o[0m
[ 80%] [32m[1mLinking CXX shared library /home/kal5-1/cargogo/devel_debug/.private/image_preproc_ros_tool/lib/libresize_nodelet.so[0m
[ 82%] [32mBuilding CXX object CMakeFiles/image_preproc_ros_tool-label_dilation-exec.dir/src/label_dilation/label_dilation_node.cpp.o[0m
[ 85%] [32m[1mLinking CXX shared library /home/kal5-1/cargogo/devel_debug/.private/image_preproc_ros_tool/lib/liblabel_dilation_nodelet.so[0m
make[2]: warning:  Clock skew detected.  Your build may be incomplete.
[ 85%] Built target image_preproc_ros_tool-resize-nodelet
[ 87%] [32mBuilding CXX object CMakeFiles/image_preproc_ros_tool-resize-exec.dir/src/resize/resize_node.cpp.o[0m
make[2]: warning:  Clock skew detected.  Your build may be incomplete.
[ 87%] Built target image_preproc_ros_tool-label_dilation-nodelet
[ 90%] [32m[1mLinking CXX executable /home/kal5-1/cargogo/devel_debug/.private/image_preproc_ros_tool/lib/image_preproc_ros_tool/gamma_correction[0m
make[2]: warning:  Clock skew detected.  Your build may be incomplete.
[ 90%] Built target image_preproc_ros_tool-gamma_correction-exec
[ 92%] [32m[1mLinking CXX executable /home/kal5-1/cargogo/devel_debug/.private/image_preproc_ros_tool/lib/image_preproc_ros_tool/label_dilation[0m
make[2]: warning:  Clock skew detected.  Your build may be incomplete.
[ 92%] Built target image_preproc_ros_tool-label_dilation-exec
[ 95%] [32m[1mLinking CXX executable /home/kal5-1/cargogo/devel_debug/.private/image_preproc_ros_tool/lib/image_preproc_ros_tool/resize[0m
[ 97%] [32m[1mLinking CXX executable /home/kal5-1/cargogo/devel_debug/.private/image_preproc_ros_tool/lib/image_preproc_ros_tool/disp2pointcloud[0m
[100%] [32m[1mLinking CXX shared library /home/kal5-1/cargogo/devel_debug/.private/image_preproc_ros_tool/lib/libdisp2pointcloud_nodelet.so[0m
make[2]: warning:  Clock skew detected.  Your build may be incomplete.
[100%] Built target image_preproc_ros_tool-resize-exec
make[2]: warning:  Clock skew detected.  Your build may be incomplete.
[100%] Built target image_preproc_ros_tool-disp2pointcloud-exec
make[2]: warning:  Clock skew detected.  Your build may be incomplete.
[100%] Built target image_preproc_ros_tool-disp2pointcloud-nodelet
