[  0%] Built target rosgraph_msgs_generate_messages_nodejs
[  0%] Built target nodelet_generate_messages_nodejs
[  0%] Built target std_msgs_generate_messages_nodejs
[  0%] Built target roscpp_generate_messages_cpp
[  0%] Built target geometry_msgs_generate_messages_cpp
[  2%] Built target nodelet_generate_messages_py
[  2%] Built target rosinterface_handler_gencfg
[  5%] Built target gtest
[  5%] Built target sensor_msgs_generate_messages_eus
[  5%] Built target geometry_msgs_generate_messages_lisp
[  5%] Built target std_msgs_generate_messages_cpp
[  5%] Built target actionlib_msgs_generate_messages_cpp
[  5%] Built target nodelet_generate_messages_lisp
[  5%] Built target actionlib_generate_messages_nodejs
[  5%] Built target sensor_msgs_generate_messages_nodejs
[  5%] Built target geometry_msgs_generate_messages_py
[  5%] Built target std_srvs_generate_messages_lisp
[  5%] Built target dynamic_reconfigure_generate_messages_nodejs
[  5%] Built target bond_generate_messages_py
[  5%] Built target bond_generate_messages_eus
[  5%] Built target tf2_msgs_generate_messages_nodejs
[  5%] Built target roscpp_generate_messages_eus
[  5%] Built target std_msgs_generate_messages_lisp
[  5%] Built target pcl_msgs_generate_messages_nodejs
[  5%] Built target dynamic_reconfigure_generate_messages_cpp
[  5%] Built target tf_generate_messages_cpp
[  5%] Built target geometry_msgs_generate_messages_eus
[  5%] Built target tf_generate_messages_lisp
[  5%] Built target rosgraph_msgs_generate_messages_lisp
[  5%] Built target std_srvs_generate_messages_eus
[  5%] Built target geometry_msgs_generate_messages_nodejs
[  5%] Built target rosinterface_handler_geninterface
[  5%] Built target nodelet_generate_messages_cpp
[  5%] Built target tf2_msgs_generate_messages_eus
[  5%] Built target pcl_ros_gencfg
[  5%] Built target roscpp_generate_messages_py
[  5%] Built target dynamic_reconfigure_gencfg
[  5%] Built target pcl_msgs_generate_messages_eus
[  5%] Built target pcl_msgs_generate_messages_lisp
[  5%] Built target rosgraph_msgs_generate_messages_cpp
[  5%] Built target roscpp_generate_messages_lisp
[  5%] Built target dynamic_reconfigure_generate_messages_lisp
[  5%] Built target std_srvs_generate_messages_py
[  5%] Built target std_msgs_generate_messages_py
[ 20%] Built target rosgraph_msgs_generate_messages_eus
[ 22%] Built target image_preproc_ros_tool_gencfg
[ 22%] Built target roscpp_generate_messages_nodejs
[ 22%] Built target tf_generate_messages_nodejs
[ 22%] Built target sensor_msgs_generate_messages_py
[ 22%] Built target rosgraph_msgs_generate_messages_py
[ 22%] Built target actionlib_generate_messages_cpp
[ 22%] Built target dynamic_reconfigure_generate_messages_eus
[ 22%] Built target bond_generate_messages_nodejs
[ 22%] Built target pcl_msgs_generate_messages_py
[ 22%] Built target bond_generate_messages_lisp
[ 22%] Built target bond_generate_messages_cpp
[ 22%] Built target nodelet_generate_messages_eus
[ 22%] Built target topic_tools_generate_messages_lisp
[ 22%] Built target nodelet_topic_tools_gencfg
[ 22%] Built target topic_tools_generate_messages_cpp
[ 22%] Built target std_srvs_generate_messages_cpp
[ 22%] Built target pcl_msgs_generate_messages_cpp
[ 22%] Built target sensor_msgs_generate_messages_lisp
[ 22%] Built target topic_tools_generate_messages_py
[ 22%] Built target topic_tools_generate_messages_nodejs
[ 22%] Built target actionlib_msgs_generate_messages_nodejs
[ 22%] Built target tf_generate_messages_py
[ 22%] Built target std_msgs_generate_messages_eus
[ 22%] Built target actionlib_generate_messages_eus
[ 22%] Built target tf_generate_messages_eus
[ 22%] Built target dynamic_reconfigure_generate_messages_py
[ 22%] Built target sensor_msgs_generate_messages_cpp
[ 22%] Built target actionlib_msgs_generate_messages_eus
[ 22%] Built target tf2_msgs_generate_messages_cpp
[ 22%] Built target tf2_msgs_generate_messages_lisp
[ 22%] Built target actionlib_msgs_generate_messages_py
[ 22%] Built target actionlib_msgs_generate_messages_lisp
[ 22%] Built target actionlib_generate_messages_py
[ 22%] Built target tf2_msgs_generate_messages_py
[ 22%] Built target topic_tools_generate_messages_eus
[ 30%] Built target image_preproc_ros_tool_geninterface
[ 30%] Built target actionlib_generate_messages_lisp
[ 30%] Built target std_srvs_generate_messages_nodejs
[ 37%] [32m[1mLinking CXX shared library /home/kal5-1/cargogo/devel_debug/.private/image_preproc_ros_tool/lib/liblabel_dilation_nodelet.so[0m
[ 37%] [32m[1mLinking CXX shared library /home/kal5-1/cargogo/devel_debug/.private/image_preproc_ros_tool/lib/libresize_nodelet.so[0m
[ 40%] [32m[1mLinking CXX executable /home/kal5-1/cargogo/devel_debug/.private/image_preproc_ros_tool/lib/image_preproc_ros_tool/label_dilation[0m
[ 40%] [32m[1mLinking CXX shared library /home/kal5-1/cargogo/devel_debug/.private/image_preproc_ros_tool/lib/libgamma_correction_nodelet.so[0m
[ 42%] [32m[1mLinking CXX executable /home/kal5-1/cargogo/devel_debug/.private/image_preproc_ros_tool/lib/image_preproc_ros_tool/gamma_correction[0m
[ 45%] [32m[1mLinking CXX executable /home/kal5-1/cargogo/devel_debug/.private/image_preproc_ros_tool/lib/image_preproc_ros_tool/resize[0m
[ 47%] [32m[1mLinking CXX executable /home/kal5-1/cargogo/devel_debug/.private/image_preproc_ros_tool/lib/image_preproc_ros_tool/disp2pointcloud[0m
[ 50%] [32m[1mLinking CXX shared library /home/kal5-1/cargogo/devel_debug/.private/image_preproc_ros_tool/lib/libdisp2pointcloud_nodelet.so[0m
[ 60%] Built target image_preproc_ros_tool-label_dilation-nodelet
[ 60%] Built target image_preproc_ros_tool-gamma_correction-nodelet
[ 67%] Built target image_preproc_ros_tool-gamma_correction-exec
[ 82%] Built target image_preproc_ros_tool-label_dilation-exec
[ 82%] Built target image_preproc_ros_tool-resize-exec
[ 87%] Built target image_preproc_ros_tool-resize-nodelet
[100%] Built target image_preproc_ros_tool-disp2pointcloud-nodelet
[100%] Built target image_preproc_ros_tool-disp2pointcloud-exec
