Symlinking /home/kal5-1/cargogo/devel_debug/share/image_preproc_ros_tool/docs/ResizeConfig-usage.dox
Symlinking /home/kal5-1/cargogo/devel_debug/share/image_preproc_ros_tool/docs/Disp2pointcloudConfig-usage.dox
Symlinking /home/kal5-1/cargogo/devel_debug/share/image_preproc_ros_tool/docs/LabelDilationConfig.dox
Symlinking /home/kal5-1/cargogo/devel_debug/share/image_preproc_ros_tool/docs/Disp2pointcloudConfig.wikidoc
Symlinking /home/kal5-1/cargogo/devel_debug/share/image_preproc_ros_tool/docs/Disp2pointcloudConfig.dox
Symlinking /home/kal5-1/cargogo/devel_debug/share/image_preproc_ros_tool/docs/LabelDilationConfig.wikidoc
Symlinking /home/kal5-1/cargogo/devel_debug/share/image_preproc_ros_tool/docs/ResizeConfig.dox
Symlinking /home/kal5-1/cargogo/devel_debug/share/image_preproc_ros_tool/docs/GammaCorrectionConfig.dox
Symlinking /home/kal5-1/cargogo/devel_debug/share/image_preproc_ros_tool/docs/ResizeConfig.wikidoc
Symlinking /home/kal5-1/cargogo/devel_debug/share/image_preproc_ros_tool/docs/GammaCorrectionConfig-usage.dox
Symlinking /home/kal5-1/cargogo/devel_debug/share/image_preproc_ros_tool/docs/LabelDilationConfig-usage.dox
Symlinking /home/kal5-1/cargogo/devel_debug/share/image_preproc_ros_tool/docs/GammaCorrectionConfig.wikidoc
Symlinking /home/kal5-1/cargogo/devel_debug/share/image_preproc_ros_tool/cmake/image_preproc_ros_toolConfig.cmake
Symlinking /home/kal5-1/cargogo/devel_debug/share/image_preproc_ros_tool/cmake/image_preproc_ros_toolConfig-version.cmake
Symlinking /home/kal5-1/cargogo/devel_debug/share/image_preproc_ros_tool/cfg/LabelDilation.cfg
Symlinking /home/kal5-1/cargogo/devel_debug/share/image_preproc_ros_tool/cfg/Disp2pointcloud.cfg
Symlinking /home/kal5-1/cargogo/devel_debug/share/image_preproc_ros_tool/cfg/Resize.cfg
Symlinking /home/kal5-1/cargogo/devel_debug/include/image_preproc_ros_tool/Disp2pointcloudInterface.h
Symlinking /home/kal5-1/cargogo/devel_debug/include/image_preproc_ros_tool/LabelDilationInterface.h
Symlinking /home/kal5-1/cargogo/devel_debug/include/image_preproc_ros_tool/Disp2pointcloudConfig.h
Symlinking /home/kal5-1/cargogo/devel_debug/include/image_preproc_ros_tool/ResizeConfig.h
Symlinking /home/kal5-1/cargogo/devel_debug/include/image_preproc_ros_tool/LabelDilationConfig.h
Symlinking /home/kal5-1/cargogo/devel_debug/include/image_preproc_ros_tool/GammaCorrectionConfig.h
Symlinking /home/kal5-1/cargogo/devel_debug/include/image_preproc_ros_tool/ResizeInterface.h
Symlinking /home/kal5-1/cargogo/devel_debug/lib/libresize_nodelet.so
Symlinking /home/kal5-1/cargogo/devel_debug/lib/liblabel_dilation_nodelet.so
Symlinking /home/kal5-1/cargogo/devel_debug/lib/libgamma_correction_nodelet.so
Symlinking /home/kal5-1/cargogo/devel_debug/lib/libdisp2pointcloud_nodelet.so
Symlinking /home/kal5-1/cargogo/devel_debug/lib/pkgconfig/image_preproc_ros_tool.pc
Symlinking /home/kal5-1/cargogo/devel_debug/lib/python2.7/dist-packages/image_preproc_ros_tool/__init__.py
Symlinking /home/kal5-1/cargogo/devel_debug/lib/python2.7/dist-packages/image_preproc_ros_tool/cfg/ResizeConfig.py
Symlinking /home/kal5-1/cargogo/devel_debug/lib/python2.7/dist-packages/image_preproc_ros_tool/cfg/GammaCorrectionConfig.py
Symlinking /home/kal5-1/cargogo/devel_debug/lib/python2.7/dist-packages/image_preproc_ros_tool/cfg/__init__.py
Symlinking /home/kal5-1/cargogo/devel_debug/lib/python2.7/dist-packages/image_preproc_ros_tool/cfg/LabelDilationConfig.py
Symlinking /home/kal5-1/cargogo/devel_debug/lib/python2.7/dist-packages/image_preproc_ros_tool/cfg/Disp2pointcloudConfig.py
Symlinking /home/kal5-1/cargogo/devel_debug/lib/python2.7/dist-packages/image_preproc_ros_tool/interface/ResizeInterface.py
Symlinking /home/kal5-1/cargogo/devel_debug/lib/python2.7/dist-packages/image_preproc_ros_tool/interface/__init__.py
Symlinking /home/kal5-1/cargogo/devel_debug/lib/python2.7/dist-packages/image_preproc_ros_tool/interface/Disp2pointcloudInterface.py
Symlinking /home/kal5-1/cargogo/devel_debug/lib/python2.7/dist-packages/image_preproc_ros_tool/interface/LabelDilationInterface.py
Symlinking /home/kal5-1/cargogo/devel_debug/lib/image_preproc_ros_tool/resize
Symlinking /home/kal5-1/cargogo/devel_debug/lib/image_preproc_ros_tool/label_dilation
Symlinking /home/kal5-1/cargogo/devel_debug/lib/image_preproc_ros_tool/gamma_correction
Symlinking /home/kal5-1/cargogo/devel_debug/lib/image_preproc_ros_tool/disp2pointcloud
