make[1]: Warning: File 'CMakeFiles/Makefile2' has modification time 0,065 s in the future
make[2]: Warning: File 'CMakeFiles/simulation_ros_tool_genparam.dir/progress.make' has modification time 0,041 s in the future
make[2]: Warning: File 'CMakeFiles/tf2_msgs_generate_messages_lisp.dir/progress.make' has modification time 0,045 s in the future
make[2]: Warning: File 'CMakeFiles/simulation_ros_tool_gencfg.dir/progress.make' has modification time 0,041 s in the future
make[2]: Warning: File 'gtest/gtest/CMakeFiles/gtest.dir/progress.make' has modification time 0,0077 s in the future
make[2]: warning:  Clock skew detected.  Your build may be incomplete.
make[2]: warning:  Clock skew detected.  Your build may be incomplete.
make[2]: warning:  Clock skew detected.  Your build may be incomplete.
make[2]: Warning: File 'CMakeFiles/tf2_msgs_generate_messages_lisp.dir/progress.make' has modification time 0,029 s in the future
make[2]: warning:  Clock skew detected.  Your build may be incomplete.
make[2]: warning:  Clock skew detected.  Your build may be incomplete.
make[2]: Warning: File 'CMakeFiles/simulation_ros_tool_genparam.dir/progress.make' has modification time 0,021 s in the future
make[2]: warning:  Clock skew detected.  Your build may be incomplete.
make[2]: Warning: File 'CMakeFiles/simulation_ros_tool_gencfg.dir/progress.make' has modification time 0,013 s in the future
make[2]: warning:  Clock skew detected.  Your build may be incomplete.
make[2]: Warning: File 'CMakeFiles/tf2_msgs_generate_messages_cpp.dir/progress.make' has modification time 0,0086 s in the future
make[2]: Warning: File 'CMakeFiles/tf2_msgs_generate_messages_py.dir/progress.make' has modification time 0,0063 s in the future
make[2]: warning:  Clock skew detected.  Your build may be incomplete.
make[2]: warning:  Clock skew detected.  Your build may be incomplete.
make[1]: warning:  Clock skew detected.  Your build may be incomplete.
