make[1]: Warning: File 'CMakeFiles/Makefile2' has modification time 0,078 s in the future
make[2]: Warning: File 'CMakeFiles/tf2_msgs_generate_messages_cpp.dir/progress.make' has modification time 0,05 s in the future
make[2]: Warning: File 'CMakeFiles/simulation_ros_tool_genparam.dir/progress.make' has modification time 0,046 s in the future
make[2]: Warning: File 'gtest/gtest/CMakeFiles/gtest.dir/progress.make' has modification time 0,018 s in the future
make[2]: Warning: File 'CMakeFiles/tf2_msgs_generate_messages_lisp.dir/progress.make' has modification time 0,053 s in the future
make[2]: Warning: File 'CMakeFiles/simulation_ros_tool_gencfg.dir/progress.make' has modification time 0,045 s in the future
make[2]: warning:  Clock skew detected.  Your build may be incomplete.
make[2]: warning:  Clock skew detected.  Your build may be incomplete.
make[2]: Warning: File 'gtest/gtest/CMakeFiles/gtest.dir/progress.make' has modification time 0,0016 s in the future
make[2]: warning:  Clock skew detected.  Your build may be incomplete.
make[2]: warning:  Clock skew detected.  Your build may be incomplete.
make[2]: warning:  Clock skew detected.  Your build may be incomplete.
make[2]: warning:  Clock skew detected.  Your build may be incomplete.
make[2]: Warning: File 'CMakeFiles/simulation_ros_tool_gencfg.dir/progress.make' has modification time 0,027 s in the future
make[2]: warning:  Clock skew detected.  Your build may be incomplete.
make[2]: Warning: File 'CMakeFiles/tf2_msgs_generate_messages_cpp.dir/progress.make' has modification time 0,03 s in the future
make[2]: Warning: File 'CMakeFiles/tf2_msgs_generate_messages_lisp.dir/progress.make' has modification time 0,033 s in the future
make[2]: warning:  Clock skew detected.  Your build may be incomplete.
make[2]: Warning: File 'CMakeFiles/simulation_ros_tool_genparam.dir/progress.make' has modification time 0,026 s in the future
make[2]: warning:  Clock skew detected.  Your build may be incomplete.
make[2]: warning:  Clock skew detected.  Your build may be incomplete.
make[1]: warning:  Clock skew detected.  Your build may be incomplete.
