[  0%] Built target tf2_msgs_generate_messages_cpp
[ 36%] Built target gtest
[ 36%] Built target tf2_msgs_generate_messages_lisp
[ 36%] Built target simulation_ros_tool_genparam
[ 45%] Built target simulation_ros_tool_gencfg
[ 45%] Built target actionlib_msgs_generate_messages_py
[ 45%] Built target actionlib_msgs_generate_messages_lisp
[ 45%] Built target actionlib_msgs_generate_messages_nodejs
[ 45%] Built target tf2_msgs_generate_messages_py
[ 45%] Built target actionlib_generate_messages_py
[ 45%] Built target actionlib_generate_messages_lisp
[ 45%] Built target actionlib_msgs_generate_messages_eus
[ 45%] Built target actionlib_generate_messages_cpp
[ 45%] Built target motor_interface_ros_tool_generate_messages_lisp
[ 45%] Built target actionlib_generate_messages_eus
[ 45%] Built target motor_interface_ros_tool_generate_messages_py
[ 45%] Built target geometry_msgs_generate_messages_eus
[ 45%] Built target std_msgs_generate_messages_eus
[ 45%] Built target std_msgs_generate_messages_py
[ 45%] Built target motor_interface_ros_tool_generate_messages_cpp
[ 45%] Built target dynamic_reconfigure_generate_messages_lisp
[ 45%] Built target roscpp_generate_messages_lisp
[ 45%] Built target actionlib_msgs_generate_messages_cpp
[ 45%] Built target std_msgs_generate_messages_cpp
[ 45%] Built target actionlib_generate_messages_nodejs
[ 45%] Built target rosgraph_msgs_generate_messages_cpp
[ 45%] Built target dynamic_reconfigure_gencfg
[ 45%] Built target dynamic_reconfigure_generate_messages_py
[ 45%] Built target tf2_msgs_generate_messages_eus
[ 45%] Built target roscpp_generate_messages_py
[ 45%] Built target geometry_msgs_generate_messages_nodejs
[ 45%] Built target nodelet_generate_messages_cpp
[ 45%] Built target motor_interface_ros_tool_generate_messages_nodejs
[ 45%] Built target roscpp_generate_messages_nodejs
[ 45%] Built target rosgraph_msgs_generate_messages_lisp
[ 45%] Built target rosgraph_msgs_generate_messages_py
[ 45%] Built target dynamic_reconfigure_generate_messages_nodejs
[ 45%] Built target dynamic_reconfigure_generate_messages_cpp
[ 45%] Built target dynamic_reconfigure_generate_messages_eus
[ 45%] Built target bond_generate_messages_py
[ 45%] Built target motor_interface_ros_tool_generate_messages_eus
[ 45%] Built target std_msgs_generate_messages_lisp
[ 45%] Built target geometry_msgs_generate_messages_lisp
[ 45%] Built target nodelet_generate_messages_lisp
[ 45%] Built target bond_generate_messages_cpp
[ 45%] Built target rosgraph_msgs_generate_messages_nodejs
[ 45%] Built target rosgraph_msgs_generate_messages_eus
[ 45%] Built target roscpp_generate_messages_cpp
[ 45%] Built target geometry_msgs_generate_messages_cpp
[ 45%] Built target nodelet_generate_messages_py
[ 45%] Built target std_msgs_generate_messages_nodejs
[ 45%] Built target geometry_msgs_generate_messages_py
[ 45%] Built target nodelet_generate_messages_nodejs
[ 45%] Built target bond_generate_messages_eus
[ 45%] Built target roscpp_generate_messages_eus
[ 45%] Built target bond_generate_messages_lisp
[ 45%] Built target tf2_msgs_generate_messages_nodejs
[ 45%] Built target nodelet_generate_messages_eus
[ 45%] Built target bond_generate_messages_nodejs
[ 81%] Built target simulation_ros_tool-vehicle_simulator-nodelet
[100%] Built target simulation_ros_tool-vehicle_simulator-exec
