make[1]: Warning: File 'CMakeFiles/Makefile2' has modification time 0,083 s in the future
make[2]: Warning: File 'CMakeFiles/simulation_ros_tool_gencfg.dir/progress.make' has modification time 0,055 s in the future
make[2]: Warning: File 'CMakeFiles/tf2_msgs_generate_messages_lisp.dir/progress.make' has modification time 0,063 s in the future
make[2]: Warning: File 'CMakeFiles/simulation_ros_tool_genparam.dir/progress.make' has modification time 0,055 s in the future
make[2]: Warning: File 'gtest/gtest/CMakeFiles/gtest.dir/progress.make' has modification time 0,031 s in the future
make[2]: Warning: File 'CMakeFiles/tf2_msgs_generate_messages_cpp.dir/progress.make' has modification time 0,063 s in the future
make[2]: warning:  Clock skew detected.  Your build may be incomplete.
make[2]: warning:  Clock skew detected.  Your build may be incomplete.
make[2]: warning:  Clock skew detected.  Your build may be incomplete.
make[2]: Warning: File 'CMakeFiles/tf2_msgs_generate_messages_cpp.dir/progress.make' has modification time 0,043 s in the future
make[2]: Warning: File 'CMakeFiles/simulation_ros_tool_genparam.dir/progress.make' has modification time 0,035 s in the future
make[2]: Warning: File 'gtest/gtest/CMakeFiles/gtest.dir/progress.make' has modification time 0,01 s in the future
make[2]: warning:  Clock skew detected.  Your build may be incomplete.
make[2]: warning:  Clock skew detected.  Your build may be incomplete.
make[2]: warning:  Clock skew detected.  Your build may be incomplete.
make[2]: warning:  Clock skew detected.  Your build may be incomplete.
make[2]: warning:  Clock skew detected.  Your build may be incomplete.
make[2]: Warning: File 'CMakeFiles/tf2_msgs_generate_messages_lisp.dir/progress.make' has modification time 0,04 s in the future
make[2]: warning:  Clock skew detected.  Your build may be incomplete.
make[2]: Warning: File 'CMakeFiles/simulation_ros_tool_gencfg.dir/progress.make' has modification time 0,027 s in the future
make[2]: warning:  Clock skew detected.  Your build may be incomplete.
make[2]: Warning: File 'CMakeFiles/tf2_msgs_generate_messages_py.dir/progress.make' has modification time 0,024 s in the future
make[2]: warning:  Clock skew detected.  Your build may be incomplete.
make[2]: Warning: File 'CMakeFiles/tf2_msgs_generate_messages_py.dir/progress.make' has modification time 0,011 s in the future
make[2]: warning:  Clock skew detected.  Your build may be incomplete.
make[1]: warning:  Clock skew detected.  Your build may be incomplete.
