[  0%] Built target bond_generate_messages_lisp
[  0%] Built target bond_generate_messages_eus
[  5%] Built target tf2_msgs_generate_messages_nodejs
[  5%] Built target nodelet_generate_messages_py
[  5%] Built target nodelet_generate_messages_eus
[  5%] Built target roscpp_generate_messages_eus
[ 11%] Built target gtest
[ 11%] Built target roscpp_generate_messages_cpp
[ 11%] Built target geometry_msgs_generate_messages_py
[ 11%] Built target geometry_msgs_generate_messages_lisp
[ 11%] Built target rosinterface_handler_gencfg
[ 11%] Built target rosgraph_msgs_generate_messages_nodejs
[ 11%] Built target nodelet_generate_messages_lisp
[ 11%] Built target std_msgs_generate_messages_nodejs
[ 11%] Built target bond_generate_messages_py
[ 11%] Built target motor_interface_ros_tool_generate_messages_eus
[ 11%] Built target roscpp_generate_messages_nodejs
[ 11%] Built target std_msgs_generate_messages_lisp
[ 11%] Built target motor_interface_ros_tool_generate_messages_nodejs
[ 11%] Built target dynamic_reconfigure_generate_messages_eus
[ 11%] Built target dynamic_reconfigure_generate_messages_nodejs
[ 11%] Built target bond_generate_messages_nodejs
[ 11%] Built target rosgraph_msgs_generate_messages_lisp
[ 11%] Built target dynamic_reconfigure_generate_messages_cpp
[ 11%] Built target nodelet_generate_messages_cpp
[ 11%] Built target rosinterface_handler_geninterface
[ 11%] Built target tf2_msgs_generate_messages_eus
[ 11%] Built target rosgraph_msgs_generate_messages_cpp
[ 11%] Built target std_msgs_generate_messages_cpp
[ 11%] Built target actionlib_generate_messages_nodejs
[ 11%] Built target roscpp_generate_messages_lisp
[ 11%] Built target dynamic_reconfigure_gencfg
[ 11%] Built target geometry_msgs_generate_messages_nodejs
[ 11%] Built target std_msgs_generate_messages_py
[ 11%] Built target geometry_msgs_generate_messages_cpp
[ 11%] Built target rosgraph_msgs_generate_messages_eus
[ 11%] Built target dynamic_reconfigure_generate_messages_lisp
[ 11%] Built target geometry_msgs_generate_messages_eus
[ 11%] Built target motor_interface_ros_tool_generate_messages_lisp
[ 11%] Built target motor_interface_ros_tool_generate_messages_py
[ 11%] Built target actionlib_generate_messages_cpp
[ 11%] Built target actionlib_generate_messages_eus
[ 11%] Built target rosgraph_msgs_generate_messages_py
[ 11%] Built target std_msgs_generate_messages_eus
[ 11%] Built target actionlib_msgs_generate_messages_cpp
[ 11%] Built target actionlib_msgs_generate_messages_eus
[ 11%] Built target actionlib_generate_messages_lisp
[ 17%] Built target longitudinal_control_ros_tool_genparam
[ 17%] Built target actionlib_msgs_generate_messages_py
[ 17%] Built target actionlib_msgs_generate_messages_nodejs
[ 17%] Built target tf2_msgs_generate_messages_cpp
[ 17%] Built target actionlib_msgs_generate_messages_lisp
[ 17%] Built target motor_interface_ros_tool_generate_messages_cpp
[ 17%] Built target tf2_msgs_generate_messages_py
[ 17%] Built target tf2_msgs_generate_messages_lisp
[ 17%] Built target actionlib_generate_messages_py
[ 17%] Built target dynamic_reconfigure_generate_messages_py
[ 17%] Built target roscpp_generate_messages_py
[ 17%] Built target nodelet_generate_messages_nodejs
[ 17%] Built target bond_generate_messages_cpp
[ 29%] Built target longitudinal_control_ros_tool_gencfg
[ 29%] Built target _longitudinal_control_ros_tool_generate_messages_check_deps_veloservice
[ 35%] Built target longitudinal_control_ros_tool_generate_messages_cpp
[ 47%] Built target longitudinal_control_ros_tool_generate_messages_lisp
[ 64%] Built target longitudinal_control_ros_tool_generate_messages_nodejs
[ 64%] Built target longitudinal_control_ros_tool_generate_messages_py
[ 70%] Built target longitudinal_control_ros_tool_generate_messages_eus
[ 70%] Built target longitudinal_control_ros_tool_generate_messages
[ 88%] Built target longitudinal_control_ros_tool-longitudinal_controller-nodelet
[100%] Built target longitudinal_control_ros_tool-longitudinal_controller-exec
