Linked: (/home/kal5-1/cargogo/devel/.private/longitudinal_control_ros_tool/share/common-lisp/ros/longitudinal_control_ros_tool/srv/_package_veloservice.lisp, /home/kal5-1/cargogo/devel/share/common-lisp/ros/longitudinal_control_ros_tool/srv/_package_veloservice.lisp)
Linked: (/home/kal5-1/cargogo/devel/.private/longitudinal_control_ros_tool/share/common-lisp/ros/longitudinal_control_ros_tool/srv/_package.lisp, /home/kal5-1/cargogo/devel/share/common-lisp/ros/longitudinal_control_ros_tool/srv/_package.lisp)
Linked: (/home/kal5-1/cargogo/devel/.private/longitudinal_control_ros_tool/share/common-lisp/ros/longitudinal_control_ros_tool/srv/longitudinal_control_ros_tool-srv.asd, /home/kal5-1/cargogo/devel/share/common-lisp/ros/longitudinal_control_ros_tool/srv/longitudinal_control_ros_tool-srv.asd)
Linked: (/home/kal5-1/cargogo/devel/.private/longitudinal_control_ros_tool/share/common-lisp/ros/longitudinal_control_ros_tool/srv/veloservice.lisp, /home/kal5-1/cargogo/devel/share/common-lisp/ros/longitudinal_control_ros_tool/srv/veloservice.lisp)
Linked: (/home/kal5-1/cargogo/devel/.private/longitudinal_control_ros_tool/share/roseus/ros/longitudinal_control_ros_tool/manifest.l, /home/kal5-1/cargogo/devel/share/roseus/ros/longitudinal_control_ros_tool/manifest.l)
Linked: (/home/kal5-1/cargogo/devel/.private/longitudinal_control_ros_tool/share/roseus/ros/longitudinal_control_ros_tool/srv/veloservice.l, /home/kal5-1/cargogo/devel/share/roseus/ros/longitudinal_control_ros_tool/srv/veloservice.l)
Linked: (/home/kal5-1/cargogo/devel/.private/longitudinal_control_ros_tool/share/longitudinal_control_ros_tool/docs/LongitudinalControllerConfig.dox, /home/kal5-1/cargogo/devel/share/longitudinal_control_ros_tool/docs/LongitudinalControllerConfig.dox)
Linked: (/home/kal5-1/cargogo/devel/.private/longitudinal_control_ros_tool/share/longitudinal_control_ros_tool/docs/LongitudinalControllerConfig.wikidoc, /home/kal5-1/cargogo/devel/share/longitudinal_control_ros_tool/docs/LongitudinalControllerConfig.wikidoc)
Linked: (/home/kal5-1/cargogo/devel/.private/longitudinal_control_ros_tool/share/longitudinal_control_ros_tool/docs/LongitudinalControllerConfig-usage.dox, /home/kal5-1/cargogo/devel/share/longitudinal_control_ros_tool/docs/LongitudinalControllerConfig-usage.dox)
Linked: (/home/kal5-1/cargogo/devel/.private/longitudinal_control_ros_tool/share/longitudinal_control_ros_tool/cmake/longitudinal_control_ros_tool-msg-paths.cmake, /home/kal5-1/cargogo/devel/share/longitudinal_control_ros_tool/cmake/longitudinal_control_ros_tool-msg-paths.cmake)
Linked: (/home/kal5-1/cargogo/devel/.private/longitudinal_control_ros_tool/share/longitudinal_control_ros_tool/cmake/longitudinal_control_ros_toolConfig.cmake, /home/kal5-1/cargogo/devel/share/longitudinal_control_ros_tool/cmake/longitudinal_control_ros_toolConfig.cmake)
Linked: (/home/kal5-1/cargogo/devel/.private/longitudinal_control_ros_tool/share/longitudinal_control_ros_tool/cmake/longitudinal_control_ros_tool-msg-extras.cmake, /home/kal5-1/cargogo/devel/share/longitudinal_control_ros_tool/cmake/longitudinal_control_ros_tool-msg-extras.cmake)
Linked: (/home/kal5-1/cargogo/devel/.private/longitudinal_control_ros_tool/share/longitudinal_control_ros_tool/cmake/longitudinal_control_ros_toolConfig-version.cmake, /home/kal5-1/cargogo/devel/share/longitudinal_control_ros_tool/cmake/longitudinal_control_ros_toolConfig-version.cmake)
Linked: (/home/kal5-1/cargogo/devel/.private/longitudinal_control_ros_tool/share/longitudinal_control_ros_tool/cfg/LongitudinalController.cfg, /home/kal5-1/cargogo/devel/share/longitudinal_control_ros_tool/cfg/LongitudinalController.cfg)
Linked: (/home/kal5-1/cargogo/devel/.private/longitudinal_control_ros_tool/share/gennodejs/ros/longitudinal_control_ros_tool/_index.js, /home/kal5-1/cargogo/devel/share/gennodejs/ros/longitudinal_control_ros_tool/_index.js)
Linked: (/home/kal5-1/cargogo/devel/.private/longitudinal_control_ros_tool/share/gennodejs/ros/longitudinal_control_ros_tool/srv/veloservice.js, /home/kal5-1/cargogo/devel/share/gennodejs/ros/longitudinal_control_ros_tool/srv/veloservice.js)
Linked: (/home/kal5-1/cargogo/devel/.private/longitudinal_control_ros_tool/share/gennodejs/ros/longitudinal_control_ros_tool/srv/_index.js, /home/kal5-1/cargogo/devel/share/gennodejs/ros/longitudinal_control_ros_tool/srv/_index.js)
Linked: (/home/kal5-1/cargogo/devel/.private/longitudinal_control_ros_tool/include/longitudinal_control_ros_tool/veloserviceResponse.h, /home/kal5-1/cargogo/devel/include/longitudinal_control_ros_tool/veloserviceResponse.h)
Linked: (/home/kal5-1/cargogo/devel/.private/longitudinal_control_ros_tool/include/longitudinal_control_ros_tool/LongitudinalControllerParameters.h, /home/kal5-1/cargogo/devel/include/longitudinal_control_ros_tool/LongitudinalControllerParameters.h)
Linked: (/home/kal5-1/cargogo/devel/.private/longitudinal_control_ros_tool/include/longitudinal_control_ros_tool/LongitudinalControllerConfig.h, /home/kal5-1/cargogo/devel/include/longitudinal_control_ros_tool/LongitudinalControllerConfig.h)
Linked: (/home/kal5-1/cargogo/devel/.private/longitudinal_control_ros_tool/include/longitudinal_control_ros_tool/veloserviceRequest.h, /home/kal5-1/cargogo/devel/include/longitudinal_control_ros_tool/veloserviceRequest.h)
Linked: (/home/kal5-1/cargogo/devel/.private/longitudinal_control_ros_tool/include/longitudinal_control_ros_tool/veloservice.h, /home/kal5-1/cargogo/devel/include/longitudinal_control_ros_tool/veloservice.h)
Linked: (/home/kal5-1/cargogo/devel/.private/longitudinal_control_ros_tool/lib/liblongitudinal_controller_nodelet.so, /home/kal5-1/cargogo/devel/lib/liblongitudinal_controller_nodelet.so)
Linked: (/home/kal5-1/cargogo/devel/.private/longitudinal_control_ros_tool/lib/pkgconfig/longitudinal_control_ros_tool.pc, /home/kal5-1/cargogo/devel/lib/pkgconfig/longitudinal_control_ros_tool.pc)
Linked: (/home/kal5-1/cargogo/devel/.private/longitudinal_control_ros_tool/lib/python2.7/dist-packages/longitudinal_control_ros_tool/__init__.py, /home/kal5-1/cargogo/devel/lib/python2.7/dist-packages/longitudinal_control_ros_tool/__init__.py)
Linked: (/home/kal5-1/cargogo/devel/.private/longitudinal_control_ros_tool/lib/python2.7/dist-packages/longitudinal_control_ros_tool/srv/__init__.py, /home/kal5-1/cargogo/devel/lib/python2.7/dist-packages/longitudinal_control_ros_tool/srv/__init__.py)
Linked: (/home/kal5-1/cargogo/devel/.private/longitudinal_control_ros_tool/lib/python2.7/dist-packages/longitudinal_control_ros_tool/srv/_veloservice.py, /home/kal5-1/cargogo/devel/lib/python2.7/dist-packages/longitudinal_control_ros_tool/srv/_veloservice.py)
Linked: (/home/kal5-1/cargogo/devel/.private/longitudinal_control_ros_tool/lib/python2.7/dist-packages/longitudinal_control_ros_tool/cfg/LongitudinalControllerConfig.py, /home/kal5-1/cargogo/devel/lib/python2.7/dist-packages/longitudinal_control_ros_tool/cfg/LongitudinalControllerConfig.py)
Linked: (/home/kal5-1/cargogo/devel/.private/longitudinal_control_ros_tool/lib/python2.7/dist-packages/longitudinal_control_ros_tool/cfg/__init__.py, /home/kal5-1/cargogo/devel/lib/python2.7/dist-packages/longitudinal_control_ros_tool/cfg/__init__.py)
Linked: (/home/kal5-1/cargogo/devel/.private/longitudinal_control_ros_tool/lib/python2.7/dist-packages/longitudinal_control_ros_tool/param/__init__.py, /home/kal5-1/cargogo/devel/lib/python2.7/dist-packages/longitudinal_control_ros_tool/param/__init__.py)
Linked: (/home/kal5-1/cargogo/devel/.private/longitudinal_control_ros_tool/lib/python2.7/dist-packages/longitudinal_control_ros_tool/param/LongitudinalControllerParameters.py, /home/kal5-1/cargogo/devel/lib/python2.7/dist-packages/longitudinal_control_ros_tool/param/LongitudinalControllerParameters.py)
Linked: (/home/kal5-1/cargogo/devel/.private/longitudinal_control_ros_tool/lib/longitudinal_control_ros_tool/longitudinal_controller, /home/kal5-1/cargogo/devel/lib/longitudinal_control_ros_tool/longitudinal_controller)
