Symlinking /home/kal5-1/cargogo/devel/share/common-lisp/ros/longitudinal_control_ros_tool/srv/_package_veloservice.lisp
Symlinking /home/kal5-1/cargogo/devel/share/common-lisp/ros/longitudinal_control_ros_tool/srv/_package.lisp
Symlinking /home/kal5-1/cargogo/devel/share/common-lisp/ros/longitudinal_control_ros_tool/srv/longitudinal_control_ros_tool-srv.asd
Symlinking /home/kal5-1/cargogo/devel/share/common-lisp/ros/longitudinal_control_ros_tool/srv/veloservice.lisp
Symlinking /home/kal5-1/cargogo/devel/share/roseus/ros/longitudinal_control_ros_tool/manifest.l
Symlinking /home/kal5-1/cargogo/devel/share/roseus/ros/longitudinal_control_ros_tool/srv/veloservice.l
Linked: (/home/kal5-1/cargogo/devel/.private/longitudinal_control_ros_tool/share/longitudinal_control_ros_tool/docs/LongitudinalControllerConfig.dox, /home/kal5-1/cargogo/devel/share/longitudinal_control_ros_tool/docs/LongitudinalControllerConfig.dox)
Linked: (/home/kal5-1/cargogo/devel/.private/longitudinal_control_ros_tool/share/longitudinal_control_ros_tool/docs/LongitudinalControllerConfig.wikidoc, /home/kal5-1/cargogo/devel/share/longitudinal_control_ros_tool/docs/LongitudinalControllerConfig.wikidoc)
Linked: (/home/kal5-1/cargogo/devel/.private/longitudinal_control_ros_tool/share/longitudinal_control_ros_tool/docs/LongitudinalControllerConfig-usage.dox, /home/kal5-1/cargogo/devel/share/longitudinal_control_ros_tool/docs/LongitudinalControllerConfig-usage.dox)
Symlinking /home/kal5-1/cargogo/devel/share/longitudinal_control_ros_tool/cmake/longitudinal_control_ros_tool-msg-paths.cmake
Linked: (/home/kal5-1/cargogo/devel/.private/longitudinal_control_ros_tool/share/longitudinal_control_ros_tool/cmake/longitudinal_control_ros_toolConfig.cmake, /home/kal5-1/cargogo/devel/share/longitudinal_control_ros_tool/cmake/longitudinal_control_ros_toolConfig.cmake)
Symlinking /home/kal5-1/cargogo/devel/share/longitudinal_control_ros_tool/cmake/longitudinal_control_ros_tool-msg-extras.cmake
Linked: (/home/kal5-1/cargogo/devel/.private/longitudinal_control_ros_tool/share/longitudinal_control_ros_tool/cmake/longitudinal_control_ros_toolConfig-version.cmake, /home/kal5-1/cargogo/devel/share/longitudinal_control_ros_tool/cmake/longitudinal_control_ros_toolConfig-version.cmake)
Linked: (/home/kal5-1/cargogo/devel/.private/longitudinal_control_ros_tool/share/longitudinal_control_ros_tool/cfg/LongitudinalController.cfg, /home/kal5-1/cargogo/devel/share/longitudinal_control_ros_tool/cfg/LongitudinalController.cfg)
Symlinking /home/kal5-1/cargogo/devel/share/gennodejs/ros/longitudinal_control_ros_tool/_index.js
Symlinking /home/kal5-1/cargogo/devel/share/gennodejs/ros/longitudinal_control_ros_tool/srv/veloservice.js
Symlinking /home/kal5-1/cargogo/devel/share/gennodejs/ros/longitudinal_control_ros_tool/srv/_index.js
Symlinking /home/kal5-1/cargogo/devel/include/longitudinal_control_ros_tool/veloserviceResponse.h
Linked: (/home/kal5-1/cargogo/devel/.private/longitudinal_control_ros_tool/include/longitudinal_control_ros_tool/LongitudinalControllerParameters.h, /home/kal5-1/cargogo/devel/include/longitudinal_control_ros_tool/LongitudinalControllerParameters.h)
Linked: (/home/kal5-1/cargogo/devel/.private/longitudinal_control_ros_tool/include/longitudinal_control_ros_tool/LongitudinalControllerConfig.h, /home/kal5-1/cargogo/devel/include/longitudinal_control_ros_tool/LongitudinalControllerConfig.h)
Symlinking /home/kal5-1/cargogo/devel/include/longitudinal_control_ros_tool/veloserviceRequest.h
Symlinking /home/kal5-1/cargogo/devel/include/longitudinal_control_ros_tool/veloservice.h
Linked: (/home/kal5-1/cargogo/devel/.private/longitudinal_control_ros_tool/lib/liblongitudinal_controller_nodelet.so, /home/kal5-1/cargogo/devel/lib/liblongitudinal_controller_nodelet.so)
Linked: (/home/kal5-1/cargogo/devel/.private/longitudinal_control_ros_tool/lib/pkgconfig/longitudinal_control_ros_tool.pc, /home/kal5-1/cargogo/devel/lib/pkgconfig/longitudinal_control_ros_tool.pc)
Linked: (/home/kal5-1/cargogo/devel/.private/longitudinal_control_ros_tool/lib/python2.7/dist-packages/longitudinal_control_ros_tool/__init__.py, /home/kal5-1/cargogo/devel/lib/python2.7/dist-packages/longitudinal_control_ros_tool/__init__.py)
Symlinking /home/kal5-1/cargogo/devel/lib/python2.7/dist-packages/longitudinal_control_ros_tool/srv/__init__.py
Symlinking /home/kal5-1/cargogo/devel/lib/python2.7/dist-packages/longitudinal_control_ros_tool/srv/_veloservice.py
Linked: (/home/kal5-1/cargogo/devel/.private/longitudinal_control_ros_tool/lib/python2.7/dist-packages/longitudinal_control_ros_tool/cfg/LongitudinalControllerConfig.py, /home/kal5-1/cargogo/devel/lib/python2.7/dist-packages/longitudinal_control_ros_tool/cfg/LongitudinalControllerConfig.py)
Linked: (/home/kal5-1/cargogo/devel/.private/longitudinal_control_ros_tool/lib/python2.7/dist-packages/longitudinal_control_ros_tool/cfg/__init__.py, /home/kal5-1/cargogo/devel/lib/python2.7/dist-packages/longitudinal_control_ros_tool/cfg/__init__.py)
Linked: (/home/kal5-1/cargogo/devel/.private/longitudinal_control_ros_tool/lib/python2.7/dist-packages/longitudinal_control_ros_tool/param/__init__.py, /home/kal5-1/cargogo/devel/lib/python2.7/dist-packages/longitudinal_control_ros_tool/param/__init__.py)
Linked: (/home/kal5-1/cargogo/devel/.private/longitudinal_control_ros_tool/lib/python2.7/dist-packages/longitudinal_control_ros_tool/param/LongitudinalControllerParameters.py, /home/kal5-1/cargogo/devel/lib/python2.7/dist-packages/longitudinal_control_ros_tool/param/LongitudinalControllerParameters.py)
Linked: (/home/kal5-1/cargogo/devel/.private/longitudinal_control_ros_tool/lib/longitudinal_control_ros_tool/longitudinal_controller, /home/kal5-1/cargogo/devel/lib/longitudinal_control_ros_tool/longitudinal_controller)
