In file included from [01m[K/opt/ros/kinetic/include/ros/assert.h:35:0[m[K,
                 from [01m[K/opt/ros/kinetic/include/ros/common.h:36[m[K,
                 from [01m[K/opt/ros/kinetic/include/ros/publisher.h:32[m[K,
                 from [01m[K/opt/ros/kinetic/include/ros/node_handle.h:32[m[K,
                 from [01m[K/opt/ros/kinetic/include/dynamic_reconfigure/server.h:50[m[K,
                 from [01m[K/home/kal5-1/cargogo/src/longitudinal_control_ros_tool/src/longitudinal_controller/longitudinal_controller.hpp:3[m[K,
                 from [01m[K/home/kal5-1/cargogo/src/longitudinal_control_ros_tool/src/longitudinal_controller/longitudinal_controller.cpp:1[m[K:
[01m[K/home/kal5-1/cargogo/src/longitudinal_control_ros_tool/src/longitudinal_controller/longitudinal_controller.cpp:[m[K In constructor ‘[01m[Klongitudinal_control_ros_tool::LongitudinalController::LongitudinalController(ros::NodeHandle, ros::NodeHandle)[m[K’:
[01m[K/opt/ros/kinetic/include/ros/console.h:346:176:[m[K [01;31m[Kerror: [m[Kformat ‘[01m[K%s[m[K’ expects argument of type ‘[01m[Kchar*[m[K’, but argument 8 has type ‘[01m[Kstd::__cxx11::string* {aka std::__cxx11::basic_string<char>*}[m[K’ [-Werror=format=]
     ::ros::console::print(filter, __rosconsole_define_location__loc.logger_, __rosconsole_define_location__loc.level_, __FILE__, __LINE__, __ROSCONSOLE_FUNCTION__, __VA_ARGS__)
[01;32m[K                                                                                                                                                                                ^[m[K
[01m[K/opt/ros/kinetic/include/ros/console.h:349:5:[m[K [01;36m[Knote: [m[Kin expansion of macro ‘[01m[KROSCONSOLE_PRINT_AT_LOCATION_WITH_FILTER[m[K’
     ROSCONSOLE_PRINT_AT_LOCATION_WITH_FILTER(0, __VA_ARGS__)
[01;32m[K     ^[m[K
[01m[K/opt/ros/kinetic/include/ros/console.h:379:7:[m[K [01;36m[Knote: [m[Kin expansion of macro ‘[01m[KROSCONSOLE_PRINT_AT_LOCATION[m[K’
       ROSCONSOLE_PRINT_AT_LOCATION(__VA_ARGS__); \
[01;32m[K       ^[m[K
[01m[K/opt/ros/kinetic/include/ros/console.h:561:35:[m[K [01;36m[Knote: [m[Kin expansion of macro ‘[01m[KROS_LOG_COND[m[K’
 #define ROS_LOG(level, name, ...) ROS_LOG_COND(true, level, name, __VA_ARGS__)
[01;32m[K                                   ^[m[K
[01m[K/opt/ros/kinetic/include/rosconsole/macros_generated.h:110:23:[m[K [01;36m[Knote: [m[Kin expansion of macro ‘[01m[KROS_LOG[m[K’
 #define ROS_INFO(...) ROS_LOG(::ros::console::levels::Info, ROSCONSOLE_DEFAULT_NAME, __VA_ARGS__)
[01;32m[K                       ^[m[K
[01m[K/home/kal5-1/cargogo/src/longitudinal_control_ros_tool/src/longitudinal_controller/longitudinal_controller.cpp:37:5:[m[K [01;36m[Knote: [m[Kin expansion of macro ‘[01m[KROS_INFO[m[K’
     ROS_INFO("map_frame_id %s\n vehicle_frame_id %s", params_.map_frame_id, params_.vehicle_frame_id);
[01;32m[K     ^[m[K
[01m[K/opt/ros/kinetic/include/ros/console.h:346:176:[m[K [01;31m[Kerror: [m[Kformat ‘[01m[K%s[m[K’ expects argument of type ‘[01m[Kchar*[m[K’, but argument 9 has type ‘[01m[Kstd::__cxx11::string* {aka std::__cxx11::basic_string<char>*}[m[K’ [-Werror=format=]
     ::ros::console::print(filter, __rosconsole_define_location__loc.logger_, __rosconsole_define_location__loc.level_, __FILE__, __LINE__, __ROSCONSOLE_FUNCTION__, __VA_ARGS__)
[01;32m[K                                                                                                                                                                                ^[m[K
[01m[K/opt/ros/kinetic/include/ros/console.h:349:5:[m[K [01;36m[Knote: [m[Kin expansion of macro ‘[01m[KROSCONSOLE_PRINT_AT_LOCATION_WITH_FILTER[m[K’
     ROSCONSOLE_PRINT_AT_LOCATION_WITH_FILTER(0, __VA_ARGS__)
[01;32m[K     ^[m[K
[01m[K/opt/ros/kinetic/include/ros/console.h:379:7:[m[K [01;36m[Knote: [m[Kin expansion of macro ‘[01m[KROSCONSOLE_PRINT_AT_LOCATION[m[K’
       ROSCONSOLE_PRINT_AT_LOCATION(__VA_ARGS__); \
[01;32m[K       ^[m[K
[01m[K/opt/ros/kinetic/include/ros/console.h:561:35:[m[K [01;36m[Knote: [m[Kin expansion of macro ‘[01m[KROS_LOG_COND[m[K’
 #define ROS_LOG(level, name, ...) ROS_LOG_COND(true, level, name, __VA_ARGS__)
[01;32m[K                                   ^[m[K
[01m[K/opt/ros/kinetic/include/rosconsole/macros_generated.h:110:23:[m[K [01;36m[Knote: [m[Kin expansion of macro ‘[01m[KROS_LOG[m[K’
 #define ROS_INFO(...) ROS_LOG(::ros::console::levels::Info, ROSCONSOLE_DEFAULT_NAME, __VA_ARGS__)
[01;32m[K                       ^[m[K
[01m[K/home/kal5-1/cargogo/src/longitudinal_control_ros_tool/src/longitudinal_controller/longitudinal_controller.cpp:37:5:[m[K [01;36m[Knote: [m[Kin expansion of macro ‘[01m[KROS_INFO[m[K’
     ROS_INFO("map_frame_id %s\n vehicle_frame_id %s", params_.map_frame_id, params_.vehicle_frame_id);
[01;32m[K     ^[m[K
cc1plus: some warnings being treated as errors
make[2]: *** [CMakeFiles/longitudinal_control_ros_tool-longitudinal_controller-nodelet.dir/src/longitudinal_controller/longitudinal_controller.cpp.o] Error 1
make[1]: *** [CMakeFiles/longitudinal_control_ros_tool-longitudinal_controller-nodelet.dir/all] Error 2
make: *** [all] Error 2
