[  0%] Built target tf2_msgs_generate_messages_nodejs
[  0%] Built target roscpp_generate_messages_eus
[  0%] Built target nodelet_generate_messages_eus
[  0%] Built target nodelet_generate_messages_py
[  5%] Built target roscpp_generate_messages_cpp
[ 11%] Built target bond_generate_messages_eus
[ 11%] Built target bond_generate_messages_lisp
[ 11%] Built target gtest
[ 11%] Built target nodelet_generate_messages_lisp
[ 11%] Built target rosinterface_handler_gencfg
[ 11%] Built target rosgraph_msgs_generate_messages_nodejs
[ 11%] Built target geometry_msgs_generate_messages_py
[ 11%] Built target motor_interface_ros_tool_generate_messages_eus
[ 11%] Built target geometry_msgs_generate_messages_lisp
[ 11%] Built target std_msgs_generate_messages_nodejs
[ 11%] Built target bond_generate_messages_py
[ 11%] Built target dynamic_reconfigure_generate_messages_nodejs
[ 11%] Built target dynamic_reconfigure_generate_messages_eus
[ 11%] Built target dynamic_reconfigure_generate_messages_cpp
[ 11%] Built target motor_interface_ros_tool_generate_messages_nodejs
[ 11%] Built target roscpp_generate_messages_nodejs
[ 11%] Built target bond_generate_messages_nodejs
[ 11%] Built target rosgraph_msgs_generate_messages_lisp
[ 11%] Built target std_msgs_generate_messages_lisp
[ 11%] Built target std_msgs_generate_messages_cpp
[ 11%] Built target tf2_msgs_generate_messages_eus
[ 11%] Built target rosinterface_handler_geninterface
[ 11%] Built target actionlib_generate_messages_nodejs
[ 11%] Built target nodelet_generate_messages_cpp
[ 11%] Built target rosgraph_msgs_generate_messages_cpp
[ 11%] Built target dynamic_reconfigure_gencfg
[ 11%] Built target roscpp_generate_messages_lisp
[ 11%] Built target geometry_msgs_generate_messages_eus
[ 11%] Built target std_msgs_generate_messages_py
[ 11%] Built target dynamic_reconfigure_generate_messages_lisp
[ 11%] Built target geometry_msgs_generate_messages_nodejs
[ 11%] Built target motor_interface_ros_tool_generate_messages_lisp
[ 11%] Built target geometry_msgs_generate_messages_cpp
[ 11%] Built target motor_interface_ros_tool_generate_messages_py
[ 11%] Built target rosgraph_msgs_generate_messages_eus
[ 11%] Built target rosgraph_msgs_generate_messages_py
[ 11%] Built target actionlib_msgs_generate_messages_cpp
[ 11%] Built target actionlib_generate_messages_cpp
[ 11%] Built target actionlib_generate_messages_lisp
[ 11%] Built target actionlib_generate_messages_eus
[ 11%] Built target actionlib_msgs_generate_messages_eus
[ 11%] Built target std_msgs_generate_messages_eus
[ 17%] Built target longitudinal_control_ros_tool_genparam
[ 17%] Built target actionlib_msgs_generate_messages_lisp
[ 17%] Built target actionlib_msgs_generate_messages_nodejs
[ 17%] Built target actionlib_msgs_generate_messages_py
[ 17%] Built target motor_interface_ros_tool_generate_messages_cpp
[ 17%] Built target tf2_msgs_generate_messages_py
[ 17%] Built target tf2_msgs_generate_messages_cpp
[ 17%] Built target tf2_msgs_generate_messages_lisp
[ 17%] Built target roscpp_generate_messages_py
[ 17%] Built target dynamic_reconfigure_generate_messages_py
[ 17%] Built target bond_generate_messages_cpp
[ 17%] Built target actionlib_generate_messages_py
[ 17%] Built target nodelet_generate_messages_nodejs
[ 29%] Built target longitudinal_control_ros_tool_gencfg
[ 29%] Built target _longitudinal_control_ros_tool_generate_messages_check_deps_veloservice
[ 35%] Built target longitudinal_control_ros_tool_generate_messages_cpp
[ 70%] Built target longitudinal_control_ros_tool_generate_messages_nodejs
[ 70%] Built target longitudinal_control_ros_tool_generate_messages_eus
[ 70%] Built target longitudinal_control_ros_tool_generate_messages_lisp
[ 70%] Built target longitudinal_control_ros_tool_generate_messages_py
[ 70%] Built target longitudinal_control_ros_tool_generate_messages
[35m[1mScanning dependencies of target longitudinal_control_ros_tool-longitudinal_controller-nodelet[0m
make[2]: Warning: File 'CMakeFiles/longitudinal_control_ros_tool-longitudinal_controller-nodelet.dir/depend.make' has modification time 0,029 s in the future
[ 82%] [32mBuilding CXX object CMakeFiles/longitudinal_control_ros_tool-longitudinal_controller-nodelet.dir/src/longitudinal_controller/longitudinal_controller.cpp.o[0m
[ 82%] [32mBuilding CXX object CMakeFiles/longitudinal_control_ros_tool-longitudinal_controller-nodelet.dir/src/longitudinal_controller/longitudinal_controller_nodelet.cpp.o[0m
[ 88%] [32m[1mLinking CXX shared library /home/kal5-1/cargogo/devel/.private/longitudinal_control_ros_tool/lib/liblongitudinal_controller_nodelet.so[0m
make[2]: warning:  Clock skew detected.  Your build may be incomplete.
[ 88%] Built target longitudinal_control_ros_tool-longitudinal_controller-nodelet
[35m[1mScanning dependencies of target longitudinal_control_ros_tool-longitudinal_controller-exec[0m
make[2]: Warning: File 'CMakeFiles/longitudinal_control_ros_tool-longitudinal_controller-exec.dir/depend.make' has modification time 0,039 s in the future
[ 94%] [32mBuilding CXX object CMakeFiles/longitudinal_control_ros_tool-longitudinal_controller-exec.dir/src/longitudinal_controller/longitudinal_controller_node.cpp.o[0m
[100%] [32m[1mLinking CXX executable /home/kal5-1/cargogo/devel/.private/longitudinal_control_ros_tool/lib/longitudinal_control_ros_tool/longitudinal_controller[0m
make[2]: warning:  Clock skew detected.  Your build may be incomplete.
[100%] Built target longitudinal_control_ros_tool-longitudinal_controller-exec
