make[2]: Warning: File 'CMakeFiles/longitudinal_control_ros_tool-longitudinal_controller-nodelet.dir/depend.make' has modification time 0,039 s in the future
[01m[K/home/kal5-1/cargogo/src/longitudinal_control_ros_tool/src/longitudinal_controller/longitudinal_controller.cpp:[m[K In member function ‘[01m[Kvoid longitudinal_control_ros_tool::LongitudinalController::controlLoopCallback(const ros::TimerEvent&)[m[K’:
[01m[K/home/kal5-1/cargogo/src/longitudinal_control_ros_tool/src/longitudinal_controller/longitudinal_controller.cpp:56:9:[m[K [01;35m[Kwarning: [m[Kunused variable ‘[01m[Kx_mean[m[K’ [-Wunused-variable]
  double x_mean = 0.0, y_mean = 0.0, x_y = 0.0, x_square = 0.0, y_square = 0.0,
[01;32m[K         ^[m[K
[01m[K/home/kal5-1/cargogo/src/longitudinal_control_ros_tool/src/longitudinal_controller/longitudinal_controller.cpp:56:23:[m[K [01;35m[Kwarning: [m[Kunused variable ‘[01m[Ky_mean[m[K’ [-Wunused-variable]
  double x_mean = 0.0, y_mean = 0.0, x_y = 0.0, x_square = 0.0, y_square = 0.0,
[01;32m[K                       ^[m[K
[01m[K/home/kal5-1/cargogo/src/longitudinal_control_ros_tool/src/longitudinal_controller/longitudinal_controller.cpp:56:37:[m[K [01;35m[Kwarning: [m[Kunused variable ‘[01m[Kx_y[m[K’ [-Wunused-variable]
  double x_mean = 0.0, y_mean = 0.0, x_y = 0.0, x_square = 0.0, y_square = 0.0,
[01;32m[K                                     ^[m[K
[01m[K/home/kal5-1/cargogo/src/longitudinal_control_ros_tool/src/longitudinal_controller/longitudinal_controller.cpp:56:48:[m[K [01;35m[Kwarning: [m[Kunused variable ‘[01m[Kx_square[m[K’ [-Wunused-variable]
  double x_mean = 0.0, y_mean = 0.0, x_y = 0.0, x_square = 0.0, y_square = 0.0,
[01;32m[K                                                ^[m[K
[01m[K/home/kal5-1/cargogo/src/longitudinal_control_ros_tool/src/longitudinal_controller/longitudinal_controller.cpp:56:64:[m[K [01;35m[Kwarning: [m[Kunused variable ‘[01m[Ky_square[m[K’ [-Wunused-variable]
  double x_mean = 0.0, y_mean = 0.0, x_y = 0.0, x_square = 0.0, y_square = 0.0,
[01;32m[K                                                                ^[m[K
make[2]: warning:  Clock skew detected.  Your build may be incomplete.
make[2]: Warning: File 'CMakeFiles/longitudinal_control_ros_tool-longitudinal_controller-exec.dir/depend.make' has modification time 0,035 s in the future
make[2]: warning:  Clock skew detected.  Your build may be incomplete.
