[  0%] Built target tf2_msgs_generate_messages_cpp
[ 20%] Built target gtest
[ 40%] Built target tf2_msgs_generate_messages_lisp
[ 40%] Built target longitudinal_control_ros_tool_gencfg
[ 40%] Built target actionlib_msgs_generate_messages_py
[ 40%] Built target actionlib_msgs_generate_messages_nodejs
[ 40%] Built target tf2_msgs_generate_messages_py
[ 40%] Built target actionlib_msgs_generate_messages_lisp
[ 40%] Built target actionlib_generate_messages_lisp
[ 40%] Built target actionlib_generate_messages_py
[ 40%] Built target actionlib_msgs_generate_messages_eus
[ 40%] Built target actionlib_generate_messages_eus
[ 40%] Built target actionlib_generate_messages_cpp
[ 40%] Built target geometry_msgs_generate_messages_eus
[ 40%] Built target motor_interface_ros_tool_generate_messages_py
[ 40%] Built target motor_interface_ros_tool_generate_messages_lisp
[ 40%] Built target motor_interface_ros_tool_generate_messages_cpp
[ 40%] Built target std_msgs_generate_messages_py
[ 40%] Built target std_msgs_generate_messages_eus
[ 40%] Built target dynamic_reconfigure_generate_messages_lisp
[ 40%] Built target actionlib_msgs_generate_messages_cpp
[ 40%] Built target roscpp_generate_messages_lisp
[ 40%] Built target actionlib_generate_messages_nodejs
[ 40%] Built target std_msgs_generate_messages_cpp
[ 40%] Built target rosgraph_msgs_generate_messages_cpp
[ 40%] Built target dynamic_reconfigure_generate_messages_py
[ 40%] Built target dynamic_reconfigure_gencfg
[ 40%] Built target tf2_msgs_generate_messages_eus
[ 40%] Built target roscpp_generate_messages_py
[ 40%] Built target nodelet_generate_messages_cpp
[ 50%] Built target longitudinal_control_ros_tool_genparam
[ 50%] Built target rosinterface_handler_geninterface
[ 50%] Built target roscpp_generate_messages_nodejs
[ 50%] Built target geometry_msgs_generate_messages_nodejs
[ 50%] Built target motor_interface_ros_tool_generate_messages_nodejs
[ 50%] Built target rosgraph_msgs_generate_messages_lisp
[ 50%] Built target rosgraph_msgs_generate_messages_py
[ 50%] Built target dynamic_reconfigure_generate_messages_cpp
[ 50%] Built target dynamic_reconfigure_generate_messages_nodejs
[ 50%] Built target dynamic_reconfigure_generate_messages_eus
[ 50%] Built target bond_generate_messages_py
[ 50%] Built target std_msgs_generate_messages_lisp
[ 50%] Built target motor_interface_ros_tool_generate_messages_eus
[ 50%] Built target geometry_msgs_generate_messages_lisp
[ 50%] Built target bond_generate_messages_cpp
[ 50%] Built target rosinterface_handler_gencfg
[ 50%] Built target nodelet_generate_messages_lisp
[ 50%] Built target geometry_msgs_generate_messages_cpp
[ 50%] Built target geometry_msgs_generate_messages_py
[ 50%] Built target std_msgs_generate_messages_nodejs
[ 50%] Built target rosgraph_msgs_generate_messages_eus
[ 50%] Built target rosgraph_msgs_generate_messages_nodejs
[ 50%] Built target roscpp_generate_messages_cpp
[ 50%] Built target nodelet_generate_messages_py
[ 50%] Built target roscpp_generate_messages_eus
[ 50%] Built target nodelet_generate_messages_nodejs
[ 50%] Built target bond_generate_messages_lisp
[ 50%] Built target bond_generate_messages_eus
[ 50%] Built target tf2_msgs_generate_messages_nodejs
[ 50%] Built target nodelet_generate_messages_eus
[ 50%] Built target bond_generate_messages_nodejs
[ 80%] Built target longitudinal_control_ros_tool-longitudinal_controller-nodelet
[100%] Built target longitudinal_control_ros_tool-longitudinal_controller-exec
