make[2]: Warning: File 'CMakeFiles/longitudinal_control_ros_tool-longitudinal_controller-nodelet.dir/depend.make' has modification time 0,04 s in the future
In file included from [01m[K/opt/ros/kinetic/include/ros/assert.h:35:0[m[K,
                 from [01m[K/opt/ros/kinetic/include/ros/common.h:36[m[K,
                 from [01m[K/opt/ros/kinetic/include/ros/publisher.h:32[m[K,
                 from [01m[K/opt/ros/kinetic/include/ros/node_handle.h:32[m[K,
                 from [01m[K/opt/ros/kinetic/include/dynamic_reconfigure/server.h:50[m[K,
                 from [01m[K/home/kal5-1/cargogo/src/longitudinal_control_ros_tool/src/longitudinal_controller/longitudinal_controller.hpp:3[m[K,
                 from [01m[K/home/kal5-1/cargogo/src/longitudinal_control_ros_tool/src/longitudinal_controller/longitudinal_controller.cpp:1[m[K:
[01m[K/home/kal5-1/cargogo/src/longitudinal_control_ros_tool/src/longitudinal_controller/longitudinal_controller.cpp:[m[K In member function ‘[01m[Kvoid longitudinal_control_ros_tool::LongitudinalController::controlLoopCallback(const ros::TimerEvent&)[m[K’:
[01m[K/home/kal5-1/cargogo/src/longitudinal_control_ros_tool/src/longitudinal_controller/longitudinal_controller.cpp:138:38:[m[K [01;31m[Kerror: [m[Kexpected primary-expression before ‘[01m[K.[m[K’ token
           boost::algorithm::clamp(std.pow(k_straight * params_.k_long, 2), 0.3, 2));
[01;32m[K                                      ^[m[K
[01m[K/opt/ros/kinetic/include/ros/console.h:346:165:[m[K [01;36m[Knote: [m[Kin definition of macro ‘[01m[KROSCONSOLE_PRINT_AT_LOCATION_WITH_FILTER[m[K’
     ::ros::console::print(filter, __rosconsole_define_location__loc.logger_, __rosconsole_define_location__loc.level_, __FILE__, __LINE__, __ROSCONSOLE_FUNCTION__, __VA_ARGS__)
[01;32m[K                                                                                                                                                                     ^[m[K
[01m[K/opt/ros/kinetic/include/ros/console.h:379:7:[m[K [01;36m[Knote: [m[Kin expansion of macro ‘[01m[KROSCONSOLE_PRINT_AT_LOCATION[m[K’
       ROSCONSOLE_PRINT_AT_LOCATION(__VA_ARGS__); \
[01;32m[K       ^[m[K
[01m[K/opt/ros/kinetic/include/ros/console.h:561:35:[m[K [01;36m[Knote: [m[Kin expansion of macro ‘[01m[KROS_LOG_COND[m[K’
 #define ROS_LOG(level, name, ...) ROS_LOG_COND(true, level, name, __VA_ARGS__)
[01;32m[K                                   ^[m[K
[01m[K/opt/ros/kinetic/include/rosconsole/macros_generated.h:110:23:[m[K [01;36m[Knote: [m[Kin expansion of macro ‘[01m[KROS_LOG[m[K’
 #define ROS_INFO(...) ROS_LOG(::ros::console::levels::Info, ROSCONSOLE_DEFAULT_NAME, __VA_ARGS__)
[01;32m[K                       ^[m[K
[01m[K/home/kal5-1/cargogo/src/longitudinal_control_ros_tool/src/longitudinal_controller/longitudinal_controller.cpp:137:5:[m[K [01;36m[Knote: [m[Kin expansion of macro ‘[01m[KROS_INFO[m[K’
     ROS_INFO("I want to drive at %f",
[01;32m[K     ^[m[K
[01m[K/home/kal5-1/cargogo/src/longitudinal_control_ros_tool/src/longitudinal_controller/longitudinal_controller.cpp:56:9:[m[K [01;35m[Kwarning: [m[Kunused variable ‘[01m[Kx_mean[m[K’ [-Wunused-variable]
  double x_mean = 0.0, y_mean = 0.0, x_y = 0.0, x_square = 0.0, y_square = 0.0,
[01;32m[K         ^[m[K
[01m[K/home/kal5-1/cargogo/src/longitudinal_control_ros_tool/src/longitudinal_controller/longitudinal_controller.cpp:56:23:[m[K [01;35m[Kwarning: [m[Kunused variable ‘[01m[Ky_mean[m[K’ [-Wunused-variable]
  double x_mean = 0.0, y_mean = 0.0, x_y = 0.0, x_square = 0.0, y_square = 0.0,
[01;32m[K                       ^[m[K
[01m[K/home/kal5-1/cargogo/src/longitudinal_control_ros_tool/src/longitudinal_controller/longitudinal_controller.cpp:56:37:[m[K [01;35m[Kwarning: [m[Kunused variable ‘[01m[Kx_y[m[K’ [-Wunused-variable]
  double x_mean = 0.0, y_mean = 0.0, x_y = 0.0, x_square = 0.0, y_square = 0.0,
[01;32m[K                                     ^[m[K
[01m[K/home/kal5-1/cargogo/src/longitudinal_control_ros_tool/src/longitudinal_controller/longitudinal_controller.cpp:56:48:[m[K [01;35m[Kwarning: [m[Kunused variable ‘[01m[Kx_square[m[K’ [-Wunused-variable]
  double x_mean = 0.0, y_mean = 0.0, x_y = 0.0, x_square = 0.0, y_square = 0.0,
[01;32m[K                                                ^[m[K
[01m[K/home/kal5-1/cargogo/src/longitudinal_control_ros_tool/src/longitudinal_controller/longitudinal_controller.cpp:56:64:[m[K [01;35m[Kwarning: [m[Kunused variable ‘[01m[Ky_square[m[K’ [-Wunused-variable]
  double x_mean = 0.0, y_mean = 0.0, x_y = 0.0, x_square = 0.0, y_square = 0.0,
[01;32m[K                                                                ^[m[K
make[2]: *** [CMakeFiles/longitudinal_control_ros_tool-longitudinal_controller-nodelet.dir/src/longitudinal_controller/longitudinal_controller.cpp.o] Error 1
make[2]: *** Waiting for unfinished jobs....
make[1]: *** [CMakeFiles/longitudinal_control_ros_tool-longitudinal_controller-nodelet.dir/all] Error 2
make: *** [all] Error 2
