[ 13%] Built target dynamic_reconfigure_gencfg
[ 13%] Built target prosilica
[ 13%] Built target nodelet_topic_tools_gencfg
[ 13%] Built target bond_generate_messages_lisp
[ 13%] Built target nodelet_generate_messages_nodejs
[ 13%] Built target bond_generate_messages_cpp
[ 13%] Built target nodelet_generate_messages_lisp
[ 13%] Built target bond_generate_messages_nodejs
[ 13%] Built target nodelet_generate_messages_eus
[ 13%] Built target nodelet_generate_messages_cpp
[ 13%] Built target polled_camera_generate_messages_py
[ 13%] Built target polled_camera_generate_messages_nodejs
[ 13%] Built target polled_camera_generate_messages_lisp
[ 13%] Built target polled_camera_generate_messages_eus
[ 13%] Built target polled_camera_generate_messages_cpp
[ 13%] Built target std_msgs_generate_messages_eus
[ 13%] Built target sensor_msgs_generate_messages_cpp
[ 13%] Built target dynamic_reconfigure_generate_messages_lisp
[ 13%] Built target roscpp_generate_messages_lisp
[ 13%] Built target std_msgs_generate_messages_py
[ 13%] Built target dynamic_reconfigure_generate_messages_nodejs
[ 13%] Built target rosgraph_msgs_generate_messages_lisp
[ 13%] Built target roscpp_generate_messages_nodejs
[ 13%] Built target rosgraph_msgs_generate_messages_nodejs
[ 13%] Built target rosgraph_msgs_generate_messages_cpp
[ 13%] Built target diagnostic_msgs_generate_messages_eus
[ 13%] Built target sensor_msgs_generate_messages_eus
[ 13%] Built target std_msgs_generate_messages_cpp
[ 13%] Built target std_msgs_generate_messages_lisp
[ 13%] Built target bond_generate_messages_py
[ 13%] Built target bond_generate_messages_eus
[ 13%] Built target geometry_msgs_generate_messages_lisp
[ 13%] Built target diagnostic_msgs_generate_messages_lisp
[ 13%] Built target roscpp_generate_messages_eus
[ 13%] Built target dynamic_reconfigure_generate_messages_cpp
[ 13%] Built target nodelet_generate_messages_py
[ 13%] Built target roscpp_generate_messages_cpp
[ 13%] Built target geometry_msgs_generate_messages_eus
[ 13%] Built target geometry_msgs_generate_messages_nodejs
[ 13%] Built target rosgraph_msgs_generate_messages_eus
[ 13%] Built target roscpp_generate_messages_py
[ 13%] Built target sensor_msgs_generate_messages_nodejs
[ 13%] Built target sensor_msgs_generate_messages_lisp
[ 13%] Built target driver_base_generate_messages_lisp
[ 13%] Built target sensor_msgs_generate_messages_py
[ 13%] Built target std_msgs_generate_messages_nodejs
[ 13%] Built target geometry_msgs_generate_messages_py
[ 13%] Built target driver_base_generate_messages_cpp
[ 13%] Built target diagnostic_msgs_generate_messages_cpp
[ 13%] Built target diagnostic_msgs_generate_messages_nodejs
[ 13%] Built target driver_base_generate_messages_nodejs
[ 13%] Built target rosgraph_msgs_generate_messages_py
[ 13%] Built target diagnostic_msgs_generate_messages_py
[ 13%] Built target driver_base_generate_messages_py
[ 13%] Built target geometry_msgs_generate_messages_cpp
[ 13%] Built target dynamic_reconfigure_generate_messages_py
[ 13%] Built target driver_base_generate_messages_eus
[ 13%] Built target dynamic_reconfigure_generate_messages_eus
[ 26%] Built target set_inhibition
[ 40%] Built target set_ip
[ 53%] Built target read_memory
[ 60%] [34m[1mGenerating dynamic reconfigure files from cfg/ProsilicaCamera.cfg: /home/kal5-1/cargogo/devel_debug/.private/prosilica_driver/include/prosilica_driver/ProsilicaCameraConfig.h /home/kal5-1/cargogo/devel_debug/.private/prosilica_driver/lib/python2.7/dist-packages/prosilica_driver/cfg/ProsilicaCameraConfig.py[0m
[ 73%] Built target write_memory
Generating reconfiguration files for ProsilicaCamera in prosilica_driver
Wrote header file in /home/kal5-1/cargogo/devel_debug/.private/prosilica_driver/include/prosilica_driver/ProsilicaCameraConfig.h
[ 73%] Built target prosilica_driver_gencfg
[35m[1mScanning dependencies of target prosilica_nodelet[0m
make[2]: Warning: File 'CMakeFiles/prosilica_nodelet.dir/depend.make' has modification time 0,025 s in the future
[ 80%] [32mBuilding CXX object CMakeFiles/prosilica_nodelet.dir/src/nodes/prosilica_nodelet.cpp.o[0m
[ 86%] [32m[1mLinking CXX shared library /home/kal5-1/cargogo/devel_debug/.private/prosilica_driver/lib/libprosilica_nodelet.so[0m
make[2]: warning:  Clock skew detected.  Your build may be incomplete.
[ 86%] Built target prosilica_nodelet
[ 93%] [32m[1mLinking CXX executable /home/kal5-1/cargogo/devel_debug/.private/prosilica_driver/lib/prosilica_driver/prosilica_node[0m
[100%] Built target prosilica_node
