[35m[1mScanning dependencies of target rosinterface_handler_geninterface[0m
[  8%] [34m[1mGenerating interface files from Defaults[0m
Generating interface file for node rosinterface_handler_test (class Defaults) in package rosinterface_handler
[ 16%] [34m[1mGenerating interface files from DefaultsMissing[0m
Generating interface file for node rosinterface_handler_test (class DefaultsMissing) in package rosinterface_handler
[ 25%] [34m[1mGenerating interface files from DefaultsAtLaunch[0m
Generating interface file for node rosinterface_handler_test (class DefaultsAtLaunch) in package rosinterface_handler
[ 33%] [34m[1mGenerating interface files from MinMax[0m
Generating interface file for node rosinterface_handler_test (class MinMax) in package rosinterface_handler
[ 33%] Built target rosinterface_handler_geninterface
[35m[1mScanning dependencies of target rosinterface_handler_gencfg[0m
[ 41%] [34m[1mGenerating dynamic reconfigure files from /home/kal5-1/cargogo/devel_debug/.private/rosinterface_handler/share/rosinterface_handler/cfg/Defaults.cfg: /home/kal5-1/cargogo/devel_debug/.private/rosinterface_handler/include/rosinterface_handler/DefaultsConfig.h /home/kal5-1/cargogo/devel_debug/.private/rosinterface_handler/lib/python2.7/dist-packages/rosinterface_handler/cfg/DefaultsConfig.py[0m
Generating reconfiguration files for Defaults in rosinterface_handler
Wrote header file in /home/kal5-1/cargogo/devel_debug/.private/rosinterface_handler/include/rosinterface_handler/DefaultsConfig.h
[ 50%] [34m[1mGenerating dynamic reconfigure files from /home/kal5-1/cargogo/devel_debug/.private/rosinterface_handler/share/rosinterface_handler/cfg/DefaultsMissing.cfg: /home/kal5-1/cargogo/devel_debug/.private/rosinterface_handler/include/rosinterface_handler/DefaultsMissingConfig.h /home/kal5-1/cargogo/devel_debug/.private/rosinterface_handler/lib/python2.7/dist-packages/rosinterface_handler/cfg/DefaultsMissingConfig.py[0m
Generating reconfiguration files for DefaultsMissing in rosinterface_handler
Wrote header file in /home/kal5-1/cargogo/devel_debug/.private/rosinterface_handler/include/rosinterface_handler/DefaultsMissingConfig.h
[ 58%] [34m[1mGenerating dynamic reconfigure files from /home/kal5-1/cargogo/devel_debug/.private/rosinterface_handler/share/rosinterface_handler/cfg/DefaultsAtLaunch.cfg: /home/kal5-1/cargogo/devel_debug/.private/rosinterface_handler/include/rosinterface_handler/DefaultsAtLaunchConfig.h /home/kal5-1/cargogo/devel_debug/.private/rosinterface_handler/lib/python2.7/dist-packages/rosinterface_handler/cfg/DefaultsAtLaunchConfig.py[0m
Generating reconfiguration files for DefaultsAtLaunch in rosinterface_handler
Wrote header file in /home/kal5-1/cargogo/devel_debug/.private/rosinterface_handler/include/rosinterface_handler/DefaultsAtLaunchConfig.h
make[2]: Warning: File '/home/kal5-1/cargogo/devel_debug/.private/rosinterface_handler/share/rosinterface_handler/docs/DefaultsAtLaunchConfig.dox' has modification time 0,04 s in the future
[ 66%] [34m[1mGenerating dynamic reconfigure files from /home/kal5-1/cargogo/devel_debug/.private/rosinterface_handler/share/rosinterface_handler/cfg/MinMax.cfg: /home/kal5-1/cargogo/devel_debug/.private/rosinterface_handler/include/rosinterface_handler/MinMaxConfig.h /home/kal5-1/cargogo/devel_debug/.private/rosinterface_handler/lib/python2.7/dist-packages/rosinterface_handler/cfg/MinMaxConfig.py[0m
Generating reconfiguration files for MinMax in rosinterface_handler
Wrote header file in /home/kal5-1/cargogo/devel_debug/.private/rosinterface_handler/include/rosinterface_handler/MinMaxConfig.h
make[2]: warning:  Clock skew detected.  Your build may be incomplete.
[100%] Built target rosinterface_handler_gencfg
