Linked: (/home/kal5-1/cargogo/devel_debug/.private/rosinterface_handler/share/rosinterface_handler/docs/DefaultsAtLaunchConfig.wikidoc, /home/kal5-1/cargogo/devel_debug/share/rosinterface_handler/docs/DefaultsAtLaunchConfig.wikidoc)
Linked: (/home/kal5-1/cargogo/devel_debug/.private/rosinterface_handler/share/rosinterface_handler/docs/DefaultsConfig.wikidoc, /home/kal5-1/cargogo/devel_debug/share/rosinterface_handler/docs/DefaultsConfig.wikidoc)
Linked: (/home/kal5-1/cargogo/devel_debug/.private/rosinterface_handler/share/rosinterface_handler/docs/DefaultsMissingConfig.dox, /home/kal5-1/cargogo/devel_debug/share/rosinterface_handler/docs/DefaultsMissingConfig.dox)
Linked: (/home/kal5-1/cargogo/devel_debug/.private/rosinterface_handler/share/rosinterface_handler/docs/DefaultsConfig.dox, /home/kal5-1/cargogo/devel_debug/share/rosinterface_handler/docs/DefaultsConfig.dox)
Linked: (/home/kal5-1/cargogo/devel_debug/.private/rosinterface_handler/share/rosinterface_handler/docs/DefaultsMissingConfig-usage.dox, /home/kal5-1/cargogo/devel_debug/share/rosinterface_handler/docs/DefaultsMissingConfig-usage.dox)
Linked: (/home/kal5-1/cargogo/devel_debug/.private/rosinterface_handler/share/rosinterface_handler/docs/DefaultsAtLaunchConfig-usage.dox, /home/kal5-1/cargogo/devel_debug/share/rosinterface_handler/docs/DefaultsAtLaunchConfig-usage.dox)
Linked: (/home/kal5-1/cargogo/devel_debug/.private/rosinterface_handler/share/rosinterface_handler/docs/DefaultsMissingConfig.wikidoc, /home/kal5-1/cargogo/devel_debug/share/rosinterface_handler/docs/DefaultsMissingConfig.wikidoc)
Linked: (/home/kal5-1/cargogo/devel_debug/.private/rosinterface_handler/share/rosinterface_handler/docs/DefaultsConfig-usage.dox, /home/kal5-1/cargogo/devel_debug/share/rosinterface_handler/docs/DefaultsConfig-usage.dox)
Linked: (/home/kal5-1/cargogo/devel_debug/.private/rosinterface_handler/share/rosinterface_handler/docs/MinMaxConfig.dox, /home/kal5-1/cargogo/devel_debug/share/rosinterface_handler/docs/MinMaxConfig.dox)
Linked: (/home/kal5-1/cargogo/devel_debug/.private/rosinterface_handler/share/rosinterface_handler/docs/MinMaxConfig.wikidoc, /home/kal5-1/cargogo/devel_debug/share/rosinterface_handler/docs/MinMaxConfig.wikidoc)
Linked: (/home/kal5-1/cargogo/devel_debug/.private/rosinterface_handler/share/rosinterface_handler/docs/DefaultsAtLaunchConfig.dox, /home/kal5-1/cargogo/devel_debug/share/rosinterface_handler/docs/DefaultsAtLaunchConfig.dox)
Linked: (/home/kal5-1/cargogo/devel_debug/.private/rosinterface_handler/share/rosinterface_handler/docs/MinMaxConfig-usage.dox, /home/kal5-1/cargogo/devel_debug/share/rosinterface_handler/docs/MinMaxConfig-usage.dox)
Linked: (/home/kal5-1/cargogo/devel_debug/.private/rosinterface_handler/share/rosinterface_handler/cmake/rosinterface_handler-extras.cmake, /home/kal5-1/cargogo/devel_debug/share/rosinterface_handler/cmake/rosinterface_handler-extras.cmake)
Linked: (/home/kal5-1/cargogo/devel_debug/.private/rosinterface_handler/share/rosinterface_handler/cmake/rosinterface_handlerConfig.cmake, /home/kal5-1/cargogo/devel_debug/share/rosinterface_handler/cmake/rosinterface_handlerConfig.cmake)
Linked: (/home/kal5-1/cargogo/devel_debug/.private/rosinterface_handler/share/rosinterface_handler/cmake/rosinterface_handlerConfig-version.cmake, /home/kal5-1/cargogo/devel_debug/share/rosinterface_handler/cmake/rosinterface_handlerConfig-version.cmake)
Linked: (/home/kal5-1/cargogo/devel_debug/.private/rosinterface_handler/share/rosinterface_handler/cfg/DefaultsAtLaunch.cfg, /home/kal5-1/cargogo/devel_debug/share/rosinterface_handler/cfg/DefaultsAtLaunch.cfg)
Linked: (/home/kal5-1/cargogo/devel_debug/.private/rosinterface_handler/share/rosinterface_handler/cfg/Defaults.cfg, /home/kal5-1/cargogo/devel_debug/share/rosinterface_handler/cfg/Defaults.cfg)
Linked: (/home/kal5-1/cargogo/devel_debug/.private/rosinterface_handler/share/rosinterface_handler/cfg/MinMax.cfg, /home/kal5-1/cargogo/devel_debug/share/rosinterface_handler/cfg/MinMax.cfg)
Linked: (/home/kal5-1/cargogo/devel_debug/.private/rosinterface_handler/share/rosinterface_handler/cfg/DefaultsMissing.cfg, /home/kal5-1/cargogo/devel_debug/share/rosinterface_handler/cfg/DefaultsMissing.cfg)
Linked: (/home/kal5-1/cargogo/devel_debug/.private/rosinterface_handler/include/rosinterface_handler/DefaultsAtLaunchConfig.h, /home/kal5-1/cargogo/devel_debug/include/rosinterface_handler/DefaultsAtLaunchConfig.h)
Linked: (/home/kal5-1/cargogo/devel_debug/.private/rosinterface_handler/include/rosinterface_handler/MinMaxConfig.h, /home/kal5-1/cargogo/devel_debug/include/rosinterface_handler/MinMaxConfig.h)
Linked: (/home/kal5-1/cargogo/devel_debug/.private/rosinterface_handler/include/rosinterface_handler/DefaultsConfig.h, /home/kal5-1/cargogo/devel_debug/include/rosinterface_handler/DefaultsConfig.h)
Linked: (/home/kal5-1/cargogo/devel_debug/.private/rosinterface_handler/include/rosinterface_handler/DefaultsMissingConfig.h, /home/kal5-1/cargogo/devel_debug/include/rosinterface_handler/DefaultsMissingConfig.h)
Linked: (/home/kal5-1/cargogo/devel_debug/.private/rosinterface_handler/include/rosinterface_handler/DefaultsInterface.h, /home/kal5-1/cargogo/devel_debug/include/rosinterface_handler/DefaultsInterface.h)
Linked: (/home/kal5-1/cargogo/devel_debug/.private/rosinterface_handler/include/rosinterface_handler/DefaultsAtLaunchInterface.h, /home/kal5-1/cargogo/devel_debug/include/rosinterface_handler/DefaultsAtLaunchInterface.h)
Linked: (/home/kal5-1/cargogo/devel_debug/.private/rosinterface_handler/include/rosinterface_handler/MinMaxInterface.h, /home/kal5-1/cargogo/devel_debug/include/rosinterface_handler/MinMaxInterface.h)
Linked: (/home/kal5-1/cargogo/devel_debug/.private/rosinterface_handler/include/rosinterface_handler/DefaultsMissingInterface.h, /home/kal5-1/cargogo/devel_debug/include/rosinterface_handler/DefaultsMissingInterface.h)
Linked: (/home/kal5-1/cargogo/devel_debug/.private/rosinterface_handler/lib/pkgconfig/rosinterface_handler.pc, /home/kal5-1/cargogo/devel_debug/lib/pkgconfig/rosinterface_handler.pc)
Linked: (/home/kal5-1/cargogo/devel_debug/.private/rosinterface_handler/lib/python2.7/dist-packages/rosinterface_handler/__init__.py, /home/kal5-1/cargogo/devel_debug/lib/python2.7/dist-packages/rosinterface_handler/__init__.py)
Linked: (/home/kal5-1/cargogo/devel_debug/.private/rosinterface_handler/lib/python2.7/dist-packages/rosinterface_handler/cfg/DefaultsMissingConfig.py, /home/kal5-1/cargogo/devel_debug/lib/python2.7/dist-packages/rosinterface_handler/cfg/DefaultsMissingConfig.py)
Linked: (/home/kal5-1/cargogo/devel_debug/.private/rosinterface_handler/lib/python2.7/dist-packages/rosinterface_handler/cfg/DefaultsAtLaunchConfig.py, /home/kal5-1/cargogo/devel_debug/lib/python2.7/dist-packages/rosinterface_handler/cfg/DefaultsAtLaunchConfig.py)
Linked: (/home/kal5-1/cargogo/devel_debug/.private/rosinterface_handler/lib/python2.7/dist-packages/rosinterface_handler/cfg/__init__.py, /home/kal5-1/cargogo/devel_debug/lib/python2.7/dist-packages/rosinterface_handler/cfg/__init__.py)
Linked: (/home/kal5-1/cargogo/devel_debug/.private/rosinterface_handler/lib/python2.7/dist-packages/rosinterface_handler/cfg/DefaultsConfig.py, /home/kal5-1/cargogo/devel_debug/lib/python2.7/dist-packages/rosinterface_handler/cfg/DefaultsConfig.py)
Linked: (/home/kal5-1/cargogo/devel_debug/.private/rosinterface_handler/lib/python2.7/dist-packages/rosinterface_handler/cfg/MinMaxConfig.py, /home/kal5-1/cargogo/devel_debug/lib/python2.7/dist-packages/rosinterface_handler/cfg/MinMaxConfig.py)
Linked: (/home/kal5-1/cargogo/devel_debug/.private/rosinterface_handler/lib/python2.7/dist-packages/rosinterface_handler/interface/DefaultsAtLaunchInterface.py, /home/kal5-1/cargogo/devel_debug/lib/python2.7/dist-packages/rosinterface_handler/interface/DefaultsAtLaunchInterface.py)
Linked: (/home/kal5-1/cargogo/devel_debug/.private/rosinterface_handler/lib/python2.7/dist-packages/rosinterface_handler/interface/__init__.py, /home/kal5-1/cargogo/devel_debug/lib/python2.7/dist-packages/rosinterface_handler/interface/__init__.py)
Linked: (/home/kal5-1/cargogo/devel_debug/.private/rosinterface_handler/lib/python2.7/dist-packages/rosinterface_handler/interface/DefaultsInterface.py, /home/kal5-1/cargogo/devel_debug/lib/python2.7/dist-packages/rosinterface_handler/interface/DefaultsInterface.py)
Linked: (/home/kal5-1/cargogo/devel_debug/.private/rosinterface_handler/lib/python2.7/dist-packages/rosinterface_handler/interface/DefaultsMissingInterface.py, /home/kal5-1/cargogo/devel_debug/lib/python2.7/dist-packages/rosinterface_handler/interface/DefaultsMissingInterface.py)
Linked: (/home/kal5-1/cargogo/devel_debug/.private/rosinterface_handler/lib/python2.7/dist-packages/rosinterface_handler/interface/MinMaxInterface.py, /home/kal5-1/cargogo/devel_debug/lib/python2.7/dist-packages/rosinterface_handler/interface/MinMaxInterface.py)
