Not searching for unused variables given on the command line.
[36m--[0m The C compiler identification is GNU 5.4.0
[36m--[0m The CXX compiler identification is GNU 5.4.0
[36m--[0m Found Eclipse version 4.7 ()
[36m--[0m Check for working C compiler: /usr/bin/cc
[36m--[0m Check for working C compiler: /usr/bin/cc -- works
[36m--[0m Detecting C compiler ABI info
[36m--[0m Detecting C compiler ABI info - done
[36m--[0m Detecting C compile features
[36m--[0m Detecting C compile features - done
[36m--[0m Check for working CXX compiler: /usr/bin/c++
[36m--[0m Check for working CXX compiler: /usr/bin/c++ -- works
[36m--[0m Detecting CXX compiler ABI info
[36m--[0m Detecting CXX compiler ABI info - done
[36m--[0m Detecting CXX compile features
[36m--[0m Detecting CXX compile features - done
[33m[1mCMake Warning[0m at /home/kal5-1/cargogo/devel_debug/share/mrt_cmake_modules/cmake/mrt_cmake_modules-extras.cmake:10 (message):
  Current CMakeLists.txt version is less than the recommended version 2.1.
  If you are the maintainer, please update it with

  'mrt maintenance update_cmakelists iowkit'.
[36mCall Stack (most recent call first):[0m
  /home/kal5-1/cargogo/devel_debug/share/mrt_cmake_modules/cmake/mrt_cmake_modulesConfig.cmake:197 (include)
  CMakeLists.txt:8 (find_package)


[36m--[0m Try OpenMP C flag = [-fopenmp]
[36m--[0m Performing Test OpenMP_FLAG_DETECTED
[36m--[0m Performing Test OpenMP_FLAG_DETECTED - Success
[36m--[0m Try OpenMP CXX flag = [-fopenmp]
[36m--[0m Performing Test OpenMP_FLAG_DETECTED
[36m--[0m Performing Test OpenMP_FLAG_DETECTED - Success
[36m--[0m Found OpenMP: -fopenmp
[36m--[0m Performing Test FLAG_AVAILABLE
[36m--[0m Performing Test FLAG_AVAILABLE - Success
[36m--[0m Using CATKIN_DEVEL_PREFIX: /home/kal5-1/cargogo/devel_debug/.private/iowkit
[36m--[0m Using CMAKE_PREFIX_PATH: /home/kal5-1/cargogo/devel_debug;/home/kal5-1/cargogo/devel;/opt/mrtsoftware/local;/opt/mrtsoftware/release;/opt/ros/kinetic
[36m--[0m This workspace overlays: /home/kal5-1/cargogo/devel_debug;/home/kal5-1/cargogo/devel;/opt/mrtsoftware/local;/opt/mrtsoftware/release;/opt/ros/kinetic
[36m--[0m Found PythonInterp: /opt/mrtsoftware/release/lib/mrt-build-tools/bin/python (found version "2.7.12")
[36m--[0m Using PYTHON_EXECUTABLE: /opt/mrtsoftware/release/lib/mrt-build-tools/bin/python
[36m--[0m Using Debian Python package layout
[36m--[0m Using empy: /usr/bin/empy
[36m--[0m Using CATKIN_ENABLE_TESTING: ON
[36m--[0m Call enable_testing()
[36m--[0m Using CATKIN_TEST_RESULTS_DIR: /home/kal5-1/cargogo/build_debug/iowkit/test_results
[36m--[0m Found gmock sources under '/usr/src/gmock': gmock will be built
[36m--[0m Looking for pthread.h
[36m--[0m Looking for pthread.h - found
[36m--[0m Looking for pthread_create
[36m--[0m Looking for pthread_create - found
[36m--[0m Found Threads: TRUE
[36m--[0m Found gtest sources under '/usr/src/gmock': gtests will be built
[36m--[0m Using Python nosetests: /usr/bin/nosetests-2.7
[36m--[0m catkin 0.7.11
[36m--[0m Configuring done
[36m--[0m Generating done
[36m--[0m Build files have been written to: /home/kal5-1/cargogo/build_debug/iowkit
