[ 40%] Built target gtest
[ 40%] Built target roscpp_generate_messages_nodejs
[ 40%] Built target rosgraph_msgs_generate_messages_lisp
[ 40%] Built target rosgraph_msgs_generate_messages_nodejs
[ 40%] Built target rosgraph_msgs_generate_messages_eus
[ 40%] Built target roscpp_generate_messages_py
[ 40%] Built target roscpp_generate_messages_cpp
[ 40%] Built target motor_interface_ros_tool_generate_messages_lisp
[ 40%] Built target geometry_msgs_generate_messages_eus
[ 40%] Built target roscpp_generate_messages_eus
[ 40%] Built target diagnostic_msgs_generate_messages_lisp
[ 40%] Built target std_msgs_generate_messages_cpp
[ 40%] Built target sensor_msgs_generate_messages_eus
[ 40%] Built target roscpp_generate_messages_lisp
[ 40%] Built target std_msgs_generate_messages_eus
[ 40%] Built target geometry_msgs_generate_messages_nodejs
[ 40%] Built target rosgraph_msgs_generate_messages_cpp
[ 40%] Built target diagnostic_msgs_generate_messages_eus
[ 40%] Built target motor_interface_ros_tool_generate_messages_py
[ 40%] Built target motor_interface_ros_tool_generate_messages_cpp
[ 40%] Built target sensor_msgs_generate_messages_py
[ 40%] Built target motor_interface_ros_tool_generate_messages_nodejs
[ 40%] Built target std_msgs_generate_messages_lisp
[ 40%] Built target motor_interface_ros_tool_generate_messages_eus
[ 40%] Built target geometry_msgs_generate_messages_lisp
[ 40%] Built target std_msgs_generate_messages_py
[ 40%] Built target diagnostic_msgs_generate_messages_cpp
[ 40%] Built target diagnostic_msgs_generate_messages_nodejs
[ 40%] Built target rosgraph_msgs_generate_messages_py
[ 40%] Built target diagnostic_msgs_generate_messages_py
[ 40%] Built target sensor_msgs_generate_messages_cpp
[ 40%] Built target sensor_msgs_generate_messages_lisp
[ 40%] Built target sensor_msgs_generate_messages_nodejs
[ 40%] Built target geometry_msgs_generate_messages_cpp
[ 40%] Built target std_msgs_generate_messages_nodejs
[ 40%] Built target geometry_msgs_generate_messages_py
[100%] Built target joy_converter_ros_tool-joy_converter_ros_tool-exec
