[  0%] Built target dynamic_reconfigure_gencfg
[  0%] Built target nodelet_topic_tools_gencfg
[ 13%] Built target prosilica
[ 13%] Built target bond_generate_messages_lisp
[ 13%] Built target bond_generate_messages_cpp
[ 13%] Built target nodelet_generate_messages_nodejs
[ 13%] Built target nodelet_generate_messages_lisp
[ 13%] Built target bond_generate_messages_nodejs
[ 13%] Built target nodelet_generate_messages_eus
[ 13%] Built target nodelet_generate_messages_cpp
[ 13%] Built target polled_camera_generate_messages_py
[ 13%] Built target polled_camera_generate_messages_nodejs
[ 13%] Built target polled_camera_generate_messages_lisp
[ 13%] Built target polled_camera_generate_messages_cpp
[ 13%] Built target polled_camera_generate_messages_eus
[ 13%] Built target sensor_msgs_generate_messages_cpp
[ 13%] Built target roscpp_generate_messages_lisp
[ 13%] Built target std_msgs_generate_messages_eus
[ 13%] Built target std_msgs_generate_messages_py
[ 13%] Built target dynamic_reconfigure_generate_messages_lisp
[ 13%] Built target dynamic_reconfigure_generate_messages_nodejs
[ 13%] Built target rosgraph_msgs_generate_messages_lisp
[ 13%] Built target rosgraph_msgs_generate_messages_nodejs
[ 13%] Built target std_msgs_generate_messages_cpp
[ 13%] Built target roscpp_generate_messages_nodejs
[ 13%] Built target sensor_msgs_generate_messages_eus
[ 13%] Built target rosgraph_msgs_generate_messages_cpp
[ 13%] Built target diagnostic_msgs_generate_messages_eus
[ 13%] Built target geometry_msgs_generate_messages_lisp
[ 13%] Built target std_msgs_generate_messages_lisp
[ 13%] Built target bond_generate_messages_py
[ 13%] Built target bond_generate_messages_eus
[ 13%] Built target diagnostic_msgs_generate_messages_lisp
[ 13%] Built target dynamic_reconfigure_generate_messages_cpp
[ 13%] Built target roscpp_generate_messages_cpp
[ 13%] Built target roscpp_generate_messages_eus
[ 13%] Built target nodelet_generate_messages_py
[ 13%] Built target geometry_msgs_generate_messages_eus
[ 13%] Built target geometry_msgs_generate_messages_nodejs
[ 13%] Built target roscpp_generate_messages_py
[ 13%] Built target rosgraph_msgs_generate_messages_eus
[ 13%] Built target sensor_msgs_generate_messages_nodejs
[ 13%] Built target sensor_msgs_generate_messages_lisp
[ 13%] Built target driver_base_generate_messages_lisp
[ 13%] Built target sensor_msgs_generate_messages_py
[ 13%] Built target std_msgs_generate_messages_nodejs
[ 13%] Built target geometry_msgs_generate_messages_py
[ 13%] Built target driver_base_generate_messages_cpp
[ 13%] Built target diagnostic_msgs_generate_messages_cpp
[ 13%] Built target driver_base_generate_messages_nodejs
[ 13%] Built target diagnostic_msgs_generate_messages_nodejs
[ 13%] Built target rosgraph_msgs_generate_messages_py
[ 13%] Built target diagnostic_msgs_generate_messages_py
[ 13%] Built target geometry_msgs_generate_messages_cpp
[ 13%] Built target dynamic_reconfigure_generate_messages_py
[ 13%] Built target driver_base_generate_messages_py
[ 13%] Built target driver_base_generate_messages_eus
[ 13%] Built target dynamic_reconfigure_generate_messages_eus
[ 26%] Built target set_inhibition
[ 40%] Built target set_ip
[ 53%] Built target read_memory
[ 60%] Built target prosilica_driver_gencfg
[ 73%] Built target write_memory
[ 86%] Built target prosilica_nodelet
[100%] Built target prosilica_node
