make[1]: Warning: File 'CMakeFiles/Makefile2' has modification time 0,079 s in the future
make[2]: Warning: File 'CMakeFiles/rosgraph_msgs_generate_messages_lisp.dir/progress.make' has modification time 0,052 s in the future
make[2]: Warning: File 'gtest/gtest/CMakeFiles/gtest.dir/progress.make' has modification time 0,044 s in the future
make[2]: Warning: File 'CMakeFiles/rosgraph_msgs_generate_messages_py.dir/progress.make' has modification time 0,056 s in the future
make[2]: Warning: File 'CMakeFiles/roscpp_generate_messages_nodejs.dir/progress.make' has modification time 0,052 s in the future
make[2]: warning:  Clock skew detected.  Your build may be incomplete.
make[2]: warning:  Clock skew detected.  Your build may be incomplete.
make[2]: warning:  Clock skew detected.  Your build may be incomplete.
make[2]: warning:  Clock skew detected.  Your build may be incomplete.
make[2]: Warning: File 'CMakeFiles/rosgraph_msgs_generate_messages_lisp.dir/progress.make' has modification time 0,036 s in the future
make[2]: Warning: File 'CMakeFiles/rosgraph_msgs_generate_messages_py.dir/progress.make' has modification time 0,04 s in the future
make[2]: warning:  Clock skew detected.  Your build may be incomplete.
make[2]: warning:  Clock skew detected.  Your build may be incomplete.
make[2]: Warning: File 'CMakeFiles/roscpp_generate_messages_nodejs.dir/progress.make' has modification time 0,035 s in the future
make[2]: warning:  Clock skew detected.  Your build may be incomplete.
make[2]: Warning: File 'gtest/gtest/CMakeFiles/gtest.dir/progress.make' has modification time 0,024 s in the future
make[2]: warning:  Clock skew detected.  Your build may be incomplete.
make[2]: Warning: File 'CMakeFiles/rosgraph_msgs_generate_messages_nodejs.dir/progress.make' has modification time 0,024 s in the future
make[2]: Warning: File 'CMakeFiles/rosgraph_msgs_generate_messages_eus.dir/progress.make' has modification time 0,02 s in the future
make[2]: Warning: File 'CMakeFiles/roscpp_generate_messages_py.dir/progress.make' has modification time 0,012 s in the future
make[2]: Warning: File 'CMakeFiles/roscpp_generate_messages_eus.dir/progress.make' has modification time 0,008 s in the future
make[2]: warning:  Clock skew detected.  Your build may be incomplete.
make[2]: warning:  Clock skew detected.  Your build may be incomplete.
make[2]: Warning: File 'CMakeFiles/rosgraph_msgs_generate_messages_nodejs.dir/progress.make' has modification time 0,0041 s in the future
make[2]: warning:  Clock skew detected.  Your build may be incomplete.
make[2]: warning:  Clock skew detected.  Your build may be incomplete.
make[2]: warning:  Clock skew detected.  Your build may be incomplete.
make[1]: warning:  Clock skew detected.  Your build may be incomplete.
