[  0%] Built target roscpp_generate_messages_nodejs
[ 50%] Built target gtest
[ 50%] Built target rosgraph_msgs_generate_messages_nodejs
[ 50%] Built target rosgraph_msgs_generate_messages_py
[ 50%] Built target rosgraph_msgs_generate_messages_lisp
[ 50%] Built target rosgraph_msgs_generate_messages_eus
[ 50%] Built target std_msgs_generate_messages_cpp
[ 50%] Built target roscpp_generate_messages_eus
[ 50%] Built target roscpp_generate_messages_py
[ 50%] Built target rosgraph_msgs_generate_messages_cpp
[ 50%] Built target motor_interface_ros_tool_generate_messages_lisp
[ 50%] Built target roscpp_generate_messages_cpp
[ 50%] Built target geometry_msgs_generate_messages_eus
[ 50%] Built target roscpp_generate_messages_lisp
[ 50%] Built target geometry_msgs_generate_messages_nodejs
[ 50%] Built target motor_interface_ros_tool_generate_messages_cpp
[ 50%] Built target motor_interface_ros_tool_generate_messages_py
[ 50%] Built target std_msgs_generate_messages_lisp
[ 50%] Built target motor_interface_ros_tool_generate_messages_eus
[ 50%] Built target geometry_msgs_generate_messages_lisp
[ 50%] Built target motor_interface_ros_tool_generate_messages_nodejs
[ 50%] Built target std_msgs_generate_messages_py
[ 50%] Built target std_msgs_generate_messages_nodejs
[ 50%] Built target geometry_msgs_generate_messages_py
[ 50%] Built target std_msgs_generate_messages_eus
[ 50%] Built target geometry_msgs_generate_messages_cpp
[100%] Built target tui_ros_tool-tui-exec
