[  1%] [34m[1mGenerating dynamic reconfigure files from cfg/LandmarkFinderInterface.cfg: /home/kal5-1/cargogo/devel/.private/stargazer_ros_tool/include/stargazer_ros_tool/LandmarkFinderInterfaceConfig.h /home/kal5-1/cargogo/devel/.private/stargazer_ros_tool/lib/python2.7/dist-packages/stargazer_ros_tool/cfg/LandmarkFinderInterfaceConfig.py[0m
[  1%] Built target std_msgs_generate_messages_eus
[  1%] Built target std_msgs_generate_messages_py
[  3%] [34m[1mGenerating dynamic reconfigure files from cfg/LandmarkLocalizerInterface.cfg: /home/kal5-1/cargogo/devel/.private/stargazer_ros_tool/include/stargazer_ros_tool/LandmarkLocalizerInterfaceConfig.h /home/kal5-1/cargogo/devel/.private/stargazer_ros_tool/lib/python2.7/dist-packages/stargazer_ros_tool/cfg/LandmarkLocalizerInterfaceConfig.py[0m
[  3%] Built target std_msgs_generate_messages_lisp
[  3%] Built target _stargazer_ros_tool_generate_messages_check_deps_Landmark
[  3%] Built target _stargazer_ros_tool_generate_messages_check_deps_LandmarkArray
[  3%] Built target _stargazer_ros_tool_generate_messages_check_deps_LandmarkPoint
[  3%] Built target std_msgs_generate_messages_cpp
[  3%] Built target std_msgs_generate_messages_nodejs
[  3%] Built target topic_tools_generate_messages_py
[  3%] Built target actionlib_generate_messages_py
[  3%] Built target actionlib_generate_messages_eus
[  3%] Built target actionlib_msgs_generate_messages_py
[  3%] Built target actionlib_msgs_generate_messages_lisp
[  3%] Built target actionlib_generate_messages_lisp
[  3%] Built target actionlib_msgs_generate_messages_eus
[  3%] Built target tf2_msgs_generate_messages_lisp
Generating reconfiguration files for LandmarkFinder in stargazer_ros_tool
[  3%] Built target tf2_msgs_generate_messages_cpp
Wrote header file in /home/kal5-1/cargogo/devel/.private/stargazer_ros_tool/include/stargazer_ros_tool/LandmarkFinderConfig.h
[  3%] Built target bond_generate_messages_cpp
Generating reconfiguration files for LandmarkLocalizer in stargazer_ros_tool
Wrote header file in /home/kal5-1/cargogo/devel/.private/stargazer_ros_tool/include/stargazer_ros_tool/LandmarkLocalizerConfig.h
[  3%] Built target nodelet_generate_messages_nodejs
[  3%] Built target nodelet_generate_messages_lisp
[  3%] Built target tf2_msgs_generate_messages_nodejs
[  3%] Built target bond_generate_messages_nodejs
[  3%] Built target tf2_msgs_generate_messages_eus
[  3%] Built target nodelet_generate_messages_cpp
[  3%] Built target nodelet_generate_messages_eus
[  3%] Built target roscpp_generate_messages_lisp
[  3%] Built target stargazer_ros_tool_gencfg
[  3%] Built target sensor_msgs_generate_messages_cpp
[  3%] Built target dynamic_reconfigure_generate_messages_lisp
[  3%] Built target dynamic_reconfigure_generate_messages_nodejs
[  3%] Built target rosgraph_msgs_generate_messages_py
[  3%] Built target rosgraph_msgs_generate_messages_lisp
[  3%] Built target roscpp_generate_messages_nodejs
[  3%] Built target std_srvs_generate_messages_cpp
[  3%] Built target rosgraph_msgs_generate_messages_cpp
[  3%] Built target rosgraph_msgs_generate_messages_nodejs
[  3%] Built target actionlib_generate_messages_nodejs
[  3%] Built target actionlib_msgs_generate_messages_cpp
[  3%] Built target sensor_msgs_generate_messages_eus
[  3%] Built target std_srvs_generate_messages_lisp
[  3%] Built target geometry_msgs_generate_messages_lisp
[  3%] Built target bond_generate_messages_eus
[  3%] Built target roscpp_generate_messages_eus
[  3%] Built target bond_generate_messages_py
[  3%] Built target dynamic_reconfigure_generate_messages_cpp
[  3%] Built target nodelet_generate_messages_py
[  3%] Built target std_srvs_generate_messages_py
[  3%] Built target geometry_msgs_generate_messages_eus
[  3%] Built target rosgraph_msgs_generate_messages_eus
[  3%] Built target roscpp_generate_messages_cpp
[  3%] Built target geometry_msgs_generate_messages_nodejs
[  3%] Built target sensor_msgs_generate_messages_lisp
[  3%] Built target roscpp_generate_messages_py
[  3%] Built target geometry_msgs_generate_messages_cpp
[  3%] Built target dynamic_reconfigure_generate_messages_py
[  3%] Built target sensor_msgs_generate_messages_nodejs
[  3%] Built target actionlib_generate_messages_cpp
[  3%] Built target sensor_msgs_generate_messages_py
[  3%] Built target geometry_msgs_generate_messages_py
[  3%] Built target std_srvs_generate_messages_eus
[  3%] Built target topic_tools_generate_messages_nodejs
[  3%] Built target dynamic_reconfigure_generate_messages_eus
[  3%] Built target dynamic_reconfigure_gencfg
[  3%] Built target std_srvs_generate_messages_nodejs
[  3%] Built target topic_tools_generate_messages_eus
[  3%] Built target bond_generate_messages_lisp
[  3%] Built target topic_tools_generate_messages_lisp
[  3%] Built target topic_tools_generate_messages_cpp
[  3%] Built target actionlib_msgs_generate_messages_nodejs
[  3%] Built target tf2_msgs_generate_messages_py
[  9%] Built target stargazer_ros_tool_generate_messages_lisp
[ 17%] Built target stargazer_ros_tool_generate_messages_py
[ 25%] Built target stargazer_ros_tool_generate_messages_eus
[ 31%] Built target stargazer_ros_tool_generate_messages_nodejs
[ 37%] Built target stargazer_ros_tool_generate_messages_cpp
[ 41%] Built target intrinsics_tool
[35m[1mScanning dependencies of target landmark_finder_nodelet[0m
[35m[1mScanning dependencies of target landmark_finder[0m
[35m[1mScanning dependencies of target landmark_localizer[0m
[35m[1mScanning dependencies of target landmark_localizer_nodelet[0m
[ 47%] Built target landmark_visualizer
[ 54%] Built target landmark_calibrator
[ 56%] [32mBuilding CXX object src/landmark_finder/CMakeFiles/landmark_finder_nodelet.dir/LandmarkFinderInterface.cpp.o[0m
[ 58%] [32mBuilding CXX object src/landmark_finder/CMakeFiles/landmark_finder.dir/LandmarkFinderInterface.cpp.o[0m
[ 60%] [32mBuilding CXX object src/landmark_localizer/CMakeFiles/landmark_localizer.dir/LandmarkLocalizerInterface.cpp.o[0m
[ 74%] Built target reprojection_visualizer
[ 76%] [32mBuilding CXX object src/landmark_localizer/CMakeFiles/landmark_localizer_nodelet.dir/LandmarkLocalizerInterface.cpp.o[0m
[ 76%] Built target pose_visualizer
[ 78%] [32mBuilding CXX object src/landmark_finder/CMakeFiles/landmark_finder_nodelet.dir/LandmarkFinderInterfaceParameters.cpp.o[0m
[ 80%] [32mBuilding CXX object src/landmark_localizer/CMakeFiles/landmark_localizer_nodelet.dir/landmark_localizer_nodelet.cpp.o[0m
[ 82%] [32mBuilding CXX object src/landmark_finder/CMakeFiles/landmark_finder.dir/LandmarkFinderInterfaceParameters.cpp.o[0m
[ 84%] [32mBuilding CXX object src/landmark_finder/CMakeFiles/landmark_finder_nodelet.dir/landmark_finder_nodelet.cpp.o[0m
[ 84%] Built target stargazer_ros_tool_generate_messages
[ 86%] [32mBuilding CXX object src/landmark_finder/CMakeFiles/landmark_finder.dir/landmark_finder_node.cpp.o[0m
[ 88%] [32mBuilding CXX object src/landmark_localizer/CMakeFiles/landmark_localizer.dir/landmark_localizer_node.cpp.o[0m
[ 90%] [32m[1mLinking CXX executable /home/kal5-1/cargogo/devel/.private/stargazer_ros_tool/lib/stargazer_ros_tool/landmark_finder[0m
[ 92%] [32m[1mLinking CXX shared library /home/kal5-1/cargogo/devel/.private/stargazer_ros_tool/lib/liblandmark_localizer_nodelet.so[0m
[ 94%] [32m[1mLinking CXX executable /home/kal5-1/cargogo/devel/.private/stargazer_ros_tool/lib/stargazer_ros_tool/landmark_localizer[0m
[ 96%] [32m[1mLinking CXX shared library /home/kal5-1/cargogo/devel/.private/stargazer_ros_tool/lib/liblandmark_finder_nodelet.so[0m
[ 98%] Built target landmark_localizer_nodelet
[ 98%] Built target landmark_finder_nodelet
[100%] Built target landmark_localizer
[100%] Built target landmark_finder
