Linked: (/home/kal5-1/cargogo/devel/.private/stargazer_ros_tool/share/common-lisp/ros/stargazer_ros_tool/msg/LandmarkArray.lisp, /home/kal5-1/cargogo/devel/share/common-lisp/ros/stargazer_ros_tool/msg/LandmarkArray.lisp)
Linked: (/home/kal5-1/cargogo/devel/.private/stargazer_ros_tool/share/common-lisp/ros/stargazer_ros_tool/msg/stargazer_ros_tool-msg.asd, /home/kal5-1/cargogo/devel/share/common-lisp/ros/stargazer_ros_tool/msg/stargazer_ros_tool-msg.asd)
Linked: (/home/kal5-1/cargogo/devel/.private/stargazer_ros_tool/share/common-lisp/ros/stargazer_ros_tool/msg/Landmark.lisp, /home/kal5-1/cargogo/devel/share/common-lisp/ros/stargazer_ros_tool/msg/Landmark.lisp)
Linked: (/home/kal5-1/cargogo/devel/.private/stargazer_ros_tool/share/common-lisp/ros/stargazer_ros_tool/msg/_package_LandmarkPoint.lisp, /home/kal5-1/cargogo/devel/share/common-lisp/ros/stargazer_ros_tool/msg/_package_LandmarkPoint.lisp)
Linked: (/home/kal5-1/cargogo/devel/.private/stargazer_ros_tool/share/common-lisp/ros/stargazer_ros_tool/msg/LandmarkPoint.lisp, /home/kal5-1/cargogo/devel/share/common-lisp/ros/stargazer_ros_tool/msg/LandmarkPoint.lisp)
Linked: (/home/kal5-1/cargogo/devel/.private/stargazer_ros_tool/share/common-lisp/ros/stargazer_ros_tool/msg/_package_LandmarkArray.lisp, /home/kal5-1/cargogo/devel/share/common-lisp/ros/stargazer_ros_tool/msg/_package_LandmarkArray.lisp)
Linked: (/home/kal5-1/cargogo/devel/.private/stargazer_ros_tool/share/common-lisp/ros/stargazer_ros_tool/msg/_package_Landmark.lisp, /home/kal5-1/cargogo/devel/share/common-lisp/ros/stargazer_ros_tool/msg/_package_Landmark.lisp)
Linked: (/home/kal5-1/cargogo/devel/.private/stargazer_ros_tool/share/common-lisp/ros/stargazer_ros_tool/msg/_package.lisp, /home/kal5-1/cargogo/devel/share/common-lisp/ros/stargazer_ros_tool/msg/_package.lisp)
Linked: (/home/kal5-1/cargogo/devel/.private/stargazer_ros_tool/share/stargazer_ros_tool/docs/LandmarkLocalizerConfig-usage.dox, /home/kal5-1/cargogo/devel/share/stargazer_ros_tool/docs/LandmarkLocalizerConfig-usage.dox)
Linked: (/home/kal5-1/cargogo/devel/.private/stargazer_ros_tool/share/stargazer_ros_tool/docs/LandmarkLocalizerConfig.wikidoc, /home/kal5-1/cargogo/devel/share/stargazer_ros_tool/docs/LandmarkLocalizerConfig.wikidoc)
Linked: (/home/kal5-1/cargogo/devel/.private/stargazer_ros_tool/share/stargazer_ros_tool/docs/LandmarkFinderConfig-usage.dox, /home/kal5-1/cargogo/devel/share/stargazer_ros_tool/docs/LandmarkFinderConfig-usage.dox)
Linked: (/home/kal5-1/cargogo/devel/.private/stargazer_ros_tool/share/stargazer_ros_tool/docs/LandmarkLocalizerConfig.dox, /home/kal5-1/cargogo/devel/share/stargazer_ros_tool/docs/LandmarkLocalizerConfig.dox)
Linked: (/home/kal5-1/cargogo/devel/.private/stargazer_ros_tool/share/stargazer_ros_tool/docs/LandmarkFinderConfig.dox, /home/kal5-1/cargogo/devel/share/stargazer_ros_tool/docs/LandmarkFinderConfig.dox)
Linked: (/home/kal5-1/cargogo/devel/.private/stargazer_ros_tool/share/stargazer_ros_tool/docs/LandmarkFinderConfig.wikidoc, /home/kal5-1/cargogo/devel/share/stargazer_ros_tool/docs/LandmarkFinderConfig.wikidoc)
Linked: (/home/kal5-1/cargogo/devel/.private/stargazer_ros_tool/share/stargazer_ros_tool/cmake/stargazer_ros_toolConfig.cmake, /home/kal5-1/cargogo/devel/share/stargazer_ros_tool/cmake/stargazer_ros_toolConfig.cmake)
Linked: (/home/kal5-1/cargogo/devel/.private/stargazer_ros_tool/share/stargazer_ros_tool/cmake/stargazer_ros_tool-msg-extras.cmake, /home/kal5-1/cargogo/devel/share/stargazer_ros_tool/cmake/stargazer_ros_tool-msg-extras.cmake)
Linked: (/home/kal5-1/cargogo/devel/.private/stargazer_ros_tool/share/stargazer_ros_tool/cmake/stargazer_ros_toolConfig-version.cmake, /home/kal5-1/cargogo/devel/share/stargazer_ros_tool/cmake/stargazer_ros_toolConfig-version.cmake)
Linked: (/home/kal5-1/cargogo/devel/.private/stargazer_ros_tool/share/stargazer_ros_tool/cmake/stargazer_ros_tool-msg-paths.cmake, /home/kal5-1/cargogo/devel/share/stargazer_ros_tool/cmake/stargazer_ros_tool-msg-paths.cmake)
Linked: (/home/kal5-1/cargogo/devel/.private/stargazer_ros_tool/share/roseus/ros/stargazer_ros_tool/manifest.l, /home/kal5-1/cargogo/devel/share/roseus/ros/stargazer_ros_tool/manifest.l)
Linked: (/home/kal5-1/cargogo/devel/.private/stargazer_ros_tool/share/roseus/ros/stargazer_ros_tool/msg/LandmarkArray.l, /home/kal5-1/cargogo/devel/share/roseus/ros/stargazer_ros_tool/msg/LandmarkArray.l)
Linked: (/home/kal5-1/cargogo/devel/.private/stargazer_ros_tool/share/roseus/ros/stargazer_ros_tool/msg/Landmark.l, /home/kal5-1/cargogo/devel/share/roseus/ros/stargazer_ros_tool/msg/Landmark.l)
Linked: (/home/kal5-1/cargogo/devel/.private/stargazer_ros_tool/share/roseus/ros/stargazer_ros_tool/msg/LandmarkPoint.l, /home/kal5-1/cargogo/devel/share/roseus/ros/stargazer_ros_tool/msg/LandmarkPoint.l)
Linked: (/home/kal5-1/cargogo/devel/.private/stargazer_ros_tool/share/gennodejs/ros/stargazer_ros_tool/_index.js, /home/kal5-1/cargogo/devel/share/gennodejs/ros/stargazer_ros_tool/_index.js)
Linked: (/home/kal5-1/cargogo/devel/.private/stargazer_ros_tool/share/gennodejs/ros/stargazer_ros_tool/msg/LandmarkPoint.js, /home/kal5-1/cargogo/devel/share/gennodejs/ros/stargazer_ros_tool/msg/LandmarkPoint.js)
Linked: (/home/kal5-1/cargogo/devel/.private/stargazer_ros_tool/share/gennodejs/ros/stargazer_ros_tool/msg/_index.js, /home/kal5-1/cargogo/devel/share/gennodejs/ros/stargazer_ros_tool/msg/_index.js)
Linked: (/home/kal5-1/cargogo/devel/.private/stargazer_ros_tool/share/gennodejs/ros/stargazer_ros_tool/msg/Landmark.js, /home/kal5-1/cargogo/devel/share/gennodejs/ros/stargazer_ros_tool/msg/Landmark.js)
Linked: (/home/kal5-1/cargogo/devel/.private/stargazer_ros_tool/share/gennodejs/ros/stargazer_ros_tool/msg/LandmarkArray.js, /home/kal5-1/cargogo/devel/share/gennodejs/ros/stargazer_ros_tool/msg/LandmarkArray.js)
Linked: (/home/kal5-1/cargogo/devel/.private/stargazer_ros_tool/include/stargazer_ros_tool/LandmarkFinderConfig.h, /home/kal5-1/cargogo/devel/include/stargazer_ros_tool/LandmarkFinderConfig.h)
Linked: (/home/kal5-1/cargogo/devel/.private/stargazer_ros_tool/include/stargazer_ros_tool/LandmarkArray.h, /home/kal5-1/cargogo/devel/include/stargazer_ros_tool/LandmarkArray.h)
Linked: (/home/kal5-1/cargogo/devel/.private/stargazer_ros_tool/include/stargazer_ros_tool/Landmark.h, /home/kal5-1/cargogo/devel/include/stargazer_ros_tool/Landmark.h)
Linked: (/home/kal5-1/cargogo/devel/.private/stargazer_ros_tool/include/stargazer_ros_tool/LandmarkLocalizerConfig.h, /home/kal5-1/cargogo/devel/include/stargazer_ros_tool/LandmarkLocalizerConfig.h)
Linked: (/home/kal5-1/cargogo/devel/.private/stargazer_ros_tool/include/stargazer_ros_tool/LandmarkPoint.h, /home/kal5-1/cargogo/devel/include/stargazer_ros_tool/LandmarkPoint.h)
Linked: (/home/kal5-1/cargogo/devel/.private/stargazer_ros_tool/lib/liblandmark_finder_nodelet.so, /home/kal5-1/cargogo/devel/lib/liblandmark_finder_nodelet.so)
Linked: (/home/kal5-1/cargogo/devel/.private/stargazer_ros_tool/lib/liblandmark_localizer_nodelet.so, /home/kal5-1/cargogo/devel/lib/liblandmark_localizer_nodelet.so)
Linked: (/home/kal5-1/cargogo/devel/.private/stargazer_ros_tool/lib/pkgconfig/stargazer_ros_tool.pc, /home/kal5-1/cargogo/devel/lib/pkgconfig/stargazer_ros_tool.pc)
Linked: (/home/kal5-1/cargogo/devel/.private/stargazer_ros_tool/lib/python2.7/dist-packages/stargazer_ros_tool/__init__.py, /home/kal5-1/cargogo/devel/lib/python2.7/dist-packages/stargazer_ros_tool/__init__.py)
Linked: (/home/kal5-1/cargogo/devel/.private/stargazer_ros_tool/lib/python2.7/dist-packages/stargazer_ros_tool/cfg/__init__.py, /home/kal5-1/cargogo/devel/lib/python2.7/dist-packages/stargazer_ros_tool/cfg/__init__.py)
Linked: (/home/kal5-1/cargogo/devel/.private/stargazer_ros_tool/lib/python2.7/dist-packages/stargazer_ros_tool/cfg/LandmarkFinderConfig.py, /home/kal5-1/cargogo/devel/lib/python2.7/dist-packages/stargazer_ros_tool/cfg/LandmarkFinderConfig.py)
Linked: (/home/kal5-1/cargogo/devel/.private/stargazer_ros_tool/lib/python2.7/dist-packages/stargazer_ros_tool/cfg/LandmarkLocalizerConfig.py, /home/kal5-1/cargogo/devel/lib/python2.7/dist-packages/stargazer_ros_tool/cfg/LandmarkLocalizerConfig.py)
Linked: (/home/kal5-1/cargogo/devel/.private/stargazer_ros_tool/lib/python2.7/dist-packages/stargazer_ros_tool/msg/_LandmarkPoint.py, /home/kal5-1/cargogo/devel/lib/python2.7/dist-packages/stargazer_ros_tool/msg/_LandmarkPoint.py)
Linked: (/home/kal5-1/cargogo/devel/.private/stargazer_ros_tool/lib/python2.7/dist-packages/stargazer_ros_tool/msg/_LandmarkArray.py, /home/kal5-1/cargogo/devel/lib/python2.7/dist-packages/stargazer_ros_tool/msg/_LandmarkArray.py)
Linked: (/home/kal5-1/cargogo/devel/.private/stargazer_ros_tool/lib/python2.7/dist-packages/stargazer_ros_tool/msg/__init__.py, /home/kal5-1/cargogo/devel/lib/python2.7/dist-packages/stargazer_ros_tool/msg/__init__.py)
Linked: (/home/kal5-1/cargogo/devel/.private/stargazer_ros_tool/lib/python2.7/dist-packages/stargazer_ros_tool/msg/_Landmark.py, /home/kal5-1/cargogo/devel/lib/python2.7/dist-packages/stargazer_ros_tool/msg/_Landmark.py)
Linked: (/home/kal5-1/cargogo/devel/.private/stargazer_ros_tool/lib/stargazer_ros_tool/landmark_visualizer, /home/kal5-1/cargogo/devel/lib/stargazer_ros_tool/landmark_visualizer)
Linked: (/home/kal5-1/cargogo/devel/.private/stargazer_ros_tool/lib/stargazer_ros_tool/pose_visualizer, /home/kal5-1/cargogo/devel/lib/stargazer_ros_tool/pose_visualizer)
Linked: (/home/kal5-1/cargogo/devel/.private/stargazer_ros_tool/lib/stargazer_ros_tool/reprojection_visualizer, /home/kal5-1/cargogo/devel/lib/stargazer_ros_tool/reprojection_visualizer)
Linked: (/home/kal5-1/cargogo/devel/.private/stargazer_ros_tool/lib/stargazer_ros_tool/landmark_localizer, /home/kal5-1/cargogo/devel/lib/stargazer_ros_tool/landmark_localizer)
Linked: (/home/kal5-1/cargogo/devel/.private/stargazer_ros_tool/lib/stargazer_ros_tool/intrinsics_tool, /home/kal5-1/cargogo/devel/lib/stargazer_ros_tool/intrinsics_tool)
Linked: (/home/kal5-1/cargogo/devel/.private/stargazer_ros_tool/lib/stargazer_ros_tool/landmark_calibrator, /home/kal5-1/cargogo/devel/lib/stargazer_ros_tool/landmark_calibrator)
Linked: (/home/kal5-1/cargogo/devel/.private/stargazer_ros_tool/lib/stargazer_ros_tool/landmark_finder, /home/kal5-1/cargogo/devel/lib/stargazer_ros_tool/landmark_finder)
