Determining if the pthread_create exist failed with the following output:
Change Dir: /home/kal5-1/cargogo/build_debug/mrt_cmake_modules/CMakeFiles/CMakeTmp

Run Build Command:"/usr/bin/make" "cmTC_bf594/fast"
make: Warning: File 'Makefile' has modification time 0,038 s in the future
/usr/bin/make -f CMakeFiles/cmTC_bf594.dir/build.make CMakeFiles/cmTC_bf594.dir/build
make[1]: Entering directory '/home/kal5-1/cargogo/build_debug/mrt_cmake_modules/CMakeFiles/CMakeTmp'
make[1]: Warning: File 'CMakeFiles/cmTC_bf594.dir/flags.make' has modification time 0,034 s in the future
Building C object CMakeFiles/cmTC_bf594.dir/CheckSymbolExists.c.o
/usr/bin/cc     -o CMakeFiles/cmTC_bf594.dir/CheckSymbolExists.c.o   -c /home/kal5-1/cargogo/build_debug/mrt_cmake_modules/CMakeFiles/CMakeTmp/CheckSymbolExists.c
Linking C executable cmTC_bf594
/usr/bin/cmake -E cmake_link_script CMakeFiles/cmTC_bf594.dir/link.txt --verbose=1
/usr/bin/cc       CMakeFiles/cmTC_bf594.dir/CheckSymbolExists.c.o  -o cmTC_bf594 -rdynamic 
CMakeFiles/cmTC_bf594.dir/CheckSymbolExists.c.o: In function `main':
CheckSymbolExists.c:(.text+0x16): undefined reference to `pthread_create'
collect2: error: ld returned 1 exit status
CMakeFiles/cmTC_bf594.dir/build.make:97: recipe for target 'cmTC_bf594' failed
make[1]: *** [cmTC_bf594] Error 1
make[1]: Leaving directory '/home/kal5-1/cargogo/build_debug/mrt_cmake_modules/CMakeFiles/CMakeTmp'
Makefile:126: recipe for target 'cmTC_bf594/fast' failed
make: *** [cmTC_bf594/fast] Error 2

File /home/kal5-1/cargogo/build_debug/mrt_cmake_modules/CMakeFiles/CMakeTmp/CheckSymbolExists.c:
/* */
#include <pthread.h>

int main(int argc, char** argv)
{
  (void)argv;
#ifndef pthread_create
  return ((int*)(&pthread_create))[argc];
#else
  (void)argc;
  return 0;
#endif
}

Determining if the function pthread_create exists in the pthreads failed with the following output:
Change Dir: /home/kal5-1/cargogo/build_debug/mrt_cmake_modules/CMakeFiles/CMakeTmp

Run Build Command:"/usr/bin/make" "cmTC_7c170/fast"
make: Warning: File 'Makefile' has modification time 0,039 s in the future
/usr/bin/make -f CMakeFiles/cmTC_7c170.dir/build.make CMakeFiles/cmTC_7c170.dir/build
make[1]: Entering directory '/home/kal5-1/cargogo/build_debug/mrt_cmake_modules/CMakeFiles/CMakeTmp'
make[1]: Warning: File 'CMakeFiles/cmTC_7c170.dir/flags.make' has modification time 0,036 s in the future
Building C object CMakeFiles/cmTC_7c170.dir/CheckFunctionExists.c.o
/usr/bin/cc    -DCHECK_FUNCTION_EXISTS=pthread_create   -o CMakeFiles/cmTC_7c170.dir/CheckFunctionExists.c.o   -c /usr/share/cmake-3.5/Modules/CheckFunctionExists.c
Linking C executable cmTC_7c170
/usr/bin/cmake -E cmake_link_script CMakeFiles/cmTC_7c170.dir/link.txt --verbose=1
/usr/bin/cc   -DCHECK_FUNCTION_EXISTS=pthread_create    CMakeFiles/cmTC_7c170.dir/CheckFunctionExists.c.o  -o cmTC_7c170 -rdynamic -lpthreads 
/usr/bin/ld: cannot find -lpthreads
collect2: error: ld returned 1 exit status
CMakeFiles/cmTC_7c170.dir/build.make:97: recipe for target 'cmTC_7c170' failed
make[1]: *** [cmTC_7c170] Error 1
make[1]: Leaving directory '/home/kal5-1/cargogo/build_debug/mrt_cmake_modules/CMakeFiles/CMakeTmp'
Makefile:126: recipe for target 'cmTC_7c170/fast' failed
make: *** [cmTC_7c170/fast] Error 2


