[ 14%] Built target gtest
[ 28%] Built target simulation_ros_tool_gencfg
[ 28%] Built target tf2_msgs_generate_messages_lisp
[ 35%] Built target simulation_ros_tool_genparam
[ 35%] Built target tf2_msgs_generate_messages_cpp
[ 35%] Built target tf2_msgs_generate_messages_py
[ 35%] Built target actionlib_msgs_generate_messages_nodejs
[ 35%] Built target actionlib_msgs_generate_messages_py
[ 35%] Built target actionlib_msgs_generate_messages_lisp
[ 35%] Built target actionlib_msgs_generate_messages_eus
[ 35%] Built target actionlib_generate_messages_py
[ 35%] Built target actionlib_generate_messages_lisp
[ 35%] Built target actionlib_generate_messages_eus
[ 35%] Built target actionlib_generate_messages_cpp
[ 35%] Built target motor_interface_ros_tool_generate_messages_lisp
[ 35%] Built target geometry_msgs_generate_messages_eus
[ 35%] Built target motor_interface_ros_tool_generate_messages_py
[ 35%] Built target motor_interface_ros_tool_generate_messages_cpp
[ 35%] Built target std_msgs_generate_messages_py
[ 35%] Built target std_msgs_generate_messages_eus
[ 35%] Built target dynamic_reconfigure_generate_messages_lisp
[ 35%] Built target actionlib_msgs_generate_messages_cpp
[ 35%] Built target roscpp_generate_messages_lisp
[ 35%] Built target actionlib_generate_messages_nodejs
[ 35%] Built target std_msgs_generate_messages_cpp
[ 35%] Built target rosgraph_msgs_generate_messages_cpp
[ 35%] Built target dynamic_reconfigure_gencfg
[ 35%] Built target dynamic_reconfigure_generate_messages_py
[ 35%] Built target roscpp_generate_messages_py
[ 35%] Built target tf2_msgs_generate_messages_eus
[ 35%] Built target nodelet_generate_messages_cpp
[ 35%] Built target geometry_msgs_generate_messages_nodejs
[ 35%] Built target motor_interface_ros_tool_generate_messages_nodejs
[ 35%] Built target roscpp_generate_messages_nodejs
[ 35%] Built target rosgraph_msgs_generate_messages_lisp
[ 35%] Built target dynamic_reconfigure_generate_messages_cpp
[ 35%] Built target rosgraph_msgs_generate_messages_py
[ 35%] Built target std_msgs_generate_messages_lisp
[ 35%] Built target dynamic_reconfigure_generate_messages_nodejs
[ 35%] Built target dynamic_reconfigure_generate_messages_eus
[ 35%] Built target bond_generate_messages_py
[ 35%] Built target nodelet_generate_messages_lisp
[ 35%] Built target motor_interface_ros_tool_generate_messages_eus
[ 35%] Built target geometry_msgs_generate_messages_lisp
[ 35%] Built target bond_generate_messages_cpp
[ 35%] Built target rosgraph_msgs_generate_messages_nodejs
[ 35%] Built target rosgraph_msgs_generate_messages_eus
[ 35%] Built target roscpp_generate_messages_cpp
[ 35%] Built target nodelet_generate_messages_py
[ 35%] Built target std_msgs_generate_messages_nodejs
[ 35%] Built target geometry_msgs_generate_messages_cpp
[ 35%] Built target geometry_msgs_generate_messages_py
[ 35%] Built target nodelet_generate_messages_nodejs
[ 35%] Built target bond_generate_messages_eus
[ 35%] Built target roscpp_generate_messages_eus
[ 35%] Built target bond_generate_messages_lisp
[ 35%] Built target tf2_msgs_generate_messages_nodejs
[ 35%] Built target bond_generate_messages_nodejs
[ 35%] Built target nodelet_generate_messages_eus
[ 64%] Built target simulation_ros_tool-vehicle_simulator-nodelet
[100%] Built target simulation_ros_tool-vehicle_simulator-exec
