[35m[1mScanning dependencies of target gtest[0m
make[2]: Warning: File 'gtest/gtest/CMakeFiles/gtest.dir/depend.make' has modification time 0,037 s in the future
[  7%] [32mBuilding CXX object gtest/gtest/CMakeFiles/gtest.dir/src/gtest-all.cc.o[0m
[ 14%] [32m[1mLinking CXX shared library libgtest.so[0m
make[2]: warning:  Clock skew detected.  Your build may be incomplete.
[ 14%] Built target gtest
[35m[1mScanning dependencies of target simulation_ros_tool_gencfg[0m
[ 21%] [34m[1mGenerating parameter files from VehicleSimulator[0m
['gen.add(name = \'wheel_base\', paramtype = \'double\', level = 0, description = \'cars wheel_base\', edit_method="", default=0.5, min=0, max=1)', 'gen.add(name = \'tf_refresh_rate\', paramtype = \'double\', level = 0, description = \'rate to refresh the transformation at\', edit_method="", default=60, min=0, max=100)']
[ 28%] [34m[1mGenerating dynamic reconfigure files from /home/kal5-1/cargogo/devel_debug/.private/simulation_ros_tool/share/simulation_ros_tool/cfg/VehicleSimulator.cfg: /home/kal5-1/cargogo/devel_debug/.private/simulation_ros_tool/include/simulation_ros_tool/VehicleSimulatorConfig.h /home/kal5-1/cargogo/devel_debug/.private/simulation_ros_tool/lib/python2.7/dist-packages/simulation_ros_tool/cfg/VehicleSimulatorConfig.py[0m
Generating reconfiguration files for VehicleSimulator in simulation_ros_tool
Wrote header file in /home/kal5-1/cargogo/devel_debug/.private/simulation_ros_tool/include/simulation_ros_tool/VehicleSimulatorConfig.h
[ 28%] Built target simulation_ros_tool_gencfg
[35m[1mScanning dependencies of target simulation_ros_tool_genparam[0m
[ 35%] Built target simulation_ros_tool_genparam
[35m[1mScanning dependencies of target tf2_msgs_generate_messages_lisp[0m
[ 35%] Built target tf2_msgs_generate_messages_lisp
[35m[1mScanning dependencies of target tf2_msgs_generate_messages_cpp[0m
[ 35%] Built target tf2_msgs_generate_messages_cpp
[35m[1mScanning dependencies of target actionlib_msgs_generate_messages_py[0m
[ 35%] Built target actionlib_msgs_generate_messages_py
[35m[1mScanning dependencies of target tf2_msgs_generate_messages_py[0m
[ 35%] Built target tf2_msgs_generate_messages_py
[35m[1mScanning dependencies of target actionlib_msgs_generate_messages_nodejs[0m
[ 35%] Built target actionlib_msgs_generate_messages_nodejs
[35m[1mScanning dependencies of target actionlib_msgs_generate_messages_lisp[0m
[ 35%] Built target actionlib_msgs_generate_messages_lisp
[35m[1mScanning dependencies of target actionlib_generate_messages_py[0m
[ 35%] Built target actionlib_generate_messages_py
[35m[1mScanning dependencies of target actionlib_msgs_generate_messages_eus[0m
[ 35%] Built target actionlib_msgs_generate_messages_eus
[35m[1mScanning dependencies of target actionlib_generate_messages_lisp[0m
[ 35%] Built target actionlib_generate_messages_lisp
[35m[1mScanning dependencies of target actionlib_generate_messages_eus[0m
[ 35%] Built target actionlib_generate_messages_eus
[35m[1mScanning dependencies of target actionlib_generate_messages_cpp[0m
[ 35%] Built target actionlib_generate_messages_cpp
[35m[1mScanning dependencies of target motor_interface_ros_tool_generate_messages_lisp[0m
[ 35%] Built target motor_interface_ros_tool_generate_messages_lisp
[35m[1mScanning dependencies of target geometry_msgs_generate_messages_eus[0m
[ 35%] Built target geometry_msgs_generate_messages_eus
[35m[1mScanning dependencies of target motor_interface_ros_tool_generate_messages_py[0m
[ 35%] Built target motor_interface_ros_tool_generate_messages_py
[35m[1mScanning dependencies of target motor_interface_ros_tool_generate_messages_cpp[0m
[ 35%] Built target motor_interface_ros_tool_generate_messages_cpp
[35m[1mScanning dependencies of target std_msgs_generate_messages_py[0m
[ 35%] Built target std_msgs_generate_messages_py
[35m[1mScanning dependencies of target std_msgs_generate_messages_eus[0m
[ 35%] Built target std_msgs_generate_messages_eus
[35m[1mScanning dependencies of target dynamic_reconfigure_generate_messages_lisp[0m
[ 35%] Built target dynamic_reconfigure_generate_messages_lisp
[35m[1mScanning dependencies of target roscpp_generate_messages_lisp[0m
[ 35%] Built target roscpp_generate_messages_lisp
[35m[1mScanning dependencies of target actionlib_msgs_generate_messages_cpp[0m
[ 35%] Built target actionlib_msgs_generate_messages_cpp
[35m[1mScanning dependencies of target actionlib_generate_messages_nodejs[0m
[ 35%] Built target actionlib_generate_messages_nodejs
[35m[1mScanning dependencies of target std_msgs_generate_messages_cpp[0m
[ 35%] Built target std_msgs_generate_messages_cpp
[35m[1mScanning dependencies of target rosgraph_msgs_generate_messages_cpp[0m
[ 35%] Built target rosgraph_msgs_generate_messages_cpp
[35m[1mScanning dependencies of target dynamic_reconfigure_gencfg[0m
[ 35%] Built target dynamic_reconfigure_gencfg
[35m[1mScanning dependencies of target dynamic_reconfigure_generate_messages_py[0m
[ 35%] Built target dynamic_reconfigure_generate_messages_py
[35m[1mScanning dependencies of target roscpp_generate_messages_py[0m
[ 35%] Built target roscpp_generate_messages_py
[35m[1mScanning dependencies of target tf2_msgs_generate_messages_eus[0m
[ 35%] Built target tf2_msgs_generate_messages_eus
[35m[1mScanning dependencies of target nodelet_generate_messages_cpp[0m
[ 35%] Built target nodelet_generate_messages_cpp
[35m[1mScanning dependencies of target geometry_msgs_generate_messages_nodejs[0m
[ 35%] Built target geometry_msgs_generate_messages_nodejs
[35m[1mScanning dependencies of target motor_interface_ros_tool_generate_messages_nodejs[0m
[ 35%] Built target motor_interface_ros_tool_generate_messages_nodejs
[35m[1mScanning dependencies of target roscpp_generate_messages_nodejs[0m
[ 35%] Built target roscpp_generate_messages_nodejs
[35m[1mScanning dependencies of target rosgraph_msgs_generate_messages_lisp[0m
[ 35%] Built target rosgraph_msgs_generate_messages_lisp
[35m[1mScanning dependencies of target rosgraph_msgs_generate_messages_py[0m
[ 35%] Built target rosgraph_msgs_generate_messages_py
[35m[1mScanning dependencies of target dynamic_reconfigure_generate_messages_cpp[0m
[ 35%] Built target dynamic_reconfigure_generate_messages_cpp
[35m[1mScanning dependencies of target dynamic_reconfigure_generate_messages_nodejs[0m
[ 35%] Built target dynamic_reconfigure_generate_messages_nodejs
[35m[1mScanning dependencies of target dynamic_reconfigure_generate_messages_eus[0m
[ 35%] Built target dynamic_reconfigure_generate_messages_eus
[35m[1mScanning dependencies of target std_msgs_generate_messages_lisp[0m
[ 35%] Built target std_msgs_generate_messages_lisp
[35m[1mScanning dependencies of target bond_generate_messages_py[0m
[ 35%] Built target bond_generate_messages_py
[35m[1mScanning dependencies of target motor_interface_ros_tool_generate_messages_eus[0m
[ 35%] Built target motor_interface_ros_tool_generate_messages_eus
[35m[1mScanning dependencies of target geometry_msgs_generate_messages_lisp[0m
[ 35%] Built target geometry_msgs_generate_messages_lisp
[35m[1mScanning dependencies of target nodelet_generate_messages_lisp[0m
[ 35%] Built target nodelet_generate_messages_lisp
[35m[1mScanning dependencies of target bond_generate_messages_cpp[0m
[35m[1mScanning dependencies of target rosgraph_msgs_generate_messages_eus[0m
[ 35%] Built target rosgraph_msgs_generate_messages_eus
[ 35%] Built target bond_generate_messages_cpp
[35m[1mScanning dependencies of target rosgraph_msgs_generate_messages_nodejs[0m
[35m[1mScanning dependencies of target roscpp_generate_messages_cpp[0m
[ 35%] Built target rosgraph_msgs_generate_messages_nodejs
[ 35%] Built target roscpp_generate_messages_cpp
[35m[1mScanning dependencies of target nodelet_generate_messages_py[0m
[35m[1mScanning dependencies of target geometry_msgs_generate_messages_cpp[0m
[ 35%] Built target nodelet_generate_messages_py
[ 35%] Built target geometry_msgs_generate_messages_cpp
[35m[1mScanning dependencies of target std_msgs_generate_messages_nodejs[0m
[35m[1mScanning dependencies of target geometry_msgs_generate_messages_py[0m
[ 35%] Built target std_msgs_generate_messages_nodejs
[ 35%] Built target geometry_msgs_generate_messages_py
[35m[1mScanning dependencies of target nodelet_generate_messages_nodejs[0m
[35m[1mScanning dependencies of target roscpp_generate_messages_eus[0m
[ 35%] Built target nodelet_generate_messages_nodejs
[ 35%] Built target roscpp_generate_messages_eus
[35m[1mScanning dependencies of target bond_generate_messages_eus[0m
[ 35%] Built target bond_generate_messages_eus
[35m[1mScanning dependencies of target bond_generate_messages_lisp[0m
[ 35%] Built target bond_generate_messages_lisp
[35m[1mScanning dependencies of target tf2_msgs_generate_messages_nodejs[0m
[ 35%] Built target tf2_msgs_generate_messages_nodejs
[35m[1mScanning dependencies of target nodelet_generate_messages_eus[0m
[ 35%] Built target nodelet_generate_messages_eus
[35m[1mScanning dependencies of target bond_generate_messages_nodejs[0m
[ 35%] Built target bond_generate_messages_nodejs
[35m[1mScanning dependencies of target simulation_ros_tool-vehicle_simulator-exec[0m
make[2]: Warning: File 'CMakeFiles/simulation_ros_tool-vehicle_simulator-exec.dir/depend.make' has modification time 0,02 s in the future
[ 42%] [32mBuilding CXX object CMakeFiles/simulation_ros_tool-vehicle_simulator-exec.dir/src/vehicle_simulator/vehicle_simulator.cpp.o[0m
[ 50%] [32mBuilding CXX object CMakeFiles/simulation_ros_tool-vehicle_simulator-exec.dir/src/vehicle_simulator/vehicle_simulator_nodelet.cpp.o[0m
[35m[1mScanning dependencies of target simulation_ros_tool-vehicle_simulator-nodelet[0m
make[2]: Warning: File 'CMakeFiles/simulation_ros_tool-vehicle_simulator-nodelet.dir/depend.make' has modification time 0,03 s in the future
[ 57%] [32mBuilding CXX object CMakeFiles/simulation_ros_tool-vehicle_simulator-nodelet.dir/src/vehicle_simulator/vehicle_simulator.cpp.o[0m
[ 64%] [32mBuilding CXX object CMakeFiles/simulation_ros_tool-vehicle_simulator-nodelet.dir/src/vehicle_simulator/vehicle_simulator_nodelet.cpp.o[0m
[ 71%] [32mBuilding CXX object CMakeFiles/simulation_ros_tool-vehicle_simulator-exec.dir/src/vehicle_simulator/vehicle_simulator_node.cpp.o[0m
[ 78%] [32mBuilding CXX object CMakeFiles/simulation_ros_tool-vehicle_simulator-exec.dir/src/vehicle_simulator/vehicle_model.cpp.o[0m
[ 85%] [32mBuilding CXX object CMakeFiles/simulation_ros_tool-vehicle_simulator-nodelet.dir/src/vehicle_simulator/vehicle_model.cpp.o[0m
[ 92%] [32m[1mLinking CXX executable /home/kal5-1/cargogo/devel_debug/.private/simulation_ros_tool/lib/simulation_ros_tool/vehicle_simulator[0m
make[2]: warning:  Clock skew detected.  Your build may be incomplete.
[ 92%] Built target simulation_ros_tool-vehicle_simulator-exec
[100%] [32m[1mLinking CXX shared library /home/kal5-1/cargogo/devel_debug/.private/simulation_ros_tool/lib/libvehicle_simulator_nodelet.so[0m
make[2]: warning:  Clock skew detected.  Your build may be incomplete.
[100%] Built target simulation_ros_tool-vehicle_simulator-nodelet
